{"/Users/enys/Desktop/ran/src/core.js":{"path":"/Users/enys/Desktop/ran/src/core.js","statementMap":{"0":{"start":{"line":3,"column":0},"end":{"line":5,"column":3}},"1":{"start":{"line":7,"column":13},"end":{"line":7,"column":31}},"2":{"start":{"line":15,"column":0},"end":{"line":199,"column":4}},"3":{"start":{"line":48,"column":8},"end":{"line":48,"column":57}},"4":{"start":{"line":48,"column":36},"end":{"line":48,"column":57}},"5":{"start":{"line":49,"column":8},"end":{"line":49,"column":63}},"6":{"start":{"line":49,"column":36},"end":{"line":49,"column":63}},"7":{"start":{"line":50,"column":8},"end":{"line":52,"column":14}},"8":{"start":{"line":51,"column":12},"end":{"line":51,"column":43}},"9":{"start":{"line":79,"column":8},"end":{"line":79,"column":81}},"10":{"start":{"line":79,"column":36},"end":{"line":79,"column":81}},"11":{"start":{"line":80,"column":8},"end":{"line":82,"column":14}},"12":{"start":{"line":81,"column":12},"end":{"line":81,"column":59}},"13":{"start":{"line":103,"column":8},"end":{"line":103,"column":88}},"14":{"start":{"line":103,"column":76},"end":{"line":103,"column":88}},"15":{"start":{"line":104,"column":8},"end":{"line":106,"column":14}},"16":{"start":{"line":105,"column":12},"end":{"line":105,"column":69}},"17":{"start":{"line":128,"column":8},"end":{"line":128,"column":88}},"18":{"start":{"line":128,"column":76},"end":{"line":128,"column":88}},"19":{"start":{"line":129,"column":8},"end":{"line":131,"column":14}},"20":{"start":{"line":130,"column":12},"end":{"line":130,"column":76}},"21":{"start":{"line":148,"column":16},"end":{"line":148,"column":22}},"22":{"start":{"line":149,"column":18},"end":{"line":149,"column":24}},"23":{"start":{"line":150,"column":16},"end":{"line":150,"column":29}},"24":{"start":{"line":151,"column":8},"end":{"line":156,"column":9}},"25":{"start":{"line":152,"column":12},"end":{"line":152,"column":48}},"26":{"start":{"line":153,"column":12},"end":{"line":153,"column":28}},"27":{"start":{"line":154,"column":12},"end":{"line":154,"column":34}},"28":{"start":{"line":155,"column":12},"end":{"line":155,"column":28}},"29":{"start":{"line":157,"column":8},"end":{"line":157,"column":22}},"30":{"start":{"line":182,"column":16},"end":{"line":182,"column":87}},"31":{"start":{"line":183,"column":16},"end":{"line":183,"column":85}},"32":{"start":{"line":185,"column":8},"end":{"line":187,"column":14}},"33":{"start":{"line":186,"column":12},"end":{"line":186,"column":51}},"34":{"start":{"line":191,"column":4},"end":{"line":198,"column":6}}},"fnMap":{"0":{"name":"(anonymous_0)","decl":{"start":{"line":15,"column":18},"end":{"line":15,"column":19}},"loc":{"start":{"line":15,"column":30},"end":{"line":199,"column":1}},"line":15},"1":{"name":"float","decl":{"start":{"line":47,"column":13},"end":{"line":47,"column":18}},"loc":{"start":{"line":47,"column":32},"end":{"line":53,"column":5}},"line":47},"2":{"name":"(anonymous_2)","decl":{"start":{"line":50,"column":32},"end":{"line":50,"column":33}},"loc":{"start":{"line":50,"column":44},"end":{"line":52,"column":9}},"line":50},"3":{"name":"int","decl":{"start":{"line":78,"column":13},"end":{"line":78,"column":16}},"loc":{"start":{"line":78,"column":30},"end":{"line":83,"column":5}},"line":78},"4":{"name":"(anonymous_4)","decl":{"start":{"line":80,"column":32},"end":{"line":80,"column":33}},"loc":{"start":{"line":80,"column":44},"end":{"line":82,"column":9}},"line":80},"5":{"name":"choice","decl":{"start":{"line":102,"column":13},"end":{"line":102,"column":19}},"loc":{"start":{"line":102,"column":31},"end":{"line":107,"column":5}},"line":102},"6":{"name":"(anonymous_6)","decl":{"start":{"line":104,"column":32},"end":{"line":104,"column":33}},"loc":{"start":{"line":104,"column":44},"end":{"line":106,"column":9}},"line":104},"7":{"name":"char","decl":{"start":{"line":127,"column":13},"end":{"line":127,"column":17}},"loc":{"start":{"line":127,"column":29},"end":{"line":132,"column":5}},"line":127},"8":{"name":"(anonymous_8)","decl":{"start":{"line":129,"column":32},"end":{"line":129,"column":33}},"loc":{"start":{"line":129,"column":44},"end":{"line":131,"column":9}},"line":129},"9":{"name":"shuffle","decl":{"start":{"line":147,"column":13},"end":{"line":147,"column":20}},"loc":{"start":{"line":147,"column":29},"end":{"line":158,"column":5}},"line":147},"10":{"name":"coin","decl":{"start":{"line":181,"column":13},"end":{"line":181,"column":17}},"loc":{"start":{"line":181,"column":30},"end":{"line":188,"column":5}},"line":181},"11":{"name":"(anonymous_11)","decl":{"start":{"line":185,"column":32},"end":{"line":185,"column":33}},"loc":{"start":{"line":185,"column":44},"end":{"line":187,"column":9}},"line":185}},"branchMap":{"0":{"loc":{"start":{"line":48,"column":8},"end":{"line":48,"column":57}},"type":"if","locations":[{"start":{"line":48,"column":8},"end":{"line":48,"column":57}},{"start":{"line":48,"column":8},"end":{"line":48,"column":57}}],"line":48},"1":{"loc":{"start":{"line":49,"column":8},"end":{"line":49,"column":63}},"type":"if","locations":[{"start":{"line":49,"column":8},"end":{"line":49,"column":63}},{"start":{"line":49,"column":8},"end":{"line":49,"column":63}}],"line":49},"2":{"loc":{"start":{"line":79,"column":8},"end":{"line":79,"column":81}},"type":"if","locations":[{"start":{"line":79,"column":8},"end":{"line":79,"column":81}},{"start":{"line":79,"column":8},"end":{"line":79,"column":81}}],"line":79},"3":{"loc":{"start":{"line":103,"column":8},"end":{"line":103,"column":88}},"type":"if","locations":[{"start":{"line":103,"column":8},"end":{"line":103,"column":88}},{"start":{"line":103,"column":8},"end":{"line":103,"column":88}}],"line":103},"4":{"loc":{"start":{"line":103,"column":12},"end":{"line":103,"column":74}},"type":"binary-expr","locations":[{"start":{"line":103,"column":12},"end":{"line":103,"column":27}},{"start":{"line":103,"column":31},"end":{"line":103,"column":51}},{"start":{"line":103,"column":55},"end":{"line":103,"column":74}}],"line":103},"5":{"loc":{"start":{"line":128,"column":8},"end":{"line":128,"column":88}},"type":"if","locations":[{"start":{"line":128,"column":8},"end":{"line":128,"column":88}},{"start":{"line":128,"column":8},"end":{"line":128,"column":88}}],"line":128},"6":{"loc":{"start":{"line":128,"column":12},"end":{"line":128,"column":74}},"type":"binary-expr","locations":[{"start":{"line":128,"column":12},"end":{"line":128,"column":27}},{"start":{"line":128,"column":31},"end":{"line":128,"column":51}},{"start":{"line":128,"column":55},"end":{"line":128,"column":74}}],"line":128},"7":{"loc":{"start":{"line":182,"column":16},"end":{"line":182,"column":87}},"type":"cond-expr","locations":[{"start":{"line":182,"column":69},"end":{"line":182,"column":81}},{"start":{"line":182,"column":84},"end":{"line":182,"column":87}}],"line":182},"8":{"loc":{"start":{"line":182,"column":16},"end":{"line":182,"column":66}},"type":"binary-expr","locations":[{"start":{"line":182,"column":16},"end":{"line":182,"column":36}},{"start":{"line":182,"column":40},"end":{"line":182,"column":66}}],"line":182},"9":{"loc":{"start":{"line":183,"column":16},"end":{"line":183,"column":85}},"type":"cond-expr","locations":[{"start":{"line":183,"column":69},"end":{"line":183,"column":81}},{"start":{"line":183,"column":84},"end":{"line":183,"column":85}}],"line":183},"10":{"loc":{"start":{"line":183,"column":16},"end":{"line":183,"column":66}},"type":"binary-expr","locations":[{"start":{"line":183,"column":16},"end":{"line":183,"column":36}},{"start":{"line":183,"column":40},"end":{"line":183,"column":66}}],"line":183},"11":{"loc":{"start":{"line":186,"column":19},"end":{"line":186,"column":50}},"type":"cond-expr","locations":[{"start":{"line":186,"column":39},"end":{"line":186,"column":43}},{"start":{"line":186,"column":46},"end":{"line":186,"column":50}}],"line":186}},"s":{"0":1,"1":1,"2":1,"3":31430,"4":10100,"5":21330,"6":10040,"7":11290,"8":35290,"9":30200,"10":10020,"11":20180,"12":43180,"13":1003,"14":3,"15":1000,"16":1000,"17":1003,"18":3,"19":1000,"20":8000,"21":1000,"22":1000,"23":1000,"24":1000,"25":10000,"26":10000,"27":10000,"28":10000,"29":1000,"30":10000,"31":10000,"32":10000,"33":53000,"34":1},"f":{"0":1,"1":31430,"2":35290,"3":30200,"4":43180,"5":1003,"6":1000,"7":1003,"8":8000,"9":1000,"10":10000,"11":53000},"b":{"0":[10100,21330],"1":[10040,11290],"2":[10020,20180],"3":[3,1000],"4":[1003,1002,1001],"5":[3,1000],"6":[1003,1002,1001],"7":[10000,0],"8":[10000,10000],"9":[10000,0],"10":[10000,10000],"11":[28816,24184]},"_coverageSchema":"43e27e138ebf9cfc5966b082cf9a028302ed4184","hash":"93e8fe2f1a7471eb8d7d3c13b212b29621da5724","contentHash":"9dfbbabb5b51d7634bb814a7beec2c04"},"/Users/enys/Desktop/ran/src/utils.js":{"path":"/Users/enys/Desktop/ran/src/utils.js","statementMap":{"0":{"start":{"line":3,"column":0},"end":{"line":5,"column":3}},"1":{"start":{"line":6,"column":0},"end":{"line":6,"column":20}},"2":{"start":{"line":7,"column":0},"end":{"line":7,"column":14}},"3":{"start":{"line":8,"column":0},"end":{"line":8,"column":20}},"4":{"start":{"line":20,"column":14},"end":{"line":20,"column":83}},"5":{"start":{"line":22,"column":4},"end":{"line":30,"column":5}},"6":{"start":{"line":23,"column":8},"end":{"line":25,"column":14}},"7":{"start":{"line":24,"column":12},"end":{"line":24,"column":42}},"8":{"start":{"line":27,"column":8},"end":{"line":29,"column":14}},"9":{"start":{"line":28,"column":12},"end":{"line":28,"column":27}},"10":{"start":{"line":45,"column":14},"end":{"line":45,"column":83}},"11":{"start":{"line":46,"column":14},"end":{"line":46,"column":83}},"12":{"start":{"line":48,"column":4},"end":{"line":48,"column":93}},"13":{"start":{"line":62,"column":12},"end":{"line":62,"column":81}},"14":{"start":{"line":64,"column":4},"end":{"line":68,"column":5}},"15":{"start":{"line":64,"column":15},"end":{"line":64,"column":34}},"16":{"start":{"line":65,"column":8},"end":{"line":67,"column":11}},"17":{"start":{"line":66,"column":12},"end":{"line":66,"column":31}}},"fnMap":{"0":{"name":"_sum","decl":{"start":{"line":19,"column":9},"end":{"line":19,"column":13}},"loc":{"start":{"line":19,"column":19},"end":{"line":31,"column":1}},"line":19},"1":{"name":"(anonymous_1)","decl":{"start":{"line":23,"column":26},"end":{"line":23,"column":27}},"loc":{"start":{"line":23,"column":44},"end":{"line":25,"column":9}},"line":23},"2":{"name":"(anonymous_2)","decl":{"start":{"line":27,"column":26},"end":{"line":27,"column":27}},"loc":{"start":{"line":27,"column":44},"end":{"line":29,"column":9}},"line":27},"3":{"name":"r","decl":{"start":{"line":44,"column":9},"end":{"line":44,"column":10}},"loc":{"start":{"line":44,"column":13},"end":{"line":49,"column":1}},"line":44},"4":{"name":"some","decl":{"start":{"line":61,"column":9},"end":{"line":61,"column":13}},"loc":{"start":{"line":61,"column":25},"end":{"line":69,"column":1}},"line":61},"5":{"name":"(anonymous_5)","decl":{"start":{"line":65,"column":41},"end":{"line":65,"column":42}},"loc":{"start":{"line":65,"column":53},"end":{"line":67,"column":9}},"line":65}},"branchMap":{"0":{"loc":{"start":{"line":20,"column":14},"end":{"line":20,"column":83}},"type":"cond-expr","locations":[{"start":{"line":20,"column":67},"end":{"line":20,"column":79}},{"start":{"line":20,"column":82},"end":{"line":20,"column":83}}],"line":20},"1":{"loc":{"start":{"line":20,"column":14},"end":{"line":20,"column":64}},"type":"binary-expr","locations":[{"start":{"line":20,"column":14},"end":{"line":20,"column":34}},{"start":{"line":20,"column":38},"end":{"line":20,"column":64}}],"line":20},"2":{"loc":{"start":{"line":22,"column":4},"end":{"line":30,"column":5}},"type":"if","locations":[{"start":{"line":22,"column":4},"end":{"line":30,"column":5}},{"start":{"line":22,"column":4},"end":{"line":30,"column":5}}],"line":22},"3":{"loc":{"start":{"line":45,"column":14},"end":{"line":45,"column":83}},"type":"cond-expr","locations":[{"start":{"line":45,"column":67},"end":{"line":45,"column":79}},{"start":{"line":45,"column":82},"end":{"line":45,"column":83}}],"line":45},"4":{"loc":{"start":{"line":45,"column":14},"end":{"line":45,"column":64}},"type":"binary-expr","locations":[{"start":{"line":45,"column":14},"end":{"line":45,"column":34}},{"start":{"line":45,"column":38},"end":{"line":45,"column":64}}],"line":45},"5":{"loc":{"start":{"line":46,"column":14},"end":{"line":46,"column":83}},"type":"cond-expr","locations":[{"start":{"line":46,"column":67},"end":{"line":46,"column":79}},{"start":{"line":46,"column":82},"end":{"line":46,"column":83}}],"line":46},"6":{"loc":{"start":{"line":46,"column":14},"end":{"line":46,"column":64}},"type":"binary-expr","locations":[{"start":{"line":46,"column":14},"end":{"line":46,"column":34}},{"start":{"line":46,"column":38},"end":{"line":46,"column":64}}],"line":46},"7":{"loc":{"start":{"line":48,"column":11},"end":{"line":48,"column":92}},"type":"cond-expr","locations":[{"start":{"line":48,"column":23},"end":{"line":48,"column":56}},{"start":{"line":48,"column":59},"end":{"line":48,"column":92}}],"line":48},"8":{"loc":{"start":{"line":62,"column":12},"end":{"line":62,"column":81}},"type":"cond-expr","locations":[{"start":{"line":62,"column":65},"end":{"line":62,"column":77}},{"start":{"line":62,"column":80},"end":{"line":62,"column":81}}],"line":62},"9":{"loc":{"start":{"line":62,"column":12},"end":{"line":62,"column":62}},"type":"binary-expr","locations":[{"start":{"line":62,"column":12},"end":{"line":62,"column":32}},{"start":{"line":62,"column":36},"end":{"line":62,"column":62}}],"line":62},"10":{"loc":{"start":{"line":64,"column":4},"end":{"line":68,"column":5}},"type":"if","locations":[{"start":{"line":64,"column":4},"end":{"line":68,"column":5}},{"start":{"line":64,"column":4},"end":{"line":68,"column":5}}],"line":64}},"s":{"0":1,"1":1,"2":1,"3":1,"4":0,"5":0,"6":0,"7":0,"8":0,"9":0,"10":78470,"11":78470,"12":78470,"13":43900,"14":43900,"15":25471,"16":18429,"17":193000},"f":{"0":0,"1":0,"2":0,"3":78470,"4":43900,"5":193000},"b":{"0":[0,0],"1":[0,0],"2":[0,0],"3":[78470,0],"4":[78470,78470],"5":[78470,0],"6":[78470,78470],"7":[36470,42000],"8":[32429,11471],"9":[43900,43900],"10":[25471,18429]},"_coverageSchema":"43e27e138ebf9cfc5966b082cf9a028302ed4184","hash":"fc0696c06dfee6c6fae78d076f2273e4b2f81658","contentHash":"a0caee1000aa0069d894beae519d0a80"},"/Users/enys/Desktop/ran/src/dist.js":{"path":"/Users/enys/Desktop/ran/src/dist.js","statementMap":{"0":{"start":{"line":3,"column":0},"end":{"line":5,"column":3}},"1":{"start":{"line":7,"column":19},"end":{"line":7,"column":563}},"2":{"start":{"line":7,"column":76},"end":{"line":7,"column":347}},"3":{"start":{"line":7,"column":134},"end":{"line":7,"column":142}},"4":{"start":{"line":7,"column":144},"end":{"line":7,"column":199}},"5":{"start":{"line":7,"column":200},"end":{"line":7,"column":231}},"6":{"start":{"line":7,"column":232},"end":{"line":7,"column":286}},"7":{"start":{"line":7,"column":259},"end":{"line":7,"column":286}},"8":{"start":{"line":7,"column":287},"end":{"line":7,"column":345}},"9":{"start":{"line":7,"column":350},"end":{"line":7,"column":559}},"10":{"start":{"line":7,"column":407},"end":{"line":7,"column":475}},"11":{"start":{"line":7,"column":423},"end":{"line":7,"column":475}},"12":{"start":{"line":7,"column":476},"end":{"line":7,"column":536}},"13":{"start":{"line":7,"column":493},"end":{"line":7,"column":536}},"14":{"start":{"line":7,"column":537},"end":{"line":7,"column":556}},"15":{"start":{"line":9,"column":13},"end":{"line":9,"column":31}},"16":{"start":{"line":11,"column":15},"end":{"line":11,"column":35}},"17":{"start":{"line":13,"column":16},"end":{"line":13,"column":48}},"18":{"start":{"line":15,"column":39},"end":{"line":15,"column":93}},"19":{"start":{"line":17,"column":50},"end":{"line":17,"column":151}},"20":{"start":{"line":17,"column":63},"end":{"line":17,"column":149}},"21":{"start":{"line":17,"column":152},"end":{"line":17,"column":238}},"22":{"start":{"line":19,"column":43},"end":{"line":19,"column":208}},"23":{"start":{"line":19,"column":106},"end":{"line":19,"column":206}},"24":{"start":{"line":19,"column":209},"end":{"line":19,"column":373}},"25":{"start":{"line":19,"column":374},"end":{"line":19,"column":492}},"26":{"start":{"line":19,"column":390},"end":{"line":19,"column":492}},"27":{"start":{"line":21,"column":50},"end":{"line":21,"column":151}},"28":{"start":{"line":21,"column":92},"end":{"line":21,"column":149}},"29":{"start":{"line":29,"column":0},"end":{"line":2463,"column":4}},"30":{"start":{"line":37,"column":24},"end":{"line":37,"column":2206}},"31":{"start":{"line":46,"column":24},"end":{"line":46,"column":162}},"32":{"start":{"line":59,"column":17},"end":{"line":59,"column":86}},"33":{"start":{"line":60,"column":20},"end":{"line":60,"column":89}},"34":{"start":{"line":62,"column":16},"end":{"line":62,"column":29}},"35":{"start":{"line":63,"column":16},"end":{"line":63,"column":29}},"36":{"start":{"line":64,"column":8},"end":{"line":64,"column":84}},"37":{"start":{"line":78,"column":8},"end":{"line":94,"column":9}},"38":{"start":{"line":79,"column":20},"end":{"line":79,"column":33}},"39":{"start":{"line":80,"column":20},"end":{"line":80,"column":40}},"40":{"start":{"line":81,"column":20},"end":{"line":81,"column":26}},"41":{"start":{"line":82,"column":20},"end":{"line":82,"column":26}},"42":{"start":{"line":83,"column":20},"end":{"line":83,"column":26}},"43":{"start":{"line":84,"column":12},"end":{"line":91,"column":13}},"44":{"start":{"line":85,"column":16},"end":{"line":85,"column":34}},"45":{"start":{"line":86,"column":16},"end":{"line":90,"column":17}},"46":{"start":{"line":87,"column":20},"end":{"line":87,"column":47}},"47":{"start":{"line":88,"column":20},"end":{"line":88,"column":38}},"48":{"start":{"line":89,"column":20},"end":{"line":89,"column":99}},"49":{"start":{"line":89,"column":79},"end":{"line":89,"column":99}},"50":{"start":{"line":93,"column":12},"end":{"line":93,"column":80}},"51":{"start":{"line":111,"column":16},"end":{"line":111,"column":18}},"52":{"start":{"line":112,"column":8},"end":{"line":114,"column":11}},"53":{"start":{"line":113,"column":12},"end":{"line":113,"column":39}},"54":{"start":{"line":117,"column":19},"end":{"line":117,"column":20}},"55":{"start":{"line":118,"column":16},"end":{"line":118,"column":29}},"56":{"start":{"line":119,"column":8},"end":{"line":124,"column":9}},"57":{"start":{"line":120,"column":12},"end":{"line":123,"column":13}},"58":{"start":{"line":121,"column":24},"end":{"line":121,"column":44}},"59":{"start":{"line":122,"column":16},"end":{"line":122,"column":50}},"60":{"start":{"line":127,"column":17},"end":{"line":127,"column":59}},"61":{"start":{"line":128,"column":19},"end":{"line":128,"column":85}},"62":{"start":{"line":131,"column":8},"end":{"line":134,"column":10}},"63":{"start":{"line":150,"column":8},"end":{"line":152,"column":11}},"64":{"start":{"line":151,"column":12},"end":{"line":151,"column":25}},"65":{"start":{"line":155,"column":16},"end":{"line":155,"column":17}},"66":{"start":{"line":156,"column":8},"end":{"line":158,"column":9}},"67":{"start":{"line":157,"column":12},"end":{"line":157,"column":80}},"68":{"start":{"line":161,"column":8},"end":{"line":164,"column":10}},"69":{"start":{"line":177,"column":23},"end":{"line":482,"column":7}},"70":{"start":{"line":179,"column":12},"end":{"line":179,"column":48}},"71":{"start":{"line":181,"column":12},"end":{"line":181,"column":29}},"72":{"start":{"line":182,"column":12},"end":{"line":182,"column":23}},"73":{"start":{"line":183,"column":12},"end":{"line":183,"column":24}},"74":{"start":{"line":184,"column":12},"end":{"line":184,"column":24}},"75":{"start":{"line":187,"column":8},"end":{"line":479,"column":12}},"76":{"start":{"line":190,"column":16},"end":{"line":190,"column":74}},"77":{"start":{"line":206,"column":16},"end":{"line":206,"column":68}},"78":{"start":{"line":222,"column":16},"end":{"line":222,"column":68}},"79":{"start":{"line":247,"column":28},"end":{"line":247,"column":32}},"80":{"start":{"line":249,"column":16},"end":{"line":251,"column":22}},"81":{"start":{"line":250,"column":20},"end":{"line":250,"column":46}},"82":{"start":{"line":272,"column":16},"end":{"line":272,"column":36}},"83":{"start":{"line":301,"column":16},"end":{"line":301,"column":36}},"84":{"start":{"line":326,"column":16},"end":{"line":326,"column":40}},"85":{"start":{"line":351,"column":16},"end":{"line":351,"column":55}},"86":{"start":{"line":376,"column":16},"end":{"line":376,"column":51}},"87":{"start":{"line":398,"column":16},"end":{"line":398,"column":46}},"88":{"start":{"line":432,"column":29},"end":{"line":432,"column":33}},"89":{"start":{"line":434,"column":16},"end":{"line":436,"column":22}},"90":{"start":{"line":435,"column":20},"end":{"line":435,"column":49}},"91":{"start":{"line":471,"column":29},"end":{"line":471,"column":33}},"92":{"start":{"line":473,"column":16},"end":{"line":477,"column":19}},"93":{"start":{"line":474,"column":20},"end":{"line":474,"column":42}},"94":{"start":{"line":476,"column":20},"end":{"line":476,"column":42}},"95":{"start":{"line":481,"column":8},"end":{"line":481,"column":28}},"96":{"start":{"line":541,"column":18},"end":{"line":577,"column":19}},"97":{"start":{"line":542,"column":8},"end":{"line":542,"column":42}},"98":{"start":{"line":545,"column":20},"end":{"line":545,"column":89}},"99":{"start":{"line":546,"column":20},"end":{"line":546,"column":89}},"100":{"start":{"line":548,"column":12},"end":{"line":548,"column":43}},"101":{"start":{"line":550,"column":25},"end":{"line":550,"column":155}},"102":{"start":{"line":552,"column":12},"end":{"line":552,"column":38}},"103":{"start":{"line":553,"column":12},"end":{"line":553,"column":44}},"104":{"start":{"line":554,"column":12},"end":{"line":554,"column":26}},"105":{"start":{"line":557,"column":8},"end":{"line":574,"column":12}},"106":{"start":{"line":561,"column":24},"end":{"line":561,"column":63}},"107":{"start":{"line":562,"column":16},"end":{"line":562,"column":52}},"108":{"start":{"line":567,"column":16},"end":{"line":567,"column":114}},"109":{"start":{"line":572,"column":16},"end":{"line":572,"column":136}},"110":{"start":{"line":576,"column":8},"end":{"line":576,"column":23}},"111":{"start":{"line":593,"column":20},"end":{"line":627,"column":19}},"112":{"start":{"line":594,"column":8},"end":{"line":594,"column":45}},"113":{"start":{"line":597,"column":20},"end":{"line":597,"column":91}},"114":{"start":{"line":599,"column":12},"end":{"line":599,"column":45}},"115":{"start":{"line":601,"column":25},"end":{"line":601,"column":157}},"116":{"start":{"line":603,"column":12},"end":{"line":603,"column":32}},"117":{"start":{"line":604,"column":12},"end":{"line":604,"column":26}},"118":{"start":{"line":607,"column":8},"end":{"line":624,"column":12}},"119":{"start":{"line":611,"column":16},"end":{"line":611,"column":56}},"120":{"start":{"line":616,"column":25},"end":{"line":616,"column":36}},"121":{"start":{"line":617,"column":16},"end":{"line":617,"column":73}},"122":{"start":{"line":622,"column":16},"end":{"line":622,"column":71}},"123":{"start":{"line":626,"column":8},"end":{"line":626,"column":25}},"124":{"start":{"line":646,"column":15},"end":{"line":683,"column":19}},"125":{"start":{"line":647,"column":8},"end":{"line":647,"column":40}},"126":{"start":{"line":650,"column":24},"end":{"line":650,"column":93}},"127":{"start":{"line":651,"column":23},"end":{"line":651,"column":92}},"128":{"start":{"line":653,"column":12},"end":{"line":653,"column":40}},"129":{"start":{"line":655,"column":25},"end":{"line":655,"column":149}},"130":{"start":{"line":657,"column":12},"end":{"line":657,"column":52}},"131":{"start":{"line":658,"column":12},"end":{"line":658,"column":61}},"132":{"start":{"line":659,"column":12},"end":{"line":659,"column":26}},"133":{"start":{"line":662,"column":8},"end":{"line":680,"column":12}},"134":{"start":{"line":666,"column":24},"end":{"line":666,"column":47}},"135":{"start":{"line":667,"column":24},"end":{"line":667,"column":46}},"136":{"start":{"line":668,"column":16},"end":{"line":668,"column":35}},"137":{"start":{"line":673,"column":16},"end":{"line":673,"column":121}},"138":{"start":{"line":678,"column":16},"end":{"line":678,"column":112}},"139":{"start":{"line":682,"column":8},"end":{"line":682,"column":20}},"140":{"start":{"line":702,"column":20},"end":{"line":736,"column":19}},"141":{"start":{"line":703,"column":8},"end":{"line":703,"column":45}},"142":{"start":{"line":706,"column":24},"end":{"line":706,"column":93}},"143":{"start":{"line":707,"column":23},"end":{"line":707,"column":92}},"144":{"start":{"line":709,"column":12},"end":{"line":709,"column":45}},"145":{"start":{"line":711,"column":25},"end":{"line":711,"column":159}},"146":{"start":{"line":713,"column":12},"end":{"line":713,"column":52}},"147":{"start":{"line":714,"column":12},"end":{"line":714,"column":26}},"148":{"start":{"line":717,"column":8},"end":{"line":733,"column":12}},"149":{"start":{"line":721,"column":16},"end":{"line":721,"column":72}},"150":{"start":{"line":726,"column":16},"end":{"line":726,"column":164}},"151":{"start":{"line":731,"column":16},"end":{"line":731,"column":108}},"152":{"start":{"line":735,"column":8},"end":{"line":735,"column":25}},"153":{"start":{"line":753,"column":19},"end":{"line":825,"column":19}},"154":{"start":{"line":754,"column":8},"end":{"line":754,"column":44}},"155":{"start":{"line":757,"column":20},"end":{"line":757,"column":91}},"156":{"start":{"line":758,"column":20},"end":{"line":758,"column":91}},"157":{"start":{"line":760,"column":12},"end":{"line":760,"column":44}},"158":{"start":{"line":762,"column":25},"end":{"line":762,"column":157}},"159":{"start":{"line":764,"column":21},"end":{"line":764,"column":41}},"160":{"start":{"line":765,"column":12},"end":{"line":765,"column":38}},"161":{"start":{"line":766,"column":12},"end":{"line":766,"column":36}},"162":{"start":{"line":767,"column":12},"end":{"line":767,"column":26}},"163":{"start":{"line":770,"column":8},"end":{"line":822,"column":12}},"164":{"start":{"line":774,"column":16},"end":{"line":808,"column":17}},"165":{"start":{"line":775,"column":28},"end":{"line":775,"column":29}},"166":{"start":{"line":776,"column":20},"end":{"line":778,"column":21}},"167":{"start":{"line":777,"column":24},"end":{"line":777,"column":59}},"168":{"start":{"line":777,"column":55},"end":{"line":777,"column":59}},"169":{"start":{"line":778,"column":21},"end":{"line":778,"column":70}},"170":{"start":{"line":779,"column":23},"end":{"line":808,"column":17}},"171":{"start":{"line":780,"column":33},"end":{"line":780,"column":53}},"172":{"start":{"line":781,"column":28},"end":{"line":781,"column":31}},"173":{"start":{"line":782,"column":29},"end":{"line":782,"column":35}},"174":{"start":{"line":783,"column":20},"end":{"line":786,"column":21}},"175":{"start":{"line":784,"column":24},"end":{"line":784,"column":43}},"176":{"start":{"line":785,"column":24},"end":{"line":785,"column":46}},"177":{"start":{"line":785,"column":40},"end":{"line":785,"column":46}},"178":{"start":{"line":787,"column":29},"end":{"line":787,"column":51}},"179":{"start":{"line":788,"column":20},"end":{"line":788,"column":71}},"180":{"start":{"line":790,"column":29},"end":{"line":790,"column":37}},"181":{"start":{"line":791,"column":28},"end":{"line":791,"column":61}},"182":{"start":{"line":792,"column":29},"end":{"line":792,"column":42}},"183":{"start":{"line":793,"column":31},"end":{"line":793,"column":50}},"184":{"start":{"line":794,"column":32},"end":{"line":794,"column":44}},"185":{"start":{"line":795,"column":29},"end":{"line":795,"column":60}},"186":{"start":{"line":796,"column":28},"end":{"line":796,"column":34}},"187":{"start":{"line":797,"column":29},"end":{"line":797,"column":35}},"188":{"start":{"line":798,"column":29},"end":{"line":798,"column":35}},"189":{"start":{"line":799,"column":20},"end":{"line":806,"column":49}},"190":{"start":{"line":800,"column":24},"end":{"line":803,"column":61}},"191":{"start":{"line":801,"column":28},"end":{"line":801,"column":66}},"192":{"start":{"line":802,"column":28},"end":{"line":802,"column":52}},"193":{"start":{"line":804,"column":24},"end":{"line":804,"column":44}},"194":{"start":{"line":805,"column":24},"end":{"line":805,"column":181}},"195":{"start":{"line":807,"column":20},"end":{"line":807,"column":71}},"196":{"start":{"line":813,"column":25},"end":{"line":813,"column":36}},"197":{"start":{"line":814,"column":16},"end":{"line":814,"column":258}},"198":{"start":{"line":819,"column":25},"end":{"line":819,"column":36}},"199":{"start":{"line":820,"column":16},"end":{"line":820,"column":127}},"200":{"start":{"line":824,"column":8},"end":{"line":824,"column":24}},"201":{"start":{"line":843,"column":24},"end":{"line":879,"column":19}},"202":{"start":{"line":844,"column":8},"end":{"line":844,"column":49}},"203":{"start":{"line":847,"column":20},"end":{"line":847,"column":89}},"204":{"start":{"line":848,"column":20},"end":{"line":848,"column":90}},"205":{"start":{"line":849,"column":24},"end":{"line":849,"column":93}},"206":{"start":{"line":851,"column":12},"end":{"line":851,"column":49}},"207":{"start":{"line":853,"column":25},"end":{"line":853,"column":167}},"208":{"start":{"line":855,"column":12},"end":{"line":855,"column":52}},"209":{"start":{"line":856,"column":12},"end":{"line":856,"column":92}},"210":{"start":{"line":857,"column":12},"end":{"line":857,"column":26}},"211":{"start":{"line":860,"column":8},"end":{"line":876,"column":12}},"212":{"start":{"line":864,"column":16},"end":{"line":864,"column":132}},"213":{"start":{"line":869,"column":16},"end":{"line":869,"column":128}},"214":{"start":{"line":874,"column":16},"end":{"line":874,"column":136}},"215":{"start":{"line":878,"column":8},"end":{"line":878,"column":29}},"216":{"start":{"line":896,"column":17},"end":{"line":932,"column":19}},"217":{"start":{"line":897,"column":8},"end":{"line":897,"column":42}},"218":{"start":{"line":900,"column":21},"end":{"line":900,"column":90}},"219":{"start":{"line":901,"column":24},"end":{"line":901,"column":93}},"220":{"start":{"line":903,"column":12},"end":{"line":903,"column":42}},"221":{"start":{"line":905,"column":26},"end":{"line":905,"column":154}},"222":{"start":{"line":907,"column":12},"end":{"line":907,"column":49}},"223":{"start":{"line":908,"column":12},"end":{"line":908,"column":52}},"224":{"start":{"line":909,"column":12},"end":{"line":909,"column":27}},"225":{"start":{"line":912,"column":8},"end":{"line":929,"column":12}},"226":{"start":{"line":916,"column":16},"end":{"line":916,"column":92}},"227":{"start":{"line":921,"column":24},"end":{"line":921,"column":54}},"228":{"start":{"line":922,"column":16},"end":{"line":922,"column":53}},"229":{"start":{"line":927,"column":16},"end":{"line":927,"column":79}},"230":{"start":{"line":931,"column":8},"end":{"line":931,"column":22}},"231":{"start":{"line":949,"column":17},"end":{"line":1056,"column":19}},"232":{"start":{"line":950,"column":8},"end":{"line":950,"column":42}},"233":{"start":{"line":953,"column":12},"end":{"line":953,"column":42}},"234":{"start":{"line":955,"column":26},"end":{"line":955,"column":152}},"235":{"start":{"line":957,"column":12},"end":{"line":957,"column":64}},"236":{"start":{"line":960,"column":20},"end":{"line":960,"column":34}},"237":{"start":{"line":961,"column":23},"end":{"line":961,"column":26}},"238":{"start":{"line":962,"column":24},"end":{"line":962,"column":27}},"239":{"start":{"line":963,"column":22},"end":{"line":963,"column":23}},"240":{"start":{"line":964,"column":12},"end":{"line":1008,"column":13}},"241":{"start":{"line":966,"column":16},"end":{"line":968,"column":17}},"242":{"start":{"line":967,"column":20},"end":{"line":967,"column":38}},"243":{"start":{"line":969,"column":24},"end":{"line":969,"column":26}},"244":{"start":{"line":970,"column":28},"end":{"line":970,"column":30}},"245":{"start":{"line":971,"column":28},"end":{"line":971,"column":30}},"246":{"start":{"line":972,"column":16},"end":{"line":975,"column":17}},"247":{"start":{"line":973,"column":20},"end":{"line":973,"column":51}},"248":{"start":{"line":974,"column":20},"end":{"line":974,"column":75}},"249":{"start":{"line":974,"column":38},"end":{"line":974,"column":54}},"250":{"start":{"line":974,"column":59},"end":{"line":974,"column":75}},"251":{"start":{"line":978,"column":16},"end":{"line":978,"column":26}},"252":{"start":{"line":979,"column":16},"end":{"line":979,"column":27}},"253":{"start":{"line":980,"column":16},"end":{"line":983,"column":17}},"254":{"start":{"line":981,"column":20},"end":{"line":981,"column":35}},"255":{"start":{"line":982,"column":20},"end":{"line":982,"column":36}},"256":{"start":{"line":986,"column":24},"end":{"line":986,"column":25}},"257":{"start":{"line":987,"column":24},"end":{"line":987,"column":25}},"258":{"start":{"line":988,"column":16},"end":{"line":997,"column":17}},"259":{"start":{"line":989,"column":20},"end":{"line":989,"column":38}},"260":{"start":{"line":990,"column":20},"end":{"line":990,"column":38}},"261":{"start":{"line":992,"column":20},"end":{"line":992,"column":35}},"262":{"start":{"line":993,"column":20},"end":{"line":993,"column":33}},"263":{"start":{"line":995,"column":20},"end":{"line":995,"column":39}},"264":{"start":{"line":996,"column":20},"end":{"line":996,"column":69}},"265":{"start":{"line":996,"column":36},"end":{"line":996,"column":50}},"266":{"start":{"line":996,"column":55},"end":{"line":996,"column":69}},"267":{"start":{"line":998,"column":16},"end":{"line":1002,"column":17}},"268":{"start":{"line":999,"column":20},"end":{"line":999,"column":38}},"269":{"start":{"line":1000,"column":20},"end":{"line":1000,"column":34}},"270":{"start":{"line":1001,"column":20},"end":{"line":1001,"column":33}},"271":{"start":{"line":1003,"column":16},"end":{"line":1007,"column":17}},"272":{"start":{"line":1004,"column":20},"end":{"line":1004,"column":38}},"273":{"start":{"line":1005,"column":20},"end":{"line":1005,"column":34}},"274":{"start":{"line":1006,"column":20},"end":{"line":1006,"column":33}},"275":{"start":{"line":1011,"column":22},"end":{"line":1011,"column":40}},"276":{"start":{"line":1012,"column":22},"end":{"line":1012,"column":40}},"277":{"start":{"line":1013,"column":12},"end":{"line":1016,"column":13}},"278":{"start":{"line":1014,"column":16},"end":{"line":1014,"column":45}},"279":{"start":{"line":1015,"column":16},"end":{"line":1015,"column":60}},"280":{"start":{"line":1019,"column":12},"end":{"line":1019,"column":48}},"281":{"start":{"line":1020,"column":12},"end":{"line":1020,"column":27}},"282":{"start":{"line":1023,"column":8},"end":{"line":1053,"column":12}},"283":{"start":{"line":1027,"column":16},"end":{"line":1029,"column":17}},"284":{"start":{"line":1028,"column":20},"end":{"line":1028,"column":29}},"285":{"start":{"line":1030,"column":24},"end":{"line":1030,"column":60}},"286":{"start":{"line":1031,"column":16},"end":{"line":1031,"column":84}},"287":{"start":{"line":1031,"column":50},"end":{"line":1031,"column":59}},"288":{"start":{"line":1031,"column":64},"end":{"line":1031,"column":84}},"289":{"start":{"line":1036,"column":16},"end":{"line":1041,"column":17}},"290":{"start":{"line":1037,"column":20},"end":{"line":1037,"column":29}},"291":{"start":{"line":1039,"column":29},"end":{"line":1039,"column":40}},"292":{"start":{"line":1040,"column":20},"end":{"line":1040,"column":85}},"293":{"start":{"line":1046,"column":16},"end":{"line":1051,"column":17}},"294":{"start":{"line":1047,"column":20},"end":{"line":1047,"column":29}},"295":{"start":{"line":1049,"column":29},"end":{"line":1049,"column":40}},"296":{"start":{"line":1050,"column":20},"end":{"line":1050,"column":88}},"297":{"start":{"line":1055,"column":8},"end":{"line":1055,"column":22}},"298":{"start":{"line":1072,"column":21},"end":{"line":1105,"column":19}},"299":{"start":{"line":1073,"column":8},"end":{"line":1073,"column":46}},"300":{"start":{"line":1076,"column":21},"end":{"line":1076,"column":90}},"301":{"start":{"line":1078,"column":12},"end":{"line":1078,"column":46}},"302":{"start":{"line":1080,"column":26},"end":{"line":1080,"column":162}},"303":{"start":{"line":1082,"column":12},"end":{"line":1082,"column":35}},"304":{"start":{"line":1083,"column":12},"end":{"line":1083,"column":27}},"305":{"start":{"line":1086,"column":8},"end":{"line":1102,"column":12}},"306":{"start":{"line":1090,"column":16},"end":{"line":1090,"column":33}},"307":{"start":{"line":1095,"column":16},"end":{"line":1095,"column":47}},"308":{"start":{"line":1100,"column":16},"end":{"line":1100,"column":45}},"309":{"start":{"line":1104,"column":8},"end":{"line":1104,"column":26}},"310":{"start":{"line":1121,"column":22},"end":{"line":1154,"column":19}},"311":{"start":{"line":1122,"column":8},"end":{"line":1122,"column":48}},"312":{"start":{"line":1125,"column":25},"end":{"line":1125,"column":94}},"313":{"start":{"line":1127,"column":12},"end":{"line":1127,"column":47}},"314":{"start":{"line":1129,"column":26},"end":{"line":1129,"column":164}},"315":{"start":{"line":1131,"column":12},"end":{"line":1131,"column":43}},"316":{"start":{"line":1132,"column":12},"end":{"line":1132,"column":27}},"317":{"start":{"line":1135,"column":8},"end":{"line":1151,"column":12}},"318":{"start":{"line":1139,"column":16},"end":{"line":1139,"column":64}},"319":{"start":{"line":1144,"column":16},"end":{"line":1144,"column":68}},"320":{"start":{"line":1149,"column":16},"end":{"line":1149,"column":56}},"321":{"start":{"line":1153,"column":8},"end":{"line":1153,"column":27}},"322":{"start":{"line":1171,"column":12},"end":{"line":1206,"column":19}},"323":{"start":{"line":1172,"column":8},"end":{"line":1172,"column":38}},"324":{"start":{"line":1175,"column":21},"end":{"line":1175,"column":90}},"325":{"start":{"line":1176,"column":21},"end":{"line":1176,"column":90}},"326":{"start":{"line":1178,"column":12},"end":{"line":1178,"column":37}},"327":{"start":{"line":1180,"column":26},"end":{"line":1180,"column":144}},"328":{"start":{"line":1182,"column":12},"end":{"line":1182,"column":43}},"329":{"start":{"line":1183,"column":12},"end":{"line":1183,"column":83}},"330":{"start":{"line":1184,"column":12},"end":{"line":1184,"column":27}},"331":{"start":{"line":1187,"column":8},"end":{"line":1203,"column":12}},"332":{"start":{"line":1191,"column":16},"end":{"line":1191,"column":101}},"333":{"start":{"line":1196,"column":16},"end":{"line":1196,"column":172}},"334":{"start":{"line":1201,"column":16},"end":{"line":1201,"column":143}},"335":{"start":{"line":1205,"column":8},"end":{"line":1205,"column":17}},"336":{"start":{"line":1224,"column":18},"end":{"line":1264,"column":19}},"337":{"start":{"line":1225,"column":8},"end":{"line":1225,"column":44}},"338":{"start":{"line":1228,"column":24},"end":{"line":1228,"column":93}},"339":{"start":{"line":1229,"column":20},"end":{"line":1229,"column":89}},"340":{"start":{"line":1230,"column":20},"end":{"line":1230,"column":89}},"341":{"start":{"line":1232,"column":12},"end":{"line":1232,"column":43}},"342":{"start":{"line":1234,"column":26},"end":{"line":1234,"column":156}},"343":{"start":{"line":1236,"column":12},"end":{"line":1236,"column":53}},"344":{"start":{"line":1237,"column":12},"end":{"line":1237,"column":27}},"345":{"start":{"line":1240,"column":8},"end":{"line":1261,"column":12}},"346":{"start":{"line":1244,"column":16},"end":{"line":1244,"column":99}},"347":{"start":{"line":1249,"column":16},"end":{"line":1254,"column":17}},"348":{"start":{"line":1250,"column":20},"end":{"line":1250,"column":29}},"349":{"start":{"line":1252,"column":28},"end":{"line":1252,"column":53}},"350":{"start":{"line":1253,"column":20},"end":{"line":1253,"column":124}},"351":{"start":{"line":1259,"column":16},"end":{"line":1259,"column":105}},"352":{"start":{"line":1263,"column":8},"end":{"line":1263,"column":23}},"353":{"start":{"line":1282,"column":16},"end":{"line":1317,"column":19}},"354":{"start":{"line":1283,"column":8},"end":{"line":1283,"column":42}},"355":{"start":{"line":1286,"column":24},"end":{"line":1286,"column":93}},"356":{"start":{"line":1287,"column":23},"end":{"line":1287,"column":92}},"357":{"start":{"line":1289,"column":12},"end":{"line":1289,"column":41}},"358":{"start":{"line":1291,"column":26},"end":{"line":1291,"column":152}},"359":{"start":{"line":1293,"column":12},"end":{"line":1293,"column":53}},"360":{"start":{"line":1294,"column":12},"end":{"line":1294,"column":80}},"361":{"start":{"line":1295,"column":12},"end":{"line":1295,"column":27}},"362":{"start":{"line":1298,"column":8},"end":{"line":1314,"column":12}},"363":{"start":{"line":1302,"column":16},"end":{"line":1302,"column":57}},"364":{"start":{"line":1307,"column":16},"end":{"line":1307,"column":120}},"365":{"start":{"line":1312,"column":16},"end":{"line":1312,"column":105}},"366":{"start":{"line":1316,"column":8},"end":{"line":1316,"column":21}},"367":{"start":{"line":1334,"column":19},"end":{"line":1368,"column":19}},"368":{"start":{"line":1335,"column":8},"end":{"line":1335,"column":45}},"369":{"start":{"line":1338,"column":22},"end":{"line":1338,"column":91}},"370":{"start":{"line":1339,"column":20},"end":{"line":1339,"column":89}},"371":{"start":{"line":1341,"column":12},"end":{"line":1341,"column":44}},"372":{"start":{"line":1343,"column":26},"end":{"line":1343,"column":158}},"373":{"start":{"line":1345,"column":12},"end":{"line":1345,"column":43}},"374":{"start":{"line":1346,"column":12},"end":{"line":1346,"column":27}},"375":{"start":{"line":1349,"column":8},"end":{"line":1365,"column":12}},"376":{"start":{"line":1353,"column":16},"end":{"line":1353,"column":85}},"377":{"start":{"line":1358,"column":16},"end":{"line":1358,"column":133}},"378":{"start":{"line":1363,"column":16},"end":{"line":1363,"column":92}},"379":{"start":{"line":1367,"column":8},"end":{"line":1367,"column":24}},"380":{"start":{"line":1385,"column":17},"end":{"line":1420,"column":19}},"381":{"start":{"line":1386,"column":8},"end":{"line":1386,"column":43}},"382":{"start":{"line":1389,"column":21},"end":{"line":1389,"column":90}},"383":{"start":{"line":1390,"column":23},"end":{"line":1390,"column":92}},"384":{"start":{"line":1392,"column":12},"end":{"line":1392,"column":42}},"385":{"start":{"line":1394,"column":26},"end":{"line":1394,"column":154}},"386":{"start":{"line":1396,"column":12},"end":{"line":1396,"column":47}},"387":{"start":{"line":1397,"column":12},"end":{"line":1397,"column":27}},"388":{"start":{"line":1400,"column":8},"end":{"line":1417,"column":12}},"389":{"start":{"line":1404,"column":16},"end":{"line":1404,"column":84}},"390":{"start":{"line":1409,"column":24},"end":{"line":1409,"column":53}},"391":{"start":{"line":1410,"column":16},"end":{"line":1410,"column":67}},"392":{"start":{"line":1415,"column":16},"end":{"line":1415,"column":75}},"393":{"start":{"line":1419,"column":8},"end":{"line":1419,"column":22}},"394":{"start":{"line":1437,"column":17},"end":{"line":1451,"column":12}},"395":{"start":{"line":1438,"column":8},"end":{"line":1438,"column":34}},"396":{"start":{"line":1442,"column":20},"end":{"line":1442,"column":89}},"397":{"start":{"line":1443,"column":25},"end":{"line":1443,"column":94}},"398":{"start":{"line":1445,"column":12},"end":{"line":1445,"column":42}},"399":{"start":{"line":1447,"column":12},"end":{"line":1447,"column":139}},"400":{"start":{"line":1450,"column":8},"end":{"line":1450,"column":22}},"401":{"start":{"line":1467,"column":15},"end":{"line":1480,"column":12}},"402":{"start":{"line":1468,"column":8},"end":{"line":1468,"column":33}},"403":{"start":{"line":1472,"column":20},"end":{"line":1472,"column":89}},"404":{"start":{"line":1474,"column":12},"end":{"line":1474,"column":40}},"405":{"start":{"line":1476,"column":12},"end":{"line":1476,"column":136}},"406":{"start":{"line":1479,"column":8},"end":{"line":1479,"column":20}},"407":{"start":{"line":1497,"column":26},"end":{"line":1542,"column":19}},"408":{"start":{"line":1498,"column":8},"end":{"line":1498,"column":52}},"409":{"start":{"line":1501,"column":25},"end":{"line":1501,"column":94}},"410":{"start":{"line":1502,"column":21},"end":{"line":1502,"column":90}},"411":{"start":{"line":1504,"column":12},"end":{"line":1504,"column":51}},"412":{"start":{"line":1506,"column":26},"end":{"line":1506,"column":172}},"413":{"start":{"line":1508,"column":12},"end":{"line":1508,"column":51}},"414":{"start":{"line":1509,"column":12},"end":{"line":1509,"column":91}},"415":{"start":{"line":1510,"column":12},"end":{"line":1510,"column":27}},"416":{"start":{"line":1513,"column":8},"end":{"line":1539,"column":12}},"417":{"start":{"line":1517,"column":25},"end":{"line":1517,"column":34}},"418":{"start":{"line":1518,"column":24},"end":{"line":1518,"column":31}},"419":{"start":{"line":1519,"column":24},"end":{"line":1519,"column":138}},"420":{"start":{"line":1520,"column":16},"end":{"line":1520,"column":99}},"421":{"start":{"line":1525,"column":16},"end":{"line":1525,"column":183}},"422":{"start":{"line":1530,"column":24},"end":{"line":1530,"column":52}},"423":{"start":{"line":1531,"column":24},"end":{"line":1531,"column":37}},"424":{"start":{"line":1532,"column":16},"end":{"line":1532,"column":118}},"425":{"start":{"line":1537,"column":16},"end":{"line":1537,"column":73}},"426":{"start":{"line":1541,"column":8},"end":{"line":1541,"column":31}},"427":{"start":{"line":1560,"column":27},"end":{"line":1596,"column":19}},"428":{"start":{"line":1561,"column":8},"end":{"line":1561,"column":53}},"429":{"start":{"line":1564,"column":20},"end":{"line":1564,"column":89}},"430":{"start":{"line":1565,"column":20},"end":{"line":1565,"column":89}},"431":{"start":{"line":1566,"column":20},"end":{"line":1566,"column":89}},"432":{"start":{"line":1568,"column":12},"end":{"line":1568,"column":52}},"433":{"start":{"line":1570,"column":26},"end":{"line":1570,"column":174}},"434":{"start":{"line":1572,"column":12},"end":{"line":1572,"column":45}},"435":{"start":{"line":1573,"column":12},"end":{"line":1573,"column":97}},"436":{"start":{"line":1574,"column":12},"end":{"line":1574,"column":27}},"437":{"start":{"line":1577,"column":8},"end":{"line":1593,"column":12}},"438":{"start":{"line":1581,"column":16},"end":{"line":1581,"column":86}},"439":{"start":{"line":1586,"column":16},"end":{"line":1586,"column":133}},"440":{"start":{"line":1591,"column":16},"end":{"line":1591,"column":129}},"441":{"start":{"line":1595,"column":8},"end":{"line":1595,"column":32}},"442":{"start":{"line":1613,"column":23},"end":{"line":1648,"column":19}},"443":{"start":{"line":1614,"column":8},"end":{"line":1614,"column":49}},"444":{"start":{"line":1617,"column":24},"end":{"line":1617,"column":93}},"445":{"start":{"line":1618,"column":23},"end":{"line":1618,"column":92}},"446":{"start":{"line":1620,"column":12},"end":{"line":1620,"column":48}},"447":{"start":{"line":1622,"column":26},"end":{"line":1622,"column":166}},"448":{"start":{"line":1624,"column":12},"end":{"line":1624,"column":53}},"449":{"start":{"line":1625,"column":12},"end":{"line":1625,"column":113}},"450":{"start":{"line":1626,"column":12},"end":{"line":1626,"column":27}},"451":{"start":{"line":1629,"column":8},"end":{"line":1645,"column":12}},"452":{"start":{"line":1633,"column":16},"end":{"line":1633,"column":61}},"453":{"start":{"line":1638,"column":16},"end":{"line":1638,"column":107}},"454":{"start":{"line":1643,"column":16},"end":{"line":1643,"column":121}},"455":{"start":{"line":1647,"column":8},"end":{"line":1647,"column":28}},"456":{"start":{"line":1665,"column":18},"end":{"line":1700,"column":19}},"457":{"start":{"line":1666,"column":8},"end":{"line":1666,"column":44}},"458":{"start":{"line":1669,"column":21},"end":{"line":1669,"column":90}},"459":{"start":{"line":1670,"column":20},"end":{"line":1670,"column":89}},"460":{"start":{"line":1672,"column":12},"end":{"line":1672,"column":43}},"461":{"start":{"line":1674,"column":26},"end":{"line":1674,"column":156}},"462":{"start":{"line":1676,"column":12},"end":{"line":1676,"column":41}},"463":{"start":{"line":1677,"column":12},"end":{"line":1677,"column":27}},"464":{"start":{"line":1680,"column":8},"end":{"line":1697,"column":12}},"465":{"start":{"line":1684,"column":16},"end":{"line":1684,"column":86}},"466":{"start":{"line":1689,"column":16},"end":{"line":1689,"column":86}},"467":{"start":{"line":1694,"column":24},"end":{"line":1694,"column":60}},"468":{"start":{"line":1695,"column":16},"end":{"line":1695,"column":61}},"469":{"start":{"line":1699,"column":8},"end":{"line":1699,"column":23}},"470":{"start":{"line":1717,"column":20},"end":{"line":1751,"column":19}},"471":{"start":{"line":1718,"column":8},"end":{"line":1718,"column":46}},"472":{"start":{"line":1721,"column":21},"end":{"line":1721,"column":90}},"473":{"start":{"line":1722,"column":24},"end":{"line":1722,"column":93}},"474":{"start":{"line":1724,"column":12},"end":{"line":1724,"column":45}},"475":{"start":{"line":1726,"column":26},"end":{"line":1726,"column":160}},"476":{"start":{"line":1728,"column":12},"end":{"line":1728,"column":49}},"477":{"start":{"line":1729,"column":12},"end":{"line":1729,"column":27}},"478":{"start":{"line":1732,"column":8},"end":{"line":1748,"column":12}},"479":{"start":{"line":1736,"column":16},"end":{"line":1736,"column":102}},"480":{"start":{"line":1741,"column":16},"end":{"line":1741,"column":135}},"481":{"start":{"line":1746,"column":16},"end":{"line":1746,"column":101}},"482":{"start":{"line":1750,"column":8},"end":{"line":1750,"column":25}},"483":{"start":{"line":1768,"column":19},"end":{"line":1803,"column":19}},"484":{"start":{"line":1769,"column":8},"end":{"line":1769,"column":45}},"485":{"start":{"line":1772,"column":21},"end":{"line":1772,"column":90}},"486":{"start":{"line":1773,"column":20},"end":{"line":1773,"column":89}},"487":{"start":{"line":1775,"column":12},"end":{"line":1775,"column":44}},"488":{"start":{"line":1777,"column":26},"end":{"line":1777,"column":158}},"489":{"start":{"line":1779,"column":12},"end":{"line":1779,"column":41}},"490":{"start":{"line":1780,"column":12},"end":{"line":1780,"column":27}},"491":{"start":{"line":1783,"column":8},"end":{"line":1800,"column":12}},"492":{"start":{"line":1787,"column":16},"end":{"line":1787,"column":78}},"493":{"start":{"line":1792,"column":24},"end":{"line":1792,"column":61}},"494":{"start":{"line":1793,"column":16},"end":{"line":1793,"column":59}},"495":{"start":{"line":1798,"column":16},"end":{"line":1798,"column":71}},"496":{"start":{"line":1802,"column":8},"end":{"line":1802,"column":24}},"497":{"start":{"line":1821,"column":22},"end":{"line":1876,"column":19}},"498":{"start":{"line":1822,"column":8},"end":{"line":1822,"column":48}},"499":{"start":{"line":1825,"column":21},"end":{"line":1825,"column":90}},"500":{"start":{"line":1826,"column":24},"end":{"line":1826,"column":93}},"501":{"start":{"line":1827,"column":21},"end":{"line":1827,"column":90}},"502":{"start":{"line":1829,"column":12},"end":{"line":1829,"column":47}},"503":{"start":{"line":1831,"column":26},"end":{"line":1831,"column":164}},"504":{"start":{"line":1833,"column":12},"end":{"line":1833,"column":57}},"505":{"start":{"line":1834,"column":12},"end":{"line":1834,"column":27}},"506":{"start":{"line":1837,"column":8},"end":{"line":1873,"column":12}},"507":{"start":{"line":1841,"column":16},"end":{"line":1841,"column":112}},"508":{"start":{"line":1846,"column":24},"end":{"line":1846,"column":54}},"509":{"start":{"line":1847,"column":24},"end":{"line":1847,"column":153}},"510":{"start":{"line":1848,"column":16},"end":{"line":1856,"column":17}},"511":{"start":{"line":1849,"column":20},"end":{"line":1849,"column":29}},"512":{"start":{"line":1851,"column":20},"end":{"line":1855,"column":21}},"513":{"start":{"line":1852,"column":24},"end":{"line":1852,"column":81}},"514":{"start":{"line":1854,"column":24},"end":{"line":1854,"column":81}},"515":{"start":{"line":1861,"column":24},"end":{"line":1861,"column":54}},"516":{"start":{"line":1862,"column":24},"end":{"line":1862,"column":77}},"517":{"start":{"line":1863,"column":16},"end":{"line":1871,"column":17}},"518":{"start":{"line":1864,"column":20},"end":{"line":1864,"column":29}},"519":{"start":{"line":1866,"column":20},"end":{"line":1870,"column":21}},"520":{"start":{"line":1867,"column":24},"end":{"line":1867,"column":81}},"521":{"start":{"line":1869,"column":24},"end":{"line":1869,"column":81}},"522":{"start":{"line":1875,"column":8},"end":{"line":1875,"column":27}},"523":{"start":{"line":1893,"column":20},"end":{"line":1928,"column":19}},"524":{"start":{"line":1894,"column":8},"end":{"line":1894,"column":46}},"525":{"start":{"line":1897,"column":21},"end":{"line":1897,"column":90}},"526":{"start":{"line":1898,"column":24},"end":{"line":1898,"column":93}},"527":{"start":{"line":1900,"column":12},"end":{"line":1900,"column":45}},"528":{"start":{"line":1902,"column":26},"end":{"line":1902,"column":160}},"529":{"start":{"line":1904,"column":12},"end":{"line":1904,"column":49}},"530":{"start":{"line":1905,"column":12},"end":{"line":1905,"column":77}},"531":{"start":{"line":1906,"column":12},"end":{"line":1906,"column":27}},"532":{"start":{"line":1909,"column":8},"end":{"line":1925,"column":12}},"533":{"start":{"line":1913,"column":16},"end":{"line":1913,"column":74}},"534":{"start":{"line":1918,"column":16},"end":{"line":1918,"column":124}},"535":{"start":{"line":1923,"column":16},"end":{"line":1923,"column":108}},"536":{"start":{"line":1927,"column":8},"end":{"line":1927,"column":25}},"537":{"start":{"line":1945,"column":16},"end":{"line":1979,"column":19}},"538":{"start":{"line":1946,"column":8},"end":{"line":1946,"column":42}},"539":{"start":{"line":1949,"column":25},"end":{"line":1949,"column":94}},"540":{"start":{"line":1950,"column":24},"end":{"line":1950,"column":93}},"541":{"start":{"line":1952,"column":12},"end":{"line":1952,"column":41}},"542":{"start":{"line":1954,"column":26},"end":{"line":1954,"column":152}},"543":{"start":{"line":1956,"column":12},"end":{"line":1956,"column":57}},"544":{"start":{"line":1957,"column":12},"end":{"line":1957,"column":27}},"545":{"start":{"line":1960,"column":8},"end":{"line":1976,"column":12}},"546":{"start":{"line":1964,"column":16},"end":{"line":1964,"column":88}},"547":{"start":{"line":1969,"column":16},"end":{"line":1969,"column":117}},"548":{"start":{"line":1974,"column":16},"end":{"line":1974,"column":86}},"549":{"start":{"line":1978,"column":8},"end":{"line":1978,"column":21}},"550":{"start":{"line":1996,"column":18},"end":{"line":2030,"column":19}},"551":{"start":{"line":1997,"column":8},"end":{"line":1997,"column":44}},"552":{"start":{"line":2000,"column":24},"end":{"line":2000,"column":93}},"553":{"start":{"line":2001,"column":23},"end":{"line":2001,"column":92}},"554":{"start":{"line":2003,"column":12},"end":{"line":2003,"column":43}},"555":{"start":{"line":2005,"column":26},"end":{"line":2005,"column":156}},"556":{"start":{"line":2007,"column":12},"end":{"line":2007,"column":53}},"557":{"start":{"line":2008,"column":12},"end":{"line":2008,"column":27}},"558":{"start":{"line":2011,"column":8},"end":{"line":2027,"column":12}},"559":{"start":{"line":2015,"column":16},"end":{"line":2015,"column":100}},"560":{"start":{"line":2020,"column":16},"end":{"line":2020,"column":162}},"561":{"start":{"line":2025,"column":16},"end":{"line":2025,"column":101}},"562":{"start":{"line":2029,"column":8},"end":{"line":2029,"column":23}},"563":{"start":{"line":2047,"column":17},"end":{"line":2082,"column":19}},"564":{"start":{"line":2048,"column":8},"end":{"line":2048,"column":43}},"565":{"start":{"line":2051,"column":21},"end":{"line":2051,"column":90}},"566":{"start":{"line":2052,"column":24},"end":{"line":2052,"column":93}},"567":{"start":{"line":2054,"column":12},"end":{"line":2054,"column":42}},"568":{"start":{"line":2056,"column":26},"end":{"line":2056,"column":154}},"569":{"start":{"line":2058,"column":12},"end":{"line":2058,"column":49}},"570":{"start":{"line":2059,"column":12},"end":{"line":2059,"column":77}},"571":{"start":{"line":2060,"column":12},"end":{"line":2060,"column":27}},"572":{"start":{"line":2063,"column":8},"end":{"line":2079,"column":12}},"573":{"start":{"line":2067,"column":16},"end":{"line":2067,"column":56}},"574":{"start":{"line":2072,"column":16},"end":{"line":2072,"column":96}},"575":{"start":{"line":2077,"column":16},"end":{"line":2077,"column":86}},"576":{"start":{"line":2081,"column":8},"end":{"line":2081,"column":22}},"577":{"start":{"line":2099,"column":17},"end":{"line":2133,"column":19}},"578":{"start":{"line":2100,"column":8},"end":{"line":2100,"column":43}},"579":{"start":{"line":2103,"column":23},"end":{"line":2103,"column":92}},"580":{"start":{"line":2104,"column":24},"end":{"line":2104,"column":93}},"581":{"start":{"line":2106,"column":12},"end":{"line":2106,"column":42}},"582":{"start":{"line":2108,"column":26},"end":{"line":2108,"column":154}},"583":{"start":{"line":2110,"column":12},"end":{"line":2110,"column":53}},"584":{"start":{"line":2111,"column":12},"end":{"line":2111,"column":27}},"585":{"start":{"line":2114,"column":8},"end":{"line":2130,"column":12}},"586":{"start":{"line":2118,"column":16},"end":{"line":2118,"column":79}},"587":{"start":{"line":2123,"column":16},"end":{"line":2123,"column":104}},"588":{"start":{"line":2128,"column":16},"end":{"line":2128,"column":89}},"589":{"start":{"line":2132,"column":8},"end":{"line":2132,"column":22}},"590":{"start":{"line":2149,"column":18},"end":{"line":2211,"column":19}},"591":{"start":{"line":2150,"column":8},"end":{"line":2150,"column":44}},"592":{"start":{"line":2153,"column":25},"end":{"line":2153,"column":94}},"593":{"start":{"line":2155,"column":12},"end":{"line":2155,"column":43}},"594":{"start":{"line":2157,"column":26},"end":{"line":2157,"column":154}},"595":{"start":{"line":2159,"column":12},"end":{"line":2159,"column":43}},"596":{"start":{"line":2160,"column":12},"end":{"line":2160,"column":27}},"597":{"start":{"line":2163,"column":8},"end":{"line":2208,"column":12}},"598":{"start":{"line":2167,"column":16},"end":{"line":2194,"column":17}},"599":{"start":{"line":2169,"column":28},"end":{"line":2169,"column":52}},"600":{"start":{"line":2170,"column":28},"end":{"line":2170,"column":29}},"601":{"start":{"line":2171,"column":28},"end":{"line":2171,"column":29}},"602":{"start":{"line":2172,"column":20},"end":{"line":2175,"column":36}},"603":{"start":{"line":2173,"column":24},"end":{"line":2173,"column":28}},"604":{"start":{"line":2174,"column":24},"end":{"line":2174,"column":43}},"605":{"start":{"line":2176,"column":20},"end":{"line":2176,"column":33}},"606":{"start":{"line":2179,"column":28},"end":{"line":2179,"column":56}},"607":{"start":{"line":2180,"column":31},"end":{"line":2180,"column":69}},"608":{"start":{"line":2181,"column":32},"end":{"line":2181,"column":52}},"609":{"start":{"line":2182,"column":29},"end":{"line":2182,"column":73}},"610":{"start":{"line":2183,"column":20},"end":{"line":2193,"column":21}},"611":{"start":{"line":2184,"column":32},"end":{"line":2184,"column":45}},"612":{"start":{"line":2185,"column":32},"end":{"line":2185,"column":70}},"613":{"start":{"line":2186,"column":32},"end":{"line":2186,"column":51}},"614":{"start":{"line":2187,"column":24},"end":{"line":2187,"column":44}},"615":{"start":{"line":2187,"column":35},"end":{"line":2187,"column":44}},"616":{"start":{"line":2188,"column":32},"end":{"line":2188,"column":45}},"617":{"start":{"line":2189,"column":32},"end":{"line":2189,"column":48}},"618":{"start":{"line":2190,"column":34},"end":{"line":2190,"column":82}},"619":{"start":{"line":2191,"column":34},"end":{"line":2191,"column":101}},"620":{"start":{"line":2192,"column":24},"end":{"line":2192,"column":49}},"621":{"start":{"line":2192,"column":40},"end":{"line":2192,"column":49}},"622":{"start":{"line":2199,"column":25},"end":{"line":2199,"column":36}},"623":{"start":{"line":2200,"column":16},"end":{"line":2200,"column":125}},"624":{"start":{"line":2205,"column":25},"end":{"line":2205,"column":36}},"625":{"start":{"line":2206,"column":16},"end":{"line":2206,"column":136}},"626":{"start":{"line":2210,"column":8},"end":{"line":2210,"column":23}},"627":{"start":{"line":2230,"column":28},"end":{"line":2265,"column":19}},"628":{"start":{"line":2231,"column":8},"end":{"line":2231,"column":54}},"629":{"start":{"line":2234,"column":23},"end":{"line":2234,"column":92}},"630":{"start":{"line":2235,"column":23},"end":{"line":2235,"column":92}},"631":{"start":{"line":2237,"column":12},"end":{"line":2237,"column":53}},"632":{"start":{"line":2239,"column":26},"end":{"line":2239,"column":176}},"633":{"start":{"line":2241,"column":12},"end":{"line":2241,"column":51}},"634":{"start":{"line":2242,"column":12},"end":{"line":2242,"column":38}},"635":{"start":{"line":2243,"column":12},"end":{"line":2243,"column":27}},"636":{"start":{"line":2246,"column":8},"end":{"line":2262,"column":12}},"637":{"start":{"line":2250,"column":16},"end":{"line":2250,"column":63}},"638":{"start":{"line":2255,"column":16},"end":{"line":2255,"column":78}},"639":{"start":{"line":2260,"column":16},"end":{"line":2260,"column":97}},"640":{"start":{"line":2264,"column":8},"end":{"line":2264,"column":33}},"641":{"start":{"line":2283,"column":26},"end":{"line":2320,"column":19}},"642":{"start":{"line":2284,"column":8},"end":{"line":2284,"column":52}},"643":{"start":{"line":2287,"column":23},"end":{"line":2287,"column":92}},"644":{"start":{"line":2288,"column":23},"end":{"line":2288,"column":94}},"645":{"start":{"line":2290,"column":12},"end":{"line":2290,"column":51}},"646":{"start":{"line":2292,"column":26},"end":{"line":2292,"column":170}},"647":{"start":{"line":2294,"column":12},"end":{"line":2294,"column":51}},"648":{"start":{"line":2295,"column":12},"end":{"line":2295,"column":42}},"649":{"start":{"line":2296,"column":12},"end":{"line":2296,"column":27}},"650":{"start":{"line":2299,"column":8},"end":{"line":2317,"column":12}},"651":{"start":{"line":2303,"column":16},"end":{"line":2303,"column":73}},"652":{"start":{"line":2308,"column":25},"end":{"line":2308,"column":36}},"653":{"start":{"line":2309,"column":16},"end":{"line":2309,"column":80}},"654":{"start":{"line":2314,"column":25},"end":{"line":2314,"column":36}},"655":{"start":{"line":2315,"column":16},"end":{"line":2315,"column":104}},"656":{"start":{"line":2319,"column":8},"end":{"line":2319,"column":31}},"657":{"start":{"line":2337,"column":18},"end":{"line":2371,"column":19}},"658":{"start":{"line":2338,"column":8},"end":{"line":2338,"column":44}},"659":{"start":{"line":2341,"column":25},"end":{"line":2341,"column":94}},"660":{"start":{"line":2342,"column":20},"end":{"line":2342,"column":89}},"661":{"start":{"line":2344,"column":12},"end":{"line":2344,"column":43}},"662":{"start":{"line":2346,"column":26},"end":{"line":2346,"column":156}},"663":{"start":{"line":2348,"column":12},"end":{"line":2348,"column":49}},"664":{"start":{"line":2349,"column":12},"end":{"line":2349,"column":27}},"665":{"start":{"line":2352,"column":8},"end":{"line":2368,"column":12}},"666":{"start":{"line":2356,"column":16},"end":{"line":2356,"column":88}},"667":{"start":{"line":2361,"column":16},"end":{"line":2361,"column":157}},"668":{"start":{"line":2366,"column":16},"end":{"line":2366,"column":88}},"669":{"start":{"line":2370,"column":8},"end":{"line":2370,"column":23}},"670":{"start":{"line":2387,"column":19},"end":{"line":2400,"column":14}},"671":{"start":{"line":2388,"column":8},"end":{"line":2388,"column":38}},"672":{"start":{"line":2392,"column":24},"end":{"line":2392,"column":93}},"673":{"start":{"line":2394,"column":12},"end":{"line":2394,"column":44}},"674":{"start":{"line":2396,"column":12},"end":{"line":2396,"column":143}},"675":{"start":{"line":2399,"column":8},"end":{"line":2399,"column":24}},"676":{"start":{"line":2411,"column":31},"end":{"line":2421,"column":19}},"677":{"start":{"line":2412,"column":8},"end":{"line":2412,"column":57}},"678":{"start":{"line":2415,"column":12},"end":{"line":2415,"column":56}},"679":{"start":{"line":2417,"column":12},"end":{"line":2417,"column":174}},"680":{"start":{"line":2420,"column":8},"end":{"line":2420,"column":36}},"681":{"start":{"line":2426,"column":4},"end":{"line":2462,"column":6}}},"fnMap":{"0":{"name":"(anonymous_0)","decl":{"start":{"line":7,"column":19},"end":{"line":7,"column":20}},"loc":{"start":{"line":7,"column":31},"end":{"line":7,"column":561}},"line":7},"1":{"name":"defineProperties","decl":{"start":{"line":7,"column":42},"end":{"line":7,"column":58}},"loc":{"start":{"line":7,"column":74},"end":{"line":7,"column":349}},"line":7},"2":{"name":"(anonymous_2)","decl":{"start":{"line":7,"column":357},"end":{"line":7,"column":358}},"loc":{"start":{"line":7,"column":405},"end":{"line":7,"column":558}},"line":7},"3":{"name":"_interopRequireDefault","decl":{"start":{"line":15,"column":9},"end":{"line":15,"column":31}},"loc":{"start":{"line":15,"column":37},"end":{"line":15,"column":95}},"line":15},"4":{"name":"_possibleConstructorReturn","decl":{"start":{"line":17,"column":9},"end":{"line":17,"column":35}},"loc":{"start":{"line":17,"column":48},"end":{"line":17,"column":240}},"line":17},"5":{"name":"_inherits","decl":{"start":{"line":19,"column":9},"end":{"line":19,"column":18}},"loc":{"start":{"line":19,"column":41},"end":{"line":19,"column":494}},"line":19},"6":{"name":"_classCallCheck","decl":{"start":{"line":21,"column":9},"end":{"line":21,"column":24}},"loc":{"start":{"line":21,"column":48},"end":{"line":21,"column":153}},"line":21},"7":{"name":"(anonymous_7)","decl":{"start":{"line":29,"column":18},"end":{"line":29,"column":19}},"loc":{"start":{"line":29,"column":30},"end":{"line":2463,"column":1}},"line":29},"8":{"name":"_normal","decl":{"start":{"line":58,"column":13},"end":{"line":58,"column":20}},"loc":{"start":{"line":58,"column":23},"end":{"line":65,"column":5}},"line":58},"9":{"name":"_gamma","decl":{"start":{"line":77,"column":13},"end":{"line":77,"column":19}},"loc":{"start":{"line":77,"column":33},"end":{"line":95,"column":5}},"line":77},"10":{"name":"_chiTest","decl":{"start":{"line":109,"column":13},"end":{"line":109,"column":21}},"loc":{"start":{"line":109,"column":38},"end":{"line":135,"column":5}},"line":109},"11":{"name":"(anonymous_11)","decl":{"start":{"line":112,"column":23},"end":{"line":112,"column":24}},"loc":{"start":{"line":112,"column":36},"end":{"line":114,"column":9}},"line":112},"12":{"name":"_ksTest","decl":{"start":{"line":148,"column":13},"end":{"line":148,"column":20}},"loc":{"start":{"line":148,"column":34},"end":{"line":165,"column":5}},"line":148},"13":{"name":"(anonymous_13)","decl":{"start":{"line":150,"column":20},"end":{"line":150,"column":21}},"loc":{"start":{"line":150,"column":36},"end":{"line":152,"column":9}},"line":150},"14":{"name":"(anonymous_14)","decl":{"start":{"line":177,"column":23},"end":{"line":177,"column":24}},"loc":{"start":{"line":177,"column":35},"end":{"line":482,"column":5}},"line":177},"15":{"name":"Distribution","decl":{"start":{"line":178,"column":17},"end":{"line":178,"column":29}},"loc":{"start":{"line":178,"column":39},"end":{"line":185,"column":9}},"line":178},"16":{"name":"_generator","decl":{"start":{"line":189,"column":28},"end":{"line":189,"column":38}},"loc":{"start":{"line":189,"column":41},"end":{"line":191,"column":13}},"line":189},"17":{"name":"_pdf","decl":{"start":{"line":205,"column":28},"end":{"line":205,"column":32}},"loc":{"start":{"line":205,"column":36},"end":{"line":207,"column":13}},"line":205},"18":{"name":"_cdf","decl":{"start":{"line":221,"column":28},"end":{"line":221,"column":32}},"loc":{"start":{"line":221,"column":36},"end":{"line":223,"column":13}},"line":221},"19":{"name":"sample","decl":{"start":{"line":246,"column":28},"end":{"line":246,"column":34}},"loc":{"start":{"line":246,"column":38},"end":{"line":252,"column":13}},"line":246},"20":{"name":"(anonymous_20)","decl":{"start":{"line":249,"column":40},"end":{"line":249,"column":41}},"loc":{"start":{"line":249,"column":52},"end":{"line":251,"column":17}},"line":249},"21":{"name":"pdf","decl":{"start":{"line":271,"column":28},"end":{"line":271,"column":31}},"loc":{"start":{"line":271,"column":35},"end":{"line":273,"column":13}},"line":271},"22":{"name":"cdf","decl":{"start":{"line":300,"column":28},"end":{"line":300,"column":31}},"loc":{"start":{"line":300,"column":35},"end":{"line":302,"column":13}},"line":300},"23":{"name":"survival","decl":{"start":{"line":325,"column":28},"end":{"line":325,"column":36}},"loc":{"start":{"line":325,"column":40},"end":{"line":327,"column":13}},"line":325},"24":{"name":"hazard","decl":{"start":{"line":350,"column":28},"end":{"line":350,"column":34}},"loc":{"start":{"line":350,"column":38},"end":{"line":352,"column":13}},"line":350},"25":{"name":"cHazard","decl":{"start":{"line":375,"column":28},"end":{"line":375,"column":35}},"loc":{"start":{"line":375,"column":39},"end":{"line":377,"column":13}},"line":375},"26":{"name":"lnPdf","decl":{"start":{"line":397,"column":28},"end":{"line":397,"column":33}},"loc":{"start":{"line":397,"column":37},"end":{"line":399,"column":13}},"line":397},"27":{"name":"L","decl":{"start":{"line":431,"column":28},"end":{"line":431,"column":29}},"loc":{"start":{"line":431,"column":36},"end":{"line":437,"column":13}},"line":431},"28":{"name":"(anonymous_28)","decl":{"start":{"line":434,"column":35},"end":{"line":434,"column":36}},"loc":{"start":{"line":434,"column":53},"end":{"line":436,"column":17}},"line":434},"29":{"name":"test","decl":{"start":{"line":470,"column":28},"end":{"line":470,"column":32}},"loc":{"start":{"line":470,"column":41},"end":{"line":478,"column":13}},"line":470},"30":{"name":"(anonymous_30)","decl":{"start":{"line":473,"column":67},"end":{"line":473,"column":68}},"loc":{"start":{"line":473,"column":80},"end":{"line":475,"column":17}},"line":473},"31":{"name":"(anonymous_31)","decl":{"start":{"line":475,"column":45},"end":{"line":475,"column":46}},"loc":{"start":{"line":475,"column":58},"end":{"line":477,"column":17}},"line":475},"32":{"name":"(anonymous_32)","decl":{"start":{"line":541,"column":18},"end":{"line":541,"column":19}},"loc":{"start":{"line":541,"column":43},"end":{"line":577,"column":5}},"line":541},"33":{"name":"Arcsine","decl":{"start":{"line":544,"column":17},"end":{"line":544,"column":24}},"loc":{"start":{"line":544,"column":27},"end":{"line":555,"column":9}},"line":544},"34":{"name":"_generator","decl":{"start":{"line":559,"column":28},"end":{"line":559,"column":38}},"loc":{"start":{"line":559,"column":41},"end":{"line":563,"column":13}},"line":559},"35":{"name":"_pdf","decl":{"start":{"line":566,"column":28},"end":{"line":566,"column":32}},"loc":{"start":{"line":566,"column":36},"end":{"line":568,"column":13}},"line":566},"36":{"name":"_cdf","decl":{"start":{"line":571,"column":28},"end":{"line":571,"column":32}},"loc":{"start":{"line":571,"column":36},"end":{"line":573,"column":13}},"line":571},"37":{"name":"(anonymous_37)","decl":{"start":{"line":593,"column":20},"end":{"line":593,"column":21}},"loc":{"start":{"line":593,"column":46},"end":{"line":627,"column":5}},"line":593},"38":{"name":"Bernoulli","decl":{"start":{"line":596,"column":17},"end":{"line":596,"column":26}},"loc":{"start":{"line":596,"column":29},"end":{"line":605,"column":9}},"line":596},"39":{"name":"_generator","decl":{"start":{"line":609,"column":28},"end":{"line":609,"column":38}},"loc":{"start":{"line":609,"column":41},"end":{"line":612,"column":13}},"line":609},"40":{"name":"_pdf","decl":{"start":{"line":615,"column":28},"end":{"line":615,"column":32}},"loc":{"start":{"line":615,"column":36},"end":{"line":618,"column":13}},"line":615},"41":{"name":"_cdf","decl":{"start":{"line":621,"column":28},"end":{"line":621,"column":32}},"loc":{"start":{"line":621,"column":36},"end":{"line":623,"column":13}},"line":621},"42":{"name":"(anonymous_42)","decl":{"start":{"line":646,"column":15},"end":{"line":646,"column":16}},"loc":{"start":{"line":646,"column":41},"end":{"line":683,"column":5}},"line":646},"43":{"name":"Beta","decl":{"start":{"line":649,"column":17},"end":{"line":649,"column":21}},"loc":{"start":{"line":649,"column":24},"end":{"line":660,"column":9}},"line":649},"44":{"name":"_generator","decl":{"start":{"line":664,"column":28},"end":{"line":664,"column":38}},"loc":{"start":{"line":664,"column":41},"end":{"line":669,"column":13}},"line":664},"45":{"name":"_pdf","decl":{"start":{"line":672,"column":28},"end":{"line":672,"column":32}},"loc":{"start":{"line":672,"column":36},"end":{"line":674,"column":13}},"line":672},"46":{"name":"_cdf","decl":{"start":{"line":677,"column":28},"end":{"line":677,"column":32}},"loc":{"start":{"line":677,"column":36},"end":{"line":679,"column":13}},"line":677},"47":{"name":"(anonymous_47)","decl":{"start":{"line":702,"column":20},"end":{"line":702,"column":21}},"loc":{"start":{"line":702,"column":46},"end":{"line":736,"column":5}},"line":702},"48":{"name":"BetaPrime","decl":{"start":{"line":705,"column":17},"end":{"line":705,"column":26}},"loc":{"start":{"line":705,"column":29},"end":{"line":715,"column":9}},"line":705},"49":{"name":"_generator","decl":{"start":{"line":719,"column":28},"end":{"line":719,"column":38}},"loc":{"start":{"line":719,"column":41},"end":{"line":722,"column":13}},"line":719},"50":{"name":"_pdf","decl":{"start":{"line":725,"column":28},"end":{"line":725,"column":32}},"loc":{"start":{"line":725,"column":36},"end":{"line":727,"column":13}},"line":725},"51":{"name":"_cdf","decl":{"start":{"line":730,"column":28},"end":{"line":730,"column":32}},"loc":{"start":{"line":730,"column":36},"end":{"line":732,"column":13}},"line":730},"52":{"name":"(anonymous_52)","decl":{"start":{"line":753,"column":19},"end":{"line":753,"column":20}},"loc":{"start":{"line":753,"column":45},"end":{"line":825,"column":5}},"line":753},"53":{"name":"Binomial","decl":{"start":{"line":756,"column":17},"end":{"line":756,"column":25}},"loc":{"start":{"line":756,"column":28},"end":{"line":768,"column":9}},"line":756},"54":{"name":"_generator","decl":{"start":{"line":772,"column":28},"end":{"line":772,"column":38}},"loc":{"start":{"line":772,"column":41},"end":{"line":809,"column":13}},"line":772},"55":{"name":"_pdf","decl":{"start":{"line":812,"column":28},"end":{"line":812,"column":32}},"loc":{"start":{"line":812,"column":36},"end":{"line":815,"column":13}},"line":812},"56":{"name":"_cdf","decl":{"start":{"line":818,"column":28},"end":{"line":818,"column":32}},"loc":{"start":{"line":818,"column":36},"end":{"line":821,"column":13}},"line":818},"57":{"name":"(anonymous_57)","decl":{"start":{"line":843,"column":24},"end":{"line":843,"column":25}},"loc":{"start":{"line":843,"column":50},"end":{"line":879,"column":5}},"line":843},"58":{"name":"BoundedPareto","decl":{"start":{"line":846,"column":17},"end":{"line":846,"column":30}},"loc":{"start":{"line":846,"column":33},"end":{"line":858,"column":9}},"line":846},"59":{"name":"_generator","decl":{"start":{"line":862,"column":28},"end":{"line":862,"column":38}},"loc":{"start":{"line":862,"column":41},"end":{"line":865,"column":13}},"line":862},"60":{"name":"_pdf","decl":{"start":{"line":868,"column":28},"end":{"line":868,"column":32}},"loc":{"start":{"line":868,"column":36},"end":{"line":870,"column":13}},"line":868},"61":{"name":"_cdf","decl":{"start":{"line":873,"column":28},"end":{"line":873,"column":32}},"loc":{"start":{"line":873,"column":36},"end":{"line":875,"column":13}},"line":873},"62":{"name":"(anonymous_62)","decl":{"start":{"line":896,"column":17},"end":{"line":896,"column":18}},"loc":{"start":{"line":896,"column":43},"end":{"line":932,"column":5}},"line":896},"63":{"name":"Cauchy","decl":{"start":{"line":899,"column":17},"end":{"line":899,"column":23}},"loc":{"start":{"line":899,"column":26},"end":{"line":910,"column":9}},"line":899},"64":{"name":"_generator","decl":{"start":{"line":914,"column":28},"end":{"line":914,"column":38}},"loc":{"start":{"line":914,"column":41},"end":{"line":917,"column":13}},"line":914},"65":{"name":"_pdf","decl":{"start":{"line":920,"column":28},"end":{"line":920,"column":32}},"loc":{"start":{"line":920,"column":36},"end":{"line":923,"column":13}},"line":920},"66":{"name":"_cdf","decl":{"start":{"line":926,"column":28},"end":{"line":926,"column":32}},"loc":{"start":{"line":926,"column":36},"end":{"line":928,"column":13}},"line":926},"67":{"name":"(anonymous_67)","decl":{"start":{"line":949,"column":17},"end":{"line":949,"column":18}},"loc":{"start":{"line":949,"column":43},"end":{"line":1056,"column":5}},"line":949},"68":{"name":"Custom","decl":{"start":{"line":952,"column":17},"end":{"line":952,"column":23}},"loc":{"start":{"line":952,"column":33},"end":{"line":1021,"column":9}},"line":952},"69":{"name":"_generator","decl":{"start":{"line":1025,"column":28},"end":{"line":1025,"column":38}},"loc":{"start":{"line":1025,"column":41},"end":{"line":1032,"column":13}},"line":1025},"70":{"name":"_pdf","decl":{"start":{"line":1035,"column":28},"end":{"line":1035,"column":32}},"loc":{"start":{"line":1035,"column":36},"end":{"line":1042,"column":13}},"line":1035},"71":{"name":"_cdf","decl":{"start":{"line":1045,"column":28},"end":{"line":1045,"column":32}},"loc":{"start":{"line":1045,"column":36},"end":{"line":1052,"column":13}},"line":1045},"72":{"name":"(anonymous_72)","decl":{"start":{"line":1072,"column":21},"end":{"line":1072,"column":22}},"loc":{"start":{"line":1072,"column":47},"end":{"line":1105,"column":5}},"line":1072},"73":{"name":"Degenerate","decl":{"start":{"line":1075,"column":17},"end":{"line":1075,"column":27}},"loc":{"start":{"line":1075,"column":30},"end":{"line":1084,"column":9}},"line":1075},"74":{"name":"_generator","decl":{"start":{"line":1088,"column":28},"end":{"line":1088,"column":38}},"loc":{"start":{"line":1088,"column":41},"end":{"line":1091,"column":13}},"line":1088},"75":{"name":"_pdf","decl":{"start":{"line":1094,"column":28},"end":{"line":1094,"column":32}},"loc":{"start":{"line":1094,"column":36},"end":{"line":1096,"column":13}},"line":1094},"76":{"name":"_cdf","decl":{"start":{"line":1099,"column":28},"end":{"line":1099,"column":32}},"loc":{"start":{"line":1099,"column":36},"end":{"line":1101,"column":13}},"line":1099},"77":{"name":"(anonymous_77)","decl":{"start":{"line":1121,"column":22},"end":{"line":1121,"column":23}},"loc":{"start":{"line":1121,"column":49},"end":{"line":1154,"column":5}},"line":1121},"78":{"name":"Exponential","decl":{"start":{"line":1124,"column":17},"end":{"line":1124,"column":28}},"loc":{"start":{"line":1124,"column":31},"end":{"line":1133,"column":9}},"line":1124},"79":{"name":"_generator","decl":{"start":{"line":1137,"column":28},"end":{"line":1137,"column":38}},"loc":{"start":{"line":1137,"column":41},"end":{"line":1140,"column":13}},"line":1137},"80":{"name":"_pdf","decl":{"start":{"line":1143,"column":28},"end":{"line":1143,"column":32}},"loc":{"start":{"line":1143,"column":36},"end":{"line":1145,"column":13}},"line":1143},"81":{"name":"_cdf","decl":{"start":{"line":1148,"column":28},"end":{"line":1148,"column":32}},"loc":{"start":{"line":1148,"column":36},"end":{"line":1150,"column":13}},"line":1148},"82":{"name":"(anonymous_82)","decl":{"start":{"line":1171,"column":12},"end":{"line":1171,"column":13}},"loc":{"start":{"line":1171,"column":39},"end":{"line":1206,"column":5}},"line":1171},"83":{"name":"F","decl":{"start":{"line":1174,"column":17},"end":{"line":1174,"column":18}},"loc":{"start":{"line":1174,"column":21},"end":{"line":1185,"column":9}},"line":1174},"84":{"name":"_generator","decl":{"start":{"line":1189,"column":28},"end":{"line":1189,"column":38}},"loc":{"start":{"line":1189,"column":41},"end":{"line":1192,"column":13}},"line":1189},"85":{"name":"_pdf","decl":{"start":{"line":1195,"column":28},"end":{"line":1195,"column":32}},"loc":{"start":{"line":1195,"column":36},"end":{"line":1197,"column":13}},"line":1195},"86":{"name":"_cdf","decl":{"start":{"line":1200,"column":28},"end":{"line":1200,"column":32}},"loc":{"start":{"line":1200,"column":36},"end":{"line":1202,"column":13}},"line":1200},"87":{"name":"(anonymous_87)","decl":{"start":{"line":1224,"column":18},"end":{"line":1224,"column":19}},"loc":{"start"
[...]
umn":475}},"type":"if","locations":[{"start":{"line":7,"column":407},"end":{"line":7,"column":475}},{"start":{"line":7,"column":407},"end":{"line":7,"column":475}}],"line":7},"3":{"loc":{"start":{"line":7,"column":476},"end":{"line":7,"column":536}},"type":"if","locations":[{"start":{"line":7,"column":476},"end":{"line":7,"column":536}},{"start":{"line":7,"column":476},"end":{"line":7,"column":536}}],"line":7},"4":{"loc":{"start":{"line":9,"column":50},"end":{"line":9,"column":151}},"type":"if","locations":[{"start":{"line":9,"column":50},"end":{"line":9,"column":151}},{"start":{"line":9,"column":50},"end":{"line":9,"column":151}}],"line":9},"5":{"loc":{"start":{"line":9,"column":159},"end":{"line":9,"column":237}},"type":"cond-expr","locations":[{"start":{"line":9,"column":226},"end":{"line":9,"column":230}},{"start":{"line":9,"column":233},"end":{"line":9,"column":237}}],"line":9},"6":{"loc":{"start":{"line":9,"column":159},"end":{"line":9,"column":223}},"type":"binary-expr","locations":[{"start":{"line":9,"column":159},"end":{"line":9,"column":163}},{"start":{"line":9,"column":168},"end":{"line":9,"column":192}},{"start":{"line":9,"column":196},"end":{"line":9,"column":222}}],"line":9},"7":{"loc":{"start":{"line":11,"column":43},"end":{"line":11,"column":208}},"type":"if","locations":[{"start":{"line":11,"column":43},"end":{"line":11,"column":208}},{"start":{"line":11,"column":43},"end":{"line":11,"column":208}}],"line":11},"8":{"loc":{"start":{"line":11,"column":47},"end":{"line":11,"column":102}},"type":"binary-expr","locations":[{"start":{"line":11,"column":47},"end":{"line":11,"column":79}},{"start":{"line":11,"column":83},"end":{"line":11,"column":102}}],"line":11},"9":{"loc":{"start":{"line":11,"column":244},"end":{"line":11,"column":278}},"type":"binary-expr","locations":[{"start":{"line":11,"column":244},"end":{"line":11,"column":254}},{"start":{"line":11,"column":258},"end":{"line":11,"column":278}}],"line":11},"10":{"loc":{"start":{"line":11,"column":374},"end":{"line":11,"column":492}},"type":"if","locations":[{"start":{"line":11,"column":374},"end":{"line":11,"column":492}},{"start":{"line":11,"column":374},"end":{"line":11,"column":492}}],"line":11},"11":{"loc":{"start":{"line":11,"column":390},"end":{"line":11,"column":491}},"type":"cond-expr","locations":[{"start":{"line":11,"column":414},"end":{"line":11,"column":457}},{"start":{"line":11,"column":460},"end":{"line":11,"column":491}}],"line":11},"12":{"loc":{"start":{"line":13,"column":50},"end":{"line":13,"column":151}},"type":"if","locations":[{"start":{"line":13,"column":50},"end":{"line":13,"column":151}},{"start":{"line":13,"column":50},"end":{"line":13,"column":151}}],"line":13},"13":{"loc":{"start":{"line":76,"column":33},"end":{"line":76,"column":50}},"type":"binary-expr","locations":[{"start":{"line":76,"column":33},"end":{"line":76,"column":42}},{"start":{"line":76,"column":46},"end":{"line":76,"column":50}}],"line":76},"14":{"loc":{"start":{"line":87,"column":19},"end":{"line":87,"column":82}},"type":"cond-expr","locations":[{"start":{"line":87,"column":65},"end":{"line":87,"column":75}},{"start":{"line":87,"column":78},"end":{"line":87,"column":82}}],"line":87},"15":{"loc":{"start":{"line":87,"column":19},"end":{"line":87,"column":62}},"type":"binary-expr","locations":[{"start":{"line":87,"column":19},"end":{"line":87,"column":25}},{"start":{"line":87,"column":29},"end":{"line":87,"column":62}}],"line":87},"16":{"loc":{"start":{"line":88,"column":19},"end":{"line":88,"column":82}},"type":"cond-expr","locations":[{"start":{"line":88,"column":65},"end":{"line":88,"column":75}},{"start":{"line":88,"column":78},"end":{"line":88,"column":82}}],"line":88},"17":{"loc":{"start":{"line":88,"column":19},"end":{"line":88,"column":62}},"type":"binary-expr","locations":[{"start":{"line":88,"column":19},"end":{"line":88,"column":25}},{"start":{"line":88,"column":29},"end":{"line":88,"column":62}}],"line":88},"18":{"loc":{"start":{"line":93,"column":19},"end":{"line":93,"column":69}},"type":"binary-expr","locations":[{"start":{"line":93,"column":20},"end":{"line":93,"column":25}},{"start":{"line":93,"column":29},"end":{"line":93,"column":41}},{"start":{"line":93,"column":47},"end":{"line":93,"column":52}},{"start":{"line":93,"column":56},"end":{"line":93,"column":68}}],"line":93},"19":{"loc":{"start":{"line":103,"column":20},"end":{"line":103,"column":56}},"type":"binary-expr","locations":[{"start":{"line":103,"column":20},"end":{"line":103,"column":26}},{"start":{"line":103,"column":30},"end":{"line":103,"column":36}},{"start":{"line":103,"column":40},"end":{"line":103,"column":47}},{"start":{"line":103,"column":51},"end":{"line":103,"column":56}}],"line":103},"20":{"loc":{"start":{"line":105,"column":16},"end":{"line":109,"column":17}},"type":"if","locations":[{"start":{"line":105,"column":16},"end":{"line":109,"column":17}},{"start":{"line":105,"column":16},"end":{"line":109,"column":17}}],"line":105},"21":{"loc":{"start":{"line":111,"column":16},"end":{"line":113,"column":17}},"type":"if","locations":[{"start":{"line":111,"column":16},"end":{"line":113,"column":17}},{"start":{"line":111,"column":16},"end":{"line":113,"column":17}}],"line":111},"22":{"loc":{"start":{"line":111,"column":20},"end":{"line":111,"column":65}},"type":"binary-expr","locations":[{"start":{"line":111,"column":20},"end":{"line":111,"column":21}},{"start":{"line":111,"column":25},"end":{"line":111,"column":43}},{"start":{"line":111,"column":47},"end":{"line":111,"column":65}}],"line":111},"23":{"loc":{"start":{"line":126,"column":19},"end":{"line":126,"column":57}},"type":"binary-expr","locations":[{"start":{"line":126,"column":19},"end":{"line":126,"column":36}},{"start":{"line":126,"column":40},"end":{"line":126,"column":57}}],"line":126},"24":{"loc":{"start":{"line":127,"column":16},"end":{"line":131,"column":17}},"type":"if","locations":[{"start":{"line":127,"column":16},"end":{"line":131,"column":17}},{"start":{"line":127,"column":16},"end":{"line":131,"column":17}}],"line":127},"25":{"loc":{"start":{"line":136,"column":19},"end":{"line":136,"column":77}},"type":"binary-expr","locations":[{"start":{"line":136,"column":19},"end":{"line":136,"column":32}},{"start":{"line":136,"column":36},"end":{"line":136,"column":53}},{"start":{"line":136,"column":57},"end":{"line":136,"column":77}}],"line":136},"26":{"loc":{"start":{"line":137,"column":16},"end":{"line":141,"column":17}},"type":"if","locations":[{"start":{"line":137,"column":16},"end":{"line":141,"column":17}},{"start":{"line":137,"column":16},"end":{"line":141,"column":17}}],"line":137},"27":{"loc":{"start":{"line":156,"column":29},"end":{"line":156,"column":40}},"type":"binary-expr","locations":[{"start":{"line":156,"column":29},"end":{"line":156,"column":33}},{"start":{"line":156,"column":37},"end":{"line":156,"column":40}}],"line":156},"28":{"loc":{"start":{"line":187,"column":25},"end":{"line":187,"column":95}},"type":"cond-expr","locations":[{"start":{"line":187,"column":78},"end":{"line":187,"column":90}},{"start":{"line":187,"column":93},"end":{"line":187,"column":95}}],"line":187},"29":{"loc":{"start":{"line":187,"column":25},"end":{"line":187,"column":75}},"type":"binary-expr","locations":[{"start":{"line":187,"column":25},"end":{"line":187,"column":45}},{"start":{"line":187,"column":49},"end":{"line":187,"column":75}}],"line":187},"30":{"loc":{"start":{"line":188,"column":31},"end":{"line":188,"column":101}},"type":"cond-expr","locations":[{"start":{"line":188,"column":84},"end":{"line":188,"column":96}},{"start":{"line":188,"column":99},"end":{"line":188,"column":101}}],"line":188},"31":{"loc":{"start":{"line":188,"column":31},"end":{"line":188,"column":81}},"type":"binary-expr","locations":[{"start":{"line":188,"column":31},"end":{"line":188,"column":51}},{"start":{"line":188,"column":55},"end":{"line":188,"column":81}}],"line":188},"32":{"loc":{"start":{"line":192,"column":23},"end":{"line":192,"column":38}},"type":"binary-expr","locations":[{"start":{"line":192,"column":23},"end":{"line":192,"column":33}},{"start":{"line":192,"column":37},"end":{"line":192,"column":38}}],"line":192},"33":{"loc":{"start":{"line":193,"column":30},"end":{"line":193,"column":63}},"type":"binary-expr","locations":[{"start":{"line":193,"column":30},"end":{"line":193,"column":47}},{"start":{"line":193,"column":51},"end":{"line":193,"column":63}}],"line":193},"34":{"loc":{"start":{"line":195,"column":21},"end":{"line":195,"column":84}},"type":"binary-expr","locations":[{"start":{"line":195,"column":21},"end":{"line":195,"column":35}},{"start":{"line":195,"column":39},"end":{"line":195,"column":84}}],"line":195},"35":{"loc":{"start":{"line":196,"column":32},"end":{"line":196,"column":62}},"type":"binary-expr","locations":[{"start":{"line":196,"column":32},"end":{"line":196,"column":57}},{"start":{"line":196,"column":61},"end":{"line":196,"column":62}}],"line":196},"36":{"loc":{"start":{"line":197,"column":28},"end":{"line":197,"column":55}},"type":"binary-expr","locations":[{"start":{"line":197,"column":28},"end":{"line":197,"column":49}},{"start":{"line":197,"column":53},"end":{"line":197,"column":55}}],"line":197},"37":{"loc":{"start":{"line":239,"column":24},"end":{"line":243,"column":25}},"type":"if","locations":[{"start":{"line":239,"column":24},"end":{"line":243,"column":25}},{"start":{"line":239,"column":24},"end":{"line":243,"column":25}}],"line":239},"38":{"loc":{"start":{"line":280,"column":24},"end":{"line":282,"column":25}},"type":"if","locations":[{"start":{"line":280,"column":24},"end":{"line":282,"column":25}},{"start":{"line":280,"column":24},"end":{"line":282,"column":25}}],"line":280},"39":{"loc":{"start":{"line":319,"column":29},"end":{"line":319,"column":102}},"type":"cond-expr","locations":[{"start":{"line":319,"column":82},"end":{"line":319,"column":94}},{"start":{"line":319,"column":97},"end":{"line":319,"column":102}}],"line":319},"40":{"loc":{"start":{"line":319,"column":29},"end":{"line":319,"column":79}},"type":"binary-expr","locations":[{"start":{"line":319,"column":29},"end":{"line":319,"column":49}},{"start":{"line":319,"column":53},"end":{"line":319,"column":79}}],"line":319},"41":{"loc":{"start":{"line":423,"column":28},"end":{"line":425,"column":29}},"type":"if","locations":[{"start":{"line":423,"column":28},"end":{"line":425,"column":29}},{"start":{"line":423,"column":28},"end":{"line":425,"column":29}}],"line":423},"42":{"loc":{"start":{"line":450,"column":31},"end":{"line":450,"column":103}},"type":"cond-expr","locations":[{"start":{"line":450,"column":84},"end":{"line":450,"column":96}},{"start":{"line":450,"column":99},"end":{"line":450,"column":103}}],"line":450},"43":{"loc":{"start":{"line":450,"column":31},"end":{"line":450,"column":81}},"type":"binary-expr","locations":[{"start":{"line":450,"column":31},"end":{"line":450,"column":51}},{"start":{"line":450,"column":55},"end":{"line":450,"column":81}}],"line":450},"44":{"loc":{"start":{"line":451,"column":29},"end":{"line":451,"column":102}},"type":"cond-expr","locations":[{"start":{"line":451,"column":82},"end":{"line":451,"column":94}},{"start":{"line":451,"column":97},"end":{"line":451,"column":102}}],"line":451},"45":{"loc":{"start":{"line":451,"column":29},"end":{"line":451,"column":79}},"type":"binary-expr","locations":[{"start":{"line":451,"column":29},"end":{"line":451,"column":49}},{"start":{"line":451,"column":53},"end":{"line":451,"column":79}}],"line":451},"46":{"loc":{"start":{"line":464,"column":16},"end":{"line":464,"column":53}},"type":"binary-expr","locations":[{"start":{"line":464,"column":16},"end":{"line":464,"column":24}},{"start":{"line":464,"column":28},"end":{"line":464,"column":53}}],"line":464},"47":{"loc":{"start":{"line":484,"column":33},"end":{"line":484,"column":104}},"type":"cond-expr","locations":[{"start":{"line":484,"column":86},"end":{"line":484,"column":98}},{"start":{"line":484,"column":101},"end":{"line":484,"column":104}}],"line":484},"48":{"loc":{"start":{"line":484,"column":33},"end":{"line":484,"column":83}},"type":"binary-expr","locations":[{"start":{"line":484,"column":33},"end":{"line":484,"column":53}},{"start":{"line":484,"column":57},"end":{"line":484,"column":83}}],"line":484},"49":{"loc":{"start":{"line":498,"column":28},"end":{"line":500,"column":29}},"type":"if","locations":[{"start":{"line":498,"column":28},"end":{"line":500,"column":29}},{"start":{"line":498,"column":28},"end":{"line":500,"column":29}}],"line":498},"50":{"loc":{"start":{"line":504,"column":20},"end":{"line":508,"column":21}},"type":"if","locations":[{"start":{"line":504,"column":20},"end":{"line":508,"column":21}},{"start":{"line":504,"column":20},"end":{"line":508,"column":21}}],"line":504},"51":{"loc":{"start":{"line":506,"column":27},"end":{"line":508,"column":21}},"type":"if","locations":[{"start":{"line":506,"column":27},"end":{"line":508,"column":21}},{"start":{"line":506,"column":27},"end":{"line":508,"column":21}}],"line":506},"52":{"loc":{"start":{"line":506,"column":31},"end":{"line":506,"column":77}},"type":"binary-expr","locations":[{"start":{"line":506,"column":31},"end":{"line":506,"column":52}},{"start":{"line":506,"column":56},"end":{"line":506,"column":77}}],"line":506},"53":{"loc":{"start":{"line":511,"column":20},"end":{"line":511,"column":66}},"type":"binary-expr","locations":[{"start":{"line":511,"column":20},"end":{"line":511,"column":28}},{"start":{"line":511,"column":32},"end":{"line":511,"column":66}}],"line":511},"54":{"loc":{"start":{"line":530,"column":27},"end":{"line":530,"column":99}},"type":"cond-expr","locations":[{"start":{"line":530,"column":80},"end":{"line":530,"column":92}},{"start":{"line":530,"column":95},"end":{"line":530,"column":99}}],"line":530},"55":{"loc":{"start":{"line":530,"column":27},"end":{"line":530,"column":77}},"type":"binary-expr","locations":[{"start":{"line":530,"column":27},"end":{"line":530,"column":47}},{"start":{"line":530,"column":51},"end":{"line":530,"column":77}}],"line":530},"56":{"loc":{"start":{"line":542,"column":20},"end":{"line":544,"column":21}},"type":"if","locations":[{"start":{"line":542,"column":20},"end":{"line":544,"column":21}},{"start":{"line":542,"column":20},"end":{"line":544,"column":21}}],"line":542},"57":{"loc":{"start":{"line":543,"column":24},"end":{"line":543,"column":59}},"type":"binary-expr","locations":[{"start":{"line":543,"column":24},"end":{"line":543,"column":32}},{"start":{"line":543,"column":36},"end":{"line":543,"column":59}}],"line":543},"58":{"loc":{"start":{"line":547,"column":20},"end":{"line":549,"column":21}},"type":"if","locations":[{"start":{"line":547,"column":20},"end":{"line":549,"column":21}},{"start":{"line":547,"column":20},"end":{"line":549,"column":21}}],"line":547},"59":{"loc":{"start":{"line":580,"column":58},"end":{"line":580,"column":101}},"type":"binary-expr","locations":[{"start":{"line":580,"column":58},"end":{"line":580,"column":71}},{"start":{"line":580,"column":75},"end":{"line":580,"column":101}}],"line":580},"60":{"loc":{"start":{"line":594,"column":29},"end":{"line":594,"column":82}},"type":"binary-expr","locations":[{"start":{"line":594,"column":29},"end":{"line":594,"column":51}},{"start":{"line":594,"column":55},"end":{"line":594,"column":82}}],"line":594},"61":{"loc":{"start":{"line":613,"column":31},"end":{"line":617,"column":26}},"type":"cond-expr","locations":[{"start":{"line":613,"column":40},"end":{"line":615,"column":26}},{"start":{"line":615,"column":29},"end":{"line":617,"column":26}}],"line":613},"62":{"loc":{"start":{"line":614,"column":40},"end":{"line":614,"column":87}},"type":"cond-expr","locations":[{"start":{"line":614,"column":55},"end":{"line":614,"column":83}},{"start":{"line":614,"column":86},"end":{"line":614,"column":87}}],"line":614},"63":{"loc":{"start":{"line":630,"column":24},"end":{"line":630,"column":57}},"type":"binary-expr","locations":[{"start":{"line":630,"column":24},"end":{"line":630,"column":32}},{"start":{"line":630,"column":36},"end":{"line":630,"column":57}}],"line":630},"64":{"loc":{"start":{"line":634,"column":24},"end":{"line":650,"column":25}},"type":"if","locations":[{"start":{"line":634,"column":24},"end":{"line":650,"column":25}},{"start":{"line":634,"column":24},"end":{"line":650,"column":25}}],"line":634},"65":{"loc":{"start":{"line":636,"column":28},"end":{"line":640,"column":29}},"type":"if","locations":[{"start":{"line":636,"column":28},"end":{"line":640,"column":29}},{"start":{"line":636,"column":28},"end":{"line":640,"column":29}}],"line":636},"66":{"loc":{"start":{"line":647,"column":28},"end":{"line":649,"column":29}},"type":"if","locations":[{"start":{"line":647,"column":28},"end":{"line":649,"column":29}},{"start":{"line":647,"column":28},"end":{"line":649,"column":29}}],"line":647},"67":{"loc":{"start":{"line":689,"column":16},"end":{"line":693,"column":17}},"type":"if","locations":[{"start":{"line":689,"column":16},"end":{"line":693,"column":17}},{"start":{"line":689,"column":16},"end":{"line":693,"column":17}}],"line":689}},"s":{"0":1,"1":1,"2":2,"3":13,"4":13,"5":13,"6":13,"7":13,"8":13,"9":1,"10":2,"11":2,"12":2,"13":0,"14":2,"15":0,"16":0,"17":0,"18":1,"19":0,"20":1,"21":1,"22":1,"23":0,"24":0,"25":1,"26":1,"27":1,"28":0,"29":0,"30":0,"31":0,"32":0,"33":0,"34":0,"35":0,"36":0,"37":0,"38":0,"39":0,"40":0,"41":0,"42":1,"43":0,"44":0,"45":0,"46":0,"47":1,"48":0,"49":0,"50":0,"51":0,"52":0,"53":0,"54":0,"55":0,"56":0,"57":0,"58":0,"59":0,"60":0,"61":0,"62":0,"63":0,"64":0,"65":0,"66":0,"67":0,"68":0,"69":0,"70":0,"71":0,"72":0,"73":0,"74":0,"75":0,"76":0,"77":0,"78":0,"79":0,"80":0,"81":0,"82":0,"83":0,"84":1,"85":0,"86":0,"87":0,"88":0,"89":0,"90":0,"91":0,"92":0,"93":0,"94":0,"95":0,"96":0,"97":0,"98":0,"99":0,"100":0,"101":0,"102":0,"103":0,"104":0,"105":0,"106":0,"107":0,"108":0,"109":0,"110":0,"111":1,"112":0,"113":0,"114":0,"115":0,"116":0,"117":0,"118":0,"119":0,"120":0,"121":0,"122":0,"123":0,"124":0,"125":0,"126":0,"127":0,"128":0,"129":0,"130":0,"131":0,"132":0,"133":0,"134":0,"135":0,"136":0,"137":0,"138":0,"139":0,"140":0,"141":0,"142":0,"143":0,"144":0,"145":0,"146":0,"147":0,"148":0,"149":0,"150":0,"151":0,"152":0,"153":0,"154":0,"155":0,"156":0,"157":0,"158":0,"159":0,"160":0,"161":0,"162":0,"163":0,"164":0,"165":0,"166":0,"167":0,"168":1,"169":1,"170":1,"171":0,"172":0,"173":0,"174":0,"175":0,"176":0,"177":0,"178":0,"179":0,"180":0,"181":0,"182":0,"183":0,"184":0,"185":0,"186":0,"187":0,"188":0,"189":0,"190":0,"191":0,"192":0,"193":0,"194":0,"195":0,"196":0,"197":0,"198":0,"199":0,"200":0,"201":1,"202":0,"203":0,"204":0,"205":0,"206":0,"207":0,"208":0,"209":0,"210":0,"211":1,"212":1},"f":{"0":1,"1":2,"2":2,"3":0,"4":1,"5":0,"6":1,"7":1,"8":0,"9":0,"10":0,"11":0,"12":0,"13":0,"14":0,"15":0,"16":0,"17":0,"18":0,"19":0,"20":0,"21":0,"22":1,"23":0,"24":0,"25":0,"26":0,"27":0,"28":0,"29":0,"30":0,"31":0,"32":0,"33":0,"34":0,"35":0,"36":0,"37":0,"38":0,"39":0,"40":0,"41":0,"42":0,"43":0,"44":0,"45":0,"46":0,"47":0,"48":0,"49":0,"50":0,"51":1,"52":0,"53":0,"54":0,"55":0,"56":0,"57":0,"58":0,"59":0,"60":0,"61":0,"62":0},"b":{"0":[13,13],"1":[13,0],"2":[2,0],"3":[0,2],"4":[0,0],"5":[0,0],"6":[0,0,0],"7":[0,1],"8":[1,0],"9":[1,1],"10":[1,0],"11":[1,0],"12":[0,0],"13":[0,0],"14":[0,0],"15":[0,0],"16":[0,0],"17":[0,0],"18":[0,0,0,0],"19":[0,0,0,0],"20":[0,0],"21":[0,0],"22":[0,0,0],"23":[0,0],"24":[0,0],"25":[0,0,0],"26":[0,0],"27":[0,0],"28":[0,0],"29":[0,0],"30":[0,0],"31":[0,0],"32":[0,0],"33":[0,0],"34":[0,0],"35":[0,0],"36":[0,0],"37":[0,0],"38":[0,0],"39":[0,0],"40":[0,0],"41":[0,0],"42":[0,0],"43":[0,0],"44":[0,0],"45":[0,0],"46":[0,0],"47":[0,0],"48":[0,0],"49":[0,0],"50":[0,0],"51":[0,0],"52":[0,0],"53":[0,0],"54":[0,0],"55":[0,0],"56":[0,0],"57":[0,0],"58":[0,0],"59":[0,0],"60":[0,0],"61":[0,0],"62":[0,0],"63":[0,0],"64":[0,0],"65":[0,0],"66":[0,0],"67":[0,0]},"_coverageSchema":"43e27e138ebf9cfc5966b082cf9a028302ed4184","hash":"249521dfc1309d113d13b192d3cffd6ce4624242","contentHash":"2c58b8708776b1db3327311c695a9bb4"}}