{"/Users/enys/Desktop/ran/src/index.js":{"path":"/Users/enys/Desktop/ran/src/index.js","s":{"1":1,"2":1,"3":1,"4":0,"5":0,"6":0,"7":1,"8":0,"9":0,"10":0,"11":0,"12":0,"13":1,"14":216870,"15":1,"16":42990,"17":23730,"18":19260,"19":267000,"20":1,"21":6065,"22":201,"23":201,"24":5864,"25":5862,"26":2,"27":1,"28":1,"29":4059,"30":200,"31":100,"32":100,"33":100,"34":685,"35":200,"36":6394,"37":200,"38":200,"39":5481,"40":3659,"41":3659,"42":38790,"43":2909,"44":502,"45":2582,"46":502,"47":2582,"48":2407,"49":2405,"50":2,"51":1,"52":1,"53":801,"54":4106,"55":24246,"56":9012,"57":15234,"58":300,"59":1587,"60":10971,"61":200,"62":7117,"63":200,"64":200,"65":1060,"66":7302,"67":201,"68":201,"69":201,"70":201,"71":1018,"72":6948,"73":6948,"74":54688,"75":6948,"76":201,"77":400,"78":2200,"79":15280,"80":400,"81":3559,"82":100,"83":100,"84":504,"85":504,"86":1460,"87":504,"88":504,"89":1460,"90":1460,"91":2930,"92":1460,"93":100,"94":1,"95":1,"96":1,"97":1,"98":1,"99":1,"100":1,"101":437631,"102":437631,"103":25718,"104":411913,"105":411913,"106":411913,"107":3295304,"108":3295304,"109":3295304,"110":437631,"111":1,"112":1,"113":1,"114":1,"115":613513,"116":613513,"117":613513,"118":613513,"119":3681078,"120":3681078,"121":613513,"122":1,"123":1,"124":1,"125":596707,"126":0,"127":596707,"128":596707,"129":6758392,"130":6758392,"131":6758392,"132":6758392,"133":596707,"134":596707,"135":1,"136":409293,"137":409293,"138":2439281,"139":2439281,"140":2439281,"141":2439281,"142":0,"143":2439281,"144":2439281,"145":2439281,"146":0,"147":2439281,"148":2439281,"149":2439281,"150":409293,"151":409293,"152":1,"153":1006000,"154":1,"155":1,"156":1,"157":201622,"158":201622,"159":0,"160":201622,"161":201622,"162":201622,"163":899818,"164":899818,"165":899818,"166":0,"167":899818,"168":899818,"169":0,"170":899818,"171":899818,"172":899818,"173":899818,"174":899818,"175":0,"176":899818,"177":899818,"178":0,"179":899818,"180":899818,"181":899818,"182":899818,"183":201622,"184":201622,"185":1,"186":201622,"187":201622,"188":1,"189":1,"190":1,"191":402000,"192":402000,"193":4020000,"194":4020000,"195":402000,"196":402000,"197":1,"198":1,"199":1,"200":30690,"201":10100,"202":20590,"203":10020,"204":10570,"205":50570,"206":1,"207":30180,"208":10020,"209":20160,"210":47160,"211":1,"212":1003,"213":3,"214":1000,"215":88000,"216":1,"217":1003,"218":3,"219":1000,"220":1000,"221":1,"222":1000,"223":1000,"224":10000,"225":10000,"226":10000,"227":10000,"228":1000,"229":1,"230":10000,"231":42000,"232":1,"233":1,"234":1,"235":1,"236":1,"237":9143,"238":9143,"239":1,"240":9000,"241":7000,"242":7000,"243":7143,"244":7143,"245":7132,"246":7132,"247":7132,"248":7000,"249":2000,"250":1,"251":20,"252":20,"253":20000,"254":20,"255":20,"256":379,"257":379,"258":379,"259":20,"260":20,"261":1,"262":20,"263":198364,"264":20,"265":20,"266":20000,"267":20,"268":480,"269":480,"270":480,"271":480,"272":0,"273":0,"274":0,"275":260,"276":62000,"277":1405726,"278":2818780,"279":0,"280":0,"281":0,"282":0,"283":0,"284":0,"285":40,"286":379,"287":20000,"288":20,"289":20,"290":1000,"291":30,"292":10,"293":20,"294":20,"295":20,"296":1000,"297":1000,"298":100000,"299":201000,"300":60,"301":60,"302":60,"303":60,"304":3000,"305":1000,"306":1000,"307":16300,"308":3689,"309":1000,"310":2000,"311":1000,"312":1000,"313":1353,"314":1353,"315":1000,"316":1000,"317":1000,"318":1000,"319":1000,"320":1000,"321":2355,"322":2599,"323":2599,"324":2355,"325":2355,"326":1000,"327":1077,"328":1077,"329":750,"330":750,"331":20,"332":20,"333":20,"334":1000,"335":100000,"336":201000,"337":20,"338":20,"339":20,"340":1000,"341":100000,"342":100000,"343":201000,"344":20,"345":20,"346":20,"347":20,"348":20,"349":1017,"350":20,"351":20,"352":1017,"353":1017,"354":517,"355":500,"356":20,"357":20,"358":20,"359":1017,"360":1017,"361":20,"362":20,"363":997,"364":997,"365":997,"366":997,"367":997,"368":997,"369":487,"370":510,"371":20,"372":13,"373":13,"374":13,"375":20,"376":7,"377":7,"378":7,"379":20,"380":20,"381":997,"382":997,"383":20,"384":1000,"385":0,"386":1000,"387":1000,"388":633,"389":367,"390":397,"391":397,"392":10,"393":10,"394":20,"395":20,"396":1000,"397":2010,"398":2010,"399":20,"400":20,"401":1000,"402":100000,"403":201000,"404":60,"405":60,"406":60,"407":3000,"408":300000,"409":603000,"410":20,"411":20,"412":20,"413":20,"414":20,"415":1000,"416":100000,"417":201000,"418":20,"419":20,"420":20,"421":1000,"422":100000,"423":201000,"424":20,"425":20,"426":20,"427":1000,"428":100000,"429":201000,"430":20,"431":20,"432":20,"433":1000,"434":100000,"435":201000,"436":30,"437":30,"438":11000,"439":100000,"440":221000,"441":30,"442":30,"443":11000,"444":11000,"445":11000,"446":61960,"447":61960,"448":11000,"449":0,"450":0,"451":0,"452":0,"453":0,"454":0,"455":0,"456":0,"457":1500,"458":1500,"459":1000,"460":1000,"461":30,"462":30,"463":30,"464":11000,"465":100000,"466":201000,"467":30,"468":30,"469":30,"470":11000,"471":1091,"472":1091,"473":1000,"474":1000,"475":20,"476":20,"477":1000,"478":100000,"479":201000,"480":1,"481":1,"482":0,"483":0,"484":0,"485":0,"486":0,"487":0,"488":0,"489":0,"490":0,"491":0,"492":0,"493":0,"494":0,"495":0,"496":0,"497":0,"498":0,"499":0,"500":0,"501":0,"502":0,"503":0,"504":0,"505":0,"506":0,"507":0,"508":0,"509":0,"510":0,"511":0,"512":0,"513":0,"514":0,"515":0,"516":0,"517":0,"518":0,"519":0,"520":0,"521":0,"522":0,"523":0,"524":0,"525":0,"526":0,"527":0,"528":0,"529":1,"530":1,"531":1,"532":1,"533":1,"534":0,"535":0,"536":0,"537":0,"538":0,"539":0,"540":0,"541":0,"542":0,"543":1,"544":0,"545":0,"546":0,"547":0,"548":1,"549":0,"550":1,"551":0,"552":1,"553":0,"554":0,"555":0,"556":0,"557":0,"558":0,"559":0,"560":0,"561":0,"562":0,"563":1,"564":0,"565":0,"566":0,"567":0,"568":0,"569":0,"570":0,"571":0,"572":0,"573":0,"574":0,"575":0,"576":0,"577":1,"578":0,"579":1,"580":0,"581":0,"582":0,"583":0,"584":0,"585":0,"586":0,"587":0,"588":0,"589":0,"590":0,"591":0,"592":0,"593":0,"594":0,"595":0,"596":0,"597":0,"598":0,"599":0,"600":0,"601":0,"602":0,"603":0,"604":0,"605":0,"606":0,"607":0,"608":0,"609":0,"610":0,"611":0,"612":0,"613":0,"614":0,"615":0,"616":0,"617":0,"618":0,"619":0,"620":0,"621":0,"622":0,"623":0,"624":0,"625":0,"626":0,"627":0,"628":0,"629":0,"630":0,"631":0,"632":0,"633":0,"634":0,"635":0,"636":0,"637":0,"638":0,"639":0,"640":0,"641":0,"642":0,"643":0,"644":0,"645":0,"646":0,"647":0,"648":0,"649":0,"650":0,"651":0,"652":0,"653":0,"654":0,"655":0,"656":0,"657":0,"658":0,"659":0,"660":0,"661":0,"662":0,"663":0,"664":0,"665":0,"666":0,"667":0,"668":0,"669":0,"670":0,"671":0,"672":0,"673":0,"674":0,"675":0,"676":0,"677":0,"678":0,"679":0,"680":0,"681":0,"682":1,"683":1,"684":1,"685":1,"686":1,"687":1},"b":{"1":[1,0],"2":[1,1],"3":[0,0],"4":[0,0],"5":[0,0],"6":[0,0],"7":[167870,49000],"8":[23730,19260],"9":[201,5864],"10":[5862,2],"11":[1,1],"12":[2,1],"13":[100,100],"14":[502,2407],"15":[2405,2],"16":[1,1],"17":[2,1],"18":[9012,15234],"19":[25718,411913],"20":[0,596707],"21":[596707,6161685],"22":[0,2439281],"23":[0,2439281],"24":[409293,2029988],"25":[596707,409293],"26":[0,201622],"27":[0,899818],"28":[0,899818],"29":[0,899818],"30":[0,899818],"31":[201622,698196],"32":[0,201622],"33":[201622,201622],"34":[96654,104968],"35":[31755,370245],"36":[10100,20590],"37":[10020,10570],"38":[10020,20160],"39":[3,1000],"40":[1003,1002,1001],"41":[3,1000],"42":[1003,1002,1001],"43":[21161,20839],"44":[7000,2000],"45":[7132,11],"46":[7000,132],"47":[19621,379],"48":[379,0],"49":[20,0],"50":[20,20],"51":[648,352],"52":[10,20],"53":[0,10],"54":[0,10],"55":[0,201000],"56":[0,201000],"57":[38,22],"58":[1000,2000],"59":[3689,12611],"60":[700,300],"61":[1000,1000],"62":[1000,353],"63":[1000,0],"64":[2599,2433],"65":[400,600],"66":[0,1077],"67":[118,959],"68":[0,750],"69":[128,622],"70":[73059,26941],"71":[100000,31148],"72":[137704,63296],"73":[8414,54882],"74":[20,0],"75":[517,500],"76":[1017,1004],"77":[487,510],"78":[0,1000],"79":[633,367],"80":[0,397],"81":[397,397],"82":[0,10],"83":[0,10],"84":[10,2000],"85":[1000,1010],"86":[0,300000],"87":[0,100000],"88":[0,100000],"89":[0,100000],"90":[0,201000],"91":[27318,72682],"92":[54730,166270],"93":[11000,0],"94":[0,0],"95":[0,0],"96":[0,1500],"97":[0,1000],"98":[46823,53177],"99":[100000,55841],"100":[88318,112682],"101":[5328,107354],"102":[861,230],"103":[1091,1049],"104":[42,958],"105":[819,139],"106":[0,100000],"107":[0,201000],"108":[0,0],"109":[0,0],"110":[0,0],"111":[0,0],"112":[0,0],"113":[0,0],"114":[0,0],"115":[0,0,0,0],"116":[0,0,0,0],"117":[0,0],"118":[0,0],"119":[0,0,0],"120":[0,0],"121":[0,0],"122":[0,0,0],"123":[0,0],"124":[0,0],"125":[0,0],"126":[0,0],"127":[0,0],"128":[0,0],"129":[0,0],"130":[0,0],"131":[0,0],"132":[0,0],"133":[0,0],"134":[0,0],"135":[0,0],"136":[0,0],"137":[0,0],"138":[0,0],"139":[0,0],"140":[0,0],"141":[0,0],"142":[0,0],"143":[0,0],"144":[0,0],"145":[0,0],"146":[0,0],"147":[0,0],"148":[0,0],"149":[0,0]},"f":{"1":1,"2":1,"3":0,"4":216870,"5":42990,"6":1,"7":6065,"8":4059,"9":200,"10":100,"11":200,"12":200,"13":3659,"14":2909,"15":801,"16":24246,"17":300,"18":200,"19":200,"20":201,"21":400,"22":400,"23":100,"24":1,"25":1,"26":437631,"27":1,"28":613513,"29":1,"30":596707,"31":409293,"32":1006000,"33":1,"34":201622,"35":201622,"36":1,"37":402000,"38":1,"39":30690,"40":30180,"41":1003,"42":1003,"43":1000,"44":10000,"45":1,"46":9143,"47":9000,"48":20,"49":20000,"50":20,"51":480,"52":0,"53":0,"54":0,"55":260,"56":1405726,"57":2818780,"58":0,"59":0,"60":0,"61":0,"62":0,"63":40,"64":20,"65":1000,"66":30,"67":10,"68":20,"69":1000,"70":100000,"71":201000,"72":60,"73":3000,"74":1077,"75":750,"76":20,"77":1000,"78":100000,"79":201000,"80":20,"81":1000,"82":100000,"83":201000,"84":20,"85":1000,"86":397,"87":10,"88":20,"89":1000,"90":2010,"91":2010,"92":20,"93":1000,"94":100000,"95":201000,"96":60,"97":3000,"98":300000,"99":603000,"100":20,"101":20,"102":20,"103":1000,"104":100000,"105":201000,"106":20,"107":1000,"108":100000,"109":201000,"110":20,"111":1000,"112":100000,"113":201000,"114":20,"115":1000,"116":100000,"117":201000,"118":30,"119":11000,"120":100000,"121":221000,"122":30,"123":11000,"124":1500,"125":1000,"126":30,"127":11000,"128":100000,"129":201000,"130":30,"131":11000,"132":1091,"133":1000,"134":20,"135":1000,"136":100000,"137":201000,"138":1,"139":0,"140":0,"141":0,"142":0,"143":0,"144":0,"145":0,"146":0,"147":0,"148":0,"149":0,"150":0,"151":1,"152":1,"153":0,"154":0,"155":0,"156":0,"157":0,"158":0,"159":0,"160":0,"161":0,"162":0,"163":0,"164":0,"165":0,"166":0,"167":0,"168":0,"169":0,"170":0,"171":0,"172":0,"173":0,"174":0,"175":0,"176":0,"177":0,"178":0,"179":0,"180":0,"181":0,"182":0,"183":0,"184":0,"185":0,"186":0,"187":0,"188":0,"189":0,"190":0,"191":0,"192":0},"fnMap":{"1":{"name":"(anonymous_1)","line":5,"loc":{"start":{"line":5,"column":1},"end":{"line":5,"column":28}}},"2":{"name":"(anonymous_2)","line":13,"loc":{"start":{"line":13,"column":10},"end":{"line":13,"column":29}}},"3":{"name":"_sum","line":26,"loc":{"start":{"line":26,"column":4},"end":{"line":26,"column":32}}},"4":{"name":"_r","line":49,"loc":{"start":{"line":49,"column":4},"end":{"line":49,"column":26}}},"5":{"name":"_some","line":63,"loc":{"start":{"line":63,"column":4},"end":{"line":63,"column":37}}},"6":{"name":"(anonymous_6)","line":77,"loc":{"start":{"line":77,"column":14},"end":{"line":77,"column":25}}},"7":{"name":"(anonymous_7)","line":98,"loc":{"start":{"line":98,"column":23},"end":{"line":98,"column":29}}},"8":{"name":"(anonymous_8)","line":124,"loc":{"start":{"line":124,"column":13},"end":{"line":124,"column":16}}},"9":{"name":"(anonymous_9)","line":149,"loc":{"start":{"line":149,"column":13},"end":{"line":149,"column":20}}},"10":{"name":"(anonymous_10)","line":171,"loc":{"start":{"line":171,"column":13},"end":{"line":171,"column":20}}},"11":{"name":"(anonymous_11)","line":189,"loc":{"start":{"line":189,"column":17},"end":{"line":189,"column":21}}},"12":{"name":"(anonymous_12)","line":208,"loc":{"start":{"line":208,"column":15},"end":{"line":208,"column":21}}},"13":{"name":"(anonymous_13)","line":228,"loc":{"start":{"line":228,"column":15},"end":{"line":228,"column":21}}},"14":{"name":"(anonymous_14)","line":258,"loc":{"start":{"line":258,"column":23},"end":{"line":258,"column":29}}},"15":{"name":"(anonymous_15)","line":288,"loc":{"start":{"line":288,"column":13},"end":{"line":288,"column":16}}},"16":{"name":"(anonymous_16)","line":319,"loc":{"start":{"line":319,"column":14},"end":{"line":319,"column":24}}},"17":{"name":"(anonymous_17)","line":344,"loc":{"start":{"line":344,"column":13},"end":{"line":344,"column":20}}},"18":{"name":"(anonymous_18)","line":365,"loc":{"start":{"line":365,"column":17},"end":{"line":365,"column":21}}},"19":{"name":"(anonymous_19)","line":387,"loc":{"start":{"line":387,"column":15},"end":{"line":387,"column":21}}},"20":{"name":"(anonymous_20)","line":410,"loc":{"start":{"line":410,"column":16},"end":{"line":410,"column":22}}},"21":{"name":"(anonymous_21)","line":442,"loc":{"start":{"line":442,"column":13},"end":{"line":442,"column":16}}},"22":{"name":"(anonymous_22)","line":461,"loc":{"start":{"line":461,"column":15},"end":{"line":461,"column":21}}},"23":{"name":"(anonymous_23)","line":484,"loc":{"start":{"line":484,"column":15},"end":{"line":484,"column":18}}},"24":{"name":"(anonymous_24)","line":530,"loc":{"start":{"line":530,"column":19},"end":{"line":530,"column":31}}},"25":{"name":"(anonymous_25)","line":549,"loc":{"start":{"line":549,"column":21},"end":{"line":549,"column":33}}},"26":{"name":"_gamma","line":571,"loc":{"start":{"line":571,"column":12},"end":{"line":571,"column":31}}},"27":{"name":"(anonymous_27)","line":591,"loc":{"start":{"line":591,"column":23},"end":{"line":591,"column":34}}},"28":{"name":"(anonymous_28)","line":611,"loc":{"start":{"line":611,"column":19},"end":{"line":611,"column":31}}},"29":{"name":"(anonymous_29)","line":625,"loc":{"start":{"line":625,"column":36},"end":{"line":625,"column":48}}},"30":{"name":"_gliSeries","line":629,"loc":{"start":{"line":629,"column":12},"end":{"line":629,"column":38}}},"31":{"name":"_guiContinuedFraction","line":648,"loc":{"start":{"line":648,"column":12},"end":{"line":648,"column":49}}},"32":{"name":"(anonymous_32)","line":682,"loc":{"start":{"line":682,"column":19},"end":{"line":682,"column":35}}},"33":{"name":"(anonymous_33)","line":687,"loc":{"start":{"line":687,"column":30},"end":{"line":687,"column":41}}},"34":{"name":"_biContinuedFraction","line":691,"loc":{"start":{"line":691,"column":12},"end":{"line":691,"column":51}}},"35":{"name":"(anonymous_35)","line":740,"loc":{"start":{"line":740,"column":19},"end":{"line":740,"column":37}}},"36":{"name":"(anonymous_36)","line":750,"loc":{"start":{"line":750,"column":19},"end":{"line":750,"column":31}}},"37":{"name":"(anonymous_37)","line":774,"loc":{"start":{"line":774,"column":19},"end":{"line":774,"column":31}}},"38":{"name":"(anonymous_38)","line":804,"loc":{"start":{"line":804,"column":16},"end":{"line":804,"column":28}}},"39":{"name":"float","line":836,"loc":{"start":{"line":836,"column":8},"end":{"line":836,"column":36}}},"40":{"name":"int","line":867,"loc":{"start":{"line":867,"column":8},"end":{"line":867,"column":34}}},"41":{"name":"choice","line":890,"loc":{"start":{"line":890,"column":8},"end":{"line":890,"column":35}}},"42":{"name":"char","line":914,"loc":{"start":{"line":914,"column":8},"end":{"line":914,"column":33}}},"43":{"name":"shuffle","line":933,"loc":{"start":{"line":933,"column":8},"end":{"line":933,"column":33}}},"44":{"name":"coin","line":965,"loc":{"start":{"line":965,"column":8},"end":{"line":965,"column":50}}},"45":{"name":"(anonymous_45)","line":986,"loc":{"start":{"line":986,"column":16},"end":{"line":986,"column":28}}},"46":{"name":"_normal","line":1044,"loc":{"start":{"line":1044,"column":8},"end":{"line":1044,"column":36}}},"47":{"name":"_gamma","line":1060,"loc":{"start":{"line":1060,"column":8},"end":{"line":1060,"column":37}}},"48":{"name":"_chiTest","line":1091,"loc":{"start":{"line":1091,"column":8},"end":{"line":1091,"column":42}}},"49":{"name":"(anonymous_49)","line":1094,"loc":{"start":{"line":1094,"column":27},"end":{"line":1094,"column":39}}},"50":{"name":"_ksTest","line":1130,"loc":{"start":{"line":1130,"column":8},"end":{"line":1130,"column":38}}},"51":{"name":"(anonymous_51)","line":1157,"loc":{"start":{"line":1157,"column":23},"end":{"line":1157,"column":33}}},"52":{"name":"(anonymous_52)","line":1164,"loc":{"start":{"line":1164,"column":22},"end":{"line":1164,"column":25}}},"53":{"name":"(anonymous_53)","line":1177,"loc":{"start":{"line":1177,"column":16},"end":{"line":1177,"column":20}}},"54":{"name":"(anonymous_54)","line":1190,"loc":{"start":{"line":1190,"column":16},"end":{"line":1190,"column":20}}},"55":{"name":"(anonymous_55)","line":1212,"loc":{"start":{"line":1212,"column":18},"end":{"line":1212,"column":22}}},"56":{"name":"(anonymous_56)","line":1230,"loc":{"start":{"line":1230,"column":15},"end":{"line":1230,"column":19}}},"57":{"name":"(anonymous_57)","line":1250,"loc":{"start":{"line":1250,"column":15},"end":{"line":1250,"column":19}}},"58":{"name":"(anonymous_58)","line":1270,"loc":{"start":{"line":1270,"column":20},"end":{"line":1270,"column":24}}},"59":{"name":"(anonymous_59)","line":1290,"loc":{"start":{"line":1290,"column":18},"end":{"line":1290,"column":22}}},"60":{"name":"(anonymous_60)","line":1310,"loc":{"start":{"line":1310,"column":19},"end":{"line":1310,"column":23}}},"61":{"name":"(anonymous_61)","line":1329,"loc":{"start":{"line":1329,"column":17},"end":{"line":1329,"column":21}}},"62":{"name":"(anonymous_62)","line":1360,"loc":{"start":{"line":1360,"column":13},"end":{"line":1360,"column":20}}},"63":{"name":"(anonymous_63)","line":1392,"loc":{"start":{"line":1392,"column":16},"end":{"line":1392,"column":25}}},"64":{"name":"(anonymous_64)","line":1470,"loc":{"start":{"line":1470,"column":23},"end":{"line":1470,"column":27}}},"65":{"name":"(anonymous_65)","line":1475,"loc":{"start":{"line":1475,"column":22},"end":{"line":1475,"column":25}}},"66":{"name":"(anonymous_66)","line":1479,"loc":{"start":{"line":1479,"column":16},"end":{"line":1479,"column":20}}},"67":{"name":"(anonymous_67)","line":1483,"loc":{"start":{"line":1483,"column":16},"end":{"line":1483,"column":20}}},"68":{"name":"(anonymous_68)","line":1504,"loc":{"start":{"line":1504,"column":23},"end":{"line":1504,"column":37}}},"69":{"name":"(anonymous_69)","line":1510,"loc":{"start":{"line":1510,"column":22},"end":{"line":1510,"column":25}}},"70":{"name":"(anonymous_70)","line":1516,"loc":{"start":{"line":1516,"column":16},"end":{"line":1516,"column":20}}},"71":{"name":"(anonymous_71)","line":1520,"loc":{"start":{"line":1520,"column":16},"end":{"line":1520,"column":20}}},"72":{"name":"(anonymous_72)","line":1539,"loc":{"start":{"line":1539,"column":23},"end":{"line":1539,"column":30}}},"73":{"name":"(anonymous_73)","line":1546,"loc":{"start":{"line":1546,"column":22},"end":{"line":1546,"column":25}}},"74":{"name":"(anonymous_74)","line":1583,"loc":{"start":{"line":1583,"column":16},"end":{"line":1583,"column":20}}},"75":{"name":"(anonymous_75)","line":1589,"loc":{"start":{"line":1589,"column":16},"end":{"line":1589,"column":20}}},"76":{"name":"(anonymous_76)","line":1609,"loc":{"start":{"line":1609,"column":23},"end":{"line":1609,"column":37}}},"77":{"name":"(anonymous_77)","line":1615,"loc":{"start":{"line":1615,"column":22},"end":{"line":1615,"column":25}}},"78":{"name":"(anonymous_78)","line":1619,"loc":{"start":{"line":1619,"column":16},"end":{"line":1619,"column":20}}},"79":{"name":"(anonymous_79)","line":1624,"loc":{"start":{"line":1624,"column":16},"end":{"line":1624,"column":20}}},"80":{"name":"(anonymous_80)","line":1643,"loc":{"start":{"line":1643,"column":23},"end":{"line":1643,"column":35}}},"81":{"name":"(anonymous_81)","line":1649,"loc":{"start":{"line":1649,"column":22},"end":{"line":1649,"column":25}}},"82":{"name":"(anonymous_82)","line":1653,"loc":{"start":{"line":1653,"column":16},"end":{"line":1653,"column":20}}},"83":{"name":"(anonymous_83)","line":1658,"loc":{"start":{"line":1658,"column":16},"end":{"line":1658,"column":20}}},"84":{"name":"(anonymous_84)","line":1677,"loc":{"start":{"line":1677,"column":23},"end":{"line":1677,"column":33}}},"85":{"name":"(anonymous_85)","line":1751,"loc":{"start":{"line":1751,"column":22},"end":{"line":1751,"column":25}}},"86":{"name":"(anonymous_86)","line":1762,"loc":{"start":{"line":1762,"column":16},"end":{"line":1762,"column":20}}},"87":{"name":"(anonymous_87)","line":1767,"loc":{"start":{"line":1767,"column":16},"end":{"line":1767,"column":20}}},"88":{"name":"(anonymous_88)","line":1786,"loc":{"start":{"line":1786,"column":23},"end":{"line":1786,"column":28}}},"89":{"name":"(anonymous_89)","line":1791,"loc":{"start":{"line":1791,"column":22},"end":{"line":1791,"column":25}}},"90":{"name":"(anonymous_90)","line":1795,"loc":{"start":{"line":1795,"column":16},"end":{"line":1795,"column":20}}},"91":{"name":"(anonymous_91)","line":1799,"loc":{"start":{"line":1799,"column":16},"end":{"line":1799,"column":20}}},"92":{"name":"(anonymous_92)","line":1817,"loc":{"start":{"line":1817,"column":23},"end":{"line":1817,"column":32}}},"93":{"name":"(anonymous_93)","line":1822,"loc":{"start":{"line":1822,"column":22},"end":{"line":1822,"column":25}}},"94":{"name":"(anonymous_94)","line":1826,"loc":{"start":{"line":1826,"column":16},"end":{"line":1826,"column":20}}},"95":{"name":"(anonymous_95)","line":1830,"loc":{"start":{"line":1830,"column":16},"end":{"line":1830,"column":20}}},"96":{"name":"(anonymous_96)","line":1850,"loc":{"start":{"line":1850,"column":23},"end":{"line":1850,"column":37}}},"97":{"name":"(anonymous_97)","line":1856,"loc":{"start":{"line":1856,"column":22},"end":{"line":1856,"column":25}}},"98":{"name":"(anonymous_98)","line":1860,"loc":{"start":{"line":1860,"column":16},"end":{"line":1860,"column":20}}},"99":{"name":"(anonymous_99)","line":1864,"loc":{"start":{"line":1864,"column":16},"end":{"line":1864,"column":20}}},"100":{"name":"(anonymous_100)","line":1883,"loc":{"start":{"line":1883,"column":23},"end":{"line":1883,"column":35}}},"101":{"name":"(anonymous_101)","line":1901,"loc":{"start":{"line":1901,"column":23},"end":{"line":1901,"column":27}}},"102":{"name":"(anonymous_102)","line":1921,"loc":{"start":{"line":1921,"column":23},"end":{"line":1921,"column":33}}},"103":{"name":"(anonymous_103)","line":1927,"loc":{"start":{"line":1927,"column":22},"end":{"line":1927,"column":25}}},"104":{"name":"(anonymous_104)","line":1931,"loc":{"start":{"line":1931,"column":16},"end":{"line":1931,"column":20}}},"105":{"name":"(anonymous_105)","line":1935,"loc":{"start":{"line":1935,"column":16},"end":{"line":1935,"column":20}}},"106":{"name":"(anonymous_106)","line":1954,"loc":{"start":{"line":1954,"column":23},"end":{"line":1954,"column":37}}},"107":{"name":"(anonymous_107)","line":1960,"loc":{"start":{"line":1960,"column":22},"end":{"line":1960,"column":25}}},"108":{"name":"(anonymous_108)","line":1964,"loc":{"start":{"line":1964,"column":16},"end":{"line":1964,"column":20}}},"109":{"name":"(anonymous_109)","line":1968,"loc":{"start":{"line":1968,"column":16},"end":{"line":1968,"column":20}}},"110":{"name":"(anonymous_110)","line":1987,"loc":{"start":{"line":1987,"column":23},"end":{"line":1987,"column":35}}},"111":{"name":"(anonymous_111)","line":1993,"loc":{"start":{"line":1993,"column":22},"end":{"line":1993,"column":25}}},"112":{"name":"(anonymous_112)","line":1997,"loc":{"start":{"line":1997,"column":16},"end":{"line":1997,"column":20}}},"113":{"name":"(anonymous_113)","line":2001,"loc":{"start":{"line":2001,"column":16},"end":{"line":2001,"column":20}}},"114":{"name":"(anonymous_114)","line":2020,"loc":{"start":{"line":2020,"column":23},"end":{"line":2020,"column":35}}},"115":{"name":"(anonymous_115)","line":2026,"loc":{"start":{"line":2026,"column":22},"end":{"line":2026,"column":25}}},"116":{"name":"(anonymous_116)","line":2030,"loc":{"start":{"line":2030,"column":16},"end":{"line":2030,"column":20}}},"117":{"name":"(anonymous_117)","line":2034,"loc":{"start":{"line":2034,"column":16},"end":{"line":2034,"column":20}}},"118":{"name":"(anonymous_118)","line":2053,"loc":{"start":{"line":2053,"column":23},"end":{"line":2053,"column":37}}},"119":{"name":"(anonymous_119)","line":2058,"loc":{"start":{"line":2058,"column":22},"end":{"line":2058,"column":25}}},"120":{"name":"(anonymous_120)","line":2062,"loc":{"start":{"line":2062,"column":16},"end":{"line":2062,"column":20}}},"121":{"name":"(anonymous_121)","line":2066,"loc":{"start":{"line":2066,"column":16},"end":{"line":2066,"column":20}}},"122":{"name":"(anonymous_122)","line":2084,"loc":{"start":{"line":2084,"column":23},"end":{"line":2084,"column":32}}},"123":{"name":"(anonymous_123)","line":2089,"loc":{"start":{"line":2089,"column":22},"end":{"line":2089,"column":25}}},"124":{"name":"(anonymous_124)","line":2122,"loc":{"start":{"line":2122,"column":16},"end":{"line":2122,"column":20}}},"125":{"name":"(anonymous_125)","line":2127,"loc":{"start":{"line":2127,"column":16},"end":{"line":2127,"column":20}}},"126":{"name":"(anonymous_126)","line":2149,"loc":{"start":{"line":2149,"column":23},"end":{"line":2149,"column":36}}},"127":{"name":"(anonymous_127)","line":2155,"loc":{"start":{"line":2155,"column":22},"end":{"line":2155,"column":25}}},"128":{"name":"(anonymous_128)","line":2159,"loc":{"start":{"line":2159,"column":16},"end":{"line":2159,"column":20}}},"129":{"name":"(anonymous_129)","line":2163,"loc":{"start":{"line":2163,"column":16},"end":{"line":2163,"column":20}}},"130":{"name":"(anonymous_130)","line":2183,"loc":{"start":{"line":2183,"column":23},"end":{"line":2183,"column":36}}},"131":{"name":"(anonymous_131)","line":2189,"loc":{"start":{"line":2189,"column":22},"end":{"line":2189,"column":25}}},"132":{"name":"(anonymous_132)","line":2193,"loc":{"start":{"line":2193,"column":16},"end":{"line":2193,"column":20}}},"133":{"name":"(anonymous_133)","line":2198,"loc":{"start":{"line":2198,"column":16},"end":{"line":2198,"column":20}}},"134":{"name":"(anonymous_134)","line":2214,"loc":{"start":{"line":2214,"column":23},"end":{"line":2214,"column":35}}},"135":{"name":"(anonymous_135)","line":2219,"loc":{"start":{"line":2219,"column":22},"end":{"line":2219,"column":25}}},"136":{"name":"(anonymous_136)","line":2223,"loc":{"start":{"line":2223,"column":16},"end":{"line":2223,"column":20}}},"137":{"name":"(anonymous_137)","line":2227,"loc":{"start":{"line":2227,"column":16},"end":{"line":2227,"column":20}}},"138":{"name":"(anonymous_138)","line":2263,"loc":{"start":{"line":2263,"column":14},"end":{"line":2263,"column":25}}},"139":{"name":"(anonymous_139)","line":2265,"loc":{"start":{"line":2265,"column":23},"end":{"line":2265,"column":39}}},"140":{"name":"(anonymous_140)","line":2271,"loc":{"start":{"line":2271,"column":17},"end":{"line":2271,"column":20}}},"141":{"name":"(anonymous_141)","line":2287,"loc":{"start":{"line":2287,"column":23},"end":{"line":2287,"column":39}}},"142":{"name":"(anonymous_142)","line":2300,"loc":{"start":{"line":2300,"column":17},"end":{"line":2300,"column":20}}},"143":{"name":"(anonymous_143)","line":2313,"loc":{"start":{"line":2313,"column":18},"end":{"line":2313,"column":22}}},"144":{"name":"(anonymous_144)","line":2326,"loc":{"start":{"line":2326,"column":19},"end":{"line":2326,"column":22}}},"145":{"name":"(anonymous_145)","line":2346,"loc":{"start":{"line":2346,"column":23},"end":{"line":2346,"column":67}}},"146":{"name":"(anonymous_146)","line":2362,"loc":{"start":{"line":2362,"column":16},"end":{"line":2362,"column":20}}},"147":{"name":"(anonymous_147)","line":2375,"loc":{"start":{"line":2375,"column":31},"end":{"line":2375,"column":44}}},"148":{"name":"(anonymous_148)","line":2386,"loc":{"start":{"line":2386,"column":17},"end":{"line":2386,"column":20}}},"149":{"name":"(anonymous_149)","line":2398,"loc":{"start":{"line":2398,"column":18},"end":{"line":2398,"column":22}}},"150":{"name":"(anonymous_150)","line":2412,"loc":{"start":{"line":2412,"column":19},"end":{"line":2412,"column":22}}},"151":{"name":"(anonymous_151)","line":2430,"loc":{"start":{"line":2430,"column":14},"end":{"line":2430,"column":25}}},"152":{"name":"(anonymous_152)","line":2440,"loc":{"start":{"line":2440,"column":18},"end":{"line":2440,"column":29}}},"153":{"name":"_gri","line":2451,"loc":{"start":{"line":2451,"column":12},"end":{"line":2451,"column":40}}},"154":{"name":"(anonymous_154)","line":2455,"loc":{"start":{"line":2455,"column":32},"end":{"line":2455,"column":45}}},"155":{"name":"(anonymous_155)","line":2456,"loc":{"start":{"line":2456,"column":35},"end":{"line":2456,"column":48}}},"156":{"name":"(anonymous_156)","line":2483,"loc":{"start":{"line":2483,"column":19},"end":{"line":2483,"column":48}}},"157":{"name":"(anonymous_157)","line":2484,"loc":{"start":{"line":2484,"column":41},"end":{"line":2484,"column":56}}},"158":{"name":"(anonymous_158)","line":2485,"loc":{"start":{"line":2485,"column":68},"end":{"line":2485,"column":83}}},"159":{"name":"(anonymous_159)","line":2486,"loc":{"start":{"line":2486,"column":48},"end":{"line":2486,"column":61}}},"160":{"name":"(anonymous_160)","line":2495,"loc":{"start":{"line":2495,"column":21},"end":{"line":2495,"column":50}}},"161":{"name":"_boundary","line":2501,"loc":{"start":{"line":2501,"column":12},"end":{"line":2501,"column":34}}},"162":{"name":"_accept","line":2505,"loc":{"start":{"line":2505,"column":12},"end":{"line":2505,"column":41}}},"163":{"name":"_iterate","line":2528,"loc":{"start":{"line":2528,"column":12},"end":{"line":2528,"column":32}}},"164":{"name":"burnIn","line":2560,"loc":{"start":{"line":2560,"column":12},"end":{"line":2560,"column":30}}},"165":{"name":"sample","line":2564,"loc":{"start":{"line":2564,"column":12},"end":{"line":2564,"column":34}}},"166":{"name":"(anonymous_166)","line":2565,"loc":{"start":{"line":2565,"column":58},"end":{"line":2565,"column":69}}},"167":{"name":"(anonymous_167)","line":2594,"loc":{"start":{"line":2594,"column":23},"end":{"line":2594,"column":68}}},"168":{"name":"(anonymous_168)","line":2609,"loc":{"start":{"line":2609,"column":32},"end":{"line":2609,"column":47}}},"169":{"name":"(anonymous_169)","line":2621,"loc":{"start":{"line":2621,"column":27},"end":{"line":2621,"column":30}}},"170":{"name":"(anonymous_170)","line":2632,"loc":{"start":{"line":2632,"column":30},"end":{"line":2632,"column":34}}},"171":{"name":"(anonymous_171)","line":2651,"loc":{"start":{"line":2651,"column":35},"end":{"line":2651,"column":50}}},"172":{"name":"(anonymous_172)","line":2662,"loc":{"start":{"line":2662,"column":31},"end":{"line":2662,"column":34}}},"173":{"name":"(anonymous_173)","line":2673,"loc":{"start":{"line":2673,"column":30},"end":{"line":2673,"column":34}}},"174":{"name":"(anonymous_174)","line":2691,"loc":{"start":{"line":2691,"column":21},"end":{"line":2691,"column":24}}},"175":{"name":"(anonymous_175)","line":2706,"loc":{"start":{"line":2706,"column":17},"end":{"line":2706,"column":37}}},"176":{"name":"(anonymous_176)","line":2718,"loc":{"start":{"line":2718,"column":19},"end":{"line":2718,"column":23}}},"177":{"name":"(anonymous_177)","line":2730,"loc":{"start":{"line":2730,"column":17},"end":{"line":2730,"column":20}}},"178":{"name":"(anonymous_178)","line":2746,"loc":{"start":{"line":2746,"column":22},"end":{"line":2746,"column":25}}},"179":{"name":"(anonymous_179)","line":2765,"loc":{"start":{"line":2765,"column":14},"end":{"line":2765,"column":17}}},"180":{"name":"(anonymous_180)","line":2777,"loc":{"start":{"line":2777,"column":14},"end":{"line":2777,"column":17}}},"181":{"name":"(anonymous_181)","line":2793,"loc":{"start":{"line":2793,"column":35},"end":{"line":2793,"column":48}}},"182":{"name":"(anonymous_182)","line":2809,"loc":{"start":{"line":2809,"column":19},"end":{"line":2809,"column":53}}},"183":{"name":"(anonymous_183)","line":2837,"loc":{"start":{"line":2837,"column":18},"end":{"line":2837,"column":47}}},"184":{"name":"(anonymous_184)","line":2878,"loc":{"start":{"line":2878,"column":18},"end":{"line":2878,"column":42}}},"185":{"name":"(anonymous_185)","line":2917,"loc":{"start":{"line":2917,"column":23},"end":{"line":2917,"column":58}}},"186":{"name":"(anonymous_186)","line":2930,"loc":{"start":{"line":2930,"column":33},"end":{"line":2930,"column":48}}},"187":{"name":"(anonymous_187)","line":2949,"loc":{"start":{"line":2949,"column":28},"end":{"line":2949,"column":40}}},"188":{"name":"(anonymous_188)","line":2962,"loc":{"start":{"line":2962,"column":30},"end":{"line":2962,"column":41}}},"189":{"name":"(anonymous_189)","line":2994,"loc":{"start":{"line":2994,"column":30},"end":{"line":2994,"column":33}}},"190":{"name":"(anonymous_190)","line":3002,"loc":{"start":{"line":3002,"column":21},"end":{"line":3002,"column":24}}},"191":{"name":"(anonymous_191)","line":3009,"loc":{"start":{"line":3009,"column":17},"end":{"line":3009,"column":29}}},"192":{"name":"(anonymous_192)","line":3027,"loc":{"start":{"line":3027,"column":19},"end":{"line":3027,"column":23}}}},"statementMap":{"1":{"start":{"line":5,"column":0},"end":{"line":3075,"column":5}},"2":{"start":{"line":6,"column":4},"end":{"line":12,"column":5}},"3":{"start":{"line":7,"column":8},"end":{"line":7,"column":25}},"4":{"start":{"line":8,"column":11},"end":{"line":12,"column":5}},"5":{"start":{"line":9,"column":8},"end":{"line":9,"column":37}},"6":{"start":{"line":11,"column":8},"end":{"line":11,"column":52}},"7":{"start":{"line":26,"column":4},"end":{"line":36,"column":5}},"8":{"start":{"line":27,"column":8},"end":{"line":35,"column":9}},"9":{"start":{"line":28,"column":12},"end":{"line":30,"column":18}},"10":{"start":{"line":29,"column":16},"end":{"line":29,"column":46}},"11":{"start":{"line":32,"column":12},"end":{"line":34,"column":18}},"12":{"start":{"line":33,"column":16},"end":{"line":33,"column":31}},"13":{"start":{"line":49,"column":4},"end":{"line":51,"column":5}},"14":{"start":{"line":50,"column":8},"end":{"line":50,"column":97}},"15":{"start":{"line":63,"column":4},"end":{"line":69,"column":5}},"16":{"start":{"line":64,"column":8},"end":{"line":68,"column":9}},"17":{"start":{"line":65,"column":12},"end":{"line":65,"column":31}},"18":{"start":{"line":67,"column":12},"end":{"line":67,"column":62}},"19":{"start":{"line":67,"column":49},"end":{"line":67,"column":60}},"20":{"start":{"line":77,"column":4},"end":{"line":521,"column":9}},"21":{"start":{"line":99,"column":16},"end":{"line":108,"column":17}},"22":{"start":{"line":100,"column":20},"end":{"line":100,"column":53}},"23":{"start":{"line":101,"column":20},"end":{"line":101,"column":35}},"24":{"start":{"line":102,"column":23},"end":{"line":108,"column":17}},"25":{"start":{"line":103,"column":20},"end":{"line":103,"column":34}},"26":{"start":{"line":104,"column":23},"end":{"line":108,"column":17}},"27":{"start":{"line":105,"column":20},"end":{"line":105,"column":37}},"28":{"start":{"line":107,"column":20},"end":{"line":107,"column":40}},"29":{"start":{"line":125,"column":16},"end":{"line":125,"column":31}},"30":{"start":{"line":150,"column":16},"end":{"line":154,"column":17}},"31":{"start":{"line":151,"column":20},"end":{"line":151,"column":35}},"32":{"start":{"line":153,"column":20},"end":{"line":153,"column":38}},"33":{"start":{"line":172,"column":16},"end":{"line":172,"column":61}},"34":{"start":{"line":172,"column":51},"end":{"line":172,"column":58}},"35":{"start":{"line":190,"column":16},"end":{"line":190,"column":59}},"36":{"start":{"line":190,"column":51},"end":{"line":190,"column":56}},"37":{"start":{"line":209,"column":16},"end":{"line":209,"column":32}},"38":{"start":{"line":210,"column":16},"end":{"line":210,"column":67}},"39":{"start":{"line":210,"column":56},"end":{"line":210,"column":64}},"40":{"start":{"line":229,"column":16},"end":{"line":229,"column":32}},"41":{"start":{"line":230,"column":16},"end":{"line":230,"column":72}},"42":{"start":{"line":230,"column":53},"end":{"line":230,"column":67}},"43":{"start":{"line":259,"column":16},"end":{"line":270,"column":17}},"44":{"start":{"line":260,"column":20},"end":{"line":260,"column":86}},"45":{"start":{"line":260,"column":62},"end":{"line":260,"column":84}},"46":{"start":{"line":261,"column":20},"end":{"line":263,"column":21}},"47":{"start":{"line":262,"column":24},"end":{"line":262,"column":42}},"48":{"start":{"line":264,"column":23},"end":{"line":270,"column":17}},"49":{"start":{"line":265,"column":20},"end":{"line":265,"column":34}},"50":{"start":{"line":266,"column":23},"end":{"line":270,"column":17}},"51":{"start":{"line":267,"column":20},"end":{"line":267,"column":37}},"52":{"start":{"line":269,"column":20},"end":{"line":269,"column":64}},"53":{"start":{"line":289,"column":16},"end":{"line":289,"column":51}},"54":{"start":{"line":289,"column":40},"end":{"line":289,"column":49}},"55":{"start":{"line":320,"column":16},"end":{"line":324,"column":17}},"56":{"start":{"line":321,"column":20},"end":{"line":321,"column":38}},"57":{"start":{"line":323,"column":20},"end":{"line":323,"column":41}},"58":{"start":{"line":345,"column":16},"end":{"line":345,"column":77}},"59":{"start":{"line":345,"column":53},"end":{"line":345,"column":74}},"60":{"start":{"line":345,"column":66},"end":{"line":345,"column":73}},"61":{"start":{"line":366,"column":16},"end":{"line":366,"column":40}},"62":{"start":{"line":366,"column":35},"end":{"line":366,"column":38}},"63":{"start":{"line":388,"column":16},"end":{"line":388,"column":32}},"64":{"start":{"line":389,"column":16},"end":{"line":389,"column":91}},"65":{"start":{"line":389,"column":58},"end":{"line":389,"column":88}},"66":{"start":{"line":389,"column":76},"end":{"line":389,"column":87}},"67":{"start":{"line":411,"column":16},"end":{"line":411,"column":32}},"68":{"start":{"line":412,"column":16},"end":{"line":412,"column":39}},"69":{"start":{"line":413,"column":16},"end":{"line":413,"column":38}},"70":{"start":{"line":414,"column":16},"end":{"line":422,"column":17}},"71":{"start":{"line":415,"column":20},"end":{"line":421,"column":21}},"72":{"start":{"line":416,"column":24},"end":{"line":416,"column":36}},"73":{"start":{"line":417,"column":24},"end":{"line":419,"column":25}},"74":{"start":{"line":418,"column":28},"end":{"line":418,"column":59}},"75":{"start":{"line":420,"column":24},"end":{"line":420,"column":40}},"76":{"start":{"line":423,"column":16},"end":{"line":423,"column":25}},"77":{"start":{"line":443,"column":16},"end":{"line":443,"column":90}},"78":{"start":{"line":443,"column":61},"end":{"line":443,"column":87}},"79":{"start":{"line":443,"column":80},"end":{"line":443,"column":86}},"80":{"start":{"line":462,"column":16},"end":{"line":462,"column":76}},"81":{"start":{"line":462,"column":51},"end":{"line":462,"column":73}},"82":{"start":{"line":486,"column":16},"end":{"line":488,"column":38}},"83":{"start":{"line":491,"column":16},"end":{"line":507,"column":17}},"84":{"start":{"line":493,"column":20},"end":{"line":493,"column":43}},"85":{"start":{"line":494,"column":20},"end":{"line":496,"column":21}},"86":{"start":{"line":495,"column":24},"end":{"line":495,"column":65}},"87":{"start":{"line":497,"column":20},"end":{"line":497,"column":35}},"88":{"start":{"line":500,"column":20},"end":{"line":506,"column":21}},"89":{"start":{"line":501,"column":24},"end":{"line":501,"column":48}},"90":{"start":{"line":502,"column":24},"end":{"line":504,"column":25}},"91":{"start":{"line":503,"column":28},"end":{"line":503,"column":70}},"92":{"start":{"line":505,"column":24},"end":{"line":505,"column":45}},"93":{"start":{"line":509,"column":16},"end":{"line":512,"column":18}},"94":{"start":{"line":517,"column":8},"end":{"line":520,"column":10}},"95":{"start":{"line":530,"column":4},"end":{"line":796,"column":9}},"96":{"start":{"line":538,"column":8},"end":{"line":538,"column":36}},"97":{"start":{"line":547,"column":8},"end":{"line":547,"column":31}},"98":{"start":{"line":549,"column":8},"end":{"line":589,"column":13}},"99":{"start":{"line":551,"column":12},"end":{"line":560,"column":14}},"100":{"start":{"line":571,"column":12},"end":{"line":586,"column":13}},"101":{"start":{"line":572,"column":16},"end":{"line":572,"column":26}},"102":{"start":{"line":573,"column":16},"end":{"line":584,"column":17}},"103":{"start":{"line":574,"column":20},"end":{"line":574,"column":74}},"104":{"start":{"line":576,"column":20},"end":{"line":576,"column":24}},"105":{"start":{"line":577,"column":20},"end":{"line":578,"column":38}},"106":{"start":{"line":579,"column":20},"end":{"line":583,"column":23}},"107":{"start":{"line":580,"column":24},"end":{"line":580,"column":45}},"108":{"start":{"line":581,"column":24},"end":{"line":581,"column":44}},"109":{"start":{"line":582,"column":24},"end":{"line":582,"column":95}},"110":{"start":{"line":585,"column":16},"end":{"line":585,"column":25}},"111":{"start":{"line":588,"column":12},"end":{"line":588,"column":26}},"112":{"start":{"line":591,"column":8},"end":{"line":623,"column":13}},"113":{"start":{"line":593,"column":12},"end":{"line":600,"column":14}},"114":{"start":{"line":611,"column":12},"end":{"line":622,"column":14}},"115":{"start":{"line":612,"column":16},"end":{"line":614,"column":34}},"116":{"start":{"line":615,"column":16},"end":{"line":615,"column":54}},"117":{"start":{"line":616,"column":16},"end":{"line":616,"column":44}},"118":{"start":{"line":617,"column":16},"end":{"line":620,"column":17}},"119":{"start":{"line":618,"column":20},"end":{"line":618,"column":24}},"120":{"start":{"line":619,"column":20},"end":{"line":619,"column":37}},"121":{"start":{"line":621,"column":16},"end":{"line":621,"column":68}},"122":{"start":{"line":625,"column":8},"end":{"line":685,"column":13}},"123":{"start":{"line":626,"column":12},"end":{"line":626,"column":33}},"124":{"start":{"line":629,"column":12},"end":{"line":645,"column":13}},"125":{"start":{"line":630,"column":16},"end":{"line":644,"column":17}},"126":{"start":{"line":631,"column":20},"end":{"line":631,"column":29}},"127":{"start":{"line":633,"column":20},"end":{"line":635,"column":34}},"128":{"start":{"line":636,"column":20},"end":{"line":642,"column":21}},"129":{"start":{"line":637,"column":24},"end":{"line":637,"column":29}},"130":{"start":{"line":638,"column":24},"end":{"line":638,"column":36}},"131":{"start":{"line":639,"column":24},"end":{"line":639,"column":31}},"132":{"start":{"line":640,"column":24},"end":{"line":641,"column":34}},"133":{"start":{"line":641,"column":28},"end":{"line":641,"column":34}},"134":{"start":{"line":643,"column":20},"end":{"line":643,"column":61}},"135":{"start":{"line":648,"column":12},"end":{"line":670,"column":13}},"136":{"start":{"line":649,"column":16},"end":{"line":653,"column":26}},"137":{"start":{"line":654,"column":16},"end":{"line":668,"column":17}},"138":{"start":{"line":655,"column":20},"end":{"line":655,"column":37}},"139":{"start":{"line":656,"column":20},"end":{"line":656,"column":27}},"140":{"start":{"line":657,"column":20},"end":{"line":657,"column":35}},"141":{"start":{"line":658,"column":20},"end":{"line":659,"column":35}},"142":{"start":{"line":659,"column":24},"end":{"line":659,"column":35}},"143":{"start":{"line":660,"column":20},"end":{"line":660,"column":30}},"144":{"start":{"line":661,"column":20},"end":{"line":661,"column":35}},"145":{"start":{"line":662,"column":20},"end":{"line":663,"column":35}},"146":{"start":{"line":663,"column":24},"end":{"line":663,"column":35}},"147":{"start":{"line":664,"column":20},"end":{"line":664,"column":30}},"148":{"start":{"line":665,"column":20},"end":{"line":665,"column":27}},"149":{"start":{"line":666,"column":20},"end":{"line":667,"column":30}},"150":{"start":{"line":667,"column":24},"end":{"line":667,"column":30}},"151":{"start":{"line":669,"column":16},"end":{"line":669,"column":57}},"152":{"start":{"line":682,"column":12},"end":{"line":684,"column":14}},"153":{"start":{"line":683,"column":16},"end":{"line":683,"column":93}},"154":{"start":{"line":687,"column":8},"end":{"line":748,"column":13}},"155":{"start":{"line":688,"column":12},"end":{"line":688,"column":33}},"156":{"start":{"line":691,"column":12},"end":{"line":727,"column":13}},"157":{"start":{"line":692,"column":16},"end":{"line":696,"column":42}},"158":{"start":{"line":697,"column":16},"end":{"line":698,"column":31}},"159":{"start":{"line":698,"column":20},"end":{"line":698,"column":31}},"160":{"start":{"line":699,"column":16},"end":{"line":699,"column":26}},"161":{"start":{"line":700,"column":16},"end":{"line":700,"column":26}},"162":{"start":{"line":702,"column":16},"end":{"line":725,"column":17}},"163":{"start":{"line":703,"column":20},"end":{"line":704,"column":71}},"164":{"start":{"line":705,"column":20},"end":{"line":705,"column":35}},"165":{"start":{"line":706,"column":20},"end":{"line":707,"column":35}},"166":{"start":{"line":707,"column":24},"end":{"line":707,"column":35}},"167":{"start":{"line":708,"column":20},"end":{"line":708,"column":35}},"168":{"start":{"line":709,"column":20},"end":{"line":710,"column":35}},"169":{"start":{"line":710,"column":24},"end":{"line":710,"column":35}},"170":{"start":{"line":711,"column":20},"end":{"line":711,"column":30}},"171":{"start":{"line":712,"column":20},"end":{"line":712,"column":31}},"172":{"start":{"line":713,"column":20},"end":{"line":713,"column":76}},"173":{"start":{"line":714,"column":20},"end":{"line":714,"column":35}},"174":{"start":{"line":715,"column":20},"end":{"line":716,"column":35}},"175":{"start":{"line":716,"column":24},"end":{"line":716,"column":35}},"176":{"start":{"line":717,"column":20},"end":{"line":717,"column":35}},"177":{"start":{"line":718,"column":20},"end":{"line":719,"column":35}},"178":{"start":{"line":719,"column":24},"end":{"line":719,"column":35}},"179":{"start":{"line":720,"column":20},"end":{"line":720,"column":30}},"180":{"start":{"line":721,"column":20},"end":{"line":721,"column":36}},"181":{"start":{"line":722,"column":20},"end":{"line":722,"column":29}},"182":{"start":{"line":723,"column":20},"end":{"line":724,"column":30}},"183":{"start":{"line":724,"column":24},"end":{"line":724,"column":30}},"184":{"start":{"line":726,"column":16},"end":{"line":726,"column":25}},"185":{"start":{"line":740,"column":12},"end":{"line":747,"column":14}},"186":{"start":{"line":741,"column":16},"end":{"line":743,"column":113}},"187":{"start":{"line":744,"column":16},"end":{"line":746,"column":69}},"188":{"start":{"line":750,"column":8},"end":{"line":786,"column":13}},"189":{"start":{"line":752,"column":12},"end":{"line":763,"column":14}},"190":{"start":{"line":774,"column":12},"end":{"line":785,"column":14}},"191":{"start":{"line":775,"column":16},"end":{"line":777,"column":28}},"192":{"start":{"line":778,"column":16},"end":{"line":781,"column":19}},"193":{"start":{"line":779,"column":20},"end":{"line":779,"column":34}},"194":{"start":{"line":780,"column":20},"end":{"line":780,"column":28}},"195":{"start":{"line":782,"column":16},"end":{"line":782,"column":52}},"196":{"start":{"line":784,"column":16},"end":{"line":784,"column":49}},"197":{"start":{"line":789,"column":8},"end":{"line":795,"column":10}},"198":{"start":{"line":804,"column":4},"end":{"line":978,"column":9}},"199":{"start":{"line":836,"column":8},"end":{"line":842,"column":9}},"200":{"start":{"line":837,"column":12},"end":{"line":838,"column":32}},"201":{"start":{"line":838,"column":16},"end":{"line":838,"column":32}},"202":{"start":{"line":839,"column":12},"end":{"line":840,"column":34}},"203":{"start":{"line":840,"column":16},"end":{"line":840,"column":34}},"204":{"start":{"line":841,"column":12},"end":{"line":841,"column":48}},"205":{"start":{"line":841,"column":31},"end":{"line":841,"column":43}},"206":{"start":{"line":867,"column":8},"end":{"line":871,"column":9}},"207":{"start":{"line":868,"column":12},"end":{"line":869,"column":50}},"208":{"start":{"line":869,"column":16},"end":{"line":869,"column":50}},"209":{"start":{"line":870,"column":12},"end":{"line":870,"column":64}},"210":{"start":{"line":870,"column":31},"end":{"line":870,"column":59}},"211":{"start":{"line":890,"column":8},"end":{"line":894,"column":9}},"212":{"start":{"line":891,"column":12},"end":{"line":892,"column":28}},"213":{"start":{"line":892,"column":16},"end":{"line":892,"column":28}},"214":{"start":{"line":893,"column":12},"end":{"line":893,"column":76}},"215":{"start":{"line":893,"column":31},"end":{"line":893,"column":71}},"216":{"start":{"line":914,"column":8},"end":{"line":918,"column":9}},"217":{"start":{"line":915,"column":12},"end":{"line":916,"column":28}},"218":{"start":{"line":916,"column":16},"end":{"line":916,"column":28}},"219":{"start":{"line":917,"column":12},"end":{"line":917,"column":83}},"220":{"start":{"line":917,"column":31},"end":{"line":917,"column":78}},"221":{"start":{"line":933,"column":8},"end":{"line":942,"column":9}},"222":{"start":{"line":934,"column":12},"end":{"line":934,"column":42}},"223":{"start":{"line":935,"column":12},"end":{"line":940,"column":13}},"224":{"start":{"line":936,"column":16},"end":{"line":936,"column":52}},"225":{"start":{"line":937,"column":16},"end":{"line":937,"column":32}},"226":{"start":{"line":938,"column":16},"end":{"line":938,"column":38}},"227":{"start":{"line":939,"column":16},"end":{"line":939,"column":32}},"228":{"start":{"line":941,"column":12},"end":{"line":941,"column":26}},"229":{"start":{"line":965,"column":8},"end":{"line":967,"column":9}},"230":{"start":{"line":966,"column":12},"end":{"line":966,"column":67}},"231":{"start":{"line":966,"column":31},"end":{"line":966,"column":62}},"232":{"start":{"line":970,"column":8},"end":{"line":977,"column":10}},"233":{"start":{"line":986,"column":4},"end":{"line":2255,"column":9}},"234":{"start":{"line":994,"column":8},"end":{"line":1020,"column":10}},"235":{"start":{"line":1029,"column":8},"end":{"line":1032,"column":10}},"236":{"start":{"line":1044,"column":8},"end":{"line":1048,"column":9}},"237":{"start":{"line":1045,"column":12},"end":{"line":1046,"column":34}},"238":{"start":{"line":1047,"column":12},"end":{"line":1047,"column":88}},"239":{"start":{"line":1060,"column":8},"end":{"line":1077,"column":9}},"240":{"start":{"line":1061,"column":12},"end":{"line":1076,"column":13}},"241":{"start":{"line":1062,"column":16},"end":{"line":1064,"column":28}},"242":{"start":{"line":1065,"column":16},"end":{"line":1073,"column":17}},"243":{"start":{"line":1066,"column":20},"end":{"line":1066,"column":38}},"244":{"start":{"line":1067,"column":20},"end":{"line":1072,"column":21}},"245":{"start":{"line":1068,"column":24},"end":{"line":1068,"column":51}},"246":{"start":{"line":1069,"column":24},"end":{"line":1069,"column":42}},"247":{"start":{"line":1070,"column":24},"end":{"line":1071,"column":48}},"248":{"start":{"line":1071,"column":28},"end":{"line":1071,"column":48}},"249":{"start":{"line":1075,"column":16},"end":{"line":1075,"column":84}},"250":{"start":{"line":1091,"column":8},"end":{"line":1117,"column":9}},"251":{"start":{"line":1093,"column":12},"end":{"line":1093,"column":23}},"252":{"start":{"line":1094,"column":12},"end":{"line":1096,"column":15}},"253":{"start":{"line":1095,"column":16},"end":{"line":1095,"column":41}},"254":{"start":{"line":1099,"column":12},"end":{"line":1100,"column":34}},"255":{"start":{"line":1101,"column":12},"end":{"line":1106,"column":13}},"256":{"start":{"line":1102,"column":16},"end":{"line":1105,"column":17}},"257":{"start":{"line":1103,"column":20},"end":{"line":1103,"column":49}},"258":{"start":{"line":1104,"column":20},"end":{"line":1104,"column":54}},"259":{"start":{"line":1109,"column":12},"end":{"line":1110,"column":90}},"260":{"start":{"line":1113,"column":12},"end":{"line":1116,"column":14}},"261":{"start":{"line":1130,"column":8},"end":{"line":1145,"column":9}},"262":{"start":{"line":1132,"column":12},"end":{"line":1132,"column":41}},"263":{"start":{"line":1132,"column":34},"end":{"line":1132,"column":39}},"264":{"start":{"line":1135,"column":12},"end":{"line":1135,"column":22}},"265":{"start":{"line":1136,"column":12},"end":{"line":1138,"column":13}},"266":{"start":{"line":1137,"column":16},"end":{"line":1137,"column":84}},"267":{"start":{"line":1141,"column":12},"end":{"line":1144,"column":14}},"268":{"start":{"line":1158,"column":16},"end":{"line":1158,"column":33}},"269":{"start":{"line":1159,"column":16},"end":{"line":1159,"column":27}},"270":{"start":{"line":1160,"column":16},"end":{"line":1160,"column":28}},"271":{"start":{"line":1161,"column":16},"end":{"line":1161,"column":28}},"272":{"start":{"line":1165,"column":16},"end":{"line":1165,"column":74}},"273":{"start":{"line":1178,"column":16},"end":{"line":1178,"column":68}},"274":{"start":{"line":1191,"column":16},"end":{"line":1191,"column":68}},"275":{"start":{"line":1213,"column":16},"end":{"line":1213,"column":57}},"276":{"start":{"line":1213,"column":35},"end":{"line":1213,"column":52}},"277":{"start":{"line":1231,"column":16},"end":{"line":1231,"column":36}},"278":{"start":{"line":1251,"column":16},"end":{"line":1251,"column":36}},"279":{"start":{"line":1271,"column":16},"end":{"line":1271,"column":40}},"280":{"start":{"line":1291,"column":16},"end":{"line":1291,"column":55}},"281":{"start":{"line":1311,"column":16},"end":{"line":1311,"column":51}},"282":{"start":{"line":1330,"column":16},"end":{"line":1330,"column":46}},"283":{"start":{"line":1361,"column":16},"end":{"line":1361,"column":71}},"284":{"start":{"line":1361,"column":47},"end":{"line":1361,"column":66}},"285":{"start":{"line":1393,"column":16},"end":{"line":1395,"column":57}},"286":{"start":{"line":1394,"column":44},"end":{"line":1394,"column":56}},"287":{"start":{"line":1395,"column":43},"end":{"line":1395,"column":55}},"288":{"start":{"line":1471,"column":16},"end":{"line":1471,"column":52}},"289":{"start":{"line":1472,"column":16},"end":{"line":1472,"column":32}},"290":{"start":{"line":1476,"column":16},"end":{"line":1476,"column":56}},"291":{"start":{"line":1480,"column":16},"end":{"line":1480,"column":67}},"292":{"start":{"line":1484,"column":16},"end":{"line":1484,"column":73}},"293":{"start":{"line":1505,"column":16},"end":{"line":1505,"column":54}},"294":{"start":{"line":1506,"column":16},"end":{"line":1506,"column":52}},"295":{"start":{"line":1507,"column":16},"end":{"line":1507,"column":116}},"296":{"start":{"line":1511,"column":16},"end":{"line":1512,"column":47}},"297":{"start":{"line":1513,"column":16},"end":{"line":1513,"column":35}},"298":{"start":{"line":1517,"column":16},"end":{"line":1517,"column":94}},"299":{"start":{"line":1521,"column":16},"end":{"line":1521,"column":101}},"300":{"start":{"line":1540,"column":16},"end":{"line":1540,"column":54}},"301":{"start":{"line":1541,"column":16},"end":{"line":1541,"column":46}},"302":{"start":{"line":1542,"column":16},"end":{"line":1542,"column":38}},"303":{"start":{"line":1543,"column":16},"end":{"line":1543,"column":38}},"304":{"start":{"line":1547,"column":16},"end":{"line":1580,"column":17}},"305":{"start":{"line":1548,"column":20},"end":{"line":1548,"column":30}},"306":{"start":{"line":1549,"column":20},"end":{"line":1550,"column":59}},"307":{"start":{"line":1550,"column":24},"end":{"line":1550,"column":59}},"308":{"start":{"line":1550,"column":55},"end":{"line":1550,"column":59}},"309":{"start":{"line":1551,"column":20},"end":{"line":1551,"column":69}},"310":{"start":{"line":1552,"column":23},"end":{"line":1580,"column":17}},"311":{"start":{"line":1553,"column":20},"end":{"line":1555,"column":26}},"312":{"start":{"line":1556,"column":20},"end":{"line":1559,"column":21}},"313":{"start":{"line":1557,"column":24},"end":{"line":1557,"column":43}},"314":{"start":{"line":1558,"column":24},"end":{"line":1558,"column":46}},"315":{"start":{"line":1558,"column":40},"end":{"line":1558,"column":46}},"316":{"start":{"line":1560,"column":20},"end":{"line":1560,"column":50}},"317":{"start":{"line":1561,"column":20},"end":{"line":1561,"column":69}},"318":{"start":{"line":1563,"column":20},"end":{"line":1568,"column":61}},"319":{"start":{"line":1569,"column":20},"end":{"line":1569,"column":33}},"320":{"start":{"line":1570,"column":20},"end":{"line":1578,"column":48}},"321":{"start":{"line":1571,"column":24},"end":{"line":1574,"column":63}},"322":{"start":{"line":1572,"column":28},"end":{"line":1572,"column":66}},"323":{"start":{"line":1573,"column":28},"end":{"line":1573,"column":52}},"324":{"start":{"line":1575,"column":24},"end":{"line":1575,"column":44}},"325":{"start":{"line":1576,"column":24},"end":{"line":1577,"column":94}},"326":{"start":{"line":1579,"column":20},"end":{"line":1579,"column":71}},"327":{"start":{"line":1584,"column":16},"end":{"line":1584,"column":37}},"328":{"start":{"line":1585,"column":16},"end":{"line":1586,"column":90}},"329":{"start":{"line":1590,"column":16},"end":{"line":1590,"column":37}},"330":{"start":{"line":1591,"column":16},"end":{"line":1591,"column":117}},"331":{"start":{"line":1610,"column":16},"end":{"line":1610,"column":54}},"332":{"start":{"line":1611,"column":16},"end":{"line":1611,"column":52}},"333":{"start":{"line":1612,"column":16},"end":{"line":1612,"column":96}},"334":{"start":{"line":1616,"column":16},"end":{"line":1616,"column":132}},"335":{"start":{"line":1620,"column":16},"end":{"line":1621,"column":92}},"336":{"start":{"line":1625,"column":16},"end":{"line":1625,"column":138}},"337":{"start":{"line":1644,"column":16},"end":{"line":1644,"column":54}},"338":{"start":{"line":1645,"column":16},"end":{"line":1645,"column":48}},"339":{"start":{"line":1646,"column":16},"end":{"line":1646,"column":50}},"340":{"start":{"line":1650,"column":16},"end":{"line":1650,"column":92}},"341":{"start":{"line":1654,"column":16},"end":{"line":1654,"column":55}},"342":{"start":{"line":1655,"column":16},"end":{"line":1655,"column":51}},"343":{"start":{"line":1659,"column":16},"end":{"line":1659,"column":79}},"344":{"start":{"line":1678,"column":16},"end":{"line":1678,"column":52}},"345":{"start":{"line":1679,"column":16},"end":{"line":1679,"column":63}},"346":{"start":{"line":1682,"column":16},"end":{"line":1685,"column":28}},"347":{"start":{"line":1686,"column":16},"end":{"line":1737,"column":17}},"348":{"start":{"line":1688,"column":20},"end":{"line":1689,"column":42}},"349":{"start":{"line":1689,"column":24},"end":{"line":1689,"column":42}},"350":{"start":{"line":1692,"column":20},"end":{"line":1694,"column":35}},"351":{"start":{"line":1695,"column":20},"end":{"line":1701,"column":21}},"352":{"start":{"line":1696,"column":24},"end":{"line":1696,"column":53}},"353":{"start":{"line":1697,"column":24},"end":{"line":1700,"column":42}},"354":{"start":{"line":1698,"column":28},"end":{"line":1698,"column":42}},"355":{"start":{"line":1700,"column":28},"end":{"line":1700,"column":42}},"356":{"start":{"line":1704,"column":20},"end":{"line":1704,"column":30}},"357":{"start":{"line":1705,"column":20},"end":{"line":1705,"column":31}},"358":{"start":{"line":1706,"column":20},"end":{"line":1709,"column":21}},"359":{"start":{"line":1707,"column":24},"end":{"line":1707,"column":39}},"360":{"start":{"line":1708,"column":24},"end":{"line":1708,"column":38}},"361":{"start":{"line":1712,"column":20},"end":{"line":1713,"column":30}},"362":{"start":{"line":1714,"column":20},"end":{"line":1726,"column":21}},"363":{"start":{"line":1715,"column":24},"end":{"line":1715,"column":42}},"364":{"start":{"line":1716,"column":24},"end":{"line":1716,"column":42}},"365":{"start":{"line":1718,"column":24},"end":{"line":1718,"column":39}},"366":{"start":{"line":1719,"column":24},"end":{"line":1719,"column":37}},"367":{"start":{"line":1721,"column":24},"end":{"line":1721,"column":43}},"368":{"start":{"line":1722,"column":24},"end":{"line":1725,"column":42}},"369":{"start":{"line":1723,"column":28},"end":{"line":1723,"column":42}},"370":{"start":{"line":1725,"column":28},"end":{"line":1725,"column":42}},"371":{"start":{"line":1727,"column":20},"end":{"line":1731,"column":21}},"372":{"start":{"line":1728,"column":24},"end":{"line":1728,"column":42}},"373":{"start":{"line":1729,"column":24},"end":{"line":1729,"column":38}},"374":{"start":{"line":1730,"column":24},"end":{"line":1730,"column":37}},"375":{"start":{"line":1732,"column":20},"end":{"line":1736,"column":21}},"376":{"start":{"line":1733,"column":24},"end":{"line":1733,"column":42}},"377":{"start":{"line":1734,"column":24},"end":{"line":1734,"column":38}},"378":{"start":{"line":1735,"column":24},"end":{"line":1735,"column":37}},"379":{"start":{"line":1740,"column":16},"end":{"line":1741,"column":45}},"380":{"start":{"line":1742,"column":16},"end":{"line":1745,"column":17}},"381":{"start":{"line":1743,"column":20},"end":{"line":1743,"column":47}},"382":{"start":{"line":1744,"column":20},"end":{"line":1744,"column":60}},"383":{"start":{"line":1748,"column":16},"end":{"line":1748,"column":49}},"384":{"start":{"line":1752,"column":16},"end":{"line":1754,"column":17}},"385":{"start":{"line":1753,"column":20},"end":{"line":1753,"column":29}},"386":{"start":{"line":1755,"column":16},"end":{"line":1755,"column":61}},"387":{"start":{"line":1756,"column":16},"end":{"line":1759,"column":40}},"388":{"start":{"line":1757,"column":20},"end":{"line":1757,"column":29}},"389":{"start":{"line":1759,"column":20},"end":{"line":1759,"column":40}},"390":{"start":{"line":1763,"column":16},"end":{"line":1763,"column":37}},"391":{"start":{"line":1764,"column":16},"end":{"line":1764,"column":83}},"392":{"start":{"line":1768,"column":16},"end":{"line":1768,"column":37}},"393":{"start":{"line":1769,"column":16},"end":{"line":1769,"column":84}},"394":{"start":{"line":1787,"column":16},"end":{"line":1787,"column":54}},"395":{"start":{"line":1788,"column":16},"end":{"line":1788,"column":34}},"396":{"start":{"line":1792,"column":16},"end":{"line":1792,"column":33}},"397":{"start":{"line":1796,"column":16},"end":{"line":1796,"column":47}},"398":{"start":{"line":1800,"column":16},"end":{"line":1800,"column":45}},"399":{"start":{"line":1818,"column":16},"end":{"line":1818,"column":54}},"400":{"start":{"line":1819,"column":16},"end":{"line":1819,"column":42}},"401":{"start":{"line":1823,"column":16},"end":{"line":1823,"column":64}},"402":{"start":{"line":1827,"column":16},"end":{"line":1827,"column":68}},"403":{"start":{"line":1831,"column":16},"end":{"line":1831,"column":56}},"404":{"start":{"line":1851,"column":16},"end":{"line":1851,"column":54}},"405":{"start":{"line":1852,"column":16},"end":{"line":1852,"column":52}},"406":{"start":{"line":1853,"column":16},"end":{"line":1853,"column":71}},"407":{"start":{"line":1857,"column":16},"end":{"line":1857,"column":57}},"408":{"start":{"line":1861,"column":16},"end":{"line":1861,"column":122}},"409":{"start":{"line":1865,"column":16},"end":{"line":1865,"column":95}},"410":{"start":{"line":1884,"column":16},"end":{"line":1884,"column":45}},"411":{"start":{"line":1902,"column":16},"end":{"line":1902,"column":46}},"412":{"start":{"line":1922,"column":16},"end":{"line":1922,"column":54}},"413":{"start":{"line":1923,"column":16},"end":{"line":1923,"column":44}},"414":{"start":{"line":1924,"column":16},"end":{"line":1924,"column":90}},"415":{"start":{"line":1928,"column":16},"end":{"line":1928,"column":86}},"416":{"start":{"line":1932,"column":16},"end":{"line":1932,"column":135}},"417":{"start":{"line":1936,"column":16},"end":{"line":1936,"column":119}},"418":{"start":{"line":1955,"column":16},"end":{"line":1955,"column":54}},"419":{"start":{"line":1956,"column":16},"end":{"line":1956,"column":52}},"420":{"start":{"line":1957,"column":16},"end":{"line":1957,"column":94}},"421":{"start":{"line":1961,"column":16},"end":{"line":1961,"column":61}},"422":{"start":{"line":1965,"column":16},"end":{"line":1965,"column":109}},"423":{"start":{"line":1969,"column":16},"end":{"line":1969,"column":99}},"424":{"start":{"line":1988,"column":16},"end":{"line":1988,"column":54}},"425":{"start":{"line":1989,"column":16},"end":{"line":1989,"column":48}},"426":{"start":{"line":1990,"column":16},"end":{"line":1990,"column":78}},"427":{"start":{"line":1994,"column":16},"end":{"line":1994,"column":74}},"428":{"start":{"line":1998,"column":16},"end":{"line":1998,"column":126}},"429":{"start":{"line":2002,"column":16},"end":{"line":2002,"column":100}},"430":{"start":{"line":2021,"column":16},"end":{"line":2021,"column":54}},"431":{"start":{"line":2022,"column":16},"end":{"line":2022,"column":48}},"432":{"start":{"line":2023,"column":16},"end":{"line":2023,"column":78}},"433":{"start":{"line":2027,"column":16},"end":{"line":2027,"column":56}},"434":{"start":{"line":2031,"column":16},"end":{"line":2031,"column":96}},"435":{"start":{"line":2035,"column":16},"end":{"line":2035,"column":76}},"436":{"start":{"line":2054,"column":16},"end":{"line":2054,"column":54}},"437":{"start":{"line":2055,"column":16},"end":{"line":2055,"column":52}},"438":{"start":{"line":2059,"column":16},"end":{"line":2059,"column":79}},"439":{"start":{"line":2063,"column":16},"end":{"line":2063,"column":104}},"440":{"start":{"line":2067,"column":16},"end":{"line":2067,"column":89}},"441":{"start":{"line":2085,"column":16},"end":{"line":2085,"column":52}},"442":{"start":{"line":2086,"column":16},"end":{"line":2086,"column":42}},"443":{"start":{"line":2090,"column":16},"end":{"line":2119,"column":17}},"444":{"start":{"line":2092,"column":20},"end":{"line":2094,"column":30}},"445":{"start":{"line":2095,"column":20},"end":{"line":2098,"column":36}},"446":{"start":{"line":2096,"column":24},"end":{"line":2096,"column":28}},"447":{"start":{"line":2097,"column":24},"end":{"line":2097,"column":43}},"448":{"start":{"line":2099,"column":20},"end":{"line":2099,"column":33}},"449":{"start":{"line":2102,"column":20},"end":{"line":2105,"column":73}},"450":{"start":{"line":2106,"column":20},"end":{"line":2118,"column":21}},"451":{"start":{"line":2107,"column":24},"end":{"line":2109,"column":52}},"452":{"start":{"line":2110,"column":24},"end":{"line":2111,"column":37}},"453":{"start":{"line":2111,"column":28},"end":{"line":2111,"column":37}},"454":{"start":{"line":2112,"column":24},"end":{"line":2115,"column":89}},"455":{"start":{"line":2116,"column":24},"end":{"line":2117,"column":37}},"456":{"start":{"line":2117,"column":28},"end":{"line":2117,"column":37}},"457":{"start":{"line":2123,"column":16},"end":{"line":2123,"column":37}},"458":{"start":{"line":2124,"column":16},"end":{"line":2124,"column":115}},"459":{"start":{"line":2128,"column":16},"end":{"line":2128,"column":37}},"460":{"start":{"line":2129,"column":16},"end":{"line":2129,"column":116}},"461":{"start":{"line":2150,"column":16},"end":{"line":2150,"column":54}},"462":{"start":{"line":2151,"column":16},"end":{"line":2151,"column":50}},"463":{"start":{"line":2152,"column":16},"end":{"line":2152,"column":39}},"464":{"start":{"line":2156,"column":16},"end":{"line":2156,"column":63}},"465":{"start":{"line":2160,"column":16},"end":{"line":2160,"column":78}},"466":{"start":{"line":2164,"column":16},"end":{"line":2164,"column":97}},"467":{"start":{"line":2184,"column":16},"end":{"line":2184,"column":52}},"468":{"start":{"line":2185,"column":16},"end":{"line":2185,"column":50}},"469":{"start":{"line":2186,"column":16},"end":{"line":2186,"column":43}},"470":{"start":{"line":2190,"column":16},"end":{"line":2190,"column":73}},"471":{"start":{"line":2194,"column":16},"end":{"line":2194,"column":37}},"472":{"start":{"line":2195,"column":16},"end":{"line":2195,"column":80}},"473":{"start":{"line":2199,"column":16},"end":{"line":2199,"column":37}},"474":{"start":{"line":2200,"column":16},"end":{"line":2200,"column":104}},"475":{"start":{"line":2215,"column":16},"end":{"line":2215,"column":54}},"476":{"start":{"line":2216,"column":16},"end":{"line":2216,"column":48}},"477":{"start":{"line":2220,"column":16},"end":{"line":2220,"column":88}},"478":{"start":{"line":2224,"column":16},"end":{"line":2224,"column":159}},"479":{"start":{"line":2228,"column":16},"end":{"line":2228,"column":88}},"480":{"start":{"line":2233,"column":8},"end":{"line":2254,"column":10}},"481":{"start":{"line":2263,"column":4},"end":{"line":2422,"column":9}},"482":{"start":{"line":2266,"column":16},"end":{"line":2266,"column":37}},"483":{"start":{"line":2267,"column":16},"end":{"line":2267,"column":27}},"484":{"start":{"line":2268,"column":16},"end":{"line":2268,"column":34}},"485":{"start":{"line":2272,"column":16},"end":{"line":2272,"column":27}},"486":{"start":{"line":2273,"column":16},"end":{"line":2273,"column":72}},"487":{"start":{"line":2273,"column":68},"end":{"line":2273,"column":70}},"488":{"start":{"line":2288,"column":16},"end":{"line":2288,"column":37}},"489":{"start":{"line":2289,"column":16},"end":{"line":2289,"column":27}},"490":{"start":{"line":2290,"column":16},"end":{"line":2290,"column":53}},"491":{"start":{"line":2291,"column":16},"end":{"line":2291,"column":92}},"492":{"start":{"line":2291,"column":63},"end":{"line":2291,"column":90}},"493":{"start":{"line":2301,"column":16},"end":{"line":2301,"column":27}},"494":{"start":{"line":2302,"column":16},"end":{"line":2302,"column":53}},"495":{"start":{"line":2303,"column":16},"end":{"line":2303,"column":92}},"496":{"start":{"line":2303,"column":63},"end":{"line":2303,"column":90}},"497":{"start":{"line":2314,"column":16},"end":{"line":2314,"column":82}},"498":{"start":{"line":2314,"column":46},"end":{"line":2314,"column":80}},"499":{"start":{"line":2315,"column":16},"end":{"line":2315,"column":110}},"500":{"start":{"line":2315,"column":50},"end":{"line":2315,"column":108}},"501":{"start":{"line":2315,"column":68},"end":{"line":2315,"column":107}},"502":{"start":{"line":2316,"column":16},"end":{"line":2316,"column":25}},"503":{"start":{"line":2327,"column":16},"end":{"line":2329,"column":18}},"504":{"start":{"line":2328,"column":44},"end":{"line":2328,"column":88}},"505":{"start":{"line":2328,"column":63},"end":{"line":2328,"column":86}},"506":{"start":{"line":2347,"column":16},"end":{"line":2347,"column":37}},"507":{"start":{"line":2348,"column":16},"end":{"line":2348,"column":35}},"508":{"start":{"line":2349,"column":16},"end":{"line":2349,"column":39}},"509":{"start":{"line":2350,"column":16},"end":{"line":2350,"column":73}},"510":{"start":{"line":2350,"column":69},"end":{"line":2350,"column":71}},"511":{"start":{"line":2364,"column":16},"end":{"line":2366,"column":56}},"512":{"start":{"line":2364,"column":43},"end":{"line":2364,"column":48}},"513":{"start":{"line":2365,"column":44},"end":{"line":2365,"column":51}},"514":{"start":{"line":2367,"column":16},"end":{"line":2373,"column":17}},"515":{"start":{"line":2368,"column":20},"end":{"line":2372,"column":21}},"516":{"start":{"line":2369,"column":24},"end":{"line":2371,"column":25}},"517":{"start":{"line":2370,"column":28},"end":{"line":2370,"column":66}},"518":{"start":{"line":2375,"column":16},"end":{"line":2377,"column":19}},"519":{"start":{"line":2376,"column":20},"end":{"line":2376,"column":55}},"520":{"start":{"line":2387,"column":16},"end":{"line":2387,"column":72}},"521":{"start":{"line":2387,"column":68},"end":{"line":2387,"column":70}},"522":{"start":{"line":2399,"column":16},"end":{"line":2399,"column":61}},"523":{"start":{"line":2399,"column":47},"end":{"line":2399,"column":59}},"524":{"start":{"line":2400,"column":16},"end":{"line":2402,"column":17}},"525":{"start":{"line":2401,"column":20},"end":{"line":2401,"column":57}},"526":{"start":{"line":2401,"column":46},"end":{"line":2401,"column":55}},"527":{"start":{"line":2413,"column":16},"end":{"line":2413,"column":59}},"528":{"start":{"line":2413,"column":45},"end":{"line":2413,"column":57}},"529":{"start":{"line":2418,"column":8},"end":{"line":2421,"column":10}},"530":{"start":{"line":2430,"column":4},"end":{"line":3055,"column":9}},"531":{"start":{"line":2438,"column":8},"end":{"line":2438,"column":33}},"532":{"start":{"line":2440,"column":8},"end":{"line":2492,"column":13}},"533":{"start":{"line":2451,"column":12},"end":{"line":2471,"column":13}},"534":{"start":{"line":2453,"column":16},"end":{"line":2454,"column":27}},"535":{"start":{"line":2455,"column":16},"end":{"line":2463,"column":19}},"536":{"start":{"line":2456,"column":20},"end":{"line":2458,"column":23}},"537":{"start":{"line":2457,"column":24},"end":{"line":2457,"column":38}},"538":{"start":{"line":2459,"column":20},"end":{"line":2460,"column":83}},"539":{"start":{"line":2461,"column":20},"end":{"line":2461,"column":31}},"540":{"start":{"line":2462,"column":20},"end":{"line":2462,"column":31}},"541":{"start":{"line":2466,"column":16},"end":{"line":2469,"column":78}},"542":{"start":{"line":2470,"column":16},"end":{"line":2470,"column":40}},"543":{"start":{"line":2483,"column":12},"end":{"line":2491,"column":14}},"544":{"start":{"line":2484,"column":16},"end":{"line":2490,"column":19}},"545":{"start":{"line":2485,"column":20},"end":{"line":2489,"column":23}},"546":{"start":{"line":2486,"column":24},"end":{"line":2488,"column":31}},"547":{"start":{"line":2487,"column":28},"end":{"line":2487,"column":52}},"548":{"start":{"line":2495,"column":8},"end":{"line":2575,"column":11}},"549":{"start":{"line":2496,"column":12},"end":{"line":2499,"column":45}},"550":{"start":{"line":2501,"column":12},"end":{"line":2503,"column":13}},"551":{"start":{"line":2502,"column":16},"end":{"line":2502,"column":74}},"552":{"start":{"line":2505,"column":12},"end":{"line":2526,"column":13}},"553":{"start":{"line":2506,"column":16},"end":{"line":2508,"column":30}},"554":{"start":{"line":2510,"column":16},"end":{"line":2523,"column":17}},"555":{"start":{"line":2511,"column":20},"end":{"line":2511,"column":40}},"556":{"start":{"line":2512,"column":20},"end":{"line":2512,"column":65}},"557":{"start":{"line":2514,"column":20},"end":{"line":2518,"column":21}},"558":{"start":{"line":2515,"column":24},"end":{"line":2515,"column":30}},"559":{"start":{"line":2517,"column":24},"end":{"line":2517,"column":30}},"560":{"start":{"line":2520,"column":20},"end":{"line":2522,"column":21}},"561":{"start":{"line":2521,"column":24},"end":{"line":2521,"column":37}},"562":{"start":{"line":2525,"column":16},"end":{"line":2525,"column":28}},"563":{"start":{"line":2528,"column":12},"end":{"line":2557,"column":13}},"564":{"start":{"line":2530,"column":16},"end":{"line":2532,"column":30}},"565":{"start":{"line":2535,"column":16},"end":{"line":2541,"column":17}},"566":{"start":{"line":2536,"column":20},"end":{"line":2540,"column":21}},"567":{"start":{"line":2537,"column":24},"end":{"line":2537,"column":35}},"568":{"start":{"line":2539,"column":24},"end":{"line":2539,"column":35}},"569":{"start":{"line":2544,"column":16},"end":{"line":2544,"column":33}},"570":{"start":{"line":2545,"column":16},"end":{"line":2552,"column":17}},"571":{"start":{"line":2546,"column":20},"end":{"line":2550,"column":21}},"572":{"start":{"line":2547,"column":24},"end":{"line":2547,"column":30}},"573":{"start":{"line":2549,"column":24},"end":{"line":2549,"column":30}},"574":{"start":{"line":2551,"column":20},"end":{"line":2551,"column":33}},"575":{"start":{"line":2555,"column":16},"end":{"line":2555,"column":23}},"576":{"start":{"line":2556,"column":16},"end":{"line":2556,"column":26}},"577":{"start":{"line":2560,"column":12},"end":{"line":2562,"column":13}},"578":{"start":{"line":2561,"column":16},"end":{"line":2561,"column":28}},"579":{"start":{"line":2564,"column":12},"end":{"line":2568,"column":13}},"580":{"start":{"line":2565,"column":16},"end":{"line":2567,"column":19}},"581":{"start":{"line":2566,"column":20},"end":{"line":2566,"column":40}},"582":{"start":{"line":2571,"column":12},"end":{"line":2574,"column":14}},"583":{"start":{"line":2595,"column":16},"end":{"line":2595,"column":43}},"584":{"start":{"line":2596,"column":16},"end":{"line":2596,"column":68}},"585":{"start":{"line":2597,"column":16},"end":{"line":2597,"column":38}},"586":{"start":{"line":2598,"column":16},"end":{"line":2598,"column":87}},"587":{"start":{"line":2599,"column":16},"end":{"line":2599,"column":67}},"588":{"start":{"line":2600,"column":16},"end":{"line":2600,"column":60}},"589":{"start":{"line":2609,"column":16},"end":{"line":2642,"column":25}},"590":{"start":{"line":2610,"column":20},"end":{"line":2610,"column":72}},"591":{"start":{"line":2610,"column":68},"end":{"line":2610,"column":70}},"592":{"start":{"line":2612,"column":20},"end":{"line":2641,"column":22}},"593":{"start":{"line":2622,"column":28},"end":{"line":2622,"column":40}},"594":{"start":{"line":2634,"column":28},"end":{"line":2634,"column":65}},"595":{"start":{"line":2634,"column":51},"end":{"line":2634,"column":63}},"596":{"start":{"line":2637,"column":28},"end":{"line":2639,"column":29}},"597":{"start":{"line":2638,"column":32},"end":{"line":2638,"column":61}},"598":{"start":{"line":2638,"column":50},"end":{"line":2638,"column":59}},"599":{"start":{"line":2651,"column":16},"end":{"line":2680,"column":25}},"600":{"start":{"line":2652,"column":20},"end":{"line":2652,"column":34}},"601":{"start":{"line":2654,"column":20},"end":{"line":2679,"column":22}},"602":{"start":{"line":2663,"column":28},"end":{"line":2663,"column":60}},"603":{"start":{"line":2674,"column":28},"end":{"line":2674,"column":41}},"604":{"start":{"line":2675,"column":28},"end":{"line":2677,"column":29}},"605":{"start":{"line":2676,"column":32},"end":{"line":2676,"column":45}},"606":{"start":{"line":2692,"column":16},"end":{"line":2692,"column":67}},"607":{"start":{"line":2707,"column":16},"end":{"line":2707,"column":63}},"608":{"start":{"line":2719,"column":16},"end":{"line":2719,"column":65}},"609":{"start":{"line":2731,"column":16},"end":{"line":2735,"column":18}},"610":{"start":{"line":2747,"column":16},"end":{"line":2755,"column":19}},"611":{"start":{"line":2748,"column":20},"end":{"line":2749,"column":88}},"612":{"start":{"line":2748,"column":49},"end":{"line":2748,"column":56}},"613":{"start":{"line":2749,"column":49},"end":{"line":2749,"column":72}},"614":{"start":{"line":2750,"column":20},"end":{"line":2754,"column":22}},"615":{"start":{"line":2766,"column":16},"end":{"line":2766,"column":49}},"616":{"start":{"line":2779,"column":16},"end":{"line":2796,"column":19}},"617":{"start":{"line":2781,"column":20},"end":{"line":2783,"column":53}},"618":{"start":{"line":2781,"column":47},"end":{"line":2781,"column":52}},"619":{"start":{"line":2782,"column":48},"end":{"line":2782,"column":57}},"620":{"start":{"line":2784,"column":20},"end":{"line":2790,"column":21}},"621":{"start":{"line":2785,"column":24},"end":{"line":2789,"column":25}},"622":{"start":{"line":2786,"column":28},"end":{"line":2788,"column":29}},"623":{"start":{"line":2787,"column":32},"end":{"line":2787,"column":70}},"624":{"start":{"line":2793,"column":20},"end":{"line":2795,"column":23}},"625":{"start":{"line":2794,"column":24},"end":{"line":2794,"column":59}},"626":{"start":{"line":2811,"column":16},"end":{"line":2811,"column":57}},"627":{"start":{"line":2814,"column":16},"end":{"line":2814,"column":41}},"628":{"start":{"line":2815,"column":16},"end":{"line":2815,"column":51}},"629":{"start":{"line":2818,"column":16},"end":{"line":2818,"column":29}},"630":{"start":{"line":2821,"column":16},"end":{"line":2821,"column":54}},"631":{"start":{"line":2823,"column":16},"end":{"line":2823,"column":25}},"632":{"start":{"line":2839,"column":16},"end":{"line":2864,"column":17}},"633":{"start":{"line":2841,"column":20},"end":{"line":2844,"column":21}},"634":{"start":{"line":2842,"column":24},"end":{"line":2842,"column":63}},"635":{"start":{"line":2848,"column":20},"end":{"line":2854,"column":26}},"636":{"start":{"line":2849,"column":24},"end":{"line":2853,"column":25}},"637":{"start":{"line":2850,"column":28},"end":{"line":2852,"column":29}},"638":{"start":{"line":2851,"column":32},"end":{"line":2851,"column":58}},"639":{"start":{"line":2856,"column":20},"end":{"line":2860,"column":21}},"640":{"start":{"line":2857,"column":24},"end":{"line":2857,"column":44}},"641":{"start":{"line":2858,"column":27},"end":{"line":2860,"column":21}},"642":{"start":{"line":2859,"column":24},"end":{"line":2859,"column":44}},"643":{"start":{"line":2863,"column":20},"end":{"line":2863,"column":67}},"644":{"start":{"line":2880,"column":16},"end":{"line":288
[...]
":[{"start":{"line":1067,"column":20},"end":{"line":1067,"column":20}},{"start":{"line":1067,"column":20},"end":{"line":1067,"column":20}}]},"46":{"line":1070,"type":"if","locations":[{"start":{"line":1070,"column":24},"end":{"line":1070,"column":24}},{"start":{"line":1070,"column":24},"end":{"line":1070,"column":24}}]},"47":{"line":1095,"type":"cond-expr","locations":[{"start":{"line":1095,"column":30},"end":{"line":1095,"column":36}},{"start":{"line":1095,"column":39},"end":{"line":1095,"column":40}}]},"48":{"line":1102,"type":"if","locations":[{"start":{"line":1102,"column":16},"end":{"line":1102,"column":16}},{"start":{"line":1102,"column":16},"end":{"line":1102,"column":16}}]},"49":{"line":1110,"type":"cond-expr","locations":[{"start":{"line":1110,"column":35},"end":{"line":1110,"column":52}},{"start":{"line":1110,"column":55},"end":{"line":1110,"column":89}}]},"50":{"line":1393,"type":"cond-expr","locations":[{"start":{"line":1394,"column":22},"end":{"line":1394,"column":65}},{"start":{"line":1395,"column":22},"end":{"line":1395,"column":56}}]},"51":{"line":1476,"type":"cond-expr","locations":[{"start":{"line":1476,"column":50},"end":{"line":1476,"column":51}},{"start":{"line":1476,"column":54},"end":{"line":1476,"column":55}}]},"52":{"line":1480,"type":"cond-expr","locations":[{"start":{"line":1480,"column":43},"end":{"line":1480,"column":51}},{"start":{"line":1480,"column":54},"end":{"line":1480,"column":66}}]},"53":{"line":1484,"type":"cond-expr","locations":[{"start":{"line":1484,"column":31},"end":{"line":1484,"column":32}},{"start":{"line":1484,"column":36},"end":{"line":1484,"column":71}}]},"54":{"line":1484,"type":"cond-expr","locations":[{"start":{"line":1484,"column":55},"end":{"line":1484,"column":56}},{"start":{"line":1484,"column":59},"end":{"line":1484,"column":71}}]},"55":{"line":1521,"type":"cond-expr","locations":[{"start":{"line":1521,"column":32},"end":{"line":1521,"column":33}},{"start":{"line":1521,"column":36},"end":{"line":1521,"column":100}}]},"56":{"line":1521,"type":"cond-expr","locations":[{"start":{"line":1521,"column":44},"end":{"line":1521,"column":45}},{"start":{"line":1521,"column":48},"end":{"line":1521,"column":100}}]},"57":{"line":1541,"type":"cond-expr","locations":[{"start":{"line":1541,"column":36},"end":{"line":1541,"column":37}},{"start":{"line":1541,"column":40},"end":{"line":1541,"column":45}}]},"58":{"line":1547,"type":"if","locations":[{"start":{"line":1547,"column":16},"end":{"line":1547,"column":16}},{"start":{"line":1547,"column":16},"end":{"line":1547,"column":16}}]},"59":{"line":1550,"type":"if","locations":[{"start":{"line":1550,"column":24},"end":{"line":1550,"column":24}},{"start":{"line":1550,"column":24},"end":{"line":1550,"column":24}}]},"60":{"line":1551,"type":"cond-expr","locations":[{"start":{"line":1551,"column":52},"end":{"line":1551,"column":53}},{"start":{"line":1551,"column":56},"end":{"line":1551,"column":68}}]},"61":{"line":1552,"type":"if","locations":[{"start":{"line":1552,"column":23},"end":{"line":1552,"column":23}},{"start":{"line":1552,"column":23},"end":{"line":1552,"column":23}}]},"62":{"line":1558,"type":"if","locations":[{"start":{"line":1558,"column":24},"end":{"line":1558,"column":24}},{"start":{"line":1558,"column":24},"end":{"line":1558,"column":24}}]},"63":{"line":1561,"type":"cond-expr","locations":[{"start":{"line":1561,"column":52},"end":{"line":1561,"column":53}},{"start":{"line":1561,"column":56},"end":{"line":1561,"column":68}}]},"64":{"line":1574,"type":"binary-expr","locations":[{"start":{"line":1574,"column":33},"end":{"line":1574,"column":41}},{"start":{"line":1574,"column":45},"end":{"line":1574,"column":61}}]},"65":{"line":1579,"type":"cond-expr","locations":[{"start":{"line":1579,"column":52},"end":{"line":1579,"column":54}},{"start":{"line":1579,"column":57},"end":{"line":1579,"column":70}}]},"66":{"line":1585,"type":"cond-expr","locations":[{"start":{"line":1585,"column":32},"end":{"line":1585,"column":33}},{"start":{"line":1585,"column":36},"end":{"line":1586,"column":89}}]},"67":{"line":1585,"type":"cond-expr","locations":[{"start":{"line":1585,"column":52},"end":{"line":1585,"column":53}},{"start":{"line":1585,"column":56},"end":{"line":1586,"column":89}}]},"68":{"line":1591,"type":"cond-expr","locations":[{"start":{"line":1591,"column":32},"end":{"line":1591,"column":33}},{"start":{"line":1591,"column":36},"end":{"line":1591,"column":116}}]},"69":{"line":1591,"type":"cond-expr","locations":[{"start":{"line":1591,"column":53},"end":{"line":1591,"column":54}},{"start":{"line":1591,"column":57},"end":{"line":1591,"column":116}}]},"70":{"line":1620,"type":"cond-expr","locations":[{"start":{"line":1620,"column":56},"end":{"line":1620,"column":57}},{"start":{"line":1621,"column":22},"end":{"line":1621,"column":91}}]},"71":{"line":1620,"type":"binary-expr","locations":[{"start":{"line":1620,"column":24},"end":{"line":1620,"column":36}},{"start":{"line":1620,"column":40},"end":{"line":1620,"column":52}}]},"72":{"line":1625,"type":"cond-expr","locations":[{"start":{"line":1625,"column":38},"end":{"line":1625,"column":39}},{"start":{"line":1625,"column":43},"end":{"line":1625,"column":136}}]},"73":{"line":1625,"type":"cond-expr","locations":[{"start":{"line":1625,"column":58},"end":{"line":1625,"column":59}},{"start":{"line":1625,"column":62},"end":{"line":1625,"column":136}}]},"74":{"line":1686,"type":"if","locations":[{"start":{"line":1686,"column":16},"end":{"line":1686,"column":16}},{"start":{"line":1686,"column":16},"end":{"line":1686,"column":16}}]},"75":{"line":1697,"type":"if","locations":[{"start":{"line":1697,"column":24},"end":{"line":1697,"column":24}},{"start":{"line":1697,"column":24},"end":{"line":1697,"column":24}}]},"76":{"line":1714,"type":"binary-expr","locations":[{"start":{"line":1714,"column":27},"end":{"line":1714,"column":43}},{"start":{"line":1714,"column":47},"end":{"line":1714,"column":63}}]},"77":{"line":1722,"type":"if","locations":[{"start":{"line":1722,"column":24},"end":{"line":1722,"column":24}},{"start":{"line":1722,"column":24},"end":{"line":1722,"column":24}}]},"78":{"line":1752,"type":"if","locations":[{"start":{"line":1752,"column":16},"end":{"line":1752,"column":16}},{"start":{"line":1752,"column":16},"end":{"line":1752,"column":16}}]},"79":{"line":1756,"type":"if","locations":[{"start":{"line":1756,"column":16},"end":{"line":1756,"column":16}},{"start":{"line":1756,"column":16},"end":{"line":1756,"column":16}}]},"80":{"line":1764,"type":"cond-expr","locations":[{"start":{"line":1764,"column":65},"end":{"line":1764,"column":66}},{"start":{"line":1764,"column":69},"end":{"line":1764,"column":82}}]},"81":{"line":1764,"type":"binary-expr","locations":[{"start":{"line":1764,"column":24},"end":{"line":1764,"column":30}},{"start":{"line":1764,"column":34},"end":{"line":1764,"column":61}}]},"82":{"line":1769,"type":"cond-expr","locations":[{"start":{"line":1769,"column":32},"end":{"line":1769,"column":33}},{"start":{"line":1769,"column":36},"end":{"line":1769,"column":83}}]},"83":{"line":1769,"type":"cond-expr","locations":[{"start":{"line":1769,"column":66},"end":{"line":1769,"column":67}},{"start":{"line":1769,"column":70},"end":{"line":1769,"column":83}}]},"84":{"line":1796,"type":"cond-expr","locations":[{"start":{"line":1796,"column":41},"end":{"line":1796,"column":42}},{"start":{"line":1796,"column":45},"end":{"line":1796,"column":46}}]},"85":{"line":1800,"type":"cond-expr","locations":[{"start":{"line":1800,"column":39},"end":{"line":1800,"column":40}},{"start":{"line":1800,"column":43},"end":{"line":1800,"column":44}}]},"86":{"line":1861,"type":"cond-expr","locations":[{"start":{"line":1861,"column":33},"end":{"line":1861,"column":34}},{"start":{"line":1861,"column":37},"end":{"line":1861,"column":121}}]},"87":{"line":1932,"type":"cond-expr","locations":[{"start":{"line":1932,"column":33},"end":{"line":1932,"column":34}},{"start":{"line":1932,"column":37},"end":{"line":1932,"column":134}}]},"88":{"line":1965,"type":"cond-expr","locations":[{"start":{"line":1965,"column":33},"end":{"line":1965,"column":34}},{"start":{"line":1965,"column":37},"end":{"line":1965,"column":108}}]},"89":{"line":1998,"type":"cond-expr","locations":[{"start":{"line":1998,"column":33},"end":{"line":1998,"column":34}},{"start":{"line":1998,"column":37},"end":{"line":1998,"column":125}}]},"90":{"line":2002,"type":"cond-expr","locations":[{"start":{"line":2002,"column":33},"end":{"line":2002,"column":34}},{"start":{"line":2002,"column":37},"end":{"line":2002,"column":99}}]},"91":{"line":2063,"type":"cond-expr","locations":[{"start":{"line":2063,"column":41},"end":{"line":2063,"column":42}},{"start":{"line":2063,"column":45},"end":{"line":2063,"column":103}}]},"92":{"line":2067,"type":"cond-expr","locations":[{"start":{"line":2067,"column":41},"end":{"line":2067,"column":42}},{"start":{"line":2067,"column":45},"end":{"line":2067,"column":88}}]},"93":{"line":2090,"type":"if","locations":[{"start":{"line":2090,"column":16},"end":{"line":2090,"column":16}},{"start":{"line":2090,"column":16},"end":{"line":2090,"column":16}}]},"94":{"line":2110,"type":"if","locations":[{"start":{"line":2110,"column":24},"end":{"line":2110,"column":24}},{"start":{"line":2110,"column":24},"end":{"line":2110,"column":24}}]},"95":{"line":2116,"type":"if","locations":[{"start":{"line":2116,"column":24},"end":{"line":2116,"column":24}},{"start":{"line":2116,"column":24},"end":{"line":2116,"column":24}}]},"96":{"line":2124,"type":"cond-expr","locations":[{"start":{"line":2124,"column":32},"end":{"line":2124,"column":33}},{"start":{"line":2124,"column":36},"end":{"line":2124,"column":114}}]},"97":{"line":2129,"type":"cond-expr","locations":[{"start":{"line":2129,"column":32},"end":{"line":2129,"column":33}},{"start":{"line":2129,"column":36},"end":{"line":2129,"column":115}}]},"98":{"line":2160,"type":"cond-expr","locations":[{"start":{"line":2160,"column":60},"end":{"line":2160,"column":61}},{"start":{"line":2160,"column":64},"end":{"line":2160,"column":77}}]},"99":{"line":2160,"type":"binary-expr","locations":[{"start":{"line":2160,"column":23},"end":{"line":2160,"column":38}},{"start":{"line":2160,"column":42},"end":{"line":2160,"column":57}}]},"100":{"line":2164,"type":"cond-expr","locations":[{"start":{"line":2164,"column":41},"end":{"line":2164,"column":42}},{"start":{"line":2164,"column":45},"end":{"line":2164,"column":96}}]},"101":{"line":2164,"type":"cond-expr","locations":[{"start":{"line":2164,"column":63},"end":{"line":2164,"column":64}},{"start":{"line":2164,"column":67},"end":{"line":2164,"column":96}}]},"102":{"line":2195,"type":"cond-expr","locations":[{"start":{"line":2195,"column":62},"end":{"line":2195,"column":63}},{"start":{"line":2195,"column":66},"end":{"line":2195,"column":79}}]},"103":{"line":2195,"type":"binary-expr","locations":[{"start":{"line":2195,"column":23},"end":{"line":2195,"column":39}},{"start":{"line":2195,"column":43},"end":{"line":2195,"column":59}}]},"104":{"line":2200,"type":"cond-expr","locations":[{"start":{"line":2200,"column":42},"end":{"line":2200,"column":43}},{"start":{"line":2200,"column":46},"end":{"line":2200,"column":103}}]},"105":{"line":2200,"type":"cond-expr","locations":[{"start":{"line":2200,"column":65},"end":{"line":2200,"column":66}},{"start":{"line":2200,"column":69},"end":{"line":2200,"column":103}}]},"106":{"line":2224,"type":"cond-expr","locations":[{"start":{"line":2224,"column":31},"end":{"line":2224,"column":32}},{"start":{"line":2224,"column":35},"end":{"line":2224,"column":158}}]},"107":{"line":2228,"type":"cond-expr","locations":[{"start":{"line":2228,"column":31},"end":{"line":2228,"column":32}},{"start":{"line":2228,"column":35},"end":{"line":2228,"column":87}}]},"108":{"line":2369,"type":"if","locations":[{"start":{"line":2369,"column":24},"end":{"line":2369,"column":24}},{"start":{"line":2369,"column":24},"end":{"line":2369,"column":24}}]},"109":{"line":2400,"type":"if","locations":[{"start":{"line":2400,"column":16},"end":{"line":2400,"column":16}},{"start":{"line":2400,"column":16},"end":{"line":2400,"column":16}}]},"110":{"line":2485,"type":"binary-expr","locations":[{"start":{"line":2485,"column":37},"end":{"line":2485,"column":46}},{"start":{"line":2485,"column":50},"end":{"line":2485,"column":54}}]},"111":{"line":2496,"type":"cond-expr","locations":[{"start":{"line":2496,"column":69},"end":{"line":2496,"column":79}},{"start":{"line":2496,"column":82},"end":{"line":2496,"column":86}}]},"112":{"line":2496,"type":"binary-expr","locations":[{"start":{"line":2496,"column":23},"end":{"line":2496,"column":29}},{"start":{"line":2496,"column":33},"end":{"line":2496,"column":66}}]},"113":{"line":2497,"type":"cond-expr","locations":[{"start":{"line":2497,"column":69},"end":{"line":2497,"column":79}},{"start":{"line":2497,"column":82},"end":{"line":2497,"column":86}}]},"114":{"line":2497,"type":"binary-expr","locations":[{"start":{"line":2497,"column":23},"end":{"line":2497,"column":29}},{"start":{"line":2497,"column":33},"end":{"line":2497,"column":66}}]},"115":{"line":2502,"type":"binary-expr","locations":[{"start":{"line":2502,"column":24},"end":{"line":2502,"column":29}},{"start":{"line":2502,"column":33},"end":{"line":2502,"column":45}},{"start":{"line":2502,"column":51},"end":{"line":2502,"column":56}},{"start":{"line":2502,"column":60},"end":{"line":2502,"column":72}}]},"116":{"line":2512,"type":"binary-expr","locations":[{"start":{"line":2512,"column":25},"end":{"line":2512,"column":31}},{"start":{"line":2512,"column":35},"end":{"line":2512,"column":41}},{"start":{"line":2512,"column":47},"end":{"line":2512,"column":54}},{"start":{"line":2512,"column":58},"end":{"line":2512,"column":63}}]},"117":{"line":2514,"type":"if","locations":[{"start":{"line":2514,"column":20},"end":{"line":2514,"column":20}},{"start":{"line":2514,"column":20},"end":{"line":2514,"column":20}}]},"118":{"line":2520,"type":"if","locations":[{"start":{"line":2520,"column":20},"end":{"line":2520,"column":20}},{"start":{"line":2520,"column":20},"end":{"line":2520,"column":20}}]},"119":{"line":2520,"type":"binary-expr","locations":[{"start":{"line":2520,"column":24},"end":{"line":2520,"column":25}},{"start":{"line":2520,"column":29},"end":{"line":2520,"column":47}},{"start":{"line":2520,"column":51},"end":{"line":2520,"column":69}}]},"120":{"line":2535,"type":"binary-expr","locations":[{"start":{"line":2535,"column":24},"end":{"line":2535,"column":41}},{"start":{"line":2535,"column":45},"end":{"line":2535,"column":62}}]},"121":{"line":2536,"type":"if","locations":[{"start":{"line":2536,"column":20},"end":{"line":2536,"column":20}},{"start":{"line":2536,"column":20},"end":{"line":2536,"column":20}}]},"122":{"line":2545,"type":"binary-expr","locations":[{"start":{"line":2545,"column":23},"end":{"line":2545,"column":36}},{"start":{"line":2545,"column":40},"end":{"line":2545,"column":57}},{"start":{"line":2545,"column":61},"end":{"line":2545,"column":81}}]},"123":{"line":2546,"type":"if","locations":[{"start":{"line":2546,"column":20},"end":{"line":2546,"column":20}},{"start":{"line":2546,"column":20},"end":{"line":2546,"column":20}}]},"124":{"line":2565,"type":"binary-expr","locations":[{"start":{"line":2565,"column":33},"end":{"line":2565,"column":37}},{"start":{"line":2565,"column":41},"end":{"line":2565,"column":44}}]},"125":{"line":2595,"type":"binary-expr","locations":[{"start":{"line":2595,"column":27},"end":{"line":2595,"column":37}},{"start":{"line":2595,"column":41},"end":{"line":2595,"column":42}}]},"126":{"line":2596,"type":"binary-expr","locations":[{"start":{"line":2596,"column":34},"end":{"line":2596,"column":51}},{"start":{"line":2596,"column":55},"end":{"line":2596,"column":67}}]},"127":{"line":2598,"type":"binary-expr","locations":[{"start":{"line":2598,"column":25},"end":{"line":2598,"column":39}},{"start":{"line":2598,"column":43},"end":{"line":2598,"column":86}}]},"128":{"line":2599,"type":"binary-expr","locations":[{"start":{"line":2599,"column":36},"end":{"line":2599,"column":61}},{"start":{"line":2599,"column":65},"end":{"line":2599,"column":66}}]},"129":{"line":2600,"type":"binary-expr","locations":[{"start":{"line":2600,"column":32},"end":{"line":2600,"column":53}},{"start":{"line":2600,"column":57},"end":{"line":2600,"column":59}}]},"130":{"line":2637,"type":"if","locations":[{"start":{"line":2637,"column":28},"end":{"line":2637,"column":28}},{"start":{"line":2637,"column":28},"end":{"line":2637,"column":28}}]},"131":{"line":2675,"type":"if","locations":[{"start":{"line":2675,"column":28},"end":{"line":2675,"column":28}},{"start":{"line":2675,"column":28},"end":{"line":2675,"column":28}}]},"132":{"line":2786,"type":"if","locations":[{"start":{"line":2786,"column":28},"end":{"line":2786,"column":28}},{"start":{"line":2786,"column":28},"end":{"line":2786,"column":28}}]},"133":{"line":2821,"type":"binary-expr","locations":[{"start":{"line":2821,"column":16},"end":{"line":2821,"column":24}},{"start":{"line":2821,"column":28},"end":{"line":2821,"column":53}}]},"134":{"line":2850,"type":"if","locations":[{"start":{"line":2850,"column":28},"end":{"line":2850,"column":28}},{"start":{"line":2850,"column":28},"end":{"line":2850,"column":28}}]},"135":{"line":2856,"type":"if","locations":[{"start":{"line":2856,"column":20},"end":{"line":2856,"column":20}},{"start":{"line":2856,"column":20},"end":{"line":2856,"column":20}}]},"136":{"line":2858,"type":"if","locations":[{"start":{"line":2858,"column":27},"end":{"line":2858,"column":27}},{"start":{"line":2858,"column":27},"end":{"line":2858,"column":27}}]},"137":{"line":2858,"type":"binary-expr","locations":[{"start":{"line":2858,"column":31},"end":{"line":2858,"column":52}},{"start":{"line":2858,"column":56},"end":{"line":2858,"column":77}}]},"138":{"line":2863,"type":"binary-expr","locations":[{"start":{"line":2863,"column":20},"end":{"line":2863,"column":28}},{"start":{"line":2863,"column":32},"end":{"line":2863,"column":66}}]},"139":{"line":2889,"type":"if","locations":[{"start":{"line":2889,"column":20},"end":{"line":2889,"column":20}},{"start":{"line":2889,"column":20},"end":{"line":2889,"column":20}}]},"140":{"line":2890,"type":"binary-expr","locations":[{"start":{"line":2890,"column":24},"end":{"line":2890,"column":32}},{"start":{"line":2890,"column":36},"end":{"line":2890,"column":59}}]},"141":{"line":2894,"type":"if","locations":[{"start":{"line":2894,"column":20},"end":{"line":2894,"column":20}},{"start":{"line":2894,"column":20},"end":{"line":2894,"column":20}}]},"142":{"line":2933,"type":"binary-expr","locations":[{"start":{"line":2933,"column":33},"end":{"line":2933,"column":55}},{"start":{"line":2933,"column":59},"end":{"line":2933,"column":86}}]},"143":{"line":2950,"type":"cond-expr","locations":[{"start":{"line":2951,"column":34},"end":{"line":2951,"column":104}},{"start":{"line":2952,"column":34},"end":{"line":2952,"column":78}}]},"144":{"line":2951,"type":"cond-expr","locations":[{"start":{"line":2951,"column":70},"end":{"line":2951,"column":98}},{"start":{"line":2951,"column":101},"end":{"line":2951,"column":102}}]},"145":{"line":2964,"type":"binary-expr","locations":[{"start":{"line":2964,"column":28},"end":{"line":2964,"column":36}},{"start":{"line":2964,"column":40},"end":{"line":2964,"column":61}}]},"146":{"line":2968,"type":"if","locations":[{"start":{"line":2968,"column":28},"end":{"line":2968,"column":28}},{"start":{"line":2968,"column":28},"end":{"line":2968,"column":28}}]},"147":{"line":2970,"type":"if","locations":[{"start":{"line":2970,"column":32},"end":{"line":2970,"column":32}},{"start":{"line":2970,"column":32},"end":{"line":2970,"column":32}}]},"148":{"line":2981,"type":"if","locations":[{"start":{"line":2981,"column":32},"end":{"line":2981,"column":32}},{"start":{"line":2981,"column":32},"end":{"line":2981,"column":32}}]},"149":{"line":3014,"type":"if","locations":[{"start":{"line":3014,"column":16},"end":{"line":3014,"column":16}},{"start":{"line":3014,"column":16},"end":{"line":3014,"column":16}}]}}}}