{"/Users/enys/Desktop/ran/src/index.js":{"path":"/Users/enys/Desktop/ran/src/index.js","s":{"1":1,"2":1,"3":1,"4":0,"5":0,"6":0,"7":1,"8":0,"9":0,"10":0,"11":0,"12":0,"13":1,"14":87350,"15":1,"16":43739,"17":23350,"18":20389,"19":241000,"20":1,"21":6052,"22":201,"23":201,"24":5851,"25":5849,"26":2,"27":1,"28":1,"29":4046,"30":200,"31":100,"32":100,"33":100,"34":668,"35":200,"36":5947,"37":200,"38":200,"39":6201,"40":3646,"41":3646,"42":38263,"43":2909,"44":502,"45":2826,"46":502,"47":2826,"48":2407,"49":2405,"50":2,"51":1,"52":1,"53":801,"54":4582,"55":28946,"56":10627,"57":18319,"58":300,"59":1701,"60":12165,"61":200,"62":8112,"63":200,"64":200,"65":1137,"66":8137,"67":201,"68":201,"69":201,"70":201,"71":1148,"72":8214,"73":8214,"74":65762,"75":8214,"76":201,"77":400,"78":2229,"79":15727,"80":400,"81":3546,"82":100,"83":100,"84":569,"85":569,"86":1744,"87":569,"88":569,"89":1744,"90":1744,"91":3558,"92":1744,"93":100,"94":1,"95":1,"96":1,"97":1,"98":1,"99":1,"100":1,"101":535548,"102":535548,"103":87133,"104":448415,"105":448415,"106":448415,"107":3587320,"108":3587320,"109":3587320,"110":535548,"111":1,"112":1,"113":1,"114":1,"115":1519557,"116":1519557,"117":1519557,"118":1519557,"119":9117342,"120":9117342,"121":1519557,"122":1,"123":1,"124":1,"125":560171,"126":0,"127":560171,"128":560171,"129":6457997,"130":6457997,"131":6457997,"132":6457997,"133":560171,"134":560171,"135":1,"136":445829,"137":445829,"138":2848133,"139":2848133,"140":2848133,"141":2848133,"142":0,"143":2848133,"144":2848133,"145":2848133,"146":0,"147":2848133,"148":2848133,"149":2848133,"150":445829,"151":445829,"152":1,"153":1006000,"154":1,"155":1,"156":1,"157":403636,"158":403636,"159":0,"160":403636,"161":403636,"162":403636,"163":1678061,"164":1678061,"165":1678061,"166":0,"167":1678061,"168":1678061,"169":0,"170":1678061,"171":1678061,"172":1678061,"173":1678061,"174":1678061,"175":0,"176":1678061,"177":1678061,"178":0,"179":1678061,"180":1678061,"181":1678061,"182":1678061,"183":403636,"184":403636,"185":1,"186":403636,"187":403636,"188":1,"189":1,"190":1,"191":402000,"192":402000,"193":4020000,"194":4020000,"195":402000,"196":402000,"197":1,"198":100040,"199":1,"200":1,"201":1,"202":31330,"203":10100,"204":21230,"205":10040,"206":11190,"207":43190,"208":1,"209":30180,"210":10020,"211":20160,"212":44160,"213":1,"214":1003,"215":3,"216":1000,"217":53000,"218":1,"219":1003,"220":3,"221":1000,"222":3000,"223":1,"224":1000,"225":1000,"226":10000,"227":10000,"228":10000,"229":10000,"230":1000,"231":1,"232":10000,"233":47000,"234":1,"235":1,"236":1,"237":1,"238":1,"239":13235,"240":13235,"241":1,"242":14500,"243":11000,"244":11000,"245":11235,"246":11235,"247":11231,"248":11231,"249":11231,"250":11000,"251":3500,"252":1,"253":20,"254":20,"255":20000,"256":20,"257":20,"258":355,"259":355,"260":355,"261":20,"262":20,"263":1,"264":19,"265":187777,"266":19,"267":19,"268":19000,"269":19,"270":740,"271":740,"272":740,"273":740,"274":0,"275":0,"276":0,"277":389,"278":74000,"279":2705741,"280":5431780,"281":0,"282":0,"283":0,"284":0,"285":0,"286":0,"287":39,"288":355,"289":19000,"290":20,"291":20,"292":20,"293":1000,"294":1000,"295":100000,"296":201000,"297":20,"298":20,"299":1000,"300":30,"301":10,"302":20,"303":20,"304":20,"305":1000,"306":1000,"307":100000,"308":201000,"309":20,"310":20,"311":1000,"312":100000,"313":201000,"314":60,"315":60,"316":60,"317":60,"318":3000,"319":1000,"320":1000,"321":11300,"322":2755,"323":1000,"324":2000,"325":1000,"326":1000,"327":1429,"328":1429,"329":1000,"330":1000,"331":1000,"332":1000,"333":1000,"334":1000,"335":2356,"336":2645,"337":2645,"338":2356,"339":2356,"340":1000,"341":1045,"342":1045,"343":750,"344":750,"345":20,"346":20,"347":20,"348":1000,"349":100000,"350":201000,"351":20,"352":20,"353":20,"354":1000,"355":100000,"356":100000,"357":201000,"358":20,"359":20,"360":20,"361":20,"362":20,"363":1192,"364":20,"365":20,"366":1192,"367":1192,"368":596,"369":596,"370":20,"371":20,"372":20,"373":1192,"374":1192,"375":20,"376":20,"377":1172,"378":1172,"379":1172,"380":1172,"381":1172,"382":1172,"383":583,"384":589,"385":20,"386":13,"387":13,"388":13,"389":20,"390":7,"391":7,"392":7,"393":20,"394":20,"395":1172,"396":1172,"397":20,"398":1000,"399":0,"400":1000,"401":1000,"402":617,"403":383,"404":426,"405":426,"406":10,"407":10,"408":20,"409":20,"410":1000,"411":2010,"412":2010,"413":20,"414":20,"415":1000,"416":100000,"417":201000,"418":20,"419":20,"420":20,"421":1000,"422":100000,"423":201000,"424":20,"425":20,"426":1000,"427":100000,"428":12494,"429":87506,"430":87506,"431":201000,"432":60,"433":60,"434":60,"435":3000,"436":300000,"437":603000,"438":20,"439":20,"440":1000,"441":100000,"442":201000,"443":20,"444":20,"445":1000,"446":100000,"447":100000,"448":201000,"449":20,"450":20,"451":20,"452":20,"453":20,"454":1000,"455":100000,"456":201000,"457":20,"458":20,"459":20,"460":1000,"461":100000,"462":201000,"463":20,"464":20,"465":1000,"466":100000,"467":201000,"468":201000,"469":20,"470":20,"471":1000,"472":100000,"473":201000,"474":20,"475":20,"476":1000,"477":100000,"478":100000,"479":201000,"480":20,"481":20,"482":1000,"483":100000,"484":100000,"485":0,"486":100000,"487":50000,"488":50000,"489":201000,"490":201000,"491":0,"492":201000,"493":100600,"494":100400,"495":20,"496":20,"497":20,"498":1000,"499":100000,"500":201000,"501":20,"502":20,"503":1000,"504":100000,"505":201000,"506":20,"507":20,"508":1000,"509":100000,"510":201000,"511":20,"512":20,"513":20,"514":1000,"515":100000,"516":201000,"517":30,"518":30,"519":11000,"520":100000,"521":220000,"522":30,"523":30,"524":11000,"525":11000,"526":11000,"527":48217,"528":48217,"529":11000,"530":0,"531":0,"532":0,"533":0,"534":0,"535":0,"536":0,"537":0,"538":1466,"539":1466,"540":1000,"541":1000,"542":30,"543":30,"544":30,"545":10000,"546":100000,"547":201000,"548":30,"549":30,"550":30,"551":11000,"552":1119,"553":1119,"554":1000,"555":1000,"556":40,"557":40,"558":2000,"559":200000,"560":402000,"561":20,"562":1,"563":1,"564":0,"565":0,"566":0,"567":0,"568":0,"569":0,"570":0,"571":0,"572":0,"573":0,"574":0,"575":0,"576":0,"577":0,"578":0,"579":0,"580":0,"581":0,"582":0,"583":0,"584":0,"585":0,"586":0,"587":0,"588":0,"589":0,"590":0,"591":0,"592":0,"593":0,"594":0,"595":0,"596":0,"597":0,"598":0,"599":0,"600":0,"601":0,"602":0,"603":0,"604":0,"605":0,"606":0,"607":0,"608":0,"609":0,"610":0,"611":1,"612":1,"613":1,"614":1,"615":1,"616":0,"617":0,"618":0,"619":0,"620":0,"621":0,"622":0,"623":0,"624":0,"625":1,"626":0,"627":0,"628":0,"629":0,"630":1,"631":0,"632":1,"633":0,"634":1,"635":0,"636":0,"637":0,"638":0,"639":0,"640":0,"641":0,"642":0,"643":0,"644":0,"645":1,"646":0,"647":0,"648":0,"649":0,"650":0,"651":0,"652":0,"653":0,"654":0,"655":0,"656":0,"657":0,"658":0,"659":1,"660":0,"661":1,"662":0,"663":0,"664":0,"665":0,"666":0,"667":0,"668":0,"669":0,"670":0,"671":0,"672":0,"673":0,"674":0,"675":0,"676":0,"677":0,"678":0,"679":0,"680":0,"681":0,"682":0,"683":0,"684":0,"685":0,"686":0,"687":0,"688":0,"689":0,"690":0,"691":0,"692":0,"693":0,"694":0,"695":0,"696":0,"697":0,"698":0,"699":0,"700":0,"701":0,"702":0,"703":0,"704":0,"705":0,"706":0,"707":0,"708":0,"709":0,"710":0,"711":0,"712":0,"713":0,"714":0,"715":0,"716":0,"717":0,"718":0,"719":0,"720":0,"721":0,"722":0,"723":0,"724":0,"725":0,"726":0,"727":0,"728":0,"729":0,"730":0,"731":0,"732":0,"733":0,"734":0,"735":0,"736":0,"737":0,"738":0,"739":0,"740":0,"741":0,"742":0,"743":0,"744":0,"745":0,"746":0,"747":0,"748":0,"749":0,"750":0,"751":0,"752":0,"753":0,"754":0,"755":0,"756":0,"757":0,"758":0,"759":0,"760":0,"761":0,"762":0,"763":0,"764":1,"765":1,"766":1,"767":1,"768":1,"769":1},"b":{"1":[1,0],"2":[1,1],"3":[0,0],"4":[0,0],"5":[0,0],"6":[0,0],"7":[47350,40000],"8":[23350,20389],"9":[201,5851],"10":[5849,2],"11":[1,1],"12":[2,1],"13":[100,100],"14":[502,2407],"15":[2405,2],"16":[1,1],"17":[2,1],"18":[10627,18319],"19":[87133,448415],"20":[0,560171],"21":[560171,5897826],"22":[0,2848133],"23":[0,2848133],"24":[445829,2402304],"25":[560171,445829],"26":[0,403636],"27":[0,1678061],"28":[0,1678061],"29":[0,1678061],"30":[0,1678061],"31":[403636,1274425],"32":[2,403634],"33":[403636,403636],"34":[119965,283671],"35":[61036,340964],"36":[10100,21230],"37":[10040,11190],"38":[10020,20160],"39":[3,1000],"40":[1003,1002,1001],"41":[3,1000],"42":[1003,1002,1001],"43":[27163,19837],"44":[11000,3500],"45":[11231,4],"46":[11000,231],"47":[19645,355],"48":[355,0],"49":[20,0],"50":[20,19],"51":[48067,51933],"52":[100000,48067],"53":[97133,103867],"54":[201000,97133],"55":[490,510],"56":[10,20],"57":[0,10],"58":[0,10],"59":[0,201000],"60":[0,201000],"61":[100000,0],"62":[201000,0],"63":[41,19],"64":[1000,2000],"65":[2755,8545],"66":[500,500],"67":[1000,1000],"68":[1000,429],"69":[1000,0],"70":[2645,2423],"71":[700,300],"72":[0,1045],"73":[104,941],"74":[0,750],"75":[114,636],"76":[81332,18668],"77":[100000,25618],"78":[148764,52236],"79":[13900,38336],"80":[20,0],"81":[596,596],"82":[1192,1179],"83":[583,589],"84":[0,1000],"85":[617,383],"86":[0,426],"87":[426,426],"88":[0,10],"89":[0,10],"90":[10,2000],"91":[1000,1010],"92":[0,100000],"93":[1000,200000],"94":[12494,87506],"95":[24988,176012],"96":[0,300000],"97":[8244,91756],"98":[16488,184512],"99":[0,100000],"100":[0,100000],"101":[3850,197150],"102":[49917,50083],"103":[100834,100166],"104":[0,100000],"105":[50000,50000],"106":[28203,21797],"107":[31211,18789],"108":[0,201000],"109":[100600,100400],"110":[57006,43594],"111":[62822,37578],"112":[0,100000],"113":[0,201000],"114":[0,100000],"115":[0,201000],"116":[100000,0],"117":[100000,100000],"118":[200999,1],"119":[201000,201000],"120":[20226,79774],"121":[40453,179547],"122":[11000,0],"123":[0,0],"124":[0,0],"125":[0,1466],"126":[0,1000],"127":[62384,37616],"128":[100000,38032],"129":[123936,77064],"130":[832,76232],"131":[887,232],"132":[1119,1075],"133":[44,956],"134":[843,113],"135":[0,200000],"136":[0,402000],"137":[0,0],"138":[0,0],"139":[0,0],"140":[0,0],"141":[0,0],"142":[0,0],"143":[0,0],"144":[0,0,0,0],"145":[0,0,0,0],"146":[0,0],"147":[0,0],"148":[0,0,0],"149":[0,0],"150":[0,0],"151":[0,0,0],"152":[0,0],"153":[0,0],"154":[0,0],"155":[0,0],"156":[0,0],"157":[0,0],"158":[0,0],"159":[0,0],"160":[0,0],"161":[0,0],"162":[0,0],"163":[0,0],"164":[0,0],"165":[0,0],"166":[0,0],"167":[0,0],"168":[0,0],"169":[0,0],"170":[0,0],"171":[0,0],"172":[0,0],"173":[0,0],"174":[0,0],"175":[0,0],"176":[0,0],"177":[0,0],"178":[0,0]},"f":{"1":1,"2":1,"3":0,"4":87350,"5":43739,"6":1,"7":6052,"8":4046,"9":200,"10":100,"11":200,"12":200,"13":3646,"14":2909,"15":801,"16":28946,"17":300,"18":200,"19":200,"20":201,"21":400,"22":400,"23":100,"24":1,"25":1,"26":535548,"27":1,"28":1519557,"29":1,"30":560171,"31":445829,"32":1006000,"33":1,"34":403636,"35":403636,"36":1,"37":402000,"38":100040,"39":1,"40":31330,"41":30180,"42":1003,"43":1003,"44":1000,"45":10000,"46":1,"47":13235,"48":14500,"49":20,"50":20000,"51":19,"52":740,"53":0,"54":0,"55":0,"56":389,"57":2705741,"58":5431780,"59":0,"60":0,"61":0,"62":0,"63":0,"64":39,"65":20,"66":1000,"67":100000,"68":201000,"69":20,"70":1000,"71":30,"72":10,"73":20,"74":1000,"75":100000,"76":201000,"77":20,"78":1000,"79":100000,"80":201000,"81":60,"82":3000,"83":1045,"84":750,"85":20,"86":1000,"87":100000,"88":201000,"89":20,"90":1000,"91":100000,"92":201000,"93":20,"94":1000,"95":426,"96":10,"97":20,"98":1000,"99":2010,"100":2010,"101":20,"102":1000,"103":100000,"104":201000,"105":20,"106":1000,"107":100000,"108":201000,"109":20,"110":1000,"111":100000,"112":201000,"113":60,"114":3000,"115":300000,"116":603000,"117":20,"118":1000,"119":100000,"120":201000,"121":20,"122":1000,"123":100000,"124":201000,"125":20,"126":20,"127":20,"128":1000,"129":100000,"130":201000,"131":20,"132":1000,"133":100000,"134":201000,"135":20,"136":1000,"137":100000,"138":201000,"139":20,"140":1000,"141":100000,"142":201000,"143":20,"144":1000,"145":100000,"146":201000,"147":20,"148":1000,"149":100000,"150":201000,"151":20,"152":1000,"153":100000,"154":201000,"155":20,"156":1000,"157":100000,"158":201000,"159":20,"160":1000,"161":100000,"162":201000,"163":20,"164":1000,"165":100000,"166":201000,"167":30,"168":11000,"169":100000,"170":220000,"171":30,"172":11000,"173":1466,"174":1000,"175":30,"176":10000,"177":100000,"178":201000,"179":30,"180":11000,"181":1119,"182":1000,"183":40,"184":2000,"185":200000,"186":402000,"187":20,"188":1,"189":0,"190":0,"191":0,"192":0,"193":0,"194":0,"195":0,"196":0,"197":0,"198":0,"199":0,"200":0,"201":1,"202":1,"203":0,"204":0,"205":0,"206":0,"207":0,"208":0,"209":0,"210":0,"211":0,"212":0,"213":0,"214":0,"215":0,"216":0,"217":0,"218":0,"219":0,"220":0,"221":0,"222":0,"223":0,"224":0,"225":0,"226":0,"227":0,"228":0,"229":0,"230":0,"231":0,"232":0,"233":0,"234":0,"235":0,"236":0,"237":0,"238":0,"239":0,"240":0,"241":0,"242":0},"fnMap":{"1":{"name":"(anonymous_1)","line":5,"loc":{"start":{"line":5,"column":1},"end":{"line":5,"column":28}}},"2":{"name":"(anonymous_2)","line":13,"loc":{"start":{"line":13,"column":10},"end":{"line":13,"column":29}}},"3":{"name":"_sum","line":26,"loc":{"start":{"line":26,"column":4},"end":{"line":26,"column":32}}},"4":{"name":"_r","line":49,"loc":{"start":{"line":49,"column":4},"end":{"line":49,"column":34}}},"5":{"name":"_some","line":63,"loc":{"start":{"line":63,"column":4},"end":{"line":63,"column":37}}},"6":{"name":"(anonymous_6)","line":77,"loc":{"start":{"line":77,"column":14},"end":{"line":77,"column":25}}},"7":{"name":"(anonymous_7)","line":98,"loc":{"start":{"line":98,"column":23},"end":{"line":98,"column":29}}},"8":{"name":"(anonymous_8)","line":124,"loc":{"start":{"line":124,"column":13},"end":{"line":124,"column":16}}},"9":{"name":"(anonymous_9)","line":149,"loc":{"start":{"line":149,"column":13},"end":{"line":149,"column":20}}},"10":{"name":"(anonymous_10)","line":171,"loc":{"start":{"line":171,"column":13},"end":{"line":171,"column":20}}},"11":{"name":"(anonymous_11)","line":189,"loc":{"start":{"line":189,"column":17},"end":{"line":189,"column":21}}},"12":{"name":"(anonymous_12)","line":208,"loc":{"start":{"line":208,"column":15},"end":{"line":208,"column":21}}},"13":{"name":"(anonymous_13)","line":228,"loc":{"start":{"line":228,"column":15},"end":{"line":228,"column":21}}},"14":{"name":"(anonymous_14)","line":258,"loc":{"start":{"line":258,"column":23},"end":{"line":258,"column":29}}},"15":{"name":"(anonymous_15)","line":288,"loc":{"start":{"line":288,"column":13},"end":{"line":288,"column":16}}},"16":{"name":"(anonymous_16)","line":319,"loc":{"start":{"line":319,"column":14},"end":{"line":319,"column":24}}},"17":{"name":"(anonymous_17)","line":344,"loc":{"start":{"line":344,"column":13},"end":{"line":344,"column":20}}},"18":{"name":"(anonymous_18)","line":365,"loc":{"start":{"line":365,"column":17},"end":{"line":365,"column":21}}},"19":{"name":"(anonymous_19)","line":387,"loc":{"start":{"line":387,"column":15},"end":{"line":387,"column":21}}},"20":{"name":"(anonymous_20)","line":410,"loc":{"start":{"line":410,"column":16},"end":{"line":410,"column":22}}},"21":{"name":"(anonymous_21)","line":442,"loc":{"start":{"line":442,"column":13},"end":{"line":442,"column":16}}},"22":{"name":"(anonymous_22)","line":461,"loc":{"start":{"line":461,"column":15},"end":{"line":461,"column":21}}},"23":{"name":"(anonymous_23)","line":484,"loc":{"start":{"line":484,"column":15},"end":{"line":484,"column":18}}},"24":{"name":"(anonymous_24)","line":530,"loc":{"start":{"line":530,"column":19},"end":{"line":530,"column":31}}},"25":{"name":"(anonymous_25)","line":549,"loc":{"start":{"line":549,"column":21},"end":{"line":549,"column":33}}},"26":{"name":"_gamma","line":571,"loc":{"start":{"line":571,"column":12},"end":{"line":571,"column":31}}},"27":{"name":"(anonymous_27)","line":591,"loc":{"start":{"line":591,"column":23},"end":{"line":591,"column":34}}},"28":{"name":"(anonymous_28)","line":611,"loc":{"start":{"line":611,"column":19},"end":{"line":611,"column":31}}},"29":{"name":"(anonymous_29)","line":625,"loc":{"start":{"line":625,"column":36},"end":{"line":625,"column":48}}},"30":{"name":"_gliSeries","line":629,"loc":{"start":{"line":629,"column":12},"end":{"line":629,"column":38}}},"31":{"name":"_guiContinuedFraction","line":648,"loc":{"start":{"line":648,"column":12},"end":{"line":648,"column":49}}},"32":{"name":"(anonymous_32)","line":682,"loc":{"start":{"line":682,"column":19},"end":{"line":682,"column":35}}},"33":{"name":"(anonymous_33)","line":698,"loc":{"start":{"line":698,"column":30},"end":{"line":698,"column":41}}},"34":{"name":"_biContinuedFraction","line":702,"loc":{"start":{"line":702,"column":12},"end":{"line":702,"column":51}}},"35":{"name":"(anonymous_35)","line":740,"loc":{"start":{"line":740,"column":19},"end":{"line":740,"column":37}}},"36":{"name":"(anonymous_36)","line":750,"loc":{"start":{"line":750,"column":19},"end":{"line":750,"column":31}}},"37":{"name":"(anonymous_37)","line":774,"loc":{"start":{"line":774,"column":19},"end":{"line":774,"column":31}}},"38":{"name":"beta","line":788,"loc":{"start":{"line":788,"column":8},"end":{"line":788,"column":28}}},"39":{"name":"(anonymous_39)","line":809,"loc":{"start":{"line":809,"column":16},"end":{"line":809,"column":28}}},"40":{"name":"float","line":841,"loc":{"start":{"line":841,"column":8},"end":{"line":841,"column":36}}},"41":{"name":"int","line":872,"loc":{"start":{"line":872,"column":8},"end":{"line":872,"column":34}}},"42":{"name":"choice","line":895,"loc":{"start":{"line":895,"column":8},"end":{"line":895,"column":35}}},"43":{"name":"char","line":919,"loc":{"start":{"line":919,"column":8},"end":{"line":919,"column":33}}},"44":{"name":"shuffle","line":938,"loc":{"start":{"line":938,"column":8},"end":{"line":938,"column":33}}},"45":{"name":"coin","line":970,"loc":{"start":{"line":970,"column":8},"end":{"line":970,"column":50}}},"46":{"name":"(anonymous_46)","line":991,"loc":{"start":{"line":991,"column":16},"end":{"line":991,"column":28}}},"47":{"name":"_normal","line":1049,"loc":{"start":{"line":1049,"column":8},"end":{"line":1049,"column":36}}},"48":{"name":"_gamma","line":1065,"loc":{"start":{"line":1065,"column":8},"end":{"line":1065,"column":37}}},"49":{"name":"_chiTest","line":1096,"loc":{"start":{"line":1096,"column":8},"end":{"line":1096,"column":42}}},"50":{"name":"(anonymous_50)","line":1099,"loc":{"start":{"line":1099,"column":27},"end":{"line":1099,"column":40}}},"51":{"name":"_ksTest","line":1135,"loc":{"start":{"line":1135,"column":8},"end":{"line":1135,"column":38}}},"52":{"name":"(anonymous_52)","line":1162,"loc":{"start":{"line":1162,"column":23},"end":{"line":1162,"column":33}}},"53":{"name":"(anonymous_53)","line":1169,"loc":{"start":{"line":1169,"column":22},"end":{"line":1169,"column":25}}},"54":{"name":"(anonymous_54)","line":1182,"loc":{"start":{"line":1182,"column":16},"end":{"line":1182,"column":20}}},"55":{"name":"(anonymous_55)","line":1195,"loc":{"start":{"line":1195,"column":16},"end":{"line":1195,"column":20}}},"56":{"name":"(anonymous_56)","line":1217,"loc":{"start":{"line":1217,"column":18},"end":{"line":1217,"column":22}}},"57":{"name":"(anonymous_57)","line":1235,"loc":{"start":{"line":1235,"column":15},"end":{"line":1235,"column":19}}},"58":{"name":"(anonymous_58)","line":1261,"loc":{"start":{"line":1261,"column":15},"end":{"line":1261,"column":19}}},"59":{"name":"(anonymous_59)","line":1283,"loc":{"start":{"line":1283,"column":20},"end":{"line":1283,"column":24}}},"60":{"name":"(anonymous_60)","line":1305,"loc":{"start":{"line":1305,"column":18},"end":{"line":1305,"column":22}}},"61":{"name":"(anonymous_61)","line":1327,"loc":{"start":{"line":1327,"column":19},"end":{"line":1327,"column":23}}},"62":{"name":"(anonymous_62)","line":1346,"loc":{"start":{"line":1346,"column":17},"end":{"line":1346,"column":21}}},"63":{"name":"(anonymous_63)","line":1377,"loc":{"start":{"line":1377,"column":13},"end":{"line":1377,"column":20}}},"64":{"name":"(anonymous_64)","line":1409,"loc":{"start":{"line":1409,"column":16},"end":{"line":1409,"column":25}}},"65":{"name":"(anonymous_65)","line":1476,"loc":{"start":{"line":1476,"column":23},"end":{"line":1476,"column":38}}},"66":{"name":"(anonymous_66)","line":1482,"loc":{"start":{"line":1482,"column":22},"end":{"line":1482,"column":25}}},"67":{"name":"(anonymous_67)","line":1488,"loc":{"start":{"line":1488,"column":16},"end":{"line":1488,"column":20}}},"68":{"name":"(anonymous_68)","line":1492,"loc":{"start":{"line":1492,"column":16},"end":{"line":1492,"column":20}}},"69":{"name":"(anonymous_69)","line":1510,"loc":{"start":{"line":1510,"column":23},"end":{"line":1510,"column":33}}},"70":{"name":"(anonymous_70)","line":1515,"loc":{"start":{"line":1515,"column":22},"end":{"line":1515,"column":25}}},"71":{"name":"(anonymous_71)","line":1520,"loc":{"start":{"line":1520,"column":16},"end":{"line":1520,"column":20}}},"72":{"name":"(anonymous_72)","line":1524,"loc":{"start":{"line":1524,"column":16},"end":{"line":1524,"column":20}}},"73":{"name":"(anonymous_73)","line":1545,"loc":{"start":{"line":1545,"column":23},"end":{"line":1545,"column":45}}},"74":{"name":"(anonymous_74)","line":1551,"loc":{"start":{"line":1551,"column":22},"end":{"line":1551,"column":25}}},"75":{"name":"(anonymous_75)","line":1558,"loc":{"start":{"line":1558,"column":16},"end":{"line":1558,"column":20}}},"76":{"name":"(anonymous_76)","line":1562,"loc":{"start":{"line":1562,"column":16},"end":{"line":1562,"column":20}}},"77":{"name":"(anonymous_77)","line":1583,"loc":{"start":{"line":1583,"column":23},"end":{"line":1583,"column":45}}},"78":{"name":"(anonymous_78)","line":1588,"loc":{"start":{"line":1588,"column":22},"end":{"line":1588,"column":25}}},"79":{"name":"(anonymous_79)","line":1593,"loc":{"start":{"line":1593,"column":16},"end":{"line":1593,"column":20}}},"80":{"name":"(anonymous_80)","line":1597,"loc":{"start":{"line":1597,"column":16},"end":{"line":1597,"column":20}}},"81":{"name":"(anonymous_81)","line":1616,"loc":{"start":{"line":1616,"column":23},"end":{"line":1616,"column":42}}},"82":{"name":"(anonymous_82)","line":1623,"loc":{"start":{"line":1623,"column":22},"end":{"line":1623,"column":25}}},"83":{"name":"(anonymous_83)","line":1661,"loc":{"start":{"line":1661,"column":16},"end":{"line":1661,"column":20}}},"84":{"name":"(anonymous_84)","line":1667,"loc":{"start":{"line":1667,"column":16},"end":{"line":1667,"column":20}}},"85":{"name":"(anonymous_85)","line":1688,"loc":{"start":{"line":1688,"column":23},"end":{"line":1688,"column":50}}},"86":{"name":"(anonymous_86)","line":1694,"loc":{"start":{"line":1694,"column":22},"end":{"line":1694,"column":25}}},"87":{"name":"(anonymous_87)","line":1699,"loc":{"start":{"line":1699,"column":16},"end":{"line":1699,"column":20}}},"88":{"name":"(anonymous_88)","line":1704,"loc":{"start":{"line":1704,"column":16},"end":{"line":1704,"column":20}}},"89":{"name":"(anonymous_89)","line":1723,"loc":{"start":{"line":1723,"column":23},"end":{"line":1723,"column":43}}},"90":{"name":"(anonymous_90)","line":1729,"loc":{"start":{"line":1729,"column":22},"end":{"line":1729,"column":25}}},"91":{"name":"(anonymous_91)","line":1734,"loc":{"start":{"line":1734,"column":16},"end":{"line":1734,"column":20}}},"92":{"name":"(anonymous_92)","line":1739,"loc":{"start":{"line":1739,"column":16},"end":{"line":1739,"column":20}}},"93":{"name":"(anonymous_93)","line":1758,"loc":{"start":{"line":1758,"column":23},"end":{"line":1758,"column":33}}},"94":{"name":"(anonymous_94)","line":1832,"loc":{"start":{"line":1832,"column":22},"end":{"line":1832,"column":25}}},"95":{"name":"(anonymous_95)","line":1844,"loc":{"start":{"line":1844,"column":16},"end":{"line":1844,"column":20}}},"96":{"name":"(anonymous_96)","line":1849,"loc":{"start":{"line":1849,"column":16},"end":{"line":1849,"column":20}}},"97":{"name":"(anonymous_97)","line":1868,"loc":{"start":{"line":1868,"column":23},"end":{"line":1868,"column":32}}},"98":{"name":"(anonymous_98)","line":1873,"loc":{"start":{"line":1873,"column":22},"end":{"line":1873,"column":25}}},"99":{"name":"(anonymous_99)","line":1878,"loc":{"start":{"line":1878,"column":16},"end":{"line":1878,"column":20}}},"100":{"name":"(anonymous_100)","line":1882,"loc":{"start":{"line":1882,"column":16},"end":{"line":1882,"column":20}}},"101":{"name":"(anonymous_101)","line":1900,"loc":{"start":{"line":1900,"column":23},"end":{"line":1900,"column":36}}},"102":{"name":"(anonymous_102)","line":1905,"loc":{"start":{"line":1905,"column":22},"end":{"line":1905,"column":25}}},"103":{"name":"(anonymous_103)","line":1910,"loc":{"start":{"line":1910,"column":16},"end":{"line":1910,"column":20}}},"104":{"name":"(anonymous_104)","line":1914,"loc":{"start":{"line":1914,"column":16},"end":{"line":1914,"column":20}}},"105":{"name":"(anonymous_105)","line":1933,"loc":{"start":{"line":1933,"column":23},"end":{"line":1933,"column":40}}},"106":{"name":"(anonymous_106)","line":1939,"loc":{"start":{"line":1939,"column":22},"end":{"line":1939,"column":25}}},"107":{"name":"(anonymous_107)","line":1944,"loc":{"start":{"line":1944,"column":16},"end":{"line":1944,"column":20}}},"108":{"name":"(anonymous_108)","line":1948,"loc":{"start":{"line":1948,"column":16},"end":{"line":1948,"column":20}}},"109":{"name":"(anonymous_109)","line":1968,"loc":{"start":{"line":1968,"column":23},"end":{"line":1968,"column":49}}},"110":{"name":"(anonymous_110)","line":1973,"loc":{"start":{"line":1973,"column":22},"end":{"line":1973,"column":25}}},"111":{"name":"(anonymous_111)","line":1978,"loc":{"start":{"line":1978,"column":16},"end":{"line":1978,"column":20}}},"112":{"name":"(anonymous_112)","line":1987,"loc":{"start":{"line":1987,"column":16},"end":{"line":1987,"column":20}}},"113":{"name":"(anonymous_113)","line":2007,"loc":{"start":{"line":2007,"column":23},"end":{"line":2007,"column":45}}},"114":{"name":"(anonymous_114)","line":2013,"loc":{"start":{"line":2013,"column":22},"end":{"line":2013,"column":25}}},"115":{"name":"(anonymous_115)","line":2018,"loc":{"start":{"line":2018,"column":16},"end":{"line":2018,"column":20}}},"116":{"name":"(anonymous_116)","line":2022,"loc":{"start":{"line":2022,"column":16},"end":{"line":2022,"column":20}}},"117":{"name":"(anonymous_117)","line":2041,"loc":{"start":{"line":2041,"column":23},"end":{"line":2041,"column":40}}},"118":{"name":"(anonymous_118)","line":2046,"loc":{"start":{"line":2046,"column":22},"end":{"line":2046,"column":25}}},"119":{"name":"(anonymous_119)","line":2051,"loc":{"start":{"line":2051,"column":16},"end":{"line":2051,"column":20}}},"120":{"name":"(anonymous_120)","line":2055,"loc":{"start":{"line":2055,"column":16},"end":{"line":2055,"column":20}}},"121":{"name":"(anonymous_121)","line":2074,"loc":{"start":{"line":2074,"column":23},"end":{"line":2074,"column":42}}},"122":{"name":"(anonymous_122)","line":2079,"loc":{"start":{"line":2079,"column":22},"end":{"line":2079,"column":25}}},"123":{"name":"(anonymous_123)","line":2084,"loc":{"start":{"line":2084,"column":16},"end":{"line":2084,"column":20}}},"124":{"name":"(anonymous_124)","line":2089,"loc":{"start":{"line":2089,"column":16},"end":{"line":2089,"column":20}}},"125":{"name":"(anonymous_125)","line":2109,"loc":{"start":{"line":2109,"column":23},"end":{"line":2109,"column":43}}},"126":{"name":"(anonymous_126)","line":2128,"loc":{"start":{"line":2128,"column":23},"end":{"line":2128,"column":31}}},"127":{"name":"(anonymous_127)","line":2148,"loc":{"start":{"line":2148,"column":23},"end":{"line":2148,"column":45}}},"128":{"name":"(anonymous_128)","line":2154,"loc":{"start":{"line":2154,"column":22},"end":{"line":2154,"column":25}}},"129":{"name":"(anonymous_129)","line":2159,"loc":{"start":{"line":2159,"column":16},"end":{"line":2159,"column":20}}},"130":{"name":"(anonymous_130)","line":2163,"loc":{"start":{"line":2163,"column":16},"end":{"line":2163,"column":20}}},"131":{"name":"(anonymous_131)","line":2182,"loc":{"start":{"line":2182,"column":23},"end":{"line":2182,"column":45}}},"132":{"name":"(anonymous_132)","line":2188,"loc":{"start":{"line":2188,"column":22},"end":{"line":2188,"column":25}}},"133":{"name":"(anonymous_133)","line":2193,"loc":{"start":{"line":2193,"column":16},"end":{"line":2193,"column":20}}},"134":{"name":"(anonymous_134)","line":2197,"loc":{"start":{"line":2197,"column":16},"end":{"line":2197,"column":20}}},"135":{"name":"(anonymous_135)","line":2216,"loc":{"start":{"line":2216,"column":23},"end":{"line":2216,"column":39}}},"136":{"name":"(anonymous_136)","line":2221,"loc":{"start":{"line":2221,"column":22},"end":{"line":2221,"column":25}}},"137":{"name":"(anonymous_137)","line":2226,"loc":{"start":{"line":2226,"column":16},"end":{"line":2226,"column":20}}},"138":{"name":"(anonymous_138)","line":2230,"loc":{"start":{"line":2230,"column":16},"end":{"line":2230,"column":20}}},"139":{"name":"(anonymous_139)","line":2250,"loc":{"start":{"line":2250,"column":23},"end":{"line":2250,"column":43}}},"140":{"name":"(anonymous_140)","line":2255,"loc":{"start":{"line":2255,"column":22},"end":{"line":2255,"column":25}}},"141":{"name":"(anonymous_141)","line":2260,"loc":{"start":{"line":2260,"column":16},"end":{"line":2260,"column":20}}},"142":{"name":"(anonymous_142)","line":2264,"loc":{"start":{"line":2264,"column":16},"end":{"line":2264,"column":20}}},"143":{"name":"(anonymous_143)","line":2283,"loc":{"start":{"line":2283,"column":23},"end":{"line":2283,"column":39}}},"144":{"name":"(anonymous_144)","line":2288,"loc":{"start":{"line":2288,"column":22},"end":{"line":2288,"column":25}}},"145":{"name":"(anonymous_145)","line":2293,"loc":{"start":{"line":2293,"column":16},"end":{"line":2293,"column":20}}},"146":{"name":"(anonymous_146)","line":2298,"loc":{"start":{"line":2298,"column":16},"end":{"line":2298,"column":20}}},"147":{"name":"(anonymous_147)","line":2318,"loc":{"start":{"line":2318,"column":23},"end":{"line":2318,"column":51}}},"148":{"name":"(anonymous_148)","line":2323,"loc":{"start":{"line":2323,"column":22},"end":{"line":2323,"column":25}}},"149":{"name":"(anonymous_149)","line":2328,"loc":{"start":{"line":2328,"column":16},"end":{"line":2328,"column":20}}},"150":{"name":"(anonymous_150)","line":2342,"loc":{"start":{"line":2342,"column":16},"end":{"line":2342,"column":20}}},"151":{"name":"(anonymous_151)","line":2371,"loc":{"start":{"line":2371,"column":23},"end":{"line":2371,"column":43}}},"152":{"name":"(anonymous_152)","line":2377,"loc":{"start":{"line":2377,"column":22},"end":{"line":2377,"column":25}}},"153":{"name":"(anonymous_153)","line":2382,"loc":{"start":{"line":2382,"column":16},"end":{"line":2382,"column":20}}},"154":{"name":"(anonymous_154)","line":2386,"loc":{"start":{"line":2386,"column":16},"end":{"line":2386,"column":20}}},"155":{"name":"(anonymous_155)","line":2405,"loc":{"start":{"line":2405,"column":23},"end":{"line":2405,"column":47}}},"156":{"name":"(anonymous_156)","line":2410,"loc":{"start":{"line":2410,"column":22},"end":{"line":2410,"column":25}}},"157":{"name":"(anonymous_157)","line":2415,"loc":{"start":{"line":2415,"column":16},"end":{"line":2415,"column":20}}},"158":{"name":"(anonymous_158)","line":2419,"loc":{"start":{"line":2419,"column":16},"end":{"line":2419,"column":20}}},"159":{"name":"(anonymous_159)","line":2438,"loc":{"start":{"line":2438,"column":23},"end":{"line":2438,"column":45}}},"160":{"name":"(anonymous_160)","line":2443,"loc":{"start":{"line":2443,"column":22},"end":{"line":2443,"column":25}}},"161":{"name":"(anonymous_161)","line":2448,"loc":{"start":{"line":2448,"column":16},"end":{"line":2448,"column":20}}},"162":{"name":"(anonymous_162)","line":2452,"loc":{"start":{"line":2452,"column":16},"end":{"line":2452,"column":20}}},"163":{"name":"(anonymous_163)","line":2471,"loc":{"start":{"line":2471,"column":23},"end":{"line":2471,"column":43}}},"164":{"name":"(anonymous_164)","line":2477,"loc":{"start":{"line":2477,"column":22},"end":{"line":2477,"column":25}}},"165":{"name":"(anonymous_165)","line":2482,"loc":{"start":{"line":2482,"column":16},"end":{"line":2482,"column":20}}},"166":{"name":"(anonymous_166)","line":2486,"loc":{"start":{"line":2486,"column":16},"end":{"line":2486,"column":20}}},"167":{"name":"(anonymous_167)","line":2505,"loc":{"start":{"line":2505,"column":23},"end":{"line":2505,"column":45}}},"168":{"name":"(anonymous_168)","line":2510,"loc":{"start":{"line":2510,"column":22},"end":{"line":2510,"column":25}}},"169":{"name":"(anonymous_169)","line":2515,"loc":{"start":{"line":2515,"column":16},"end":{"line":2515,"column":20}}},"170":{"name":"(anonymous_170)","line":2519,"loc":{"start":{"line":2519,"column":16},"end":{"line":2519,"column":20}}},"171":{"name":"(anonymous_171)","line":2537,"loc":{"start":{"line":2537,"column":23},"end":{"line":2537,"column":36}}},"172":{"name":"(anonymous_172)","line":2542,"loc":{"start":{"line":2542,"column":22},"end":{"line":2542,"column":25}}},"173":{"name":"(anonymous_173)","line":2576,"loc":{"start":{"line":2576,"column":16},"end":{"line":2576,"column":20}}},"174":{"name":"(anonymous_174)","line":2581,"loc":{"start":{"line":2581,"column":16},"end":{"line":2581,"column":20}}},"175":{"name":"(anonymous_175)","line":2603,"loc":{"start":{"line":2603,"column":23},"end":{"line":2603,"column":44}}},"176":{"name":"(anonymous_176)","line":2609,"loc":{"start":{"line":2609,"column":22},"end":{"line":2609,"column":25}}},"177":{"name":"(anonymous_177)","line":2614,"loc":{"start":{"line":2614,"column":16},"end":{"line":2614,"column":20}}},"178":{"name":"(anonymous_178)","line":2618,"loc":{"start":{"line":2618,"column":16},"end":{"line":2618,"column":20}}},"179":{"name":"(anonymous_179)","line":2638,"loc":{"start":{"line":2638,"column":23},"end":{"line":2638,"column":46}}},"180":{"name":"(anonymous_180)","line":2644,"loc":{"start":{"line":2644,"column":22},"end":{"line":2644,"column":25}}},"181":{"name":"(anonymous_181)","line":2649,"loc":{"start":{"line":2649,"column":16},"end":{"line":2649,"column":20}}},"182":{"name":"(anonymous_182)","line":2654,"loc":{"start":{"line":2654,"column":16},"end":{"line":2654,"column":20}}},"183":{"name":"(anonymous_183)","line":2674,"loc":{"start":{"line":2674,"column":23},"end":{"line":2674,"column":43}}},"184":{"name":"(anonymous_184)","line":2679,"loc":{"start":{"line":2679,"column":22},"end":{"line":2679,"column":25}}},"185":{"name":"(anonymous_185)","line":2684,"loc":{"start":{"line":2684,"column":16},"end":{"line":2684,"column":20}}},"186":{"name":"(anonymous_186)","line":2688,"loc":{"start":{"line":2688,"column":16},"end":{"line":2688,"column":20}}},"187":{"name":"(anonymous_187)","line":2707,"loc":{"start":{"line":2707,"column":23},"end":{"line":2707,"column":35}}},"188":{"name":"(anonymous_188)","line":2756,"loc":{"start":{"line":2756,"column":14},"end":{"line":2756,"column":25}}},"189":{"name":"(anonymous_189)","line":2758,"loc":{"start":{"line":2758,"column":23},"end":{"line":2758,"column":39}}},"190":{"name":"(anonymous_190)","line":2764,"loc":{"start":{"line":2764,"column":17},"end":{"line":2764,"column":20}}},"191":{"name":"(anonymous_191)","line":2783,"loc":{"start":{"line":2783,"column":23},"end":{"line":2783,"column":39}}},"192":{"name":"(anonymous_192)","line":2796,"loc":{"start":{"line":2796,"column":17},"end":{"line":2796,"column":20}}},"193":{"name":"(anonymous_193)","line":2809,"loc":{"start":{"line":2809,"column":18},"end":{"line":2809,"column":22}}},"194":{"name":"(anonymous_194)","line":2822,"loc":{"start":{"line":2822,"column":19},"end":{"line":2822,"column":22}}},"195":{"name":"(anonymous_195)","line":2845,"loc":{"start":{"line":2845,"column":23},"end":{"line":2845,"column":67}}},"196":{"name":"(anonymous_196)","line":2861,"loc":{"start":{"line":2861,"column":16},"end":{"line":2861,"column":20}}},"197":{"name":"(anonymous_197)","line":2874,"loc":{"start":{"line":2874,"column":31},"end":{"line":2874,"column":44}}},"198":{"name":"(anonymous_198)","line":2885,"loc":{"start":{"line":2885,"column":17},"end":{"line":2885,"column":20}}},"199":{"name":"(anonymous_199)","line":2897,"loc":{"start":{"line":2897,"column":18},"end":{"line":2897,"column":22}}},"200":{"name":"(anonymous_200)","line":2911,"loc":{"start":{"line":2911,"column":19},"end":{"line":2911,"column":22}}},"201":{"name":"(anonymous_201)","line":2929,"loc":{"start":{"line":2929,"column":14},"end":{"line":2929,"column":25}}},"202":{"name":"(anonymous_202)","line":2939,"loc":{"start":{"line":2939,"column":18},"end":{"line":2939,"column":29}}},"203":{"name":"_gri","line":2950,"loc":{"start":{"line":2950,"column":12},"end":{"line":2950,"column":40}}},"204":{"name":"(anonymous_204)","line":2954,"loc":{"start":{"line":2954,"column":32},"end":{"line":2954,"column":45}}},"205":{"name":"(anonymous_205)","line":2955,"loc":{"start":{"line":2955,"column":35},"end":{"line":2955,"column":48}}},"206":{"name":"(anonymous_206)","line":2982,"loc":{"start":{"line":2982,"column":19},"end":{"line":2982,"column":48}}},"207":{"name":"(anonymous_207)","line":2983,"loc":{"start":{"line":2983,"column":41},"end":{"line":2983,"column":56}}},"208":{"name":"(anonymous_208)","line":2984,"loc":{"start":{"line":2984,"column":68},"end":{"line":2984,"column":83}}},"209":{"name":"(anonymous_209)","line":2985,"loc":{"start":{"line":2985,"column":48},"end":{"line":2985,"column":61}}},"210":{"name":"(anonymous_210)","line":2994,"loc":{"start":{"line":2994,"column":21},"end":{"line":2994,"column":50}}},"211":{"name":"_boundary","line":3000,"loc":{"start":{"line":3000,"column":12},"end":{"line":3000,"column":34}}},"212":{"name":"_accept","line":3004,"loc":{"start":{"line":3004,"column":12},"end":{"line":3004,"column":41}}},"213":{"name":"_iterate","line":3027,"loc":{"start":{"line":3027,"column":12},"end":{"line":3027,"column":32}}},"214":{"name":"burnIn","line":3059,"loc":{"start":{"line":3059,"column":12},"end":{"line":3059,"column":30}}},"215":{"name":"sample","line":3063,"loc":{"start":{"line":3063,"column":12},"end":{"line":3063,"column":34}}},"216":{"name":"(anonymous_216)","line":3064,"loc":{"start":{"line":3064,"column":58},"end":{"line":3064,"column":69}}},"217":{"name":"(anonymous_217)","line":3093,"loc":{"start":{"line":3093,"column":23},"end":{"line":3093,"column":68}}},"218":{"name":"(anonymous_218)","line":3108,"loc":{"start":{"line":3108,"column":32},"end":{"line":3108,"column":47}}},"219":{"name":"(anonymous_219)","line":3120,"loc":{"start":{"line":3120,"column":27},"end":{"line":3120,"column":30}}},"220":{"name":"(anonymous_220)","line":3131,"loc":{"start":{"line":3131,"column":30},"end":{"line":3131,"column":34}}},"221":{"name":"(anonymous_221)","line":3150,"loc":{"start":{"line":3150,"column":35},"end":{"line":3150,"column":50}}},"222":{"name":"(anonymous_222)","line":3161,"loc":{"start":{"line":3161,"column":31},"end":{"line":3161,"column":34}}},"223":{"name":"(anonymous_223)","line":3172,"loc":{"start":{"line":3172,"column":30},"end":{"line":3172,"column":34}}},"224":{"name":"(anonymous_224)","line":3190,"loc":{"start":{"line":3190,"column":21},"end":{"line":3190,"column":24}}},"225":{"name":"(anonymous_225)","line":3205,"loc":{"start":{"line":3205,"column":17},"end":{"line":3205,"column":37}}},"226":{"name":"(anonymous_226)","line":3217,"loc":{"start":{"line":3217,"column":19},"end":{"line":3217,"column":23}}},"227":{"name":"(anonymous_227)","line":3229,"loc":{"start":{"line":3229,"column":17},"end":{"line":3229,"column":20}}},"228":{"name":"(anonymous_228)","line":3245,"loc":{"start":{"line":3245,"column":22},"end":{"line":3245,"column":25}}},"229":{"name":"(anonymous_229)","line":3264,"loc":{"start":{"line":3264,"column":14},"end":{"line":3264,"column":17}}},"230":{"name":"(anonymous_230)","line":3276,"loc":{"start":{"line":3276,"column":14},"end":{"line":3276,"column":17}}},"231":{"name":"(anonymous_231)","line":3292,"loc":{"start":{"line":3292,"column":35},"end":{"line":3292,"column":48}}},"232":{"name":"(anonymous_232)","line":3308,"loc":{"start":{"line":3308,"column":19},"end":{"line":3308,"column":53}}},"233":{"name":"(anonymous_233)","line":3336,"loc":{"start":{"line":3336,"column":18},"end":{"line":3336,"column":47}}},"234":{"name":"(anonymous_234)","line":3377,"loc":{"start":{"line":3377,"column":18},"end":{"line":3377,"column":42}}},"235":{"name":"(anonymous_235)","line":3415,"loc":{"start":{"line":3415,"column":23},"end":{"line":3415,"column":58}}},"236":{"name":"(anonymous_236)","line":3428,"loc":{"start":{"line":3428,"column":33},"end":{"line":3428,"column":48}}},"237":{"name":"(anonymous_237)","line":3447,"loc":{"start":{"line":3447,"column":28},"end":{"line":3447,"column":40}}},"238":{"name":"(anonymous_238)","line":3460,"loc":{"start":{"line":3460,"column":30},"end":{"line":3460,"column":41}}},"239":{"name":"(anonymous_239)","line":3492,"loc":{"start":{"line":3492,"column":30},"end":{"line":3492,"column":33}}},"240":{"name":"(anonymous_240)","line":3500,"loc":{"start":{"line":3500,"column":21},"end":{"line":3500,"column":24}}},"241":{"name":"(anonymous_241)","line":3507,"loc":{"start":{"line":3507,"column":17},"end":{"line":3507,"column":29}}},"242":{"name":"(anonymous_242)","line":3525,"loc":{"start":{"line":3525,"column":19},"end":{"line":3525,"column":23}}}},"statementMap":{"1":{"start":{"line":5,"column":0},"end":{"line":3572,"column":5}},"2":{"start":{"line":6,"column":4},"end":{"line":12,"column":5}},"3":{"start":{"line":7,"column":8},"end":{"line":7,"column":25}},"4":{"start":{"line":8,"column":11},"end":{"line":12,"column":5}},"5":{"start":{"line":9,"column":8},"end":{"line":9,"column":37}},"6":{"start":{"line":11,"column":8},"end":{"line":11,"column":52}},"7":{"start":{"line":26,"column":4},"end":{"line":36,"column":5}},"8":{"start":{"line":27,"column":8},"end":{"line":35,"column":9}},"9":{"start":{"line":28,"column":12},"end":{"line":30,"column":18}},"10":{"start":{"line":29,"column":16},"end":{"line":29,"column":46}},"11":{"start":{"line":32,"column":12},"end":{"line":34,"column":18}},"12":{"start":{"line":33,"column":16},"end":{"line":33,"column":31}},"13":{"start":{"line":49,"column":4},"end":{"line":51,"column":5}},"14":{"start":{"line":50,"column":8},"end":{"line":50,"column":97}},"15":{"start":{"line":63,"column":4},"end":{"line":69,"column":5}},"16":{"start":{"line":64,"column":8},"end":{"line":68,"column":9}},"17":{"start":{"line":65,"column":12},"end":{"line":65,"column":31}},"18":{"start":{"line":67,"column":12},"end":{"line":67,"column":62}},"19":{"start":{"line":67,"column":49},"end":{"line":67,"column":60}},"20":{"start":{"line":77,"column":4},"end":{"line":521,"column":9}},"21":{"start":{"line":99,"column":16},"end":{"line":108,"column":17}},"22":{"start":{"line":100,"column":20},"end":{"line":100,"column":53}},"23":{"start":{"line":101,"column":20},"end":{"line":101,"column":35}},"24":{"start":{"line":102,"column":23},"end":{"line":108,"column":17}},"25":{"start":{"line":103,"column":20},"end":{"line":103,"column":34}},"26":{"start":{"line":104,"column":23},"end":{"line":108,"column":17}},"27":{"start":{"line":105,"column":20},"end":{"line":105,"column":37}},"28":{"start":{"line":107,"column":20},"end":{"line":107,"column":40}},"29":{"start":{"line":125,"column":16},"end":{"line":125,"column":31}},"30":{"start":{"line":150,"column":16},"end":{"line":154,"column":17}},"31":{"start":{"line":151,"column":20},"end":{"line":151,"column":35}},"32":{"start":{"line":153,"column":20},"end":{"line":153,"column":38}},"33":{"start":{"line":172,"column":16},"end":{"line":172,"column":61}},"34":{"start":{"line":172,"column":51},"end":{"line":172,"column":58}},"35":{"start":{"line":190,"column":16},"end":{"line":190,"column":59}},"36":{"start":{"line":190,"column":51},"end":{"line":190,"column":56}},"37":{"start":{"line":209,"column":16},"end":{"line":209,"column":32}},"38":{"start":{"line":210,"column":16},"end":{"line":210,"column":67}},"39":{"start":{"line":210,"column":56},"end":{"line":210,"column":64}},"40":{"start":{"line":229,"column":16},"end":{"line":229,"column":32}},"41":{"start":{"line":230,"column":16},"end":{"line":230,"column":72}},"42":{"start":{"line":230,"column":53},"end":{"line":230,"column":67}},"43":{"start":{"line":259,"column":16},"end":{"line":270,"column":17}},"44":{"start":{"line":260,"column":20},"end":{"line":260,"column":86}},"45":{"start":{"line":260,"column":62},"end":{"line":260,"column":84}},"46":{"start":{"line":261,"column":20},"end":{"line":263,"column":21}},"47":{"start":{"line":262,"column":24},"end":{"line":262,"column":42}},"48":{"start":{"line":264,"column":23},"end":{"line":270,"column":17}},"49":{"start":{"line":265,"column":20},"end":{"line":265,"column":34}},"50":{"start":{"line":266,"column":23},"end":{"line":270,"column":17}},"51":{"start":{"line":267,"column":20},"end":{"line":267,"column":37}},"52":{"start":{"line":269,"column":20},"end":{"line":269,"column":64}},"53":{"start":{"line":289,"column":16},"end":{"line":289,"column":51}},"54":{"start":{"line":289,"column":40},"end":{"line":289,"column":49}},"55":{"start":{"line":320,"column":16},"end":{"line":324,"column":17}},"56":{"start":{"line":321,"column":20},"end":{"line":321,"column":38}},"57":{"start":{"line":323,"column":20},"end":{"line":323,"column":41}},"58":{"start":{"line":345,"column":16},"end":{"line":345,"column":77}},"59":{"start":{"line":345,"column":53},"end":{"line":345,"column":74}},"60":{"start":{"line":345,"column":66},"end":{"line":345,"column":73}},"61":{"start":{"line":366,"column":16},"end":{"line":366,"column":40}},"62":{"start":{"line":366,"column":35},"end":{"line":366,"column":38}},"63":{"start":{"line":388,"column":16},"end":{"line":388,"column":32}},"64":{"start":{"line":389,"column":16},"end":{"line":389,"column":91}},"65":{"start":{"line":389,"column":58},"end":{"line":389,"column":88}},"66":{"start":{"line":389,"column":76},"end":{"line":389,"column":87}},"67":{"start":{"line":411,"column":16},"end":{"line":411,"column":32}},"68":{"start":{"line":412,"column":16},"end":{"line":412,"column":39}},"69":{"start":{"line":413,"column":16},"end":{"line":413,"column":38}},"70":{"start":{"line":414,"column":16},"end":{"line":422,"column":17}},"71":{"start":{"line":415,"column":20},"end":{"line":421,"column":21}},"72":{"start":{"line":416,"column":24},"end":{"line":416,"column":36}},"73":{"start":{"line":417,"column":24},"end":{"line":419,"column":25}},"74":{"start":{"line":418,"column":28},"end":{"line":418,"column":59}},"75":{"start":{"line":420,"column":24},"end":{"line":420,"column":40}},"76":{"start":{"line":423,"column":16},"end":{"line":423,"column":25}},"77":{"start":{"line":443,"column":16},"end":{"line":443,"column":90}},"78":{"start":{"line":443,"column":61},"end":{"line":443,"column":87}},"79":{"start":{"line":443,"column":80},"end":{"line":443,"column":86}},"80":{"start":{"line":462,"column":16},"end":{"line":462,"column":76}},"81":{"start":{"line":462,"column":51},"end":{"line":462,"column":73}},"82":{"start":{"line":486,"column":16},"end":{"line":488,"column":38}},"83":{"start":{"line":491,"column":16},"end":{"line":507,"column":17}},"84":{"start":{"line":493,"column":20},"end":{"line":493,"column":43}},"85":{"start":{"line":494,"column":20},"end":{"line":496,"column":21}},"86":{"start":{"line":495,"column":24},"end":{"line":495,"column":65}},"87":{"start":{"line":497,"column":20},"end":{"line":497,"column":35}},"88":{"start":{"line":500,"column":20},"end":{"line":506,"column":21}},"89":{"start":{"line":501,"column":24},"end":{"line":501,"column":48}},"90":{"start":{"line":502,"column":24},"end":{"line":504,"column":25}},"91":{"start":{"line":503,"column":28},"end":{"line":503,"column":70}},"92":{"start":{"line":505,"column":24},"end":{"line":505,"column":45}},"93":{"start":{"line":509,"column":16},"end":{"line":512,"column":18}},"94":{"start":{"line":517,"column":8},"end":{"line":520,"column":10}},"95":{"start":{"line":530,"column":4},"end":{"line":801,"column":9}},"96":{"start":{"line":538,"column":8},"end":{"line":538,"column":36}},"97":{"start":{"line":547,"column":8},"end":{"line":547,"column":31}},"98":{"start":{"line":549,"column":8},"end":{"line":589,"column":13}},"99":{"start":{"line":551,"column":12},"end":{"line":560,"column":14}},"100":{"start":{"line":571,"column":12},"end":{"line":586,"column":13}},"101":{"start":{"line":572,"column":16},"end":{"line":572,"column":26}},"102":{"start":{"line":573,"column":16},"end":{"line":584,"column":17}},"103":{"start":{"line":574,"column":20},"end":{"line":574,"column":74}},"104":{"start":{"line":576,"column":20},"end":{"line":576,"column":24}},"105":{"start":{"line":577,"column":20},"end":{"line":578,"column":38}},"106":{"start":{"line":579,"column":20},"end":{"line":583,"column":23}},"107":{"start":{"line":580,"column":24},"end":{"line":580,"column":45}},"108":{"start":{"line":581,"column":24},"end":{"line":581,"column":44}},"109":{"start":{"line":582,"column":24},"end":{"line":582,"column":95}},"110":{"start":{"line":585,"column":16},"end":{"line":585,"column":25}},"111":{"start":{"line":588,"column":12},"end":{"line":588,"column":26}},"112":{"start":{"line":591,"column":8},"end":{"line":623,"column":13}},"113":{"start":{"line":593,"column":12},"end":{"line":600,"column":14}},"114":{"start":{"line":611,"column":12},"end":{"line":622,"column":14}},"115":{"start":{"line":612,"column":16},"end":{"line":614,"column":34}},"116":{"start":{"line":615,"column":16},"end":{"line":615,"column":54}},"117":{"start":{"line":616,"column":16},"end":{"line":616,"column":44}},"118":{"start":{"line":617,"column":16},"end":{"line":620,"column":17}},"119":{"start":{"line":618,"column":20},"end":{"line":618,"column":24}},"120":{"start":{"line":619,"column":20},"end":{"line":619,"column":37}},"121":{"start":{"line":621,"column":16},"end":{"line":621,"column":68}},"122":{"start":{"line":625,"column":8},"end":{"line":685,"column":13}},"123":{"start":{"line":626,"column":12},"end":{"line":626,"column":33}},"124":{"start":{"line":629,"column":12},"end":{"line":645,"column":13}},"125":{"start":{"line":630,"column":16},"end":{"line":644,"column":17}},"126":{"start":{"line":631,"column":20},"end":{"line":631,"column":29}},"127":{"start":{"line":633,"column":20},"end":{"line":635,"column":34}},"128":{"start":{"line":636,"column":20},"end":{"line":642,"column":21}},"129":{"start":{"line":637,"column":24},"end":{"line":637,"column":29}},"130":{"start":{"line":638,"column":24},"end":{"line":638,"column":36}},"131":{"start":{"line":639,"column":24},"end":{"line":639,"column":31}},"132":{"start":{"line":640,"column":24},"end":{"line":641,"column":34}},"133":{"start":{"line":641,"column":28},"end":{"line":641,"column":34}},"134":{"start":{"line":643,"column":20},"end":{"line":643,"column":61}},"135":{"start":{"line":648,"column":12},"end":{"line":670,"column":13}},"136":{"start":{"line":649,"column":16},"end":{"line":653,"column":26}},"137":{"start":{"line":654,"column":16},"end":{"line":668,"column":17}},"138":{"start":{"line":655,"column":20},"end":{"line":655,"column":37}},"139":{"start":{"line":656,"column":20},"end":{"line":656,"column":27}},"140":{"start":{"line":657,"column":20},"end":{"line":657,"column":35}},"141":{"start":{"line":658,"column":20},"end":{"line":659,"column":35}},"142":{"start":{"line":659,"column":24},"end":{"line":659,"column":35}},"143":{"start":{"line":660,"column":20},"end":{"line":660,"column":30}},"144":{"start":{"line":661,"column":20},"end":{"line":661,"column":35}},"145":{"start":{"line":662,"column":20},"end":{"line":663,"column":35}},"146":{"start":{"line":663,"column":24},"end":{"line":663,"column":35}},"147":{"start":{"line":664,"column":20},"end":{"line":664,"column":30}},"148":{"start":{"line":665,"column":20},"end":{"line":665,"column":27}},"149":{"start":{"line":666,"column":20},"end":{"line":667,"column":30}},"150":{"start":{"line":667,"column":24},"end":{"line":667,"column":30}},"151":{"start":{"line":669,"column":16},"end":{"line":669,"column":57}},"152":{"start":{"line":682,"column":12},"end":{"line":684,"column":14}},"153":{"start":{"line":683,"column":16},"end":{"line":683,"column":93}},"154":{"start":{"line":698,"column":8},"end":{"line":748,"column":13}},"155":{"start":{"line":699,"column":12},"end":{"line":699,"column":33}},"156":{"start":{"line":702,"column":12},"end":{"line":738,"column":13}},"157":{"start":{"line":703,"column":16},"end":{"line":707,"column":42}},"158":{"start":{"line":708,"column":16},"end":{"line":709,"column":31}},"159":{"start":{"line":709,"column":20},"end":{"line":709,"column":31}},"160":{"start":{"line":710,"column":16},"end":{"line":710,"column":26}},"161":{"start":{"line":711,"column":16},"end":{"line":711,"column":26}},"162":{"start":{"line":713,"column":16},"end":{"line":736,"column":17}},"163":{"start":{"line":714,"column":20},"end":{"line":715,"column":71}},"164":{"start":{"line":716,"column":20},"end":{"line":716,"column":35}},"165":{"start":{"line":717,"column":20},"end":{"line":718,"column":35}},"166":{"start":{"line":718,"column":24},"end":{"line":718,"column":35}},"167":{"start":{"line":719,"column":20},"end":{"line":719,"column":35}},"168":{"start":{"line":720,"column":20},"end":{"line":721,"column":35}},"169":{"start":{"line":721,"column":24},"end":{"line":721,"column":35}},"170":{"start":{"line":722,"column":20},"end":{"line":722,"column":30}},"171":{"start":{"line":723,"column":20},"end":{"line":723,"column":31}},"172":{"start":{"line":724,"column":20},"end":{"line":724,"column":76}},"173":{"start":{"line":725,"column":20},"end":{"line":725,"column":35}},"174":{"start":{"line":726,"column":20},"end":{"line":727,"column":35}},"175":{"start":{"line":727,"column":24},"end":{"line":727,"column":35}},"176":{"start":{"line":728,"column":20},"end":{"line":728,"column":35}},"177":{"start":{"line":729,"column":20},"end":{"line":730,"column":35}},"178":{"start":{"line":730,"column":24},"end":{"line":730,"column":35}},"179":{"start":{"line":731,"column":20},"end":{"line":731,"column":30}},"180":{"start":{"line":732,"column":20},"end":{"line":732,"column":36}},"181":{"start":{"line":733,"column":20},"end":{"line":733,"column":29}},"182":{"start":{"line":734,"column":20},"end":{"line":735,"column":30}},"183":{"start":{"line":735,"column":24},"end":{"line":735,"column":30}},"184":{"start":{"line":737,"column":16},"end":{"line":737,"column":25}},"185":{"start":{"line":740,"column":12},"end":{"line":747,"column":14}},"186":{"start":{"line":741,"column":16},"end":{"line":743,"column":113}},"187":{"start":{"line":744,"column":16},"end":{"line":746,"column":69}},"188":{"start":{"line":750,"column":8},"end":{"line":786,"column":13}},"189":{"start":{"line":752,"column":12},"end":{"line":763,"column":14}},"190":{"start":{"line":774,"column":12},"end":{"line":785,"column":14}},"191":{"start":{"line":775,"column":16},"end":{"line":777,"column":28}},"192":{"start":{"line":778,"column":16},"end":{"line":781,"column":19}},"193":{"start":{"line":779,"column":20},"end":{"line":779,"column":34}},"194":{"start":{"line":780,"column":20},"end":{"line":780,"column":28}},"195":{"start":{"line":782,"column":16},"end":{"line":782,"column":52}},"196":{"start":{"line":784,"column":16},"end":{"line":784,"column":49}},"197":{"start":{"line":788,"column":8},"end":{"line":790,"column":9}},"198":{"start":{"line":789,"column":12},"end":{"line":789,"column":69}},"199":{"start":{"line":793,"column":8},"end":{"line":800,"column":10}},"200":{"start":{"line":809,"column":4},"end":{"line":983,"column":9}},"201":{"start":{"line":841,"column":8},"end":{"line":847,"column":9}},"202":{"start":{"line":842,"column":12},"end":{"line":843,"column":37}},"203":{"start":{"line":843,"column":16},"end":{"line":843,"column":37}},"204":{"start":{"line":844,"column":12},"end":{"line":845,"column":43}},"205":{"start":{"line":845,"column":16},"end":{"line":845,"column":43}},"206":{"start":{"line":846,"column":12},"end":{"line":846,"column":48}},"207":{"start":{"line":846,"column":31},"end":{"line":846,"column":43}},"208":{"start":{"line":872,"column":8},"end":{"line":876,"column":9}},"209":{"start":{"line":873,"column":12},"end":{"line":874,"column":61}},"210":{"start":{"line":874,"column":16},"end":{"line":874,"column":61}},"211":{"start":{"line":875,"column":12},"end":{"line":875,"column":64}},"212":{"start":{"line":875,"column":31},"end":{"line":875,"column":59}},"213":{"start":{"line":895,"column":8},"end":{"line":899,"column":9}},"214":{"start":{"line":896,"column":12},"end":{"line":897,"column":28}},"215":{"start":{"line":897,"column":16},"end":{"line":897,"column":28}},"216":{"start":{"line":898,"column":12},"end":{"line":898,"column":85}},"217":{"start":{"line":898,"column":31},"end":{"line":898,"column":80}},"218":{"start":{"line":919,"column":8},"end":{"line":923,"column":9}},"219":{"start":{"line":920,"column":12},"end":{"line":921,"column":28}},"220":{"start":{"line":921,"column":16},"end":{"line":921,"column":28}},"221":{"start":{"line":922,"column":12},"end":{"line":922,"column":92}},"222":{"start":{"line":922,"column":31},"end":{"line":922,"column":87}},"223":{"start":{"line":938,"column":8},"end":{"line":947,"column":9}},"224":{"start":{"line":939,"column":12},"end":{"line":939,"column":42}},"225":{"start":{"line":940,"column":12},"end":{"line":945,"column":13}},"226":{"start":{"line":941,"column":16},"end":{"line":941,"column":52}},"227":{"start":{"line":942,"column":16},"end":{"line":942,"column":32}},"228":{"start":{"line":943,"column":16},"end":{"line":943,"column":38}},"229":{"start":{"line":944,"column":16},"end":{"line":944,"column":32}},"230":{"start":{"line":946,"column":12},"end":{"line":946,"column":26}},"231":{"start":{"line":970,"column":8},"end":{"line":972,"column":9}},"232":{"start":{"line":971,"column":12},"end":{"line":971,"column":67}},"233":{"start":{"line":971,"column":31},"end":{"line":971,"column":62}},"234":{"start":{"line":975,"column":8},"end":{"line":982,"column":10}},"235":{"start":{"line":991,"column":4},"end":{"line":2748,"column":9}},"236":{"start":{"line":999,"column":8},"end":{"line":1025,"column":10}},"237":{"start":{"line":1034,"column":8},"end":{"line":1037,"column":10}},"238":{"start":{"line":1049,"column":8},"end":{"line":1053,"column":9}},"239":{"start":{"line":1050,"column":12},"end":{"line":1051,"column":34}},"240":{"start":{"line":1052,"column":12},"end":{"line":1052,"column":88}},"241":{"start":{"line":1065,"column":8},"end":{"line":1082,"column":9}},"242":{"start":{"line":1066,"column":12},"end":{"line":1081,"column":13}},"243":{"start":{"line":1067,"column":16},"end":{"line":1069,"column":28}},"244":{"start":{"line":1070,"column":16},"end":{"line":1078,"column":17}},"245":{"start":{"line":1071,"column":20},"end":{"line":1071,"column":38}},"246":{"start":{"line":1072,"column":20},"end":{"line":1077,"column":21}},"247":{"start":{"line":1073,"column":24},"end":{"line":1073,"column":51}},"248":{"start":{"line":1074,"column":24},"end":{"line":1074,"column":42}},"249":{"start":{"line":1075,"column":24},"end":{"line":1076,"column":48}},"250":{"start":{"line":1076,"column":28},"end":{"line":1076,"column":48}},"251":{"start":{"line":1080,"column":16},"end":{"line":1080,"column":84}},"252":{"start":{"line":1096,"column":8},"end":{"line":1122,"column":9}},"253":{"start":{"line":1098,"column":12},"end":{"line":1098,"column":23}},"254":{"start":{"line":1099,"column":12},"end":{"line":1101,"column":15}},"255":{"start":{"line":1100,"column":16},"end":{"line":1100,"column":43}},"256":{"start":{"line":1104,"column":12},"end":{"line":1105,"column":34}},"257":{"start":{"line":1106,"column":12},"end":{"line":1111,"column":13}},"258":{"start":{"line":1107,"column":16},"end":{"line":1110,"column":17}},"259":{"start":{"line":1108,"column":20},"end":{"line":1108,"column":49}},"260":{"start":{"line":1109,"column":20},"end":{"line":1109,"column":54}},"261":{"start":{"line":1114,"column":12},"end":{"line":1115,"column":90}},"262":{"start":{"line":1118,"column":12},"end":{"line":1121,"column":14}},"263":{"start":{"line":1135,"column":8},"end":{"line":1150,"column":9}},"264":{"start":{"line":1137,"column":12},"end":{"line":1137,"column":41}},"265":{"start":{"line":1137,"column":34},"end":{"line":1137,"column":39}},"266":{"start":{"line":1140,"column":12},"end":{"line":1140,"column":22}},"267":{"start":{"line":1141,"column":12},"end":{"line":1143,"column":13}},"268":{"start":{"line":1142,"column":16},"end":{"line":1142,"column":84}},"269":{"start":{"line":1146,"column":12},"end":{"line":1149,"column":14}},"270":{"start":{"line":1163,"column":16},"end":{"line":1163,"column":33}},"271":{"start":{"line":1164,"column":16},"end":{"line":1164,"column":27}},"272":{"start":{"line":1165,"column":16},"end":{"line":1165,"column":28}},"273":{"start":{"line":1166,"column":16},"end":{"line":1166,"column":28}},"274":{"start":{"line":1170,"column":16},"end":{"line":1170,"column":74}},"275":{"start":{"line":1183,"column":16},"end":{"line":1183,"column":68}},"276":{"start":{"line":1196,"column":16},"end":{"line":1196,"column":68}},"277":{"start":{"line":1218,"column":16},"end":{"line":1218,"column":57}},"278":{"start":{"line":1218,"column":35},"end":{"line":1218,"column":52}},"279":{"start":{"line":1236,"column":16},"end":{"line":1236,"column":36}},"280":{"start":{"line":1262,"column":16},"end":{"line":1262,"column":36}},"281":{"start":{"line":1284,"column":16},"end":{"line":1284,"column":40}},"282":{"start":{"line":1306,"column":16},"end":{"line":1306,"column":55}},"283":{"start":{"line":1328,"column":16},"end":{"line":1328,"column":51}},"284":{"start":{"line":1347,"column":16},"end":{"line":1347,"column":46}},"285":{"start":{"line":1378,"column":16},"end":{"line":1378,"column":71}},"286":{"start":{"line":1378,"column":47},"end":{"line":1378,"column":66}},"287":{"start":{"line":1410,"column":16},"end":{"line":1412,"column":57}},"288":{"start":{"line":1411,"column":44},"end":{"line":1411,"column":56}},"289":{"start":{"line":1412,"column":43},"end":{"line":1412,"column":55}},"290":{"start":{"line":1477,"column":16},"end":{"line":1477,"column":54}},"291":{"start":{"line":1478,"column":16},"end":{"line":1478,"column":32}},"292":{"start":{"line":1479,"column":16},"end":{"line":1479,"column":46}},"293":{"start":{"line":1484,"column":16},"end":{"line":1484,"column":64}},"294":{"start":{"line":1485,"column":16},"end":{"line":1485,"column":54}},"295":{"start":{"line":1489,"column":16},"end":{"line":1489,"column":114}},"296":{"start":{"line":1493,"column":16},"end":{"line":1493,"column":136}},"297":{"start":{"line":1511,"column":16},"end":{"line":1511,"column":52}},"298":{"start":{"line":1512,"column":16},"end":{"line":1512,"column":29}},"299":{"start":{"line":1517,"column":16},"end":{"line":1517,"column":56}},"300":{"start":{"line":1521,"column":16},"end":{"line":1521,"column":67}},"301":{"start":{"line":1525,"column":16},"end":{"line":1525,"column":73}},"302":{"start":{"line":1546,"column":16},"end":{"line":1546,"column":54}},"303":{"start":{"line":1547,"column":16},"end":{"line":1547,"column":39}},"304":{"start":{"line":1548,"column":16},"end":{"line":1548,"column":53}},"305":{"start":{"line":1553,"column":16},"end":{"line":1554,"column":47}},"306":{"start":{"line":1555,"column":16},"end":{"line":1555,"column":35}},"307":{"start":{"line":1559,"column":16},"end":{"line":1559,"column":100}},"308":{"start":{"line":1563,"column":16},"end":{"line":1563,"column":102}},"309":{"start":{"line":1584,"column":16},"end":{"line":1584,"column":54}},"310":{"start":{"line":1585,"column":16},"end":{"line":1585,"column":39}},"311":{"start":{"line":1590,"column":16},"end":{"line":1590,"column":72}},"312":{"start":{"line":1594,"column":16},"end":{"line":1594,"column":154}},"313":{"start":{"line":1598,"column":16},"end":{"line":1598,"column":98}},"314":{"start":{"line":1617,"column":16},"end":{"line":1617,"column":54}},"315":{"start":{"line":1618,"column":16},"end":{"line":1618,"column":46}},"316":{"start":{"line":1619,"column":16},"end":{"line":1619,"column":32}},"317":{"start":{"line":1620,"column":16},"end":{"line":1620,"column":38}},"318":{"start":{"line":1625,"column":16},"end":{"line":1658,"column":17}},"319":{"start":{"line":1626,"column":20},"end":{"line":1626,"column":30}},"320":{"start":{"line":1627,"column":20},"end":{"line":1628,"column":59}},"321":{"start":{"line":1628,"column":24},"end":{"line":1628,"column":59}},"322":{"start":{"line":1628,"column":55},"end":{"line":1628,"column":59}},"323":{"start":{"line":1629,"column":20},"end":{"line":1629,"column":69}},"324":{"start":{"line":1630,"column":23},"end":{"line":1658,"column":17}},"325":{"start":{"line":1631,"column":20},"end":{"line":1633,"column":26}},"326":{"start":{"line":1634,"column":20},"end":{"line":1637,"column":21}},"327":{"start":{"line":1635,"column":24},"end":{"line":1635,"column":43}},"328":{"start":{"line":1636,"column":24},"end":{"line":1636,"column":46}},"329":{"start":{"line":1636,"column":40},"end":{"line":1636,"column":46}},"330":{"start":{"line":1638,"column":20},"end":{"line":1638,"column":50}},"331":{"start":{"line":1639,"column":20},"end":{"line":1639,"column":69}},"332":{"start":{"line":1641,"column":20},"end":{"line":1646,"column":61}},"333":{"start":{"line":1647,"column":20},"end":{"line":1647,"column":33}},"334":{"start":{"line":1648,"column":20},"end":{"line":1656,"column":48}},"335":{"start":{"line":1649,"column":24},"end":{"line":1652,"column":63}},"336":{"start":{"line":1650,"column":28},"end":{"line":1650,"column":66}},"337":{"start":{"line":1651,"column":28},"end":{"line":1651,"column":52}},"338":{"start":{"line":1653,"column":24},"end":{"line":1653,"column":44}},"339":{"start":{"line":1654,"column":24},"end":{"line":1655,"column":94}},"340":{"start":{"line":1657,"column":20},"end":{"line":1657,"column":71}},"341":{"start":{"line":1662,"column":16},"end":{"line":1662,"column":37}},"342":{"start":{"line":1663,"column":16},"end":{"line":1664,"column":90}},"343":{"start":{"line":1668,"column":16},"end":{"line":1668,"column":37}},"344":{"start":{"line":1669,"column":16},"end":{"line":1669,"column":117}},"345":{"start":{"line":1689,"column":16},"end":{"line":1689,"column":54}},"346":{"start":{"line":1690,"column":16},"end":{"line":1690,"column":39}},"347":{"start":{"line":1691,"column":16},"end":{"line":1691,"column":96}},"348":{"start":{"line":1696,"column":16},"end":{"line":1696,"column":132}},"349":{"start":{"line":1700,"column":16},"end":{"line":1701,"column":92}},"350":{"start":{"line":1705,"column":16},"end":{"line":1705,"column":138}},"351":{"start":{"line":1724,"column":16},"end":{"line":1724,"column":54}},"352":{"start":{"line":1725,"column":16},"end":{"line":1725,"column":37}},"353":{"start":{"line":1726,"column":16},"end":{"line":1726,"column":50}},"354":{"start":{"line":1731,"column":16},"end":{"line":1731,"column":94}},"355":{"start":{"line":1735,"column":16},"end":{"line":1735,"column":55}},"356":{"start":{"line":1736,"column":16},"end":{"line":1736,"column":53}},"357":{"start":{"line":1740,"column":16},"end":{"line":1740,"column":79}},"358":{"start":{"line":1759,"column":16},"end":{"line":1759,"column":52}},"359":{"start":{"line":1760,"column":16},"end":{"line":1760,"column":54}},"360":{"start":{"line":1763,"column":16},"end":{"line":1766,"column":28}},"361":{"start":{"line":1767,"column":16},"end":{"line":1818,"column":17}},"362":{"start":{"line":1769,"column":20},"end":{"line":1770,"column":42}},"363":{"start":{"line":1770,"column":24},"end":{"line":1770,"column":42}},"364":{"start":{"line":1773,"column":20},"end":{"line":1775,"column":35}},"365":{"start":{"line":1776,"column":20},"end":{"line":1782,"column":21}},"366":{"start":{"line":1777,"column":24},"end":{"line":1777,"column":53}},"367":{"start":{"line":1778,"column":24},"end":{"line":1781,"column":42}},"368":{"start":{"line":1779,"column":28},"end":{"line":1779,"column":42}},"369":{"start":{"line":1781,"column":28},"end":{"line":1781,"column":42}},"370":{"start":{"line":1785,"column":20},"end":{"line":1785,"column":30}},"371":{"start":{"line":1786,"column":20},"end":{"line":1786,"column":31}},"372":{"start":{"line":1787,"column":20},"end":{"line":1790,"column":21}},"373":{"start":{"line":1788,"column":24},"end":{"line":1788,"column":39}},"374":{"start":{"line":1789,"column":24},"end":{"line":1789,"column":38}},"375":{"start":{"line":1793,"column":20},"end":{"line":1794,"column":30}},"376":{"start":{"line":1795,"column":20},"end":{"line":1807,"column":21}},"377":{"start":{"line":1796,"column":24},"end":{"line":1796,"column":42}},"378":{"start":{"line":1797,"column":24},"end":{"line":1797,"column":42}},"379":{"start":{"line":1799,"column":24},"end":{"line":1799,"column":39}},"380":{"start":{"line":1800,"column":24},"end":{"line":1800,"column":37}},"381":{"start":{"line":1802,"column":24},"end":{"line":1802,"column":43}},"382":{"start":{"line":1803,"column":24},"end":{"line":1806,"column":42}},"383":{"start":{"line":1804,"column":28},"end":{"line":1804,"column":42}},"384":{"start":{"line":1806,"column":28},"end":{"line":1806,"column":42}},"385":{"start":{"line":1808,"column":20},"end":{"line":1812,"column":21}},"386":{"start":{"line":1809,"column":24},"end":{"line":1809,"column":42}},"387":{"start":{"line":1810,"column":24},"end":{"line":1810,"column":38}},"388":{"start":{"line":1811,"column":24},"end":{"line":1811,"column":37}},"389":{"start":{"line":1813,"column":20},"end":{"line":1817,"column":21}},"390":{"start":{"line":1814,"column":24},"end":{"line":1814,"column":42}},"391":{"start":{"line":1815,"column":24},"end":{"line":1815,"column":38}},"392":{"start":{"line":1816,"column":24},"end":{"line":1816,"column":37}},"393":{"start":{"line":1821,"column":16},"end":{"line":1822,"column":45}},"394":{"start":{"line":1823,"column":16},"end":{"line":1826,"column":17}},"395":{"start":{"line":1824,"column":20},"end":{"line":1824,"column":47}},"396":{"start":{"line":1825,"column":20},"end":{"line":1825,"column":60}},"397":{"start":{"line":1829,"column":16},"end":{"line":1829,"column":49}},"398":{"start":{"line":1834,"column":16},"end":{"line":1836,"column":17}},"399":{"start":{"line":1835,"column":20},"end":{"line":1835,"column":29}},"400":{"start":{"line":1837,"column":16},"end":{"line":1837,"column":61}},"401":{"start":{"line":1838,"column":16},"end":{"line":1841,"column":40}},"402":{"start":{"line":1839,"column":20},"end":{"line":1839,"column":29}},"403":{"start":{"line":1841,"column":20},"end":{"line":1841,"column":40}},"404":{"start":{"line":1845,"column":16},"end":{"line":1845,"column":37}},"405":{"start":{"line":1846,"column":16},"end":{"line":1846,"column":83}},"406":{"start":{"line":1850,"column":16},"end":{"line":1850,"column":37}},"407":{"start":{"line":1851,"column":16},"end":{"line":1851,"column":84}},"408":{"start":{"line":1869,"column":16},"end":{"line":1869,"column":54}},"409":{"start":{"line":1870,"column":16},"end":{"line":1870,"column":30}},"410":{"start":{"line":1875,"column":16},"end":{"line":1875,"column":33}},"411":{"start":{"line":1879,"column":16},"end":{"line":1879,"column":47}},"412":{"start":{"line":1883,"column":16},"end":{"line":1883,"column":45}},"413":{"start":{"line":1901,"column":16},"end":{"line":1901,"column":54}},"414":{"start":{"line":1902,"column":16},"end":{"line":1902,"column":34}},"415":{"start":{"line":1907,"column":16},"end":{"line":1907,"column":64}},"416":{"start":{"line":1911,"column":16},"end":{"line":1911,"column":68}},"417":{"start":{"line":1915,"column":16},"end":{"line":1915,"column":56}},"418":{"start":{"line":1934,"column":16},"end":{"line":1934,"column":54}},"419":{"start":{"line":1935,"column":16},"end":{"line":1935,"column":34}},"420":{"start":{"line":1936,"column":16},"end":{"line":1936,"column":74}},"421":{"start":{"line":1941,"column":16},"end":{"line":1941,"column":101}},"422":{"start":{"line":1945,"column":16},"end":{"line":1945,"column":170}},"423":{"start":{"line":1949,"column":16},"end":{"line":1949,"column":131}},"424":{"start":{"line":1969,"column":16},"end":{"line":1969,"column":54}},"425":{"start":{"line":1970,"column":16},"end":{"line":1970,"column":39}},"426":{"start":{"line":1975,"column":16},"end":{"line":1975,"column":99}},"427":{"start":{"line":1979,"column":16},"end":{"line":1984,"column":17}},"428":{"start":{"line":1980,"column":20},"end":{"line":1980,"column":29}},"429":{"start":{"line":1982,"column":20},"end":{"line":1982,"column":54}},"430":{"start":{"line":1983,"column":20},"end":{"line":1983,"column":124}},"431":{"start":{"line":1988,"column":16},"end":{"line":1988,"column":105}},"432":{"start":{"line":2008,"column":16},"end":{"line":2008,"column":54}},"433":{"start":{"line":2009,"column":16},"end":{"line":2009,"column":39}},"434":{"start":{"line":2010,"column":16},"end":{"line":2010,"column":71}},"435":{"start":{"line":2015,"column":16},"end":{"line":2015,"column":57}},"436":{"start":{"line":2019,"column":16},"end":{"line":2019,"column":122}},"437":{"start":{"line":2023,"column":16},"end":{"line":2023,"column":95}},"438":{"start":{"line":2042,"column":16},"end":{"line":2042,"column":54}},"439":{"start":{"line":2043,"column":16},"end":{"line":2043,"column":34}},"440":{"start":{"line":2048,"column":16},"end":{"line":2048,"column":85}},"441":{"start":{"line":2052,"column":16},"end":{"line":2052,"column":133}},"442":{"start":{"line":2056,"column":16},"end":{"line":2056,"column":92}},"443":{"start":{"line":2075,"column":16},"end":{"line":2075,"column":54}},"444":{"start":{"line":2076,"column":16},"end":{"line":2076,"column":36}},"445":{"start":{"line":2081,"column":16},"end":{"line":2081,"column":84}},"446":{"start":{"line":2085,"column":16},"end":{"line":2085,"column":54}},"447":{"start":{"line":2086,"column":16},"end":{"line":2086,"column":67}},"448":{"start":{"line":2090,"column":16},"end":{"line":2090,"column":75}},"449":{"start":{"line":2110,"column":16},"end":{"line":2110,"column":45}},"450":{"start":{"line":2129,"column":16},"end":{"line":2129,"column":46}},"451":{"start":{"line":2149,"column":16},"end":{"line":2149,"column":54}},"452":{"start":{"line":2150,"column":16},"end":{"line":2150,"column":35}},"453":{"start":{"line":2151,"column":16},"end":{"line":2151,"column":90}},"454":{"start":{"line":2156,"column":16},"end":{"line":2156,"column":86}},"455":{"start":{"line":2160,"column":16},"end":{"line":2160,"column":135}},"456":{"start":{"line":2164,"column":16},"end":{"line":2164,"column":119}},"457":{"start":{"line":2183,"column":16},"end":{"line":2183,"column":54}},"458":{"start":{"line":2184,"column":16},"end":{"line":2184,"column":39}},"459":{"start":{"line":2185,"column":16},"end":{"line":2185,"column":94}},"460":{"start":{"line":2190,"column":16},"end":{"line":2190,"column":61}},"461":{"start":{"line":2194,"column":16},"end":{"line":2194,"column":109}},"462":{"start":{"line":2198,"column":16},"end":{"line":2198,"column":99}},"463":{"start":{"line":2217,"column":16},"end":{"line":2217,"column":54}},"464":{"start":{"line":2218,"column":16},"end":{"line":2218,"column":33}},"465":{"start":{"line":2223,"column":16},"end":{"line":2223,"column":86}},"466":{"start":{"line":2227,"column":16},"end":{"line":2227,"column":86}},"467":{"start":{"line":2231,"column":16},"end":{"line":2231,"column":61}},"468":{"start":{"line":2232,"column":16},"end":{"line":2232,"column":61}},"469":{"start":{"line":2251,"column":16},"end":{"line":2251,"column":54}},"470":{"start":{"line":2252,"column":16},"end":{"line":2252,"column":37}},"471":{"start":{"line":2257,"column":16},"end":{"line":2257,"column":102}},"472":{"start":{"line":2261,"column":16},"end":{"line":2261,"column":135}},"473":{"start":{"line":2265,"column":16},"end":{"line":2265,"column":101}},"474":{"start":{"line":2284,"column":16},"end":{"line":2284,"column":54}},"475":{"start":{"line":2285,"column":16},"end":{"line":2285,"column":33}},"476":{"start":{"line":2290,"column":16},"end":{"line":2290,"column":78}},"477":{"start":{"line":2294,"column":16},"end":{"line":2294,"column":62}},"478":{"start":{"line":2295,"column":16},"end":{"line":2295,"column":59}},"479":{"start":{"line":2299,"column":16},"end":{"line":2299,"column":71}},"480":{"start":{"line":2319,"column":16},"end":{"line":2319,"column":54}},"481":{"start":{"line":2320,"column":16},"end":{"line":2320,"column":41}},"482":{"start":{"line":2325,"column":16},"end":{"line":2325,"column":112}},"483":{"start":{"line":2329,"column":16},"end":{"line":2330,"column":150}},"484":{"start":{"line":2331,"column":16},"end":{"line":2339,"column":17}},"485":{"start":{"line":2332,"column":20},"end":{"line":2332,"column":29}},"486":{"start":{"line":2334,"column":20},"end":{"line":2338,"column":21}},"487":{"start":{"line":2335,"column":24},"end":{"line":2335,"column":81}},"488":{"start":{"line":2337,"column":24},"end":{"line":2337,"column":81}},"489":{"start":{"line":2343,"column":16},"end":{"line":2344,"column":76}},"490":{"start":{"line":2345,"column":16},"end":{"line":2353,"column":17}},"491":{"start":{"line":2346,"column":20},"end":{"line":2346,"column":29}},"492":{"start":{"line":2348,"column":20},"end":{"line":2352,"column":21}},"493":{"start":{"line":2349,"column":24},"end":{"line":2349,"column":81}},"494":{"start":{"line":2351,"column":24},"end":{"line":2351,"column":81}},"495":{"start":{"line":2372,"column":16},"end":{"line":2372,"column":54}},"496":{"start":{"line":2373,"column":16},"end":{"line":2373,"column":37}},"497":{"start":{"line":2374,"column":16},"end":{"line":2374,"column":78}},"498":{"start":{"line":2379,"column":16},"end":{"line":2379,"column":74}},"499":{"start":{"line":2383,"column":16},"end":{"line":2383,"column":126}},"500":{"start":{"line":2387,"column":16},"end":{"line":2387,"column":100}},"501":{"start":{"line":2406,"column":16},"end":{"line":2406,"column":54}},"502":{"start":{"line":2407,"column":16},"end":{"line":2407,"column":41}},"503":{"start":{"line":2412,"column":16},"end":{"line":2412,"column":86}},"504":{"start":{"line":2416,"column":16},"end":{"line":2416,"column":116}},"505":{"start":{"line":2420,"column":16},"end":{"line":2420,"column":84}},"506":{"start":{"line":2439,"column":16},"end":{"line":2439,"column":54}},"507":{"start":{"line":2440,"column":16},"end":{"line":2440,"column":39}},"508":{"start":{"line":2445,"column":16},"end":{"line":2445,"column":100}},"509":{"start":{"line":2449,"column":16},"end":{"line":2449,"column":162}},"510":{"start":{"line":2453,"column":16},"end":{"line":2453,"column":101}},"511":{"start":{"line":2472,"column":16},"end":{"line":2472,"column":54}},"512":{"start":{"line":2473,"column":16},"end":{"line":2473,"column":37}},"513":{"start":{"line":2474,"column":16},"end":{"line":2474,"column":78}},"514":{"start":{"line":2479,"column":16},"end":{"line":2479,"column":56}},"515":{"start":{"line":2483,"column":16},"end":{"line":2483,"column":96}},"516":{"start":{"line":2487,"column":16},"end":{"line":2487,"column":76}},"517":{"start":{"line":2506,"column":16},"end":{"line":2506,"column":54}},"518":{"start":{"line":2507,"column":16},"end":{"line":2507,"column":39}},"519":{"start":{"line":2512,"column":16},"end":{"line":2512,"column":79}},"520":{"start":{"line":2516,"column":16},"end":{"line":2516,"column":104}},"521":{"start":{"line":2520,"column":16},"end":{"line":2520,"column":89}},"522":{"start":{"line":2538,"column":16},"end":{"line":2538,"column":52}},"523":{"start":{"line":2539,"column":16},"end":{"line":2539,"column":34}},"524":{"start":{"line":2544,"column":16},"end":{"line":2573,"column":17}},"525":{"start":{"line":2546,"column":20},"end":{"line":2548,"column":30}},"526":{"start":{"line":2549,"column":20},"end":{"line":2552,"column":36}},"527":{"start":{"line":2550,"column":24},"end":{"line":2550,"column":28}},"528":{"start":{"line":2551,"column":24},"end":{"line":2551,"column":43}},"529":{"start":{"line":2553,"column":20},"end":{"line":2553,"column":33}},"530":{"start":{"line":2556,"column":20},"end":{"line":2559,"column":73}},"531":{"start":{"line":2560,"column":20},"end":{"line":2572,"column":21}},"532":{"start":{"line":2561,"column":24},"end":{"line":2563,"column":52}},"533":{"start":{"line":2564,"column":24},"end":{"line":2565,"column":37}},"534":{"start":{"line":2565,"column":28},"end":{"line":2565,"column":37}},"535":{"start":{"line":2566,"column":24},"end":{"line":2569,"column":91}},"
[...]
669,"column":33}},{"start":{"line":1669,"column":36},"end":{"line":1669,"column":116}}]},"75":{"line":1669,"type":"cond-expr","locations":[{"start":{"line":1669,"column":53},"end":{"line":1669,"column":54}},{"start":{"line":1669,"column":57},"end":{"line":1669,"column":116}}]},"76":{"line":1700,"type":"cond-expr","locations":[{"start":{"line":1700,"column":56},"end":{"line":1700,"column":57}},{"start":{"line":1701,"column":22},"end":{"line":1701,"column":91}}]},"77":{"line":1700,"type":"binary-expr","locations":[{"start":{"line":1700,"column":24},"end":{"line":1700,"column":36}},{"start":{"line":1700,"column":40},"end":{"line":1700,"column":52}}]},"78":{"line":1705,"type":"cond-expr","locations":[{"start":{"line":1705,"column":38},"end":{"line":1705,"column":39}},{"start":{"line":1705,"column":43},"end":{"line":1705,"column":136}}]},"79":{"line":1705,"type":"cond-expr","locations":[{"start":{"line":1705,"column":58},"end":{"line":1705,"column":59}},{"start":{"line":1705,"column":62},"end":{"line":1705,"column":136}}]},"80":{"line":1767,"type":"if","locations":[{"start":{"line":1767,"column":16},"end":{"line":1767,"column":16}},{"start":{"line":1767,"column":16},"end":{"line":1767,"column":16}}]},"81":{"line":1778,"type":"if","locations":[{"start":{"line":1778,"column":24},"end":{"line":1778,"column":24}},{"start":{"line":1778,"column":24},"end":{"line":1778,"column":24}}]},"82":{"line":1795,"type":"binary-expr","locations":[{"start":{"line":1795,"column":27},"end":{"line":1795,"column":43}},{"start":{"line":1795,"column":47},"end":{"line":1795,"column":63}}]},"83":{"line":1803,"type":"if","locations":[{"start":{"line":1803,"column":24},"end":{"line":1803,"column":24}},{"start":{"line":1803,"column":24},"end":{"line":1803,"column":24}}]},"84":{"line":1834,"type":"if","locations":[{"start":{"line":1834,"column":16},"end":{"line":1834,"column":16}},{"start":{"line":1834,"column":16},"end":{"line":1834,"column":16}}]},"85":{"line":1838,"type":"if","locations":[{"start":{"line":1838,"column":16},"end":{"line":1838,"column":16}},{"start":{"line":1838,"column":16},"end":{"line":1838,"column":16}}]},"86":{"line":1846,"type":"cond-expr","locations":[{"start":{"line":1846,"column":65},"end":{"line":1846,"column":66}},{"start":{"line":1846,"column":69},"end":{"line":1846,"column":82}}]},"87":{"line":1846,"type":"binary-expr","locations":[{"start":{"line":1846,"column":24},"end":{"line":1846,"column":30}},{"start":{"line":1846,"column":34},"end":{"line":1846,"column":61}}]},"88":{"line":1851,"type":"cond-expr","locations":[{"start":{"line":1851,"column":32},"end":{"line":1851,"column":33}},{"start":{"line":1851,"column":36},"end":{"line":1851,"column":83}}]},"89":{"line":1851,"type":"cond-expr","locations":[{"start":{"line":1851,"column":66},"end":{"line":1851,"column":67}},{"start":{"line":1851,"column":70},"end":{"line":1851,"column":83}}]},"90":{"line":1879,"type":"cond-expr","locations":[{"start":{"line":1879,"column":41},"end":{"line":1879,"column":42}},{"start":{"line":1879,"column":45},"end":{"line":1879,"column":46}}]},"91":{"line":1883,"type":"cond-expr","locations":[{"start":{"line":1883,"column":39},"end":{"line":1883,"column":40}},{"start":{"line":1883,"column":43},"end":{"line":1883,"column":44}}]},"92":{"line":1945,"type":"cond-expr","locations":[{"start":{"line":1945,"column":31},"end":{"line":1945,"column":165}},{"start":{"line":1945,"column":168},"end":{"line":1945,"column":169}}]},"93":{"line":1949,"type":"cond-expr","locations":[{"start":{"line":1949,"column":31},"end":{"line":1949,"column":126}},{"start":{"line":1949,"column":129},"end":{"line":1949,"column":130}}]},"94":{"line":1979,"type":"if","locations":[{"start":{"line":1979,"column":16},"end":{"line":1979,"column":16}},{"start":{"line":1979,"column":16},"end":{"line":1979,"column":16}}]},"95":{"line":1988,"type":"cond-expr","locations":[{"start":{"line":1988,"column":39},"end":{"line":1988,"column":40}},{"start":{"line":1988,"column":43},"end":{"line":1988,"column":104}}]},"96":{"line":2019,"type":"cond-expr","locations":[{"start":{"line":2019,"column":33},"end":{"line":2019,"column":34}},{"start":{"line":2019,"column":37},"end":{"line":2019,"column":121}}]},"97":{"line":2052,"type":"cond-expr","locations":[{"start":{"line":2052,"column":31},"end":{"line":2052,"column":32}},{"start":{"line":2052,"column":35},"end":{"line":2052,"column":132}}]},"98":{"line":2056,"type":"cond-expr","locations":[{"start":{"line":2056,"column":31},"end":{"line":2056,"column":32}},{"start":{"line":2056,"column":35},"end":{"line":2056,"column":91}}]},"99":{"line":2160,"type":"cond-expr","locations":[{"start":{"line":2160,"column":33},"end":{"line":2160,"column":34}},{"start":{"line":2160,"column":37},"end":{"line":2160,"column":134}}]},"100":{"line":2194,"type":"cond-expr","locations":[{"start":{"line":2194,"column":33},"end":{"line":2194,"column":34}},{"start":{"line":2194,"column":37},"end":{"line":2194,"column":108}}]},"101":{"line":2232,"type":"cond-expr","locations":[{"start":{"line":2232,"column":39},"end":{"line":2232,"column":46}},{"start":{"line":2232,"column":49},"end":{"line":2232,"column":60}}]},"102":{"line":2261,"type":"cond-expr","locations":[{"start":{"line":2261,"column":31},"end":{"line":2261,"column":130}},{"start":{"line":2261,"column":133},"end":{"line":2261,"column":134}}]},"103":{"line":2265,"type":"cond-expr","locations":[{"start":{"line":2265,"column":31},"end":{"line":2265,"column":96}},{"start":{"line":2265,"column":99},"end":{"line":2265,"column":100}}]},"104":{"line":2331,"type":"if","locations":[{"start":{"line":2331,"column":16},"end":{"line":2331,"column":16}},{"start":{"line":2331,"column":16},"end":{"line":2331,"column":16}}]},"105":{"line":2334,"type":"if","locations":[{"start":{"line":2334,"column":20},"end":{"line":2334,"column":20}},{"start":{"line":2334,"column":20},"end":{"line":2334,"column":20}}]},"106":{"line":2335,"type":"cond-expr","locations":[{"start":{"line":2335,"column":75},"end":{"line":2335,"column":76}},{"start":{"line":2335,"column":79},"end":{"line":2335,"column":80}}]},"107":{"line":2337,"type":"cond-expr","locations":[{"start":{"line":2337,"column":75},"end":{"line":2337,"column":76}},{"start":{"line":2337,"column":79},"end":{"line":2337,"column":80}}]},"108":{"line":2345,"type":"if","locations":[{"start":{"line":2345,"column":16},"end":{"line":2345,"column":16}},{"start":{"line":2345,"column":16},"end":{"line":2345,"column":16}}]},"109":{"line":2348,"type":"if","locations":[{"start":{"line":2348,"column":20},"end":{"line":2348,"column":20}},{"start":{"line":2348,"column":20},"end":{"line":2348,"column":20}}]},"110":{"line":2349,"type":"cond-expr","locations":[{"start":{"line":2349,"column":75},"end":{"line":2349,"column":76}},{"start":{"line":2349,"column":79},"end":{"line":2349,"column":80}}]},"111":{"line":2351,"type":"cond-expr","locations":[{"start":{"line":2351,"column":75},"end":{"line":2351,"column":76}},{"start":{"line":2351,"column":79},"end":{"line":2351,"column":80}}]},"112":{"line":2383,"type":"cond-expr","locations":[{"start":{"line":2383,"column":33},"end":{"line":2383,"column":34}},{"start":{"line":2383,"column":37},"end":{"line":2383,"column":125}}]},"113":{"line":2387,"type":"cond-expr","locations":[{"start":{"line":2387,"column":33},"end":{"line":2387,"column":34}},{"start":{"line":2387,"column":37},"end":{"line":2387,"column":99}}]},"114":{"line":2416,"type":"cond-expr","locations":[{"start":{"line":2416,"column":31},"end":{"line":2416,"column":32}},{"start":{"line":2416,"column":35},"end":{"line":2416,"column":114}}]},"115":{"line":2420,"type":"cond-expr","locations":[{"start":{"line":2420,"column":31},"end":{"line":2420,"column":32}},{"start":{"line":2420,"column":35},"end":{"line":2420,"column":83}}]},"116":{"line":2449,"type":"cond-expr","locations":[{"start":{"line":2449,"column":40},"end":{"line":2449,"column":157}},{"start":{"line":2449,"column":160},"end":{"line":2449,"column":161}}]},"117":{"line":2449,"type":"binary-expr","locations":[{"start":{"line":2449,"column":23},"end":{"line":2449,"column":28}},{"start":{"line":2449,"column":32},"end":{"line":2449,"column":37}}]},"118":{"line":2453,"type":"cond-expr","locations":[{"start":{"line":2453,"column":40},"end":{"line":2453,"column":96}},{"start":{"line":2453,"column":99},"end":{"line":2453,"column":100}}]},"119":{"line":2453,"type":"binary-expr","locations":[{"start":{"line":2453,"column":23},"end":{"line":2453,"column":28}},{"start":{"line":2453,"column":32},"end":{"line":2453,"column":37}}]},"120":{"line":2516,"type":"cond-expr","locations":[{"start":{"line":2516,"column":41},"end":{"line":2516,"column":42}},{"start":{"line":2516,"column":45},"end":{"line":2516,"column":103}}]},"121":{"line":2520,"type":"cond-expr","locations":[{"start":{"line":2520,"column":41},"end":{"line":2520,"column":42}},{"start":{"line":2520,"column":45},"end":{"line":2520,"column":88}}]},"122":{"line":2544,"type":"if","locations":[{"start":{"line":2544,"column":16},"end":{"line":2544,"column":16}},{"start":{"line":2544,"column":16},"end":{"line":2544,"column":16}}]},"123":{"line":2564,"type":"if","locations":[{"start":{"line":2564,"column":24},"end":{"line":2564,"column":24}},{"start":{"line":2564,"column":24},"end":{"line":2564,"column":24}}]},"124":{"line":2570,"type":"if","locations":[{"start":{"line":2570,"column":24},"end":{"line":2570,"column":24}},{"start":{"line":2570,"column":24},"end":{"line":2570,"column":24}}]},"125":{"line":2578,"type":"cond-expr","locations":[{"start":{"line":2578,"column":32},"end":{"line":2578,"column":33}},{"start":{"line":2578,"column":36},"end":{"line":2578,"column":114}}]},"126":{"line":2583,"type":"cond-expr","locations":[{"start":{"line":2583,"column":32},"end":{"line":2583,"column":33}},{"start":{"line":2583,"column":36},"end":{"line":2583,"column":115}}]},"127":{"line":2615,"type":"cond-expr","locations":[{"start":{"line":2615,"column":60},"end":{"line":2615,"column":61}},{"start":{"line":2615,"column":64},"end":{"line":2615,"column":77}}]},"128":{"line":2615,"type":"binary-expr","locations":[{"start":{"line":2615,"column":23},"end":{"line":2615,"column":38}},{"start":{"line":2615,"column":42},"end":{"line":2615,"column":57}}]},"129":{"line":2619,"type":"cond-expr","locations":[{"start":{"line":2619,"column":41},"end":{"line":2619,"column":42}},{"start":{"line":2619,"column":45},"end":{"line":2619,"column":96}}]},"130":{"line":2619,"type":"cond-expr","locations":[{"start":{"line":2619,"column":63},"end":{"line":2619,"column":64}},{"start":{"line":2619,"column":67},"end":{"line":2619,"column":96}}]},"131":{"line":2651,"type":"cond-expr","locations":[{"start":{"line":2651,"column":62},"end":{"line":2651,"column":63}},{"start":{"line":2651,"column":66},"end":{"line":2651,"column":79}}]},"132":{"line":2651,"type":"binary-expr","locations":[{"start":{"line":2651,"column":23},"end":{"line":2651,"column":39}},{"start":{"line":2651,"column":43},"end":{"line":2651,"column":59}}]},"133":{"line":2656,"type":"cond-expr","locations":[{"start":{"line":2656,"column":42},"end":{"line":2656,"column":43}},{"start":{"line":2656,"column":46},"end":{"line":2656,"column":103}}]},"134":{"line":2656,"type":"cond-expr","locations":[{"start":{"line":2656,"column":65},"end":{"line":2656,"column":66}},{"start":{"line":2656,"column":69},"end":{"line":2656,"column":103}}]},"135":{"line":2685,"type":"cond-expr","locations":[{"start":{"line":2685,"column":31},"end":{"line":2685,"column":32}},{"start":{"line":2685,"column":35},"end":{"line":2685,"column":158}}]},"136":{"line":2689,"type":"cond-expr","locations":[{"start":{"line":2689,"column":31},"end":{"line":2689,"column":32}},{"start":{"line":2689,"column":35},"end":{"line":2689,"column":87}}]},"137":{"line":2868,"type":"if","locations":[{"start":{"line":2868,"column":24},"end":{"line":2868,"column":24}},{"start":{"line":2868,"column":24},"end":{"line":2868,"column":24}}]},"138":{"line":2899,"type":"if","locations":[{"start":{"line":2899,"column":16},"end":{"line":2899,"column":16}},{"start":{"line":2899,"column":16},"end":{"line":2899,"column":16}}]},"139":{"line":2984,"type":"binary-expr","locations":[{"start":{"line":2984,"column":37},"end":{"line":2984,"column":46}},{"start":{"line":2984,"column":50},"end":{"line":2984,"column":54}}]},"140":{"line":2995,"type":"cond-expr","locations":[{"start":{"line":2995,"column":69},"end":{"line":2995,"column":79}},{"start":{"line":2995,"column":82},"end":{"line":2995,"column":86}}]},"141":{"line":2995,"type":"binary-expr","locations":[{"start":{"line":2995,"column":23},"end":{"line":2995,"column":29}},{"start":{"line":2995,"column":33},"end":{"line":2995,"column":66}}]},"142":{"line":2996,"type":"cond-expr","locations":[{"start":{"line":2996,"column":69},"end":{"line":2996,"column":79}},{"start":{"line":2996,"column":82},"end":{"line":2996,"column":86}}]},"143":{"line":2996,"type":"binary-expr","locations":[{"start":{"line":2996,"column":23},"end":{"line":2996,"column":29}},{"start":{"line":2996,"column":33},"end":{"line":2996,"column":66}}]},"144":{"line":3001,"type":"binary-expr","locations":[{"start":{"line":3001,"column":24},"end":{"line":3001,"column":29}},{"start":{"line":3001,"column":33},"end":{"line":3001,"column":45}},{"start":{"line":3001,"column":51},"end":{"line":3001,"column":56}},{"start":{"line":3001,"column":60},"end":{"line":3001,"column":72}}]},"145":{"line":3011,"type":"binary-expr","locations":[{"start":{"line":3011,"column":25},"end":{"line":3011,"column":31}},{"start":{"line":3011,"column":35},"end":{"line":3011,"column":41}},{"start":{"line":3011,"column":47},"end":{"line":3011,"column":54}},{"start":{"line":3011,"column":58},"end":{"line":3011,"column":63}}]},"146":{"line":3013,"type":"if","locations":[{"start":{"line":3013,"column":20},"end":{"line":3013,"column":20}},{"start":{"line":3013,"column":20},"end":{"line":3013,"column":20}}]},"147":{"line":3019,"type":"if","locations":[{"start":{"line":3019,"column":20},"end":{"line":3019,"column":20}},{"start":{"line":3019,"column":20},"end":{"line":3019,"column":20}}]},"148":{"line":3019,"type":"binary-expr","locations":[{"start":{"line":3019,"column":24},"end":{"line":3019,"column":25}},{"start":{"line":3019,"column":29},"end":{"line":3019,"column":47}},{"start":{"line":3019,"column":51},"end":{"line":3019,"column":69}}]},"149":{"line":3034,"type":"binary-expr","locations":[{"start":{"line":3034,"column":24},"end":{"line":3034,"column":41}},{"start":{"line":3034,"column":45},"end":{"line":3034,"column":62}}]},"150":{"line":3035,"type":"if","locations":[{"start":{"line":3035,"column":20},"end":{"line":3035,"column":20}},{"start":{"line":3035,"column":20},"end":{"line":3035,"column":20}}]},"151":{"line":3044,"type":"binary-expr","locations":[{"start":{"line":3044,"column":23},"end":{"line":3044,"column":36}},{"start":{"line":3044,"column":40},"end":{"line":3044,"column":57}},{"start":{"line":3044,"column":61},"end":{"line":3044,"column":81}}]},"152":{"line":3045,"type":"if","locations":[{"start":{"line":3045,"column":20},"end":{"line":3045,"column":20}},{"start":{"line":3045,"column":20},"end":{"line":3045,"column":20}}]},"153":{"line":3064,"type":"binary-expr","locations":[{"start":{"line":3064,"column":33},"end":{"line":3064,"column":37}},{"start":{"line":3064,"column":41},"end":{"line":3064,"column":44}}]},"154":{"line":3094,"type":"binary-expr","locations":[{"start":{"line":3094,"column":27},"end":{"line":3094,"column":37}},{"start":{"line":3094,"column":41},"end":{"line":3094,"column":42}}]},"155":{"line":3095,"type":"binary-expr","locations":[{"start":{"line":3095,"column":34},"end":{"line":3095,"column":51}},{"start":{"line":3095,"column":55},"end":{"line":3095,"column":67}}]},"156":{"line":3097,"type":"binary-expr","locations":[{"start":{"line":3097,"column":25},"end":{"line":3097,"column":39}},{"start":{"line":3097,"column":43},"end":{"line":3097,"column":86}}]},"157":{"line":3098,"type":"binary-expr","locations":[{"start":{"line":3098,"column":36},"end":{"line":3098,"column":61}},{"start":{"line":3098,"column":65},"end":{"line":3098,"column":66}}]},"158":{"line":3099,"type":"binary-expr","locations":[{"start":{"line":3099,"column":32},"end":{"line":3099,"column":53}},{"start":{"line":3099,"column":57},"end":{"line":3099,"column":59}}]},"159":{"line":3136,"type":"if","locations":[{"start":{"line":3136,"column":28},"end":{"line":3136,"column":28}},{"start":{"line":3136,"column":28},"end":{"line":3136,"column":28}}]},"160":{"line":3174,"type":"if","locations":[{"start":{"line":3174,"column":28},"end":{"line":3174,"column":28}},{"start":{"line":3174,"column":28},"end":{"line":3174,"column":28}}]},"161":{"line":3285,"type":"if","locations":[{"start":{"line":3285,"column":28},"end":{"line":3285,"column":28}},{"start":{"line":3285,"column":28},"end":{"line":3285,"column":28}}]},"162":{"line":3320,"type":"binary-expr","locations":[{"start":{"line":3320,"column":16},"end":{"line":3320,"column":24}},{"start":{"line":3320,"column":28},"end":{"line":3320,"column":53}}]},"163":{"line":3349,"type":"if","locations":[{"start":{"line":3349,"column":28},"end":{"line":3349,"column":28}},{"start":{"line":3349,"column":28},"end":{"line":3349,"column":28}}]},"164":{"line":3355,"type":"if","locations":[{"start":{"line":3355,"column":20},"end":{"line":3355,"column":20}},{"start":{"line":3355,"column":20},"end":{"line":3355,"column":20}}]},"165":{"line":3357,"type":"if","locations":[{"start":{"line":3357,"column":27},"end":{"line":3357,"column":27}},{"start":{"line":3357,"column":27},"end":{"line":3357,"column":27}}]},"166":{"line":3357,"type":"binary-expr","locations":[{"start":{"line":3357,"column":31},"end":{"line":3357,"column":52}},{"start":{"line":3357,"column":56},"end":{"line":3357,"column":77}}]},"167":{"line":3362,"type":"binary-expr","locations":[{"start":{"line":3362,"column":20},"end":{"line":3362,"column":28}},{"start":{"line":3362,"column":32},"end":{"line":3362,"column":66}}]},"168":{"line":3388,"type":"if","locations":[{"start":{"line":3388,"column":20},"end":{"line":3388,"column":20}},{"start":{"line":3388,"column":20},"end":{"line":3388,"column":20}}]},"169":{"line":3389,"type":"binary-expr","locations":[{"start":{"line":3389,"column":24},"end":{"line":3389,"column":32}},{"start":{"line":3389,"column":36},"end":{"line":3389,"column":59}}]},"170":{"line":3393,"type":"if","locations":[{"start":{"line":3393,"column":20},"end":{"line":3393,"column":20}},{"start":{"line":3393,"column":20},"end":{"line":3393,"column":20}}]},"171":{"line":3431,"type":"binary-expr","locations":[{"start":{"line":3431,"column":33},"end":{"line":3431,"column":55}},{"start":{"line":3431,"column":59},"end":{"line":3431,"column":86}}]},"172":{"line":3448,"type":"cond-expr","locations":[{"start":{"line":3449,"column":34},"end":{"line":3449,"column":104}},{"start":{"line":3450,"column":34},"end":{"line":3450,"column":78}}]},"173":{"line":3449,"type":"cond-expr","locations":[{"start":{"line":3449,"column":70},"end":{"line":3449,"column":98}},{"start":{"line":3449,"column":101},"end":{"line":3449,"column":102}}]},"174":{"line":3462,"type":"binary-expr","locations":[{"start":{"line":3462,"column":28},"end":{"line":3462,"column":36}},{"start":{"line":3462,"column":40},"end":{"line":3462,"column":61}}]},"175":{"line":3466,"type":"if","locations":[{"start":{"line":3466,"column":28},"end":{"line":3466,"column":28}},{"start":{"line":3466,"column":28},"end":{"line":3466,"column":28}}]},"176":{"line":3468,"type":"if","locations":[{"start":{"line":3468,"column":32},"end":{"line":3468,"column":32}},{"start":{"line":3468,"column":32},"end":{"line":3468,"column":32}}]},"177":{"line":3479,"type":"if","locations":[{"start":{"line":3479,"column":32},"end":{"line":3479,"column":32}},{"start":{"line":3479,"column":32},"end":{"line":3479,"column":32}}]},"178":{"line":3512,"type":"if","locations":[{"start":{"line":3512,"column":16},"end":{"line":3512,"column":16}},{"start":{"line":3512,"column":16},"end":{"line":3512,"column":16}}]}}}}