TN:
SF:/Users/enys/Desktop/ran/src/ran.js
FN:9,(anonymous_1)
FN:17,(anonymous_2)
FN:30,_sum
FN:53,_r
FN:67,_some
FN:81,(anonymous_6)
FN:102,(anonymous_7)
FN:128,(anonymous_8)
FN:153,(anonymous_9)
FN:175,(anonymous_10)
FN:193,(anonymous_11)
FN:212,(anonymous_12)
FN:232,(anonymous_13)
FN:262,(anonymous_14)
FN:292,(anonymous_15)
FN:323,(anonymous_16)
FN:348,(anonymous_17)
FN:369,(anonymous_18)
FN:391,(anonymous_19)
FN:414,(anonymous_20)
FN:446,(anonymous_21)
FN:465,(anonymous_22)
FN:488,(anonymous_23)
FN:534,(anonymous_24)
FN:562,(anonymous_25)
FN:576,_gamma
FN:605,(anonymous_27)
FN:616,(anonymous_28)
FN:640,(anonymous_29)
FN:644,_gliSeries
FN:663,_guiContinuedFraction
FN:687,(anonymous_32)
FN:703,(anonymous_33)
FN:707,_biContinuedFraction
FN:745,(anonymous_35)
FN:764,(anonymous_36)
FN:779,(anonymous_37)
FN:809,(anonymous_38)
FN:841,float
FN:872,int
FN:895,choice
FN:919,char
FN:938,shuffle
FN:970,coin
FN:992,(anonymous_45)
FN:1042,_normal
FN:1058,_gamma
FN:1089,_chiTest
FN:1092,(anonymous_49)
FN:1126,_ksTest
FN:1153,(anonymous_51)
FN:1160,(anonymous_52)
FN:1161,(anonymous_53)
FN:1162,(anonymous_54)
FN:1182,(anonymous_55)
FN:1200,(anonymous_56)
FN:1218,(anonymous_57)
FN:1236,(anonymous_58)
FN:1254,(anonymous_59)
FN:1272,(anonymous_60)
FN:1291,(anonymous_61)
FN:1317,(anonymous_62)
FN:1349,(anonymous_63)
FN:1365,(anonymous_64)
FN:1370,(anonymous_65)
FN:1374,(anonymous_66)
FN:1387,(anonymous_67)
FN:1402,(anonymous_68)
FN:1408,(anonymous_69)
FN:1414,(anonymous_70)
FN:1418,(anonymous_71)
FN:1433,(anonymous_72)
FN:1440,(anonymous_73)
FN:1477,(anonymous_74)
FN:1483,(anonymous_75)
FN:1499,(anonymous_76)
FN:1505,(anonymous_77)
FN:1509,(anonymous_78)
FN:1514,(anonymous_79)
FN:1529,(anonymous_80)
FN:1603,(anonymous_81)
FN:1614,(anonymous_82)
FN:1619,(anonymous_83)
FN:1634,(anonymous_84)
FN:1639,(anonymous_85)
FN:1643,(anonymous_86)
FN:1647,(anonymous_87)
FN:1661,(anonymous_88)
FN:1666,(anonymous_89)
FN:1670,(anonymous_90)
FN:1674,(anonymous_91)
FN:1690,(anonymous_92)
FN:1696,(anonymous_93)
FN:1700,(anonymous_94)
FN:1704,(anonymous_95)
FN:1719,(anonymous_96)
FN:1733,(anonymous_97)
FN:1749,(anonymous_98)
FN:1755,(anonymous_99)
FN:1759,(anonymous_100)
FN:1763,(anonymous_101)
FN:1778,(anonymous_102)
FN:1784,(anonymous_103)
FN:1788,(anonymous_104)
FN:1792,(anonymous_105)
FN:1807,(anonymous_106)
FN:1813,(anonymous_107)
FN:1817,(anonymous_108)
FN:1821,(anonymous_109)
FN:1836,(anonymous_110)
FN:1842,(anonymous_111)
FN:1846,(anonymous_112)
FN:1850,(anonymous_113)
FN:1865,(anonymous_114)
FN:1870,(anonymous_115)
FN:1874,(anonymous_116)
FN:1878,(anonymous_117)
FN:1892,(anonymous_118)
FN:1897,(anonymous_119)
FN:1930,(anonymous_120)
FN:1935,(anonymous_121)
FN:1952,(anonymous_122)
FN:1958,(anonymous_123)
FN:1962,(anonymous_124)
FN:1966,(anonymous_125)
FN:1982,(anonymous_126)
FN:1988,(anonymous_127)
FN:1992,(anonymous_128)
FN:1997,(anonymous_129)
FN:2013,(anonymous_130)
FN:2018,(anonymous_131)
FN:2022,(anonymous_132)
FN:2026,(anonymous_133)
FN:2061,(anonymous_134)
FN:2072,(anonymous_135)
FN:2085,(anonymous_136)
FN:2098,(anonymous_137)
FN:2111,(anonymous_138)
FN:2131,(anonymous_139)
FN:2147,(anonymous_140)
FN:2160,(anonymous_141)
FN:2171,(anonymous_142)
FN:2183,(anonymous_143)
FN:2197,(anonymous_144)
FN:2215,(anonymous_145)
FN:2225,(anonymous_146)
FN:2236,_gri
FN:2240,(anonymous_148)
FN:2241,(anonymous_149)
FN:2268,(anonymous_150)
FN:2269,(anonymous_151)
FN:2270,(anonymous_152)
FN:2271,(anonymous_153)
FN:2287,(anonymous_154)
FN:2293,_boundary
FN:2297,_accept
FN:2320,_iterate
FN:2352,burnIn
FN:2356,sample
FN:2357,(anonymous_160)
FN:2386,(anonymous_161)
FN:2401,(anonymous_162)
FN:2413,(anonymous_163)
FN:2424,(anonymous_164)
FN:2443,(anonymous_165)
FN:2454,(anonymous_166)
FN:2465,(anonymous_167)
FN:2483,(anonymous_168)
FN:2498,(anonymous_169)
FN:2510,(anonymous_170)
FN:2522,(anonymous_171)
FN:2538,(anonymous_172)
FN:2557,(anonymous_173)
FN:2569,(anonymous_174)
FN:2585,(anonymous_175)
FN:2601,(anonymous_176)
FN:2629,(anonymous_177)
FN:2670,(anonymous_178)
FN:2709,(anonymous_179)
FN:2722,(anonymous_180)
FN:2741,(anonymous_181)
FN:2754,(anonymous_182)
FN:2786,(anonymous_183)
FN:2794,(anonymous_184)
FN:2801,(anonymous_185)
FN:2819,(anonymous_186)
FNF:186
FNH:123
FNDA:1,(anonymous_1)
FNDA:1,(anonymous_2)
FNDA:0,_sum
FNDA:466000,_r
FNDA:42218,_some
FNDA:1,(anonymous_6)
FNDA:6062,(anonymous_7)
FNDA:4056,(anonymous_8)
FNDA:200,(anonymous_9)
FNDA:100,(anonymous_10)
FNDA:200,(anonymous_11)
FNDA:200,(anonymous_12)
FNDA:3656,(anonymous_13)
FNDA:2909,(anonymous_14)
FNDA:801,(anonymous_15)
FNDA:30204,(anonymous_16)
FNDA:300,(anonymous_17)
FNDA:200,(anonymous_18)
FNDA:200,(anonymous_19)
FNDA:201,(anonymous_20)
FNDA:400,(anonymous_21)
FNDA:400,(anonymous_22)
FNDA:100,(anonymous_23)
FNDA:1,(anonymous_24)
FNDA:1,(anonymous_25)
FNDA:29006,_gamma
FNDA:1,(anonymous_27)
FNDA:102568,(anonymous_28)
FNDA:1,(anonymous_29)
FNDA:48717,_gliSeries
FNDA:25283,_guiContinuedFraction
FNDA:74000,(anonymous_32)
FNDA:1,(anonymous_33)
FNDA:11956,_biContinuedFraction
FNDA:11956,(anonymous_35)
FNDA:1,(anonymous_36)
FNDA:45000,(anonymous_37)
FNDA:1,(anonymous_38)
FNDA:210000,float
FNDA:120000,int
FNDA:1003,choice
FNDA:1003,char
FNDA:1000,shuffle
FNDA:10000,coin
FNDA:1,(anonymous_45)
FNDA:91285,_normal
FNDA:94000,_gamma
FNDA:18,_chiTest
FNDA:18000,(anonymous_49)
FNDA:20,_ksTest
FNDA:400,(anonymous_51)
FNDA:0,(anonymous_52)
FNDA:0,(anonymous_53)
FNDA:0,(anonymous_54)
FNDA:218,(anonymous_55)
FNDA:10103618,(anonymous_56)
FNDA:233054,(anonymous_57)
FNDA:0,(anonymous_58)
FNDA:0,(anonymous_59)
FNDA:0,(anonymous_60)
FNDA:0,(anonymous_61)
FNDA:0,(anonymous_62)
FNDA:38,(anonymous_63)
FNDA:20,(anonymous_64)
FNDA:10000,(anonymous_65)
FNDA:30,(anonymous_66)
FNDA:10,(anonymous_67)
FNDA:20,(anonymous_68)
FNDA:10000,(anonymous_69)
FNDA:99990,(anonymous_70)
FNDA:10990,(anonymous_71)
FNDA:20,(anonymous_72)
FNDA:10000,(anonymous_73)
FNDA:1350,(anonymous_74)
FNDA:1000,(anonymous_75)
FNDA:20,(anonymous_76)
FNDA:10000,(anonymous_77)
FNDA:1010000,(anonymous_78)
FNDA:20000,(anonymous_79)
FNDA:20,(anonymous_80)
FNDA:10000,(anonymous_81)
FNDA:102,(anonymous_82)
FNDA:54,(anonymous_83)
FNDA:0,(anonymous_84)
FNDA:0,(anonymous_85)
FNDA:0,(anonymous_86)
FNDA:0,(anonymous_87)
FNDA:20,(anonymous_88)
FNDA:10000,(anonymous_89)
FNDA:1010000,(anonymous_90)
FNDA:20000,(anonymous_91)
FNDA:60,(anonymous_92)
FNDA:30000,(anonymous_93)
FNDA:2121000,(anonymous_94)
FNDA:51000,(anonymous_95)
FNDA:20,(anonymous_96)
FNDA:20,(anonymous_97)
FNDA:20,(anonymous_98)
FNDA:10000,(anonymous_99)
FNDA:101000,(anonymous_100)
FNDA:11000,(anonymous_101)
FNDA:20,(anonymous_102)
FNDA:10000,(anonymous_103)
FNDA:101000,(anonymous_104)
FNDA:11000,(anonymous_105)
FNDA:20,(anonymous_106)
FNDA:10000,(anonymous_107)
FNDA:505000,(anonymous_108)
FNDA:15000,(anonymous_109)
FNDA:20,(anonymous_110)
FNDA:10000,(anonymous_111)
FNDA:2020000,(anonymous_112)
FNDA:30000,(anonymous_113)
FNDA:30,(anonymous_114)
FNDA:20000,(anonymous_115)
FNDA:101000,(anonymous_116)
FNDA:31000,(anonymous_117)
FNDA:30,(anonymous_118)
FNDA:20000,(anonymous_119)
FNDA:2220,(anonymous_120)
FNDA:1000,(anonymous_121)
FNDA:30,(anonymous_122)
FNDA:20000,(anonymous_123)
FNDA:2020000,(anonymous_124)
FNDA:30000,(anonymous_125)
FNDA:30,(anonymous_126)
FNDA:18000,(anonymous_127)
FNDA:1839,(anonymous_128)
FNDA:1000,(anonymous_129)
FNDA:20,(anonymous_130)
FNDA:10000,(anonymous_131)
FNDA:1010000,(anonymous_132)
FNDA:20000,(anonymous_133)
FNDA:1,(anonymous_134)
FNDA:0,(anonymous_135)
FNDA:0,(anonymous_136)
FNDA:0,(anonymous_137)
FNDA:0,(anonymous_138)
FNDA:0,(anonymous_139)
FNDA:0,(anonymous_140)
FNDA:0,(anonymous_141)
FNDA:0,(anonymous_142)
FNDA:0,(anonymous_143)
FNDA:0,(anonymous_144)
FNDA:1,(anonymous_145)
FNDA:1,(anonymous_146)
FNDA:0,_gri
FNDA:0,(anonymous_148)
FNDA:0,(anonymous_149)
FNDA:0,(anonymous_150)
FNDA:0,(anonymous_151)
FNDA:0,(anonymous_152)
FNDA:0,(anonymous_153)
FNDA:0,(anonymous_154)
FNDA:0,_boundary
FNDA:0,_accept
FNDA:0,_iterate
FNDA:0,burnIn
FNDA:0,sample
FNDA:0,(anonymous_160)
FNDA:0,(anonymous_161)
FNDA:0,(anonymous_162)
FNDA:0,(anonymous_163)
FNDA:0,(anonymous_164)
FNDA:0,(anonymous_165)
FNDA:0,(anonymous_166)
FNDA:0,(anonymous_167)
FNDA:0,(anonymous_168)
FNDA:0,(anonymous_169)
FNDA:0,(anonymous_170)
FNDA:0,(anonymous_171)
FNDA:0,(anonymous_172)
FNDA:0,(anonymous_173)
FNDA:0,(anonymous_174)
FNDA:0,(anonymous_175)
FNDA:0,(anonymous_176)
FNDA:0,(anonymous_177)
FNDA:0,(anonymous_178)
FNDA:0,(anonymous_179)
FNDA:0,(anonymous_180)
FNDA:0,(anonymous_181)
FNDA:0,(anonymous_182)
FNDA:0,(anonymous_183)
FNDA:0,(anonymous_184)
FNDA:0,(anonymous_185)
FNDA:0,(anonymous_186)
DA:9,1
DA:10,1
DA:11,1
DA:12,0
DA:13,0
DA:15,0
DA:30,1
DA:31,0
DA:32,0
DA:33,0
DA:36,0
DA:37,0
DA:53,1
DA:54,466000
DA:67,1
DA:68,42218
DA:69,21000
DA:71,417000
DA:81,1
DA:103,6062
DA:104,201
DA:105,201
DA:106,5861
DA:107,5859
DA:108,2
DA:109,1
DA:111,1
DA:129,4056
DA:154,200
DA:155,100
DA:157,100
DA:176,658
DA:194,5954
DA:213,200
DA:214,6146
DA:233,3656
DA:234,39110
DA:263,2909
DA:264,2834
DA:265,502
DA:266,2834
DA:268,2407
DA:269,2405
DA:270,2
DA:271,1
DA:273,1
DA:293,4669
DA:324,30204
DA:325,10987
DA:327,19217
DA:349,11709
DA:370,7606
DA:392,200
DA:393,8599
DA:415,201
DA:416,201
DA:417,201
DA:418,201
DA:419,1168
DA:420,8498
DA:421,8498
DA:422,69070
DA:424,8498
DA:427,201
DA:447,15868
DA:466,3556
DA:490,100
DA:495,100
DA:497,579
DA:498,579
DA:499,1810
DA:501,579
DA:504,579
DA:505,1810
DA:506,1810
DA:507,3766
DA:509,1810
DA:513,100
DA:521,1
DA:534,1
DA:542,1
DA:551,1
DA:562,1
DA:564,1
DA:576,1
DA:577,29006
DA:578,29006
DA:579,383
DA:581,28623
DA:582,28623
DA:584,28623
DA:585,228984
DA:586,228984
DA:587,228984
DA:590,29006
DA:593,1
DA:605,1
DA:607,1
DA:616,1
DA:617,102568
DA:620,102568
DA:621,102568
DA:622,102568
DA:623,615408
DA:624,615408
DA:626,102568
DA:640,1
DA:641,1
DA:644,1
DA:645,48717
DA:646,0
DA:648,48717
DA:651,48717
DA:652,605050
DA:653,605050
DA:654,605050
DA:655,605050
DA:656,48717
DA:658,48717
DA:663,1
DA:664,25283
DA:669,25283
DA:670,142461
DA:671,142461
DA:672,142461
DA:673,142461
DA:674,0
DA:675,142461
DA:676,142461
DA:677,142461
DA:678,0
DA:679,142461
DA:680,142461
DA:681,142461
DA:682,25283
DA:684,25283
DA:687,1
DA:688,74000
DA:703,1
DA:704,1
DA:707,1
DA:708,11956
DA:713,11956
DA:714,0
DA:715,11956
DA:716,11956
DA:718,11956
DA:719,54894
DA:721,54894
DA:722,54894
DA:723,0
DA:724,54894
DA:725,54894
DA:726,0
DA:727,54894
DA:728,54894
DA:729,54894
DA:730,54894
DA:731,54894
DA:732,0
DA:733,54894
DA:734,54894
DA:735,0
DA:736,54894
DA:737,54894
DA:738,54894
DA:739,54894
DA:740,11956
DA:742,11956
DA:745,1
DA:746,11956
DA:749,11956
DA:764,1
DA:766,1
DA:779,1
DA:780,45000
DA:783,45000
DA:784,450000
DA:785,450000
DA:787,45000
DA:789,45000
DA:794,1
DA:809,1
DA:841,1
DA:842,210000
DA:843,100000
DA:844,110000
DA:845,100000
DA:846,65000
DA:872,1
DA:873,120000
DA:874,100000
DA:875,40000
DA:895,1
DA:896,1003
DA:897,3
DA:898,1000
DA:919,1
DA:920,1003
DA:921,3
DA:922,60000
DA:938,1
DA:939,1000
DA:940,1000
DA:941,10000
DA:942,10000
DA:943,10000
DA:944,10000
DA:946,1000
DA:970,1
DA:971,10000
DA:972,54000
DA:976,1
DA:992,1
DA:1000,1
DA:1029,1
DA:1042,1
DA:1043,91285
DA:1045,91285
DA:1058,1
DA:1059,94000
DA:1060,70000
DA:1063,70000
DA:1064,71285
DA:1065,71285
DA:1066,71246
DA:1067,71246
DA:1068,71246
DA:1069,70000
DA:1073,24000
DA:1089,1
DA:1091,18
DA:1092,18
DA:1093,18000
DA:1097,18
DA:1099,18
DA:1100,913
DA:1101,913
DA:1105,18
DA:1109,18
DA:1126,1
DA:1128,199354
DA:1131,20
DA:1132,20
DA:1133,20000
DA:1137,20
DA:1154,400
DA:1155,400
DA:1156,400
DA:1157,400
DA:1183,218000
DA:1201,10103618
DA:1219,233054
DA:1237,0
DA:1255,0
DA:1273,0
DA:1292,0
DA:1318,0
DA:1350,38
DA:1351,913
DA:1352,20000
DA:1366,20
DA:1367,20
DA:1371,10000
DA:1375,30
DA:1388,10
DA:1403,20
DA:1404,20
DA:1405,20
DA:1409,10000
DA:1411,10000
DA:1415,99990
DA:1419,10990
DA:1434,20
DA:1435,20
DA:1436,20
DA:1437,20
DA:1441,10000
DA:1442,0
DA:1443,0
DA:1444,0
DA:1445,0
DA:1446,10000
DA:1447,0
DA:1450,0
DA:1451,0
DA:1452,0
DA:1454,0
DA:1455,0
DA:1457,10000
DA:1463,10000
DA:1464,10000
DA:1465,23382
DA:1466,26197
DA:1467,26197
DA:1469,23382
DA:1470,23382
DA:1473,10000
DA:1478,1350
DA:1479,1350
DA:1484,1000
DA:1485,1000
DA:1500,20
DA:1501,20
DA:1502,20
DA:1506,10000
DA:1510,1010000
DA:1515,20000
DA:1530,20
DA:1531,20
DA:1534,20
DA:1538,20
DA:1540,20
DA:1541,102
DA:1544,20
DA:1547,20
DA:1548,102
DA:1549,102
DA:1550,48
DA:1552,54
DA:1556,20
DA:1557,20
DA:1558,20
DA:1559,102
DA:1560,102
DA:1564,20
DA:1566,20
DA:1567,82
DA:1568,82
DA:1570,82
DA:1571,82
DA:1573,82
DA:1574,82
DA:1575,44
DA:1577,38
DA:1579,20
DA:1580,10
DA:1581,10
DA:1582,10
DA:1584,20
DA:1585,10
DA:1586,10
DA:1587,10
DA:1592,20
DA:1594,20
DA:1595,82
DA:1596,82
DA:1600,20
DA:1604,10000
DA:1605,0
DA:1607,10000
DA:1608,10000
DA:1609,6806
DA:1611,3194
DA:1615,102
DA:1616,102
DA:1620,54
DA:1621,54
DA:1635,0
DA:1636,0
DA:1640,0
DA:1644,0
DA:1648,0
DA:1662,20
DA:1663,20
DA:1667,10000
DA:1671,1010000
DA:1675,20000
DA:1691,60
DA:1692,60
DA:1693,60
DA:1697,30000
DA:1701,2121000
DA:1705,51000
DA:1720,20
DA:1734,20
DA:1750,20
DA:1751,20
DA:1752,20
DA:1756,10000
DA:1760,101000
DA:1764,11000
DA:1779,20
DA:1780,20
DA:1781,20
DA:1785,10000
DA:1789,101000
DA:1793,11000
DA:1808,20
DA:1809,20
DA:1810,20
DA:1814,10000
DA:1818,505000
DA:1822,15000
DA:1837,20
DA:1838,20
DA:1839,20
DA:1843,10000
DA:1847,2020000
DA:1851,30000
DA:1866,30
DA:1867,30
DA:1871,20000
DA:1875,101000
DA:1879,31000
DA:1893,30
DA:1894,30
DA:1898,20000
DA:1900,16000
DA:1903,16000
DA:1904,318926
DA:1905,318926
DA:1907,16000
DA:1910,4000
DA:1914,4000
DA:1915,5899
DA:1918,5899
DA:1919,1
DA:1920,5898
DA:1924,5898
DA:1925,4000
DA:1931,2220
DA:1932,2220
DA:1936,1000
DA:1937,1000
DA:1953,30
DA:1954,30
DA:1955,30
DA:1959,20000
DA:1963,2020000
DA:1967,30000
DA:1983,30
DA:1984,30
DA:1985,30
DA:1989,18000
DA:1993,1839
DA:1994,1839
DA:1998,1000
DA:1999,1000
DA:2014,20
DA:2015,20
DA:2019,10000
DA:2023,1010000
DA:2027,20000
DA:2032,1
DA:2061,1
DA:2073,0
DA:2074,0
DA:2075,0
DA:2076,0
DA:2086,0
DA:2087,0
DA:2088,0
DA:2099,0
DA:2100,0
DA:2101,0
DA:2112,0
DA:2113,0
DA:2132,0
DA:2133,0
DA:2134,0
DA:2135,0
DA:2149,0
DA:2150,0
DA:2152,0
DA:2153,0
DA:2154,0
DA:2155,0
DA:2160,0
DA:2161,0
DA:2172,0
DA:2184,0
DA:2185,0
DA:2186,0
DA:2198,0
DA:2203,1
DA:2215,1
DA:2223,1
DA:2225,1
DA:2236,1
DA:2238,0
DA:2240,0
DA:2241,0
DA:2242,0
DA:2244,0
DA:2246,0
DA:2247,0
DA:2251,0
DA:2255,0
DA:2268,1
DA:2269,0
DA:2270,0
DA:2271,0
DA:2272,0
DA:2287,1
DA:2288,0
DA:2293,1
DA:2294,0
DA:2297,1
DA:2298,0
DA:2302,0
DA:2303,0
DA:2304,0
DA:2306,0
DA:2307,0
DA:2309,0
DA:2312,0
DA:2313,0
DA:2317,0
DA:2320,1
DA:2322,0
DA:2327,0
DA:2328,0
DA:2329,0
DA:2331,0
DA:2336,0
DA:2337,0
DA:2338,0
DA:2339,0
DA:2341,0
DA:2343,0
DA:2347,0
DA:2348,0
DA:2352,1
DA:2353,0
DA:2356,1
DA:2357,0
DA:2358,0
DA:2363,0
DA:2387,0
DA:2388,0
DA:2389,0
DA:2390,0
DA:2391,0
DA:2392,0
DA:2401,0
DA:2402,0
DA:2404,0
DA:2414,0
DA:2426,0
DA:2429,0
DA:2430,0
DA:2443,0
DA:2444,0
DA:2446,0
DA:2455,0
DA:2466,0
DA:2467,0
DA:2468,0
DA:2484,0
DA:2499,0
DA:2511,0
DA:2523,0
DA:2539,0
DA:2540,0
DA:2541,0
DA:2542,0
DA:2558,0
DA:2571,0
DA:2573,0
DA:2574,0
DA:2576,0
DA:2577,0
DA:2578,0
DA:2579,0
DA:2585,0
DA:2586,0
DA:2603,0
DA:2606,0
DA:2607,0
DA:2610,0
DA:2613,0
DA:2615,0
DA:2631,0
DA:2633,0
DA:2634,0
DA:2640,0
DA:2641,0
DA:2642,0
DA:2643,0
DA:2648,0
DA:2649,0
DA:2650,0
DA:2651,0
DA:2655,0
DA:2672,0
DA:2677,0
DA:2678,0
DA:2681,0
DA:2682,0
DA:2686,0
DA:2687,0
DA:2691,0
DA:2710,0
DA:2713,0
DA:2722,0
DA:2723,0
DA:2726,0
DA:2731,0
DA:2742,0
DA:2743,0
DA:2744,0
DA:2756,0
DA:2757,0
DA:2760,0
DA:2762,0
DA:2763,0
DA:2765,0
DA:2767,0
DA:2770,0
DA:2771,0
DA:2772,0
DA:2773,0
DA:2774,0
DA:2787,0
DA:2795,0
DA:2802,0
DA:2804,0
DA:2806,0
DA:2807,0
DA:2809,0
DA:2812,0
DA:2820,0
DA:2842,1
DA:2862,1
DA:2863,1
DA:2864,1
DA:2865,1
DA:2866,1
LF:629
LH:427
BRDA:10,1,0,1
BRDA:10,1,1,0
BRDA:10,2,0,1
BRDA:10,2,1,1
BRDA:12,3,0,0
BRDA:12,3,1,0
BRDA:12,4,0,0
BRDA:12,4,1,0
BRDA:15,5,0,0
BRDA:15,5,1,0
BRDA:31,6,0,0
BRDA:31,6,1,0
BRDA:54,7,0,424000
BRDA:54,7,1,42000
BRDA:68,8,0,21000
BRDA:68,8,1,21218
BRDA:103,9,0,201
BRDA:103,9,1,5861
BRDA:106,10,0,5859
BRDA:106,10,1,2
BRDA:108,11,0,1
BRDA:108,11,1,1
BRDA:108,12,0,2
BRDA:108,12,1,1
BRDA:154,13,0,100
BRDA:154,13,1,100
BRDA:263,14,0,502
BRDA:263,14,1,2407
BRDA:268,15,0,2405
BRDA:268,15,1,2
BRDA:270,16,0,1
BRDA:270,16,1,1
BRDA:270,17,0,2
BRDA:270,17,1,1
BRDA:324,18,0,10987
BRDA:324,18,1,19217
BRDA:578,19,0,383
BRDA:578,19,1,28623
BRDA:645,20,0,0
BRDA:645,20,1,48717
BRDA:655,21,0,48717
BRDA:655,21,1,556333
BRDA:673,22,0,0
BRDA:673,22,1,142461
BRDA:677,23,0,0
BRDA:677,23,1,142461
BRDA:681,24,0,25283
BRDA:681,24,1,117178
BRDA:688,25,0,48717
BRDA:688,25,1,25283
BRDA:713,26,0,0
BRDA:713,26,1,11956
BRDA:722,27,0,0
BRDA:722,27,1,54894
BRDA:725,28,0,0
BRDA:725,28,1,54894
BRDA:731,29,0,0
BRDA:731,29,1,54894
BRDA:734,30,0,0
BRDA:734,30,1,54894
BRDA:739,31,0,11956
BRDA:739,31,1,42938
BRDA:746,32,0,0
BRDA:746,32,1,11956
BRDA:746,33,0,11956
BRDA:746,33,1,11956
BRDA:749,34,0,5947
BRDA:749,34,1,6009
BRDA:789,35,0,24354
BRDA:789,35,1,20646
BRDA:842,36,0,100000
BRDA:842,36,1,110000
BRDA:844,37,0,100000
BRDA:844,37,1,10000
BRDA:873,38,0,100000
BRDA:873,38,1,20000
BRDA:896,39,0,3
BRDA:896,39,1,1000
BRDA:896,40,0,1003
BRDA:896,40,1,1002
BRDA:896,40,2,1001
BRDA:920,41,0,3
BRDA:920,41,1,1000
BRDA:920,42,0,1003
BRDA:920,42,1,1002
BRDA:920,42,2,1001
BRDA:971,43,0,10000
BRDA:971,43,1,0
BRDA:972,44,0,22596
BRDA:972,44,1,31404
BRDA:1059,45,0,70000
BRDA:1059,45,1,24000
BRDA:1065,46,0,71246
BRDA:1065,46,1,39
BRDA:1068,47,0,70000
BRDA:1068,47,1,1246
BRDA:1093,48,0,17087
BRDA:1093,48,1,913
BRDA:1106,49,0,18
BRDA:1106,49,1,0
BRDA:1350,50,0,18
BRDA:1350,50,1,20
BRDA:1371,51,0,4961
BRDA:1371,51,1,5039
BRDA:1375,52,0,10
BRDA:1375,52,1,20
BRDA:1388,53,0,0
BRDA:1388,53,1,10
BRDA:1388,54,0,0
BRDA:1388,54,1,10
BRDA:1419,55,0,0
BRDA:1419,55,1,10990
BRDA:1419,56,0,0
BRDA:1419,56,1,10990
BRDA:1435,57,0,9
BRDA:1435,57,1,11
BRDA:1441,58,0,0
BRDA:1441,58,1,10000
BRDA:1444,59,0,0
BRDA:1444,59,1,0
BRDA:1445,60,0,0
BRDA:1445,60,1,0
BRDA:1446,61,0,0
BRDA:1446,61,1,10000
BRDA:1452,62,0,0
BRDA:1452,62,1,0
BRDA:1454,63,0,0
BRDA:1454,63,1,0
BRDA:1455,64,0,0
BRDA:1455,64,1,0
BRDA:1468,65,0,26197
BRDA:1468,65,1,23791
BRDA:1473,66,0,5000
BRDA:1473,66,1,5000
BRDA:1479,67,0,0
BRDA:1479,67,1,1350
BRDA:1479,68,0,24
BRDA:1479,68,1,1326
BRDA:1485,69,0,10
BRDA:1485,69,1,990
BRDA:1485,70,0,24
BRDA:1485,70,1,966
BRDA:1510,71,0,802949
BRDA:1510,71,1,207051
BRDA:1510,72,0,1010000
BRDA:1510,72,1,702801
BRDA:1515,73,0,3036
BRDA:1515,73,1,16964
BRDA:1515,74,0,4914
BRDA:1515,74,1,12050
BRDA:1538,75,0,20
BRDA:1538,75,1,0
BRDA:1549,76,0,48
BRDA:1549,76,1,54
BRDA:1566,77,0,102
BRDA:1566,77,1,92
BRDA:1574,78,0,44
BRDA:1574,78,1,38
BRDA:1604,79,0,0
BRDA:1604,79,1,10000
BRDA:1608,80,0,6806
BRDA:1608,80,1,3194
BRDA:1616,81,0,0
BRDA:1616,81,1,102
BRDA:1616,82,0,102
BRDA:1616,82,1,102
BRDA:1621,83,0,0
BRDA:1621,83,1,54
BRDA:1621,84,0,0
BRDA:1621,84,1,54
BRDA:1644,85,0,0
BRDA:1644,85,1,0
BRDA:1648,86,0,0
BRDA:1648,86,1,0
BRDA:1648,87,0,0
BRDA:1648,87,1,0
BRDA:1701,88,0,30
BRDA:1701,88,1,2120970
BRDA:1760,89,0,10
BRDA:1760,89,1,100990
BRDA:1789,90,0,10
BRDA:1789,90,1,100990
BRDA:1818,91,0,10
BRDA:1818,91,1,504990
BRDA:1822,92,0,0
BRDA:1822,92,1,15000
BRDA:1875,93,0,23919
BRDA:1875,93,1,77081
BRDA:1879,94,0,231
BRDA:1879,94,1,30769
BRDA:1898,95,0,16000
BRDA:1898,95,1,4000
BRDA:1918,96,0,1
BRDA:1918,96,1,5898
BRDA:1924,97,0,4000
BRDA:1924,97,1,1898
BRDA:1932,98,0,0
BRDA:1932,98,1,2220
BRDA:1937,99,0,0
BRDA:1937,99,1,1000
BRDA:1963,100,0,1985273
BRDA:1963,100,1,34727
BRDA:1963,101,0,2020000
BRDA:1963,101,1,985543
BRDA:1967,102,0,10236
BRDA:1967,102,1,19764
BRDA:1967,103,0,9419
BRDA:1967,103,1,10345
BRDA:1994,104,0,862
BRDA:1994,104,1,977
BRDA:1994,105,0,1839
BRDA:1994,105,1,1010
BRDA:1999,106,0,829
BRDA:1999,106,1,171
BRDA:1999,107,0,33
BRDA:1999,107,1,138
BRDA:2023,108,0,0
BRDA:2023,108,1,1010000
BRDA:2027,109,0,0
BRDA:2027,109,1,20000
BRDA:2154,110,0,0
BRDA:2154,110,1,0
BRDA:2185,111,0,0
BRDA:2185,111,1,0
BRDA:2270,112,0,0
BRDA:2270,112,1,0
BRDA:2288,113,0,0
BRDA:2288,113,1,0
BRDA:2288,114,0,0
BRDA:2288,114,1,0
BRDA:2289,115,0,0
BRDA:2289,115,1,0
BRDA:2289,116,0,0
BRDA:2289,116,1,0
BRDA:2294,117,0,0
BRDA:2294,117,1,0
BRDA:2294,117,2,0
BRDA:2294,117,3,0
BRDA:2304,118,0,0
BRDA:2304,118,1,0
BRDA:2304,118,2,0
BRDA:2304,118,3,0
BRDA:2306,119,0,0
BRDA:2306,119,1,0
BRDA:2312,120,0,0
BRDA:2312,120,1,0
BRDA:2312,121,0,0
BRDA:2312,121,1,0
BRDA:2312,121,2,0
BRDA:2327,122,0,0
BRDA:2327,122,1,0
BRDA:2328,123,0,0
BRDA:2328,123,1,0
BRDA:2337,124,0,0
BRDA:2337,124,1,0
BRDA:2337,124,2,0
BRDA:2338,125,0,0
BRDA:2338,125,1,0
BRDA:2357,126,0,0
BRDA:2357,126,1,0
BRDA:2387,127,0,0
BRDA:2387,127,1,0
BRDA:2388,128,0,0
BRDA:2388,128,1,0
BRDA:2390,129,0,0
BRDA:2390,129,1,0
BRDA:2391,130,0,0
BRDA:2391,130,1,0
BRDA:2392,131,0,0
BRDA:2392,131,1,0
BRDA:2429,132,0,0
BRDA:2429,132,1,0
BRDA:2467,133,0,0
BRDA:2467,133,1,0
BRDA:2578,134,0,0
BRDA:2578,134,1,0
BRDA:2613,135,0,0
BRDA:2613,135,1,0
BRDA:2642,136,0,0
BRDA:2642,136,1,0
BRDA:2648,137,0,0
BRDA:2648,137,1,0
BRDA:2650,138,0,0
BRDA:2650,138,1,0
BRDA:2650,139,0,0
BRDA:2650,139,1,0
BRDA:2655,140,0,0
BRDA:2655,140,1,0
BRDA:2681,141,0,0
BRDA:2681,141,1,0
BRDA:2682,142,0,0
BRDA:2682,142,1,0
BRDA:2686,143,0,0
BRDA:2686,143,1,0
BRDA:2725,144,0,0
BRDA:2725,144,1,0
BRDA:2742,145,0,0
BRDA:2742,145,1,0
BRDA:2743,146,0,0
BRDA:2743,146,1,0
BRDA:2756,147,0,0
BRDA:2756,147,1,0
BRDA:2760,148,0,0
BRDA:2760,148,1,0
BRDA:2762,149,0,0
BRDA:2762,149,1,0
BRDA:2773,150,0,0
BRDA:2773,150,1,0
BRDA:2806,151,0,0
BRDA:2806,151,1,0
BRF:310
BRH:167
end_of_record
