TN:
SF:/Users/enys/Desktop/ran/src/index.js
FN:5,(anonymous_1)
FN:13,(anonymous_2)
FN:26,_sum
FN:49,_r
FN:63,_some
FN:77,(anonymous_6)
FN:98,(anonymous_7)
FN:124,(anonymous_8)
FN:149,(anonymous_9)
FN:171,(anonymous_10)
FN:189,(anonymous_11)
FN:208,(anonymous_12)
FN:228,(anonymous_13)
FN:258,(anonymous_14)
FN:288,(anonymous_15)
FN:319,(anonymous_16)
FN:344,(anonymous_17)
FN:365,(anonymous_18)
FN:387,(anonymous_19)
FN:410,(anonymous_20)
FN:442,(anonymous_21)
FN:461,(anonymous_22)
FN:484,(anonymous_23)
FN:530,(anonymous_24)
FN:549,(anonymous_25)
FN:571,_gamma
FN:591,(anonymous_27)
FN:611,(anonymous_28)
FN:625,(anonymous_29)
FN:629,_gliSeries
FN:648,_guiContinuedFraction
FN:682,(anonymous_32)
FN:687,(anonymous_33)
FN:691,_biContinuedFraction
FN:740,(anonymous_35)
FN:750,(anonymous_36)
FN:774,(anonymous_37)
FN:804,(anonymous_38)
FN:836,float
FN:867,int
FN:890,choice
FN:914,char
FN:933,shuffle
FN:965,coin
FN:986,(anonymous_45)
FN:1044,_normal
FN:1060,_gamma
FN:1091,_chiTest
FN:1094,(anonymous_49)
FN:1130,_ksTest
FN:1157,(anonymous_51)
FN:1164,(anonymous_52)
FN:1177,(anonymous_53)
FN:1190,(anonymous_54)
FN:1212,(anonymous_55)
FN:1230,(anonymous_56)
FN:1250,(anonymous_57)
FN:1270,(anonymous_58)
FN:1290,(anonymous_59)
FN:1310,(anonymous_60)
FN:1329,(anonymous_61)
FN:1360,(anonymous_62)
FN:1392,(anonymous_63)
FN:1470,(anonymous_64)
FN:1475,(anonymous_65)
FN:1479,(anonymous_66)
FN:1483,(anonymous_67)
FN:1504,(anonymous_68)
FN:1510,(anonymous_69)
FN:1516,(anonymous_70)
FN:1520,(anonymous_71)
FN:1539,(anonymous_72)
FN:1546,(anonymous_73)
FN:1583,(anonymous_74)
FN:1589,(anonymous_75)
FN:1609,(anonymous_76)
FN:1615,(anonymous_77)
FN:1619,(anonymous_78)
FN:1624,(anonymous_79)
FN:1643,(anonymous_80)
FN:1649,(anonymous_81)
FN:1653,(anonymous_82)
FN:1658,(anonymous_83)
FN:1677,(anonymous_84)
FN:1751,(anonymous_85)
FN:1762,(anonymous_86)
FN:1767,(anonymous_87)
FN:1786,(anonymous_88)
FN:1791,(anonymous_89)
FN:1795,(anonymous_90)
FN:1799,(anonymous_91)
FN:1817,(anonymous_92)
FN:1822,(anonymous_93)
FN:1826,(anonymous_94)
FN:1830,(anonymous_95)
FN:1850,(anonymous_96)
FN:1856,(anonymous_97)
FN:1860,(anonymous_98)
FN:1864,(anonymous_99)
FN:1883,(anonymous_100)
FN:1901,(anonymous_101)
FN:1921,(anonymous_102)
FN:1927,(anonymous_103)
FN:1931,(anonymous_104)
FN:1935,(anonymous_105)
FN:1954,(anonymous_106)
FN:1960,(anonymous_107)
FN:1964,(anonymous_108)
FN:1968,(anonymous_109)
FN:1987,(anonymous_110)
FN:1993,(anonymous_111)
FN:1997,(anonymous_112)
FN:2001,(anonymous_113)
FN:2020,(anonymous_114)
FN:2026,(anonymous_115)
FN:2030,(anonymous_116)
FN:2034,(anonymous_117)
FN:2053,(anonymous_118)
FN:2058,(anonymous_119)
FN:2062,(anonymous_120)
FN:2066,(anonymous_121)
FN:2084,(anonymous_122)
FN:2089,(anonymous_123)
FN:2122,(anonymous_124)
FN:2127,(anonymous_125)
FN:2149,(anonymous_126)
FN:2155,(anonymous_127)
FN:2159,(anonymous_128)
FN:2163,(anonymous_129)
FN:2183,(anonymous_130)
FN:2189,(anonymous_131)
FN:2193,(anonymous_132)
FN:2198,(anonymous_133)
FN:2214,(anonymous_134)
FN:2219,(anonymous_135)
FN:2223,(anonymous_136)
FN:2227,(anonymous_137)
FN:2263,(anonymous_138)
FN:2265,(anonymous_139)
FN:2271,(anonymous_140)
FN:2287,(anonymous_141)
FN:2300,(anonymous_142)
FN:2313,(anonymous_143)
FN:2326,(anonymous_144)
FN:2346,(anonymous_145)
FN:2362,(anonymous_146)
FN:2375,(anonymous_147)
FN:2386,(anonymous_148)
FN:2398,(anonymous_149)
FN:2412,(anonymous_150)
FN:2430,(anonymous_151)
FN:2440,(anonymous_152)
FN:2451,_gri
FN:2455,(anonymous_154)
FN:2456,(anonymous_155)
FN:2483,(anonymous_156)
FN:2484,(anonymous_157)
FN:2485,(anonymous_158)
FN:2486,(anonymous_159)
FN:2495,(anonymous_160)
FN:2501,_boundary
FN:2505,_accept
FN:2528,_iterate
FN:2560,burnIn
FN:2564,sample
FN:2565,(anonymous_166)
FN:2594,(anonymous_167)
FN:2609,(anonymous_168)
FN:2621,(anonymous_169)
FN:2632,(anonymous_170)
FN:2651,(anonymous_171)
FN:2662,(anonymous_172)
FN:2673,(anonymous_173)
FN:2691,(anonymous_174)
FN:2706,(anonymous_175)
FN:2718,(anonymous_176)
FN:2730,(anonymous_177)
FN:2746,(anonymous_178)
FN:2765,(anonymous_179)
FN:2777,(anonymous_180)
FN:2793,(anonymous_181)
FN:2809,(anonymous_182)
FN:2837,(anonymous_183)
FN:2878,(anonymous_184)
FN:2917,(anonymous_185)
FN:2930,(anonymous_186)
FN:2949,(anonymous_187)
FN:2962,(anonymous_188)
FN:2994,(anonymous_189)
FN:3002,(anonymous_190)
FN:3009,(anonymous_191)
FN:3027,(anonymous_192)
FNF:192
FNH:131
FNDA:1,(anonymous_1)
FNDA:1,(anonymous_2)
FNDA:0,_sum
FNDA:181870,_r
FNDA:42988,_some
FNDA:1,(anonymous_6)
FNDA:6050,(anonymous_7)
FNDA:4044,(anonymous_8)
FNDA:200,(anonymous_9)
FNDA:100,(anonymous_10)
FNDA:200,(anonymous_11)
FNDA:200,(anonymous_12)
FNDA:3644,(anonymous_13)
FNDA:2909,(anonymous_14)
FNDA:801,(anonymous_15)
FNDA:27491,(anonymous_16)
FNDA:300,(anonymous_17)
FNDA:200,(anonymous_18)
FNDA:200,(anonymous_19)
FNDA:201,(anonymous_20)
FNDA:400,(anonymous_21)
FNDA:400,(anonymous_22)
FNDA:100,(anonymous_23)
FNDA:1,(anonymous_24)
FNDA:1,(anonymous_25)
FNDA:480213,_gamma
FNDA:1,(anonymous_27)
FNDA:612363,(anonymous_28)
FNDA:1,(anonymous_29)
FNDA:595069,_gliSeries
FNDA:410931,_guiContinuedFraction
FNDA:1006000,(anonymous_32)
FNDA:1,(anonymous_33)
FNDA:201649,_biContinuedFraction
FNDA:201649,(anonymous_35)
FNDA:1,(anonymous_36)
FNDA:402000,(anonymous_37)
FNDA:1,(anonymous_38)
FNDA:30690,float
FNDA:30180,int
FNDA:1003,choice
FNDA:1003,char
FNDA:1000,shuffle
FNDA:10000,coin
FNDA:1,(anonymous_45)
FNDA:9147,_normal
FNDA:9900,_gamma
FNDA:19,_chiTest
FNDA:19000,(anonymous_49)
FNDA:19,_ksTest
FNDA:480,(anonymous_51)
FNDA:0,(anonymous_52)
FNDA:0,(anonymous_53)
FNDA:0,(anonymous_54)
FNDA:258,(anonymous_55)
FNDA:1405586,(anonymous_56)
FNDA:2818780,(anonymous_57)
FNDA:0,(anonymous_58)
FNDA:0,(anonymous_59)
FNDA:0,(anonymous_60)
FNDA:0,(anonymous_61)
FNDA:0,(anonymous_62)
FNDA:38,(anonymous_63)
FNDA:20,(anonymous_64)
FNDA:1000,(anonymous_65)
FNDA:30,(anonymous_66)
FNDA:10,(anonymous_67)
FNDA:20,(anonymous_68)
FNDA:1000,(anonymous_69)
FNDA:100000,(anonymous_70)
FNDA:201000,(anonymous_71)
FNDA:60,(anonymous_72)
FNDA:3000,(anonymous_73)
FNDA:1011,(anonymous_74)
FNDA:750,(anonymous_75)
FNDA:20,(anonymous_76)
FNDA:1000,(anonymous_77)
FNDA:100000,(anonymous_78)
FNDA:201000,(anonymous_79)
FNDA:20,(anonymous_80)
FNDA:1000,(anonymous_81)
FNDA:100000,(anonymous_82)
FNDA:201000,(anonymous_83)
FNDA:20,(anonymous_84)
FNDA:1000,(anonymous_85)
FNDA:351,(anonymous_86)
FNDA:10,(anonymous_87)
FNDA:20,(anonymous_88)
FNDA:1000,(anonymous_89)
FNDA:2010,(anonymous_90)
FNDA:2010,(anonymous_91)
FNDA:20,(anonymous_92)
FNDA:1000,(anonymous_93)
FNDA:100000,(anonymous_94)
FNDA:201000,(anonymous_95)
FNDA:60,(anonymous_96)
FNDA:3000,(anonymous_97)
FNDA:300000,(anonymous_98)
FNDA:603000,(anonymous_99)
FNDA:20,(anonymous_100)
FNDA:20,(anonymous_101)
FNDA:20,(anonymous_102)
FNDA:1000,(anonymous_103)
FNDA:100000,(anonymous_104)
FNDA:201000,(anonymous_105)
FNDA:20,(anonymous_106)
FNDA:1000,(anonymous_107)
FNDA:100000,(anonymous_108)
FNDA:201000,(anonymous_109)
FNDA:20,(anonymous_110)
FNDA:1000,(anonymous_111)
FNDA:100000,(anonymous_112)
FNDA:201000,(anonymous_113)
FNDA:20,(anonymous_114)
FNDA:1000,(anonymous_115)
FNDA:100000,(anonymous_116)
FNDA:201000,(anonymous_117)
FNDA:30,(anonymous_118)
FNDA:11000,(anonymous_119)
FNDA:100000,(anonymous_120)
FNDA:220000,(anonymous_121)
FNDA:30,(anonymous_122)
FNDA:11000,(anonymous_123)
FNDA:1464,(anonymous_124)
FNDA:1000,(anonymous_125)
FNDA:30,(anonymous_126)
FNDA:10000,(anonymous_127)
FNDA:100000,(anonymous_128)
FNDA:201000,(anonymous_129)
FNDA:30,(anonymous_130)
FNDA:10000,(anonymous_131)
FNDA:1094,(anonymous_132)
FNDA:1000,(anonymous_133)
FNDA:20,(anonymous_134)
FNDA:1000,(anonymous_135)
FNDA:100000,(anonymous_136)
FNDA:201000,(anonymous_137)
FNDA:1,(anonymous_138)
FNDA:0,(anonymous_139)
FNDA:0,(anonymous_140)
FNDA:0,(anonymous_141)
FNDA:0,(anonymous_142)
FNDA:0,(anonymous_143)
FNDA:0,(anonymous_144)
FNDA:0,(anonymous_145)
FNDA:0,(anonymous_146)
FNDA:0,(anonymous_147)
FNDA:0,(anonymous_148)
FNDA:0,(anonymous_149)
FNDA:0,(anonymous_150)
FNDA:1,(anonymous_151)
FNDA:1,(anonymous_152)
FNDA:0,_gri
FNDA:0,(anonymous_154)
FNDA:0,(anonymous_155)
FNDA:0,(anonymous_156)
FNDA:0,(anonymous_157)
FNDA:0,(anonymous_158)
FNDA:0,(anonymous_159)
FNDA:0,(anonymous_160)
FNDA:0,_boundary
FNDA:0,_accept
FNDA:0,_iterate
FNDA:0,burnIn
FNDA:0,sample
FNDA:0,(anonymous_166)
FNDA:0,(anonymous_167)
FNDA:0,(anonymous_168)
FNDA:0,(anonymous_169)
FNDA:0,(anonymous_170)
FNDA:0,(anonymous_171)
FNDA:0,(anonymous_172)
FNDA:0,(anonymous_173)
FNDA:0,(anonymous_174)
FNDA:0,(anonymous_175)
FNDA:0,(anonymous_176)
FNDA:0,(anonymous_177)
FNDA:0,(anonymous_178)
FNDA:0,(anonymous_179)
FNDA:0,(anonymous_180)
FNDA:0,(anonymous_181)
FNDA:0,(anonymous_182)
FNDA:0,(anonymous_183)
FNDA:0,(anonymous_184)
FNDA:0,(anonymous_185)
FNDA:0,(anonymous_186)
FNDA:0,(anonymous_187)
FNDA:0,(anonymous_188)
FNDA:0,(anonymous_189)
FNDA:0,(anonymous_190)
FNDA:0,(anonymous_191)
FNDA:0,(anonymous_192)
DA:5,1
DA:6,1
DA:7,1
DA:8,0
DA:9,0
DA:11,0
DA:26,1
DA:27,0
DA:28,0
DA:29,0
DA:32,0
DA:33,0
DA:49,1
DA:50,181870
DA:63,1
DA:64,42988
DA:65,22730
DA:67,235000
DA:77,1
DA:99,6050
DA:100,201
DA:101,201
DA:102,5849
DA:103,5847
DA:104,2
DA:105,1
DA:107,1
DA:125,4044
DA:150,200
DA:151,100
DA:153,100
DA:172,649
DA:190,6311
DA:209,200
DA:210,6492
DA:229,3644
DA:230,38707
DA:259,2909
DA:260,2723
DA:261,502
DA:262,2723
DA:264,2407
DA:265,2405
DA:266,2
DA:267,1
DA:269,1
DA:289,4351
DA:320,27491
DA:321,10144
DA:323,17347
DA:345,11550
DA:366,7536
DA:388,200
DA:389,7497
DA:411,201
DA:412,201
DA:413,201
DA:414,201
DA:415,1106
DA:416,7836
DA:417,7836
DA:418,62252
DA:420,7836
DA:423,201
DA:443,14995
DA:462,3544
DA:486,100
DA:491,100
DA:493,548
DA:494,548
DA:495,1660
DA:497,548
DA:500,548
DA:501,1660
DA:502,1660
DA:503,3353
DA:505,1660
DA:509,100
DA:517,1
DA:530,1
DA:538,1
DA:547,1
DA:549,1
DA:551,1
DA:571,1
DA:572,480213
DA:573,480213
DA:574,66698
DA:576,413515
DA:577,413515
DA:579,413515
DA:580,3308120
DA:581,3308120
DA:582,3308120
DA:585,480213
DA:588,1
DA:591,1
DA:593,1
DA:611,1
DA:612,612363
DA:615,612363
DA:616,612363
DA:617,612363
DA:618,3674178
DA:619,3674178
DA:621,612363
DA:625,1
DA:626,1
DA:629,1
DA:630,595069
DA:631,0
DA:633,595069
DA:636,595069
DA:637,6646284
DA:638,6646284
DA:639,6646284
DA:640,6646284
DA:641,595069
DA:643,595069
DA:648,1
DA:649,410931
DA:654,410931
DA:655,3049227
DA:656,3049227
DA:657,3049227
DA:658,3049227
DA:659,0
DA:660,3049227
DA:661,3049227
DA:662,3049227
DA:663,0
DA:664,3049227
DA:665,3049227
DA:666,3049227
DA:667,410931
DA:669,410931
DA:682,1
DA:683,1006000
DA:687,1
DA:688,1
DA:691,1
DA:692,201649
DA:697,201649
DA:698,0
DA:699,201649
DA:700,201649
DA:702,201649
DA:703,888055
DA:705,888055
DA:706,888055
DA:707,0
DA:708,888055
DA:709,888055
DA:710,0
DA:711,888055
DA:712,888055
DA:713,888055
DA:714,888055
DA:715,888055
DA:716,0
DA:717,888055
DA:718,888055
DA:719,0
DA:720,888055
DA:721,888055
DA:722,888055
DA:723,888055
DA:724,201649
DA:726,201649
DA:740,1
DA:741,201649
DA:744,201649
DA:750,1
DA:752,1
DA:774,1
DA:775,402000
DA:778,402000
DA:779,4020000
DA:780,4020000
DA:782,402000
DA:784,402000
DA:789,1
DA:804,1
DA:836,1
DA:837,30690
DA:838,10100
DA:839,20590
DA:840,10020
DA:841,42570
DA:867,1
DA:868,30180
DA:869,10020
DA:870,46160
DA:890,1
DA:891,1003
DA:892,3
DA:893,1000
DA:914,1
DA:915,1003
DA:916,3
DA:917,62000
DA:933,1
DA:934,1000
DA:935,1000
DA:936,10000
DA:937,10000
DA:938,10000
DA:939,10000
DA:941,1000
DA:965,1
DA:966,46000
DA:970,1
DA:986,1
DA:994,1
DA:1029,1
DA:1044,1
DA:1045,9147
DA:1047,9147
DA:1060,1
DA:1061,9900
DA:1062,7000
DA:1065,7000
DA:1066,7147
DA:1067,7147
DA:1068,7142
DA:1069,7142
DA:1070,7142
DA:1071,7000
DA:1075,2900
DA:1091,1
DA:1093,19
DA:1094,19
DA:1095,19000
DA:1099,19
DA:1101,19
DA:1102,374
DA:1103,374
DA:1104,374
DA:1109,19
DA:1113,19
DA:1130,1
DA:1132,191663
DA:1135,19
DA:1136,19
DA:1137,19000
DA:1141,19
DA:1158,480
DA:1159,480
DA:1160,480
DA:1161,480
DA:1165,0
DA:1178,0
DA:1191,0
DA:1213,60000
DA:1231,1405586
DA:1251,2818780
DA:1271,0
DA:1291,0
DA:1311,0
DA:1330,0
DA:1361,0
DA:1393,38
DA:1394,374
DA:1395,19000
DA:1471,20
DA:1472,20
DA:1476,1000
DA:1480,30
DA:1484,10
DA:1505,20
DA:1506,20
DA:1507,20
DA:1511,1000
DA:1513,1000
DA:1517,100000
DA:1521,201000
DA:1540,60
DA:1541,60
DA:1542,60
DA:1543,60
DA:1547,3000
DA:1548,1000
DA:1549,1000
DA:1550,11000
DA:1551,1000
DA:1552,2000
DA:1553,1200
DA:1556,1200
DA:1557,1572
DA:1558,1572
DA:1560,1200
DA:1561,1200
DA:1563,800
DA:1569,800
DA:1570,800
DA:1571,1898
DA:1572,2104
DA:1573,2104
DA:1575,1898
DA:1576,1898
DA:1579,800
DA:1584,1011
DA:1585,1011
DA:1590,750
DA:1591,750
DA:1610,20
DA:1611,20
DA:1612,20
DA:1616,1000
DA:1620,100000
DA:1625,201000
DA:1644,20
DA:1645,20
DA:1646,20
DA:1650,1000
DA:1654,100000
DA:1655,100000
DA:1659,201000
DA:1678,20
DA:1679,20
DA:1682,20
DA:1686,20
DA:1688,20
DA:1689,1072
DA:1692,20
DA:1695,20
DA:1696,1072
DA:1697,1072
DA:1698,547
DA:1700,525
DA:1704,20
DA:1705,20
DA:1706,20
DA:1707,1072
DA:1708,1072
DA:1712,20
DA:1714,20
DA:1715,1052
DA:1716,1052
DA:1718,1052
DA:1719,1052
DA:1721,1052
DA:1722,1052
DA:1723,515
DA:1725,537
DA:1727,20
DA:1728,10
DA:1729,10
DA:1730,10
DA:1732,20
DA:1733,10
DA:1734,10
DA:1735,10
DA:1740,20
DA:1742,20
DA:1743,1052
DA:1744,1052
DA:1748,20
DA:1752,1000
DA:1753,0
DA:1755,1000
DA:1756,1000
DA:1757,617
DA:1759,383
DA:1763,351
DA:1764,351
DA:1768,10
DA:1769,10
DA:1787,20
DA:1788,20
DA:1792,1000
DA:1796,2010
DA:1800,2010
DA:1818,20
DA:1819,20
DA:1823,1000
DA:1827,100000
DA:1831,201000
DA:1851,60
DA:1852,60
DA:1853,60
DA:1857,3000
DA:1861,300000
DA:1865,603000
DA:1884,20
DA:1902,20
DA:1922,20
DA:1923,20
DA:1924,20
DA:1928,1000
DA:1932,100000
DA:1936,201000
DA:1955,20
DA:1956,20
DA:1957,20
DA:1961,1000
DA:1965,100000
DA:1969,201000
DA:1988,20
DA:1989,20
DA:1990,20
DA:1994,1000
DA:1998,100000
DA:2002,201000
DA:2021,20
DA:2022,20
DA:2023,20
DA:2027,1000
DA:2031,100000
DA:2035,201000
DA:2054,30
DA:2055,30
DA:2059,11000
DA:2063,100000
DA:2067,220000
DA:2085,30
DA:2086,30
DA:2090,11000
DA:2092,11000
DA:2095,11000
DA:2096,67295
DA:2097,67295
DA:2099,11000
DA:2102,0
DA:2106,0
DA:2107,0
DA:2110,0
DA:2111,0
DA:2112,0
DA:2116,0
DA:2117,0
DA:2123,1464
DA:2124,1464
DA:2128,1000
DA:2129,1000
DA:2150,30
DA:2151,30
DA:2152,30
DA:2156,10000
DA:2160,100000
DA:2164,201000
DA:2184,30
DA:2185,30
DA:2186,30
DA:2190,10000
DA:2194,1094
DA:2195,1094
DA:2199,1000
DA:2200,1000
DA:2215,20
DA:2216,20
DA:2220,1000
DA:2224,100000
DA:2228,201000
DA:2233,1
DA:2263,1
DA:2266,0
DA:2267,0
DA:2268,0
DA:2272,0
DA:2273,0
DA:2288,0
DA:2289,0
DA:2290,0
DA:2291,0
DA:2301,0
DA:2302,0
DA:2303,0
DA:2314,0
DA:2315,0
DA:2316,0
DA:2327,0
DA:2328,0
DA:2347,0
DA:2348,0
DA:2349,0
DA:2350,0
DA:2364,0
DA:2365,0
DA:2367,0
DA:2368,0
DA:2369,0
DA:2370,0
DA:2375,0
DA:2376,0
DA:2387,0
DA:2399,0
DA:2400,0
DA:2401,0
DA:2413,0
DA:2418,1
DA:2430,1
DA:2438,1
DA:2440,1
DA:2451,1
DA:2453,0
DA:2455,0
DA:2456,0
DA:2457,0
DA:2459,0
DA:2461,0
DA:2462,0
DA:2466,0
DA:2470,0
DA:2483,1
DA:2484,0
DA:2485,0
DA:2486,0
DA:2487,0
DA:2495,1
DA:2496,0
DA:2501,1
DA:2502,0
DA:2505,1
DA:2506,0
DA:2510,0
DA:2511,0
DA:2512,0
DA:2514,0
DA:2515,0
DA:2517,0
DA:2520,0
DA:2521,0
DA:2525,0
DA:2528,1
DA:2530,0
DA:2535,0
DA:2536,0
DA:2537,0
DA:2539,0
DA:2544,0
DA:2545,0
DA:2546,0
DA:2547,0
DA:2549,0
DA:2551,0
DA:2555,0
DA:2556,0
DA:2560,1
DA:2561,0
DA:2564,1
DA:2565,0
DA:2566,0
DA:2571,0
DA:2595,0
DA:2596,0
DA:2597,0
DA:2598,0
DA:2599,0
DA:2600,0
DA:2609,0
DA:2610,0
DA:2612,0
DA:2622,0
DA:2634,0
DA:2637,0
DA:2638,0
DA:2651,0
DA:2652,0
DA:2654,0
DA:2663,0
DA:2674,0
DA:2675,0
DA:2676,0
DA:2692,0
DA:2707,0
DA:2719,0
DA:2731,0
DA:2747,0
DA:2748,0
DA:2749,0
DA:2750,0
DA:2766,0
DA:2779,0
DA:2781,0
DA:2782,0
DA:2784,0
DA:2785,0
DA:2786,0
DA:2787,0
DA:2793,0
DA:2794,0
DA:2811,0
DA:2814,0
DA:2815,0
DA:2818,0
DA:2821,0
DA:2823,0
DA:2839,0
DA:2841,0
DA:2842,0
DA:2848,0
DA:2849,0
DA:2850,0
DA:2851,0
DA:2856,0
DA:2857,0
DA:2858,0
DA:2859,0
DA:2863,0
DA:2880,0
DA:2885,0
DA:2886,0
DA:2889,0
DA:2890,0
DA:2894,0
DA:2895,0
DA:2899,0
DA:2918,0
DA:2921,0
DA:2930,0
DA:2931,0
DA:2934,0
DA:2939,0
DA:2950,0
DA:2951,0
DA:2952,0
DA:2964,0
DA:2965,0
DA:2968,0
DA:2970,0
DA:2971,0
DA:2973,0
DA:2975,0
DA:2978,0
DA:2979,0
DA:2980,0
DA:2981,0
DA:2982,0
DA:2995,0
DA:3003,0
DA:3010,0
DA:3012,0
DA:3014,0
DA:3015,0
DA:3017,0
DA:3020,0
DA:3028,0
DA:3050,1
DA:3070,1
DA:3071,1
DA:3072,1
DA:3073,1
DA:3074,1
LF:644
LH:441
BRDA:6,1,0,1
BRDA:6,1,1,0
BRDA:6,2,0,1
BRDA:6,2,1,1
BRDA:8,3,0,0
BRDA:8,3,1,0
BRDA:8,4,0,0
BRDA:8,4,1,0
BRDA:11,5,0,0
BRDA:11,5,1,0
BRDA:27,6,0,0
BRDA:27,6,1,0
BRDA:50,7,0,144870
BRDA:50,7,1,37000
BRDA:64,8,0,22730
BRDA:64,8,1,20258
BRDA:99,9,0,201
BRDA:99,9,1,5849
BRDA:102,10,0,5847
BRDA:102,10,1,2
BRDA:104,11,0,1
BRDA:104,11,1,1
BRDA:104,12,0,2
BRDA:104,12,1,1
BRDA:150,13,0,100
BRDA:150,13,1,100
BRDA:259,14,0,502
BRDA:259,14,1,2407
BRDA:264,15,0,2405
BRDA:264,15,1,2
BRDA:266,16,0,1
BRDA:266,16,1,1
BRDA:266,17,0,2
BRDA:266,17,1,1
BRDA:320,18,0,10144
BRDA:320,18,1,17347
BRDA:573,19,0,66698
BRDA:573,19,1,413515
BRDA:630,20,0,0
BRDA:630,20,1,595069
BRDA:640,21,0,595069
BRDA:640,21,1,6051215
BRDA:658,22,0,0
BRDA:658,22,1,3049227
BRDA:662,23,0,0
BRDA:662,23,1,3049227
BRDA:666,24,0,410931
BRDA:666,24,1,2638296
BRDA:683,25,0,595069
BRDA:683,25,1,410931
BRDA:697,26,0,0
BRDA:697,26,1,201649
BRDA:706,27,0,0
BRDA:706,27,1,888055
BRDA:709,28,0,0
BRDA:709,28,1,888055
BRDA:715,29,0,0
BRDA:715,29,1,888055
BRDA:718,30,0,0
BRDA:718,30,1,888055
BRDA:723,31,0,201649
BRDA:723,31,1,686406
BRDA:741,32,0,0
BRDA:741,32,1,201649
BRDA:741,33,0,201649
BRDA:741,33,1,201649
BRDA:744,34,0,104857
BRDA:744,34,1,96792
BRDA:784,35,0,51042
BRDA:784,35,1,350958
BRDA:837,36,0,10100
BRDA:837,36,1,20590
BRDA:839,37,0,10020
BRDA:839,37,1,10570
BRDA:868,38,0,10020
BRDA:868,38,1,20160
BRDA:891,39,0,3
BRDA:891,39,1,1000
BRDA:891,40,0,1003
BRDA:891,40,1,1002
BRDA:891,40,2,1001
BRDA:915,41,0,3
BRDA:915,41,1,1000
BRDA:915,42,0,1003
BRDA:915,42,1,1002
BRDA:915,42,2,1001
BRDA:966,43,0,26920
BRDA:966,43,1,19080
BRDA:1061,44,0,7000
BRDA:1061,44,1,2900
BRDA:1067,45,0,7142
BRDA:1067,45,1,5
BRDA:1070,46,0,7000
BRDA:1070,46,1,142
BRDA:1095,47,0,18626
BRDA:1095,47,1,374
BRDA:1102,48,0,374
BRDA:1102,48,1,0
BRDA:1110,49,0,19
BRDA:1110,49,1,0
BRDA:1393,50,0,19
BRDA:1393,50,1,19
BRDA:1476,51,0,515
BRDA:1476,51,1,485
BRDA:1480,52,0,10
BRDA:1480,52,1,20
BRDA:1484,53,0,0
BRDA:1484,53,1,10
BRDA:1484,54,0,0
BRDA:1484,54,1,10
BRDA:1521,55,0,0
BRDA:1521,55,1,201000
BRDA:1521,56,0,0
BRDA:1521,56,1,201000
BRDA:1541,57,0,40
BRDA:1541,57,1,20
BRDA:1547,58,0,1000
BRDA:1547,58,1,2000
BRDA:1550,59,0,1720
BRDA:1550,59,1,9280
BRDA:1551,60,0,400
BRDA:1551,60,1,600
BRDA:1552,61,0,1200
BRDA:1552,61,1,800
BRDA:1558,62,0,1200
BRDA:1558,62,1,372
BRDA:1561,63,0,1000
BRDA:1561,63,1,200
BRDA:1574,64,0,2104
BRDA:1574,64,1,1952
BRDA:1579,65,0,500
BRDA:1579,65,1,300
BRDA:1585,66,0,0
BRDA:1585,66,1,1011
BRDA:1585,67,0,91
BRDA:1585,67,1,920
BRDA:1591,68,0,0
BRDA:1591,68,1,750
BRDA:1591,69,0,101
BRDA:1591,69,1,649
BRDA:1620,70,0,80185
BRDA:1620,70,1,19815
BRDA:1620,71,0,100000
BRDA:1620,71,1,23766
BRDA:1625,72,0,152468
BRDA:1625,72,1,48532
BRDA:1625,73,0,7902
BRDA:1625,73,1,40630
BRDA:1686,74,0,20
BRDA:1686,74,1,0
BRDA:1697,75,0,547
BRDA:1697,75,1,525
BRDA:1714,76,0,1072
BRDA:1714,76,1,1062
BRDA:1722,77,0,515
BRDA:1722,77,1,537
BRDA:1752,78,0,0
BRDA:1752,78,1,1000
BRDA:1756,79,0,617
BRDA:1756,79,1,383
BRDA:1764,80,0,0
BRDA:1764,80,1,351
BRDA:1764,81,0,351
BRDA:1764,81,1,351
BRDA:1769,82,0,0
BRDA:1769,82,1,10
BRDA:1769,83,0,0
BRDA:1769,83,1,10
BRDA:1796,84,0,10
BRDA:1796,84,1,2000
BRDA:1800,85,0,1000
BRDA:1800,85,1,1010
BRDA:1861,86,0,0
BRDA:1861,86,1,300000
BRDA:1932,87,0,0
BRDA:1932,87,1,100000
BRDA:1965,88,0,0
BRDA:1965,88,1,100000
BRDA:1998,89,0,0
BRDA:1998,89,1,100000
BRDA:2002,90,0,0
BRDA:2002,90,1,201000
BRDA:2063,91,0,31930
BRDA:2063,91,1,68070
BRDA:2067,92,0,63896
BRDA:2067,92,1,156104
BRDA:2090,93,0,11000
BRDA:2090,93,1,0
BRDA:2110,94,0,0
BRDA:2110,94,1,0
BRDA:2116,95,0,0
BRDA:2116,95,1,0
BRDA:2124,96,0,0
BRDA:2124,96,1,1464
BRDA:2129,97,0,0
BRDA:2129,97,1,1000
BRDA:2160,98,0,55434
BRDA:2160,98,1,44566
BRDA:2160,99,0,100000
BRDA:2160,99,1,44566
BRDA:2164,100,0,110868
BRDA:2164,100,1,90132
BRDA:2164,101,0,0
BRDA:2164,101,1,90132
BRDA:2195,102,0,866
BRDA:2195,102,1,228
BRDA:2195,103,0,1094
BRDA:2195,103,1,1062
BRDA:2200,104,0,32
BRDA:2200,104,1,968
BRDA:2200,105,0,834
BRDA:2200,105,1,134
BRDA:2224,106,0,0
BRDA:2224,106,1,100000
BRDA:2228,107,0,0
BRDA:2228,107,1,201000
BRDA:2369,108,0,0
BRDA:2369,108,1,0
BRDA:2400,109,0,0
BRDA:2400,109,1,0
BRDA:2485,110,0,0
BRDA:2485,110,1,0
BRDA:2496,111,0,0
BRDA:2496,111,1,0
BRDA:2496,112,0,0
BRDA:2496,112,1,0
BRDA:2497,113,0,0
BRDA:2497,113,1,0
BRDA:2497,114,0,0
BRDA:2497,114,1,0
BRDA:2502,115,0,0
BRDA:2502,115,1,0
BRDA:2502,115,2,0
BRDA:2502,115,3,0
BRDA:2512,116,0,0
BRDA:2512,116,1,0
BRDA:2512,116,2,0
BRDA:2512,116,3,0
BRDA:2514,117,0,0
BRDA:2514,117,1,0
BRDA:2520,118,0,0
BRDA:2520,118,1,0
BRDA:2520,119,0,0
BRDA:2520,119,1,0
BRDA:2520,119,2,0
BRDA:2535,120,0,0
BRDA:2535,120,1,0
BRDA:2536,121,0,0
BRDA:2536,121,1,0
BRDA:2545,122,0,0
BRDA:2545,122,1,0
BRDA:2545,122,2,0
BRDA:2546,123,0,0
BRDA:2546,123,1,0
BRDA:2565,124,0,0
BRDA:2565,124,1,0
BRDA:2595,125,0,0
BRDA:2595,125,1,0
BRDA:2596,126,0,0
BRDA:2596,126,1,0
BRDA:2598,127,0,0
BRDA:2598,127,1,0
BRDA:2599,128,0,0
BRDA:2599,128,1,0
BRDA:2600,129,0,0
BRDA:2600,129,1,0
BRDA:2637,130,0,0
BRDA:2637,130,1,0
BRDA:2675,131,0,0
BRDA:2675,131,1,0
BRDA:2786,132,0,0
BRDA:2786,132,1,0
BRDA:2821,133,0,0
BRDA:2821,133,1,0
BRDA:2850,134,0,0
BRDA:2850,134,1,0
BRDA:2856,135,0,0
BRDA:2856,135,1,0
BRDA:2858,136,0,0
BRDA:2858,136,1,0
BRDA:2858,137,0,0
BRDA:2858,137,1,0
BRDA:2863,138,0,0
BRDA:2863,138,1,0
BRDA:2889,139,0,0
BRDA:2889,139,1,0
BRDA:2890,140,0,0
BRDA:2890,140,1,0
BRDA:2894,141,0,0
BRDA:2894,141,1,0
BRDA:2933,142,0,0
BRDA:2933,142,1,0
BRDA:2950,143,0,0
BRDA:2950,143,1,0
BRDA:2951,144,0,0
BRDA:2951,144,1,0
BRDA:2964,145,0,0
BRDA:2964,145,1,0
BRDA:2968,146,0,0
BRDA:2968,146,1,0
BRDA:2970,147,0,0
BRDA:2970,147,1,0
BRDA:2981,148,0,0
BRDA:2981,148,1,0
BRDA:3014,149,0,0
BRDA:3014,149,1,0
BRF:306
BRH:170
end_of_record
